[DEBUG] DRV(3205502,python):2025-06-19-16:18:22.145.785 [hdc_client.c:130][ascend][curpid:3205502,3205502][drv][hdc][drvHdcClientCreate]Create client success.
[DEBUG] FE(3205502,python):2025-06-19-16:18:22.451.365 [platform_infos_lite_impl.cpp:305]3205502 InitializeSingleNormal:"Cannot find key CounterWorkspaceSize in old platform infos, label DSARandom."
[DEBUG] FE(3205502,python):2025-06-19-16:18:22.451.377 [platform_infos_lite_impl.cpp:305]3205502 InitializeSingleNormal:"Cannot find key jit_compile_mode in old platform infos, label SoftwareSpec."
[DEBUG] FE(3205502,python):2025-06-19-16:18:22.451.462 [platform_info.cpp:855]3205502 AssemblePlatformInfoVector:"The platform info os soc version[Ascend031] has been initialized."
[DEBUG] FE(3205502,python):2025-06-19-16:18:22.451.874 [platform_infos_lite_impl.cpp:305]3205502 InitializeSingleNormal:"Cannot find key ddr_rate in old platform infos, label AICoreMemoryRates."
[DEBUG] FE(3205502,python):2025-06-19-16:18:22.451.880 [platform_infos_lite_impl.cpp:305]3205502 InitializeSingleNormal:"Cannot find key CounterWorkspaceSize in old platform infos, label DSARandom."
[DEBUG] FE(3205502,python):2025-06-19-16:18:22.451.884 [platform_infos_lite_impl.cpp:305]3205502 InitializeSingleNormal:"Cannot find key jit_compile_mode in old platform infos, label SoftwareSpec."
[DEBUG] FE(3205502,python):2025-06-19-16:18:22.451.886 [platform_infos_lite_impl.cpp:305]3205502 InitializeSingleNormal:"Cannot find key ddr_rate in old platform infos, label VectorCoreMemoryRates."
[DEBUG] FE(3205502,python):2025-06-19-16:18:22.451.888 [platform_infos_lite_impl.cpp:305]3205502 InitializeSingleNormal:"Cannot find key vec_freq in old platform infos, label VectorCoreSpec."
[DEBUG] FE(3205502,python):2025-06-19-16:18:22.451.904 [platform_info.cpp:855]3205502 AssemblePlatformInfoVector:"The platform info os soc version[Ascend035] has been initialized."
[DEBUG] FE(3205502,python):2025-06-19-16:18:22.452.277 [platform_infos_lite_impl.cpp:305]3205502 InitializeSingleNormal:"Cannot find key ddr_rate in old platform infos, label AICoreMemoryRates."
[DEBUG] FE(3205502,python):2025-06-19-16:18:22.452.283 [platform_infos_lite_impl.cpp:305]3205502 InitializeSingleNormal:"Cannot find key CounterWorkspaceSize in old platform infos, label DSARandom."
[DEBUG] FE(3205502,python):2025-06-19-16:18:22.452.287 [platform_infos_lite_impl.cpp:305]3205502 InitializeSingleNormal:"Cannot find key jit_compile_mode in old platform infos, label SoftwareSpec."
[DEBUG] FE(3205502,python):2025-06-19-16:18:22.452.288 [platform_infos_lite_impl.cpp:305]3205502 InitializeSingleNormal:"Cannot find key ddr_rate in old platform infos, label VectorCoreMemoryRates."
[DEBUG] FE(3205502,python):2025-06-19-16:18:22.452.290 [platform_infos_lite_impl.cpp:305]3205502 InitializeSingleNormal:"Cannot find key vec_freq in old platform infos, label VectorCoreSpec."
[DEBUG] FE(3205502,python):2025-06-19-16:18:22.452.307 [platform_info.cpp:855]3205502 AssemblePlatformInfoVector:"The platform info os soc version[Ascend035A] has been initialized."
[DEBUG] FE(3205502,python):2025-06-19-16:18:22.452.683 [platform_infos_lite_impl.cpp:305]3205502 InitializeSingleNormal:"Cannot find key ddr_rate in old platform infos, label AICoreMemoryRates."
[DEBUG] FE(3205502,python):2025-06-19-16:18:22.452.688 [platform_infos_lite_impl.cpp:305]3205502 InitializeSingleNormal:"Cannot find key CounterWorkspaceSize in old platform infos, label DSARandom."
[DEBUG] FE(3205502,python):2025-06-19-16:18:22.452.692 [platform_infos_lite_impl.cpp:305]3205502 InitializeSingleNormal:"Cannot find key jit_compile_mode in old platform infos, label SoftwareSpec."
[DEBUG] FE(3205502,python):2025-06-19-16:18:22.452.693 [platform_infos_lite_impl.cpp:305]3205502 InitializeSingleNormal:"Cannot find key ddr_rate in old platform infos, label VectorCoreMemoryRates."
[DEBUG] FE(3205502,python):2025-06-19-16:18:22.452.695 [platform_infos_lite_impl.cpp:305]3205502 InitializeSingleNormal:"Cannot find key vec_freq in old platform infos, label VectorCoreSpec."
[DEBUG] FE(3205502,python):2025-06-19-16:18:22.452.712 [platform_info.cpp:855]3205502 AssemblePlatformInfoVector:"The platform info os soc version[Ascend035B] has been initialized."
[DEBUG] FE(3205502,python):2025-06-19-16:18:22.453.178 [platform_infos_lite_impl.cpp:305]3205502 InitializeSingleNormal:"Cannot find key CounterWorkspaceSize in old platform infos, label DSARandom."
[DEBUG] FE(3205502,python):2025-06-19-16:18:22.453.182 [platform_infos_lite_impl.cpp:305]3205502 InitializeSingleNormal:"Cannot find key jit_compile_mode in old platform infos, label SoftwareSpec."
[DEBUG] FE(3205502,python):2025-06-19-16:18:22.453.184 [platform_infos_lite_impl.cpp:305]3205502 InitializeSingleNormal:"Cannot find key ddr_rate in old platform infos, label VectorCoreMemoryRates."
[DEBUG] FE(3205502,python):2025-06-19-16:18:22.453.186 [platform_infos_lite_impl.cpp:305]3205502 InitializeSingleNormal:"Cannot find key vec_freq in old platform infos, label VectorCoreSpec."
[DEBUG] FE(3205502,python):2025-06-19-16:18:22.453.218 [platform_info.cpp:855]3205502 AssemblePlatformInfoVector:"The platform info os soc version[Ascend310] has been initialized."
[DEBUG] FE(3205502,python):2025-06-19-16:18:22.455.521 [platform_infos_lite_impl.cpp:305]3205502 InitializeSingleNormal:"Cannot find key CounterWorkspaceSize in old platform infos, label DSARandom."
[DEBUG] FE(3205502,python):2025-06-19-16:18:22.455.527 [platform_infos_lite_impl.cpp:305]3205502 InitializeSingleNormal:"Cannot find key jit_compile_mode in old platform infos, label SoftwareSpec."
[DEBUG] FE(3205502,python):2025-06-19-16:18:22.455.631 [platform_info.cpp:855]3205502 AssemblePlatformInfoVector:"The platform info os soc version[Ascend310B1] has been initialized."
[DEBUG] FE(3205502,python):2025-06-19-16:18:22.457.922 [platform_infos_lite_impl.cpp:305]3205502 InitializeSingleNormal:"Cannot find key CounterWorkspaceSize in old platform infos, label DSARandom."
[DEBUG] FE(3205502,python):2025-06-19-16:18:22.457.928 [platform_infos_lite_impl.cpp:305]3205502 InitializeSingleNormal:"Cannot find key jit_compile_mode in old platform infos, label SoftwareSpec."
[DEBUG] FE(3205502,python):2025-06-19-16:18:22.458.032 [platform_info.cpp:855]3205502 AssemblePlatformInfoVector:"The platform info os soc version[Ascend310B2] has been initialized."
[DEBUG] FE(3205502,python):2025-06-19-16:18:22.460.336 [platform_infos_lite_impl.cpp:305]3205502 InitializeSingleNormal:"Cannot find key CounterWorkspaceSize in old platform infos, label DSARandom."
[DEBUG] FE(3205502,python):2025-06-19-16:18:22.460.342 [platform_infos_lite_impl.cpp:305]3205502 InitializeSingleNormal:"Cannot find key jit_compile_mode in old platform infos, label SoftwareSpec."
[DEBUG] FE(3205502,python):2025-06-19-16:18:22.460.443 [platform_info.cpp:855]3205502 AssemblePlatformInfoVector:"The platform info os soc version[Ascend310B3] has been initialized."
[DEBUG] FE(3205502,python):2025-06-19-16:18:22.462.729 [platform_infos_lite_impl.cpp:305]3205502 InitializeSingleNormal:"Cannot find key CounterWorkspaceSize in old platform infos, label DSARandom."
[DEBUG] FE(3205502,python):2025-06-19-16:18:22.462.735 [platform_infos_lite_impl.cpp:305]3205502 InitializeSingleNormal:"Cannot find key jit_compile_mode in old platform infos, label SoftwareSpec."
[DEBUG] FE(3205502,python):2025-06-19-16:18:22.462.837 [platform_info.cpp:855]3205502 AssemblePlatformInfoVector:"The platform info os soc version[Ascend310B4] has been initialized."
[DEBUG] FE(3205502,python):2025-06-19-16:18:22.465.148 [platform_infos_lite_impl.cpp:305]3205502 InitializeSingleNormal:"Cannot find key CounterWorkspaceSize in old platform infos, label DSARandom."
[DEBUG] FE(3205502,python):2025-06-19-16:18:22.465.154 [platform_infos_lite_impl.cpp:305]3205502 InitializeSingleNormal:"Cannot find key jit_compile_mode in old platform infos, label SoftwareSpec."
[DEBUG] FE(3205502,python):2025-06-19-16:18:22.465.257 [platform_info.cpp:855]3205502 AssemblePlatformInfoVector:"The platform info os soc version[AS31XM1X] has been initialized."
[DEBUG] FE(3205502,python):2025-06-19-16:18:22.466.418 [platform_infos_lite_impl.cpp:305]3205502 InitializeSingleNormal:"Cannot find key CounterWorkspaceSize in old platform infos, label DSARandom."
[DEBUG] FE(3205502,python):2025-06-19-16:18:22.466.423 [platform_infos_lite_impl.cpp:305]3205502 InitializeSingleNormal:"Cannot find key jit_compile_mode in old platform infos, label SoftwareSpec."
[DEBUG] FE(3205502,python):2025-06-19-16:18:22.466.490 [platform_info.cpp:855]3205502 AssemblePlatformInfoVector:"The platform info os soc version[Ascend610] has been initialized."
[DEBUG] FE(3205502,python):2025-06-19-16:18:22.467.788 [platform_infos_lite_impl.cpp:305]3205502 InitializeSingleNormal:"Cannot find key CounterWorkspaceSize in old platform infos, label DSARandom."
[DEBUG] FE(3205502,python):2025-06-19-16:18:22.467.794 [platform_infos_lite_impl.cpp:305]3205502 InitializeSingleNormal:"Cannot find key jit_compile_mode in old platform infos, label SoftwareSpec."
[DEBUG] FE(3205502,python):2025-06-19-16:18:22.467.796 [platform_infos_lite_impl.cpp:305]3205502 InitializeSingleNormal:"Cannot find key ddr_rate in old platform infos, label VectorCoreMemoryRates."
[DEBUG] FE(3205502,python):2025-06-19-16:18:22.467.797 [platform_infos_lite_impl.cpp:305]3205502 InitializeSingleNormal:"Cannot find key vec_freq in old platform infos, label VectorCoreSpec."
[DEBUG] FE(3205502,python):2025-06-19-16:18:22.467.855 [platform_info.cpp:855]3205502 AssemblePlatformInfoVector:"The platform info os soc version[Ascend610Lite] has been initialized."
[DEBUG] FE(3205502,python):2025-06-19-16:18:22.469.152 [platform_infos_lite_impl.cpp:305]3205502 InitializeSingleNormal:"Cannot find key CounterWorkspaceSize in old platform infos, label DSARandom."
[DEBUG] FE(3205502,python):2025-06-19-16:18:22.469.157 [platform_infos_lite_impl.cpp:305]3205502 InitializeSingleNormal:"Cannot find key jit_compile_mode in old platform infos, label SoftwareSpec."
[DEBUG] FE(3205502,python):2025-06-19-16:18:22.469.160 [platform_infos_lite_impl.cpp:305]3205502 InitializeSingleNormal:"Cannot find key ddr_rate in old platform infos, label VectorCoreMemoryRates."
[DEBUG] FE(3205502,python):2025-06-19-16:18:22.469.161 [platform_infos_lite_impl.cpp:305]3205502 InitializeSingleNormal:"Cannot find key vec_freq in old platform infos, label VectorCoreSpec."
[DEBUG] FE(3205502,python):2025-06-19-16:18:22.469.219 [platform_info.cpp:855]3205502 AssemblePlatformInfoVector:"The platform info os soc version[BS9SX2AA] has been initialized."
[DEBUG] FE(3205502,python):2025-06-19-16:18:22.470.498 [platform_infos_lite_impl.cpp:305]3205502 InitializeSingleNormal:"Cannot find key CounterWorkspaceSize in old platform infos, label DSARandom."
[DEBUG] FE(3205502,python):2025-06-19-16:18:22.470.503 [platform_infos_lite_impl.cpp:305]3205502 InitializeSingleNormal:"Cannot find key jit_compile_mode in old platform infos, label SoftwareSpec."
[DEBUG] FE(3205502,python):2025-06-19-16:18:22.470.505 [platform_infos_lite_impl.cpp:305]3205502 InitializeSingleNormal:"Cannot find key ddr_rate in old platform infos, label VectorCoreMemoryRates."
[DEBUG] FE(3205502,python):2025-06-19-16:18:22.470.507 [platform_infos_lite_impl.cpp:305]3205502 InitializeSingleNormal:"Cannot find key vec_freq in old platform infos, label VectorCoreSpec."
[DEBUG] FE(3205502,python):2025-06-19-16:18:22.470.563 [platform_info.cpp:855]3205502 AssemblePlatformInfoVector:"The platform info os soc version[BS9SX2AB] has been initialized."
[DEBUG] FE(3205502,python):2025-06-19-16:18:22.471.846 [platform_infos_lite_impl.cpp:305]3205502 InitializeSingleNormal:"Cannot find key CounterWorkspaceSize in old platform infos, label DSARandom."
[DEBUG] FE(3205502,python):2025-06-19-16:18:22.471.850 [platform_infos_lite_impl.cpp:305]3205502 InitializeSingleNormal:"Cannot find key jit_compile_mode in old platform infos, label SoftwareSpec."
[DEBUG] FE(3205502,python):2025-06-19-16:18:22.471.852 [platform_infos_lite_impl.cpp:305]3205502 InitializeSingleNormal:"Cannot find key ddr_rate in old platform infos, label VectorCoreMemoryRates."
[DEBUG] FE(3205502,python):2025-06-19-16:18:22.471.854 [platform_infos_lite_impl.cpp:305]3205502 InitializeSingleNormal:"Cannot find key vec_freq in old platform infos, label VectorCoreSpec."
[DEBUG] FE(3205502,python):2025-06-19-16:18:22.471.910 [platform_info.cpp:855]3205502 AssemblePlatformInfoVector:"The platform info os soc version[MC61AM21AA] has been initialized."
[DEBUG] FE(3205502,python):2025-06-19-16:18:22.473.178 [platform_infos_lite_impl.cpp:305]3205502 InitializeSingleNormal:"Cannot find key CounterWorkspaceSize in old platform infos, label DSARandom."
[DEBUG] FE(3205502,python):2025-06-19-16:18:22.473.182 [platform_infos_lite_impl.cpp:305]3205502 InitializeSingleNormal:"Cannot find key jit_compile_mode in old platform infos, label SoftwareSpec."
[DEBUG] FE(3205502,python):2025-06-19-16:18:22.473.184 [platform_infos_lite_impl.cpp:305]3205502 InitializeSingleNormal:"Cannot find key ddr_rate in old platform infos, label VectorCoreMemoryRates."
[DEBUG] FE(3205502,python):2025-06-19-16:18:22.473.186 [platform_infos_lite_impl.cpp:305]3205502 InitializeSingleNormal:"Cannot find key vec_freq in old platform infos, label VectorCoreSpec."
[DEBUG] FE(3205502,python):2025-06-19-16:18:22.473.242 [platform_info.cpp:855]3205502 AssemblePlatformInfoVector:"The platform info os soc version[MC61AM21AB] has been initialized."
[DEBUG] FE(3205502,python):2025-06-19-16:18:22.474.742 [platform_infos_lite_impl.cpp:305]3205502 InitializeSingleNormal:"Cannot find key CounterWorkspaceSize in old platform infos, label DSARandom."
[DEBUG] FE(3205502,python):2025-06-19-16:18:22.474.747 [platform_infos_lite_impl.cpp:305]3205502 InitializeSingleNormal:"Cannot find key jit_compile_mode in old platform infos, label SoftwareSpec."
[DEBUG] FE(3205502,python):2025-06-19-16:18:22.474.825 [platform_info.cpp:855]3205502 AssemblePlatformInfoVector:"The platform info os soc version[BS9SX1AA] has been initialized."
[DEBUG] FE(3205502,python):2025-06-19-16:18:22.476.313 [platform_infos_lite_impl.cpp:305]3205502 InitializeSingleNormal:"Cannot find key CounterWorkspaceSize in old platform infos, label DSARandom."
[DEBUG] FE(3205502,python):2025-06-19-16:18:22.476.318 [platform_infos_lite_impl.cpp:305]3205502 InitializeSingleNormal:"Cannot find key jit_compile_mode in old platform infos, label SoftwareSpec."
[DEBUG] FE(3205502,python):2025-06-19-16:18:22.476.396 [platform_info.cpp:855]3205502 AssemblePlatformInfoVector:"The platform info os soc version[BS9SX1AB] has been initialized."
[DEBUG] FE(3205502,python):2025-06-19-16:18:22.477.867 [platform_infos_lite_impl.cpp:305]3205502 InitializeSingleNormal:"Cannot find key CounterWorkspaceSize in old platform infos, label DSARandom."
[DEBUG] FE(3205502,python):2025-06-19-16:18:22.477.872 [platform_infos_lite_impl.cpp:305]3205502 InitializeSingleNormal:"Cannot find key jit_compile_mode in old platform infos, label SoftwareSpec."
[DEBUG] FE(3205502,python):2025-06-19-16:18:22.477.947 [platform_info.cpp:855]3205502 AssemblePlatformInfoVector:"The platform info os soc version[BS9SX1AC] has been initialized."
[DEBUG] FE(3205502,python):2025-06-19-16:18:22.479.114 [platform_infos_lite_impl.cpp:305]3205502 InitializeSingleNormal:"Cannot find key CounterWorkspaceSize in old platform infos, label DSARandom."
[DEBUG] FE(3205502,python):2025-06-19-16:18:22.479.119 [platform_infos_lite_impl.cpp:305]3205502 InitializeSingleNormal:"Cannot find key jit_compile_mode in old platform infos, label SoftwareSpec."
[DEBUG] FE(3205502,python):2025-06-19-16:18:22.479.184 [platform_info.cpp:855]3205502 AssemblePlatformInfoVector:"The platform info os soc version[Ascend310P3] has been initialized."
[DEBUG] FE(3205502,python):2025-06-19-16:18:22.480.316 [platform_infos_lite_impl.cpp:305]3205502 InitializeSingleNormal:"Cannot find key CounterWorkspaceSize in old platform infos, label DSARandom."
[DEBUG] FE(3205502,python):2025-06-19-16:18:22.480.321 [platform_infos_lite_impl.cpp:305]3205502 InitializeSingleNormal:"Cannot find key jit_compile_mode in old platform infos, label SoftwareSpec."
[DEBUG] FE(3205502,python):2025-06-19-16:18:22.480.385 [platform_info.cpp:855]3205502 AssemblePlatformInfoVector:"The platform info os soc version[Ascend310P1] has been initialized."
[DEBUG] FE(3205502,python):2025-06-19-16:18:22.480.908 [platform_infos_lite_impl.cpp:305]3205502 InitializeSingleNormal:"Cannot find key CounterWorkspaceSize in old platform infos, label DSARandom."
[DEBUG] FE(3205502,python):2025-06-19-16:18:22.480.912 [platform_infos_lite_impl.cpp:305]3205502 InitializeSingleNormal:"Cannot find key jit_compile_mode in old platform infos, label SoftwareSpec."
[DEBUG] FE(3205502,python):2025-06-19-16:18:22.480.914 [platform_infos_lite_impl.cpp:305]3205502 InitializeSingleNormal:"Cannot find key ddr_rate in old platform infos, label VectorCoreMemoryRates."
[DEBUG] FE(3205502,python):2025-06-19-16:18:22.480.916 [platform_infos_lite_impl.cpp:305]3205502 InitializeSingleNormal:"Cannot find key vec_freq in old platform infos, label VectorCoreSpec."
[DEBUG] FE(3205502,python):2025-06-19-16:18:22.480.948 [platform_info.cpp:855]3205502 AssemblePlatformInfoVector:"The platform info os soc version[Ascend910A] has been initialized."
[DEBUG] FE(3205502,python):2025-06-19-16:18:22.481.444 [platform_infos_lite_impl.cpp:305]3205502 InitializeSingleNormal:"Cannot find key CounterWorkspaceSize in old platform infos, label DSARandom."
[DEBUG] FE(3205502,python):2025-06-19-16:18:22.481.448 [platform_infos_lite_impl.cpp:305]3205502 InitializeSingleNormal:"Cannot find key jit_compile_mode in old platform infos, label SoftwareSpec."
[DEBUG] FE(3205502,python):2025-06-19-16:18:22.481.450 [platform_infos_lite_impl.cpp:305]3205502 InitializeSingleNormal:"Cannot find key ddr_rate in old platform infos, label VectorCoreMemoryRates."
[DEBUG] FE(3205502,python):2025-06-19-16:18:22.481.452 [platform_infos_lite_impl.cpp:305]3205502 InitializeSingleNormal:"Cannot find key vec_freq in old platform infos, label VectorCoreSpec."
[DEBUG] FE(3205502,python):2025-06-19-16:18:22.481.483 [platform_info.cpp:855]3205502 AssemblePlatformInfoVector:"The platform info os soc version[Ascend910B] has been initialized."
[DEBUG] FE(3205502,python):2025-06-19-16:18:22.481.987 [platform_infos_lite_impl.cpp:305]3205502 InitializeSingleNormal:"Cannot find key CounterWorkspaceSize in old platform infos, label DSARandom."
[DEBUG] FE(3205502,python):2025-06-19-16:18:22.481.992 [platform_infos_lite_impl.cpp:305]3205502 InitializeSingleNormal:"Cannot find key jit_compile_mode in old platform infos, label SoftwareSpec."
[DEBUG] FE(3205502,python):2025-06-19-16:18:22.481.993 [platform_infos_lite_impl.cpp:305]3205502 InitializeSingleNormal:"Cannot find key ddr_rate in old platform infos, label VectorCoreMemoryRates."
[DEBUG] FE(3205502,python):2025-06-19-16:18:22.481.995 [platform_infos_lite_impl.cpp:305]3205502 InitializeSingleNormal:"Cannot find key vec_freq in old platform infos, label VectorCoreSpec."
[DEBUG] FE(3205502,python):2025-06-19-16:18:22.482.025 [platform_info.cpp:855]3205502 AssemblePlatformInfoVector:"The platform info os soc version[Ascend910PremiumA] has been initialized."
[DEBUG] FE(3205502,python):2025-06-19-16:18:22.482.550 [platform_infos_lite_impl.cpp:305]3205502 InitializeSingleNormal:"Cannot find key CounterWorkspaceSize in old platform infos, label DSARandom."
[DEBUG] FE(3205502,python):2025-06-19-16:18:22.482.555 [platform_infos_lite_impl.cpp:305]3205502 InitializeSingleNormal:"Cannot find key jit_compile_mode in old platform infos, label SoftwareSpec."
[DEBUG] FE(3205502,python):2025-06-19-16:18:22.482.557 [platform_infos_lite_impl.cpp:305]3205502 InitializeSingleNormal:"Cannot find key ddr_rate in old platform infos, label VectorCoreMemoryRates."
[DEBUG] FE(3205502,python):2025-06-19-16:18:22.482.559 [platform_infos_lite_impl.cpp:305]3205502 InitializeSingleNormal:"Cannot find key vec_freq in old platform infos, label VectorCoreSpec."
[DEBUG] FE(3205502,python):2025-06-19-16:18:22.482.590 [platform_info.cpp:855]3205502 AssemblePlatformInfoVector:"The platform info os soc version[Ascend910ProA] has been initialized."
[DEBUG] FE(3205502,python):2025-06-19-16:18:22.483.086 [platform_infos_lite_impl.cpp:305]3205502 InitializeSingleNormal:"Cannot find key CounterWorkspaceSize in old platform infos, label DSARandom."
[DEBUG] FE(3205502,python):2025-06-19-16:18:22.483.090 [platform_infos_lite_impl.cpp:305]3205502 InitializeSingleNormal:"Cannot find key jit_compile_mode in old platform infos, label SoftwareSpec."
[DEBUG] FE(3205502,python):2025-06-19-16:18:22.483.093 [platform_infos_lite_impl.cpp:305]3205502 InitializeSingleNormal:"Cannot find key ddr_rate in old platform infos, label VectorCoreMemoryRates."
[DEBUG] FE(3205502,python):2025-06-19-16:18:22.483.095 [platform_infos_lite_impl.cpp:305]3205502 InitializeSingleNormal:"Cannot find key vec_freq in old platform infos, label VectorCoreSpec."
[DEBUG] FE(3205502,python):2025-06-19-16:18:22.483.129 [platform_info.cpp:855]3205502 AssemblePlatformInfoVector:"The platform info os soc version[Ascend910ProB] has been initialized."
[DEBUG] FE(3205502,python):2025-06-19-16:18:22.484.172 [platform_infos_lite_impl.cpp:305]3205502 InitializeSingleNormal:"Cannot find key jit_compile_default_value in old platform infos, label SoftwareSpec."
[DEBUG] FE(3205502,python):2025-06-19-16:18:22.484.174 [platform_infos_lite_impl.cpp:305]3205502 InitializeSingleNormal:"Cannot find key jit_compile_mode in old platform infos, label SoftwareSpec."
[DEBUG] FE(3205502,python):2025-06-19-16:18:22.484.176 [platform_infos_lite_impl.cpp:305]3205502 InitializeSingleNormal:"Cannot find key ddr_rate in old platform infos, label VectorCoreMemoryRates."
[DEBUG] FE(3205502,python):2025-06-19-16:18:22.484.178 [platform_infos_lite_impl.cpp:305]3205502 InitializeSingleNormal:"Cannot find key vec_freq in old platform infos, label VectorCoreSpec."
[DEBUG] FE(3205502,python):2025-06-19-16:18:22.484.235 [platform_info.cpp:855]3205502 AssemblePlatformInfoVector:"The platform info os soc version[Ascend910B1] has been initialized."
[DEBUG] FE(3205502,python):2025-06-19-16:18:22.485.230 [platform_infos_lite_impl.cpp:305]3205502 InitializeSingleNormal:"Cannot find key jit_compile_default_value in old platform infos, label SoftwareSpec."
[DEBUG] FE(3205502,python):2025-06-19-16:18:22.485.232 [platform_infos_lite_impl.cpp:305]3205502 InitializeSingleNormal:"Cannot find key jit_compile_mode in old platform infos, label SoftwareSpec."
[DEBUG] FE(3205502,python):2025-06-19-16:18:22.485.234 [platform_infos_lite_impl.cpp:305]3205502 InitializeSingleNormal:"Cannot find key ddr_rate in old platform infos, label VectorCoreMemoryRates."
[DEBUG] FE(3205502,python):2025-06-19-16:18:22.485.235 [platform_infos_lite_impl.cpp:305]3205502 InitializeSingleNormal:"Cannot find key vec_freq in old platform infos, label VectorCoreSpec."
[DEBUG] FE(3205502,python):2025-06-19-16:18:22.485.293 [platform_info.cpp:855]3205502 AssemblePlatformInfoVector:"The platform info os soc version[Ascend910B2] has been initialized."
[DEBUG] FE(3205502,python):2025-06-19-16:18:22.486.267 [platform_infos_lite_impl.cpp:305]3205502 InitializeSingleNormal:"Cannot find key jit_compile_default_value in old platform infos, label SoftwareSpec."
[DEBUG] FE(3205502,python):2025-06-19-16:18:22.486.269 [platform_infos_lite_impl.cpp:305]3205502 InitializeSingleNormal:"Cannot find key jit_compile_mode in old platform infos, label SoftwareSpec."
[DEBUG] FE(3205502,python):2025-06-19-16:18:22.486.271 [platform_infos_lite_impl.cpp:305]3205502 InitializeSingleNormal:"Cannot find key ddr_rate in old platform infos, label VectorCoreMemoryRates."
[DEBUG] FE(3205502,python):2025-06-19-16:18:22.486.272 [platform_infos_lite_impl.cpp:305]3205502 InitializeSingleNormal:"Cannot find key vec_freq in old platform infos, label VectorCoreSpec."
[DEBUG] FE(3205502,python):2025-06-19-16:18:22.486.328 [platform_info.cpp:855]3205502 AssemblePlatformInfoVector:"The platform info os soc version[Ascend910B3] has been initialized."
[DEBUG] FE(3205502,python):2025-06-19-16:18:22.487.293 [platform_infos_lite_impl.cpp:305]3205502 InitializeSingleNormal:"Cannot find key jit_compile_default_value in old platform infos, label SoftwareSpec."
[DEBUG] FE(3205502,python):2025-06-19-16:18:22.487.295 [platform_infos_lite_impl.cpp:305]3205502 InitializeSingleNormal:"Cannot find key jit_compile_mode in old platform infos, label SoftwareSpec."
[DEBUG] FE(3205502,python):2025-06-19-16:18:22.487.297 [platform_infos_lite_impl.cpp:305]3205502 InitializeSingleNormal:"Cannot find key ddr_rate in old platform infos, label VectorCoreMemoryRates."
[DEBUG] FE(3205502,python):2025-06-19-16:18:22.487.298 [platform_infos_lite_impl.cpp:305]3205502 InitializeSingleNormal:"Cannot find key vec_freq in old platform infos, label VectorCoreSpec."
[DEBUG] FE(3205502,python):2025-06-19-16:18:22.487.356 [platform_info.cpp:855]3205502 AssemblePlatformInfoVector:"The platform info os soc version[Ascend910B4] has been initialized."
[DEBUG] FE(3205502,python):2025-06-19-16:18:22.488.325 [platform_infos_lite_impl.cpp:305]3205502 InitializeSingleNormal:"Cannot find key jit_compile_default_value in old platform infos, label SoftwareSpec."
[DEBUG] FE(3205502,python):2025-06-19-16:18:22.488.327 [platform_infos_lite_impl.cpp:305]3205502 InitializeSingleNormal:"Cannot find key jit_compile_mode in old platform infos, label SoftwareSpec."
[DEBUG] FE(3205502,python):2025-06-19-16:18:22.488.329 [platform_infos_lite_impl.cpp:305]3205502 InitializeSingleNormal:"Cannot find key ddr_rate in old platform infos, label VectorCoreMemoryRates."
[DEBUG] FE(3205502,python):2025-06-19-16:18:22.488.331 [platform_infos_lite_impl.cpp:305]3205502 InitializeSingleNormal:"Cannot find key vec_freq in old platform infos, label VectorCoreSpec."
[DEBUG] FE(3205502,python):2025-06-19-16:18:22.488.390 [platform_info.cpp:855]3205502 AssemblePlatformInfoVector:"The platform info os soc version[Ascend910B4-1] has been initialized."
[WARNING] FE(3205502,python):2025-06-19-16:18:22.489.337 [platform_info.cpp:853]3205502 AssemblePlatformInfoVector:"Can not find soc info enum by Ascend910_9361."
[DEBUG] FE(3205502,python):2025-06-19-16:18:22.489.339 [platform_info.cpp:855]3205502 AssemblePlatformInfoVector:"The platform info os soc version[Ascend910_9361] has been initialized."
[DEBUG] FE(3205502,python):2025-06-19-16:18:22.490.293 [platform_infos_lite_impl.cpp:305]3205502 InitializeSingleNormal:"Cannot find key jit_compile_default_value in old platform infos, label SoftwareSpec."
[DEBUG] FE(3205502,python):2025-06-19-16:18:22.490.295 [platform_infos_lite_impl.cpp:305]3205502 InitializeSingleNormal:"Cannot find key jit_compile_mode in old platform infos, label SoftwareSpec."
[DEBUG] FE(3205502,python):2025-06-19-16:18:22.490.297 [platform_infos_lite_impl.cpp:305]3205502 InitializeSingleNormal:"Cannot find key ddr_rate in old platform infos, label VectorCoreMemoryRates."
[DEBUG] FE(3205502,python):2025-06-19-16:18:22.490.298 [platform_infos_lite_impl.cpp:305]3205502 InitializeSingleNormal:"Cannot find key vec_freq in old platform infos, label VectorCoreSpec."
[DEBUG] FE(3205502,python):2025-06-19-16:18:22.490.362 [platform_info.cpp:855]3205502 AssemblePlatformInfoVector:"The platform info os soc version[Ascend910_9372] has been initialized."
[DEBUG] FE(3205502,python):2025-06-19-16:18:22.491.307 [platform_infos_lite_impl.cpp:305]3205502 InitializeSingleNormal:"Cannot find key jit_compile_default_value in old platform infos, label SoftwareSpec."
[DEBUG] FE(3205502,python):2025-06-19-16:18:22.491.309 [platform_infos_lite_impl.cpp:305]3205502 InitializeSingleNormal:"Cannot find key jit_compile_mode in old platform infos, label SoftwareSpec."
[DEBUG] FE(3205502,python):2025-06-19-16:18:22.491.311 [platform_infos_lite_impl.cpp:305]3205502 InitializeSingleNormal:"Cannot find key ddr_rate in old platform infos, label VectorCoreMemoryRates."
[DEBUG] FE(3205502,python):2025-06-19-16:18:22.491.313 [platform_infos_lite_impl.cpp:305]3205502 InitializeSingleNormal:"Cannot find key vec_freq in old platform infos, label VectorCoreSpec."
[DEBUG] FE(3205502,python):2025-06-19-16:18:22.491.369 [platform_info.cpp:855]3205502 AssemblePlatformInfoVector:"The platform info os soc version[Ascend910_9381] has been initialized."
[WARNING] FE(3205502,python):2025-06-19-16:18:22.492.328 [platform_info.cpp:853]3205502 AssemblePlatformInfoVector:"Can not find soc info enum by Ascend910_9382."
[DEBUG] FE(3205502,python):2025-06-19-16:18:22.492.330 [platform_info.cpp:855]3205502 AssemblePlatformInfoVector:"The platform info os soc version[Ascend910_9382] has been initialized."
[DEBUG] FE(3205502,python):2025-06-19-16:18:22.493.287 [platform_infos_lite_impl.cpp:305]3205502 InitializeSingleNormal:"Cannot find key jit_compile_default_value in old platform infos, label SoftwareSpec."
[DEBUG] FE(3205502,python):2025-06-19-16:18:22.493.289 [platform_infos_lite_impl.cpp:305]3205502 InitializeSingleNormal:"Cannot find key jit_compile_mode in old platform infos, label SoftwareSpec."
[DEBUG] FE(3205502,python):2025-06-19-16:18:22.493.291 [platform_infos_lite_impl.cpp:305]3205502 InitializeSingleNormal:"Cannot find key ddr_rate in old platform infos, label VectorCoreMemoryRates."
[DEBUG] FE(3205502,python):2025-06-19-16:18:22.493.293 [platform_infos_lite_impl.cpp:305]3205502 InitializeSingleNormal:"Cannot find key vec_freq in old platform infos, label VectorCoreSpec."
[DEBUG] FE(3205502,python):2025-06-19-16:18:22.493.350 [platform_info.cpp:855]3205502 AssemblePlatformInfoVector:"The platform info os soc version[Ascend910_9391] has been initialized."
[WARNING] FE(3205502,python):2025-06-19-16:18:22.494.277 [platform_info.cpp:853]3205502 AssemblePlatformInfoVector:"Can not find soc info enum by Ascend910_9392."
[DEBUG] FE(3205502,python):2025-06-19-16:18:22.494.278 [platform_info.cpp:855]3205502 AssemblePlatformInfoVector:"The platform info os soc version[Ascend910_9392] has been initialized."
[DEBUG] FE(3205502,python):2025-06-19-16:18:22.495.254 [platform_infos_lite_impl.cpp:305]3205502 InitializeSingleNormal:"Cannot find key jit_compile_default_value in old platform infos, label SoftwareSpec."
[DEBUG] FE(3205502,python):2025-06-19-16:18:22.495.256 [platform_infos_lite_impl.cpp:305]3205502 InitializeSingleNormal:"Cannot find key jit_compile_mode in old platform infos, label SoftwareSpec."
[DEBUG] FE(3205502,python):2025-06-19-16:18:22.495.258 [platform_infos_lite_impl.cpp:305]3205502 InitializeSingleNormal:"Cannot find key ddr_rate in old platform infos, label VectorCoreMemoryRates."
[DEBUG] FE(3205502,python):2025-06-19-16:18:22.495.260 [platform_infos_lite_impl.cpp:305]3205502 InitializeSingleNormal:"Cannot find key vec_freq in old platform infos, label VectorCoreSpec."
[DEBUG] FE(3205502,python):2025-06-19-16:18:22.495.319 [platform_info.cpp:855]3205502 AssemblePlatformInfoVector:"The platform info os soc version[Ascend910B2C] has been initialized."
[DEBUG] FE(3205502,python):2025-06-19-16:18:22.495.875 [platform_infos_lite_impl.cpp:305]3205502 InitializeSingleNormal:"Cannot find key CounterWorkspaceSize in old platform infos, label DSARandom."
[DEBUG] FE(3205502,python):2025-06-19-16:18:22.495.879 [platform_infos_lite_impl.cpp:305]3205502 InitializeSingleNormal:"Cannot find key jit_compile_mode in old platform infos, label SoftwareSpec."
[DEBUG] FE(3205502,python):2025-06-19-16:18:22.495.881 [platform_infos_lite_impl.cpp:305]3205502 InitializeSingleNormal:"Cannot find key ddr_rate in old platform infos, label VectorCoreMemoryRates."
[DEBUG] FE(3205502,python):2025-06-19-16:18:22.495.883 [platform_infos_lite_impl.cpp:305]3205502 InitializeSingleNormal:"Cannot find key vec_freq in old platform infos, label VectorCoreSpec."
[DEBUG] FE(3205502,python):2025-06-19-16:18:22.495.917 [platform_info.cpp:855]3205502 AssemblePlatformInfoVector:"The platform info os soc version[Hi3796CV300CS] has been initialized."
[DEBUG] FE(3205502,python):2025-06-19-16:18:22.496.429 [platform_infos_lite_impl.cpp:305]3205502 InitializeSingleNormal:"Cannot find key CounterWorkspaceSize in old platform infos, label DSARandom."
[DEBUG] FE(3205502,python):2025-06-19-16:18:22.496.434 [platform_infos_lite_impl.cpp:305]3205502 InitializeSingleNormal:"Cannot find key jit_compile_mode in old platform infos, label SoftwareSpec."
[DEBUG] FE(3205502,python):2025-06-19-16:18:22.496.435 [platform_infos_lite_impl.cpp:305]3205502 InitializeSingleNormal:"Cannot find key ddr_rate in old platform infos, label VectorCoreMemoryRates."
[DEBUG] FE(3205502,python):2025-06-19-16:18:22.496.437 [platform_infos_lite_impl.cpp:305]3205502 InitializeSingleNormal:"Cannot find key vec_freq in old platform infos, label VectorCoreSpec."
[DEBUG] FE(3205502,python):2025-06-19-16:18:22.496.470 [platform_info.cpp:855]3205502 AssemblePlatformInfoVector:"The platform info os soc version[Hi3796CV300ES] has been initialized."
[DEBUG] FE(3205502,python):2025-06-19-16:18:22.497.001 [platform_infos_lite_impl.cpp:305]3205502 InitializeSingleNormal:"Cannot find key CounterWorkspaceSize in old platform infos, label DSARandom."
[DEBUG] FE(3205502,python):2025-06-19-16:18:22.497.005 [platform_infos_lite_impl.cpp:305]3205502 InitializeSingleNormal:"Cannot find key jit_compile_mode in old platform infos, label SoftwareSpec."
[DEBUG] FE(3205502,python):2025-06-19-16:18:22.497.007 [platform_infos_lite_impl.cpp:305]3205502 InitializeSingleNormal:"Cannot find key ddr_rate in old platform infos, label VectorCoreMemoryRates."
[DEBUG] FE(3205502,python):2025-06-19-16:18:22.497.009 [platform_infos_lite_impl.cpp:305]3205502 InitializeSingleNormal:"Cannot find key vec_freq in old platform infos, label VectorCoreSpec."
[DEBUG] FE(3205502,python):2025-06-19-16:18:22.497.042 [platform_info.cpp:855]3205502 AssemblePlatformInfoVector:"The platform info os soc version[SD3403] has been initialized."
[INFO] TBE(3205502,python):2025-06-19-16:18:22.694.066 [../../../../../../latest/python/site-packages/tbe/common/register/fusion_pass_mgr.py:59][decorator] Fusion pass[conv2d_data_rm_build_pass] of stage[InvokeStage.STAGE_BUILD] priority[Priority.NORMAL] has been registered.
[INFO] TBE(3205502,python):2025-06-19-16:18:22.694.237 [../../../../../../latest/python/site-packages/tbe/common/register/fusion_pass_mgr.py:114][decorator] Fusion pass[trans_shape_of_conv3d] of op type[Conv3D] op pattern[None] stage[InvokeStage.STAGE_BUILD] priority[Priority.NORMAL] has been registered.
[INFO] TBE(3205502,python):2025-06-19-16:18:22.694.271 [../../../../../../latest/python/site-packages/tbe/common/register/fusion_pass_mgr.py:59][decorator] Fusion pass[trans_shape_depthwise_conv2d] of stage[InvokeStage.STAGE_BUILD] priority[Priority.NORMAL] has been registered.
[INFO] TBE(3205502,python):2025-06-19-16:18:22.694.428 [../../../../../../latest/python/site-packages/tbe/common/register/fusion_pass_mgr.py:114][decorator] Fusion pass[trans_shape_for_elemwise] of op type[None] op pattern[ElemWise] stage[InvokeStage.STAGE_BUILD] priority[Priority.NORMAL] has been registered.
[INFO] TBE(3205502,python):2025-06-19-16:18:22.694.460 [../../../../../../latest/python/site-packages/tbe/common/register/fusion_pass_mgr.py:114][decorator] Fusion pass[trans_shape_for_broadcast] of op type[None] op pattern[Broadcast] stage[InvokeStage.STAGE_BUILD] priority[Priority.NORMAL] has been registered.
[INFO] TBE(3205502,python):2025-06-19-16:18:22.694.489 [../../../../../../latest/python/site-packages/tbe/common/register/fusion_pass_mgr.py:114][decorator] Fusion pass[trans_shape_of_biasadd] of op type[BiasAdd] op pattern[None] stage[InvokeStage.STAGE_BUILD] priority[Priority.NORMAL] has been registered.
[INFO] TBE(3205502,python):2025-06-19-16:18:22.694.516 [../../../../../../latest/python/site-packages/tbe/common/register/fusion_pass_mgr.py:114][decorator] Fusion pass[trans_shape_of_requant_s16] of op type[AscendRequantS16] op pattern[None] stage[InvokeStage.STAGE_BUILD] priority[Priority.NORMAL] has been registered.
[INFO] TBE(3205502,python):2025-06-19-16:18:22.694.542 [../../../../../../latest/python/site-packages/tbe/common/register/fusion_pass_mgr.py:114][decorator] Fusion pass[trans_shape_of_bninference] of op type[BNInferenceD] op pattern[None] stage[InvokeStage.STAGE_BUILD] priority[Priority.NORMAL] has been registered.
[INFO] TBE(3205502,python):2025-06-19-16:18:22.694.661 [../../../../../../latest/python/site-packages/tbe/common/register/fusion_pass_mgr.py:114][decorator] Fusion pass[trans_shape_fully_connection] of op type[FullyConnection] op pattern[None] stage[InvokeStage.STAGE_BUILD] priority[Priority.NORMAL] has been registered.
[INFO] TBE(3205502,python):2025-06-19-16:18:22.694.690 [../../../../../../latest/python/site-packages/tbe/common/register/fusion_pass_mgr.py:114][decorator] Fusion pass[trans_shape_fully_connection_compress] of op type[FullyConnectionCompress] op pattern[None] stage[InvokeStage.STAGE_BUILD] priority[Priority.NORMAL] has been registered.
[INFO] TBE(3205502,python):2025-06-19-16:18:22.694.832 [../../../../../../latest/python/site-packages/tbe/common/register/fusion_pass_mgr.py:114][decorator] Fusion pass[trans_matmul_bias_shape] of op type[MatMulV2] op pattern[None] stage[InvokeStage.STAGE_BUILD] priority[Priority.NORMAL] has been registered.
[INFO] TBE(3205502,python):2025-06-19-16:18:22.694.860 [../../../../../../latest/python/site-packages/tbe/common/register/fusion_pass_mgr.py:114][decorator] Fusion pass[trans_matmul_bias_shape] of op type[MatMul] op pattern[None] stage[InvokeStage.STAGE_BUILD] priority[Priority.NORMAL] has been registered.
[INFO] TBE(3205502,python):2025-06-19-16:18:22.694.886 [../../../../../../latest/python/site-packages/tbe/common/register/fusion_pass_mgr.py:114][decorator] Fusion pass[trans_matmulcompress_bias_shape] of op type[MatMulV2Compress] op pattern[None] stage[InvokeStage.STAGE_BUILD] priority[Priority.NORMAL] has been registered.
[INFO] TBE(3205502,python):2025-06-19-16:18:22.695.000 [../../../../../../latest/python/site-packages/tbe/common/register/fusion_pass_mgr.py:114][decorator] Fusion pass[trans_batch_matmul_shape] of op type[BatchMatMulV2] op pattern[None] stage[InvokeStage.STAGE_BUILD] priority[Priority.NORMAL] has been registered.
[INFO] TBE(3205502,python):2025-06-19-16:18:22.695.027 [../../../../../../latest/python/site-packages/tbe/common/register/fusion_pass_mgr.py:114][decorator] Fusion pass[trans_batch_matmul_shape] of op type[BatchMatMul] op pattern[None] stage[InvokeStage.STAGE_BUILD] priority[Priority.NORMAL] has been registered.
[INFO] TBE(3205502,python):2025-06-19-16:18:22.695.054 [../../../../../../latest/python/site-packages/tbe/common/register/fusion_pass_mgr.py:114][decorator] Fusion pass[trans_shape_transdata_fixpipe] of op type[None] op pattern[BatchMatmul] stage[InvokeStage.STAGE_BUILD] priority[Priority.NORMAL] has been registered.
[WARNING] TBE(3205502,python):2025-06-19-16:18:22.737.617 [../../../../../../latest/python/site-packages/te/platform/cce_policy.py:50][OpImplPolicy] te.platform.cce_policy.OpImplPolicy is deprecated, use te_fusion.fusion_util.OpImplPolicy instead.
[DEBUG] TBE(3205502,python):2025-06-19-16:18:23.024.569 [../../../../../../latest/python/site-packages/tbe/common/rl_bank/rl_op_filter.py:287][_is_tune_all_op] RL filter info: is_tune_all_op: False
[INFO] TBE(3205502,python):2025-06-19-16:18:23.103.242 [../../../../../../latest/python/site-packages/tbe/common/rl_bank/dynamic_op_filter.py:373][_need_to_tune_all_op] Auto search dynamic filter info: tune_all_op is False.
[INFO] TBE(3205502,python):2025-06-19-16:18:23.118.102 [../../../../../../latest/python/site-packages/te_fusion/parallel_compilation.py:260][exec_compilation_task] soc_info:[('Ascend910B2C', '', '24', 'false', '0', 'false')], option:[{'op_debug_level': '0', 'op_debug_dir': '/root/jzzhou/LAPA/laq/kernel_meta/kernel_meta_11702434041262854787', 'vector_fp_ceiling': 2, 'mdl_bank_path': '', 'op_bank_path': '', 'kernel_meta_temp_dir': '/root/jzzhou/LAPA/laq/kernel_meta/kernel_meta_temp_11702434041262854787', 'device_id': '', 'ai_core_cnt': '24', 'l2_size': '201326592', 'memory_size': '65464696832', 'vector_core_cnt': '48', 'l2_mode': 0, 'enable_L1_fusion': False, 'enable_L2_fusion': False}]
[WARNING] TBE(3205502,python):2025-06-19-16:18:23.118.141 [../../../../../../latest/python/site-packages/te/platform/cce_conf.py:605][te_set_version] 'from te.platform import te_set_version' is expired, please replace it with 'from tbe.common.platform import set_current_compile_soc_info'.
[DEBUG] FE(3205502,python):2025-06-19-16:18:23.118.524 [platform_infos_def.cpp:182]3205502 SetCoreNumByCoreType:"Set PlatFormInfos::core_num_ to ai_core_cnt:[24], core_type:0."
[INFO] TBE(3205502,python):2025-06-19-16:18:23.118.557 [../../../../../../latest/python/site-packages/te_fusion/parallel_compilation.py:275][exec_compilation_task] Default compiler:None
[INFO] TBE(3205502,python):2025-06-19-16:18:23.118.580 [../../../../../../latest/python/site-packages/te_fusion/parallel_compilation.py:276][exec_compilation_task] compile_options when executing compile_task:{'op_debug_level': '0', 'op_debug_dir': '/root/jzzhou/LAPA/laq/kernel_meta/kernel_meta_11702434041262854787', 'vector_fp_ceiling': 2, 'mdl_bank_path': '', 'op_bank_path': '', 'kernel_meta_temp_dir': '/root/jzzhou/LAPA/laq/kernel_meta/kernel_meta_temp_11702434041262854787', 'device_id': '', 'ai_core_cnt': '24', 'l2_size': '201326592', 'memory_size': '65464696832', 'vector_core_cnt': '48', 'l2_mode': 0, 'enable_L1_fusion': False, 'enable_L2_fusion': False}
