[DEBUG] DRV(3205505,python):2025-06-19-16:18:22.145.941 [hdc_client.c:130][ascend][curpid:3205505,3205505][drv][hdc][drvHdcClientCreate]Create client success.
[DEBUG] FE(3205505,python):2025-06-19-16:18:22.462.393 [platform_infos_lite_impl.cpp:305]3205505 InitializeSingleNormal:"Cannot find key CounterWorkspaceSize in old platform infos, label DSARandom."
[DEBUG] FE(3205505,python):2025-06-19-16:18:22.462.406 [platform_infos_lite_impl.cpp:305]3205505 InitializeSingleNormal:"Cannot find key jit_compile_mode in old platform infos, label SoftwareSpec."
[DEBUG] FE(3205505,python):2025-06-19-16:18:22.462.496 [platform_info.cpp:855]3205505 AssemblePlatformInfoVector:"The platform info os soc version[Ascend031] has been initialized."
[DEBUG] FE(3205505,python):2025-06-19-16:18:22.462.932 [platform_infos_lite_impl.cpp:305]3205505 InitializeSingleNormal:"Cannot find key ddr_rate in old platform infos, label AICoreMemoryRates."
[DEBUG] FE(3205505,python):2025-06-19-16:18:22.462.940 [platform_infos_lite_impl.cpp:305]3205505 InitializeSingleNormal:"Cannot find key CounterWorkspaceSize in old platform infos, label DSARandom."
[DEBUG] FE(3205505,python):2025-06-19-16:18:22.462.945 [platform_infos_lite_impl.cpp:305]3205505 InitializeSingleNormal:"Cannot find key jit_compile_mode in old platform infos, label SoftwareSpec."
[DEBUG] FE(3205505,python):2025-06-19-16:18:22.462.947 [platform_infos_lite_impl.cpp:305]3205505 InitializeSingleNormal:"Cannot find key ddr_rate in old platform infos, label VectorCoreMemoryRates."
[DEBUG] FE(3205505,python):2025-06-19-16:18:22.462.949 [platform_infos_lite_impl.cpp:305]3205505 InitializeSingleNormal:"Cannot find key vec_freq in old platform infos, label VectorCoreSpec."
[DEBUG] FE(3205505,python):2025-06-19-16:18:22.462.966 [platform_info.cpp:855]3205505 AssemblePlatformInfoVector:"The platform info os soc version[Ascend035] has been initialized."
[DEBUG] FE(3205505,python):2025-06-19-16:18:22.463.360 [platform_infos_lite_impl.cpp:305]3205505 InitializeSingleNormal:"Cannot find key ddr_rate in old platform infos, label AICoreMemoryRates."
[DEBUG] FE(3205505,python):2025-06-19-16:18:22.463.366 [platform_infos_lite_impl.cpp:305]3205505 InitializeSingleNormal:"Cannot find key CounterWorkspaceSize in old platform infos, label DSARandom."
[DEBUG] FE(3205505,python):2025-06-19-16:18:22.463.370 [platform_infos_lite_impl.cpp:305]3205505 InitializeSingleNormal:"Cannot find key jit_compile_mode in old platform infos, label SoftwareSpec."
[DEBUG] FE(3205505,python):2025-06-19-16:18:22.463.372 [platform_infos_lite_impl.cpp:305]3205505 InitializeSingleNormal:"Cannot find key ddr_rate in old platform infos, label VectorCoreMemoryRates."
[DEBUG] FE(3205505,python):2025-06-19-16:18:22.463.375 [platform_infos_lite_impl.cpp:305]3205505 InitializeSingleNormal:"Cannot find key vec_freq in old platform infos, label VectorCoreSpec."
[DEBUG] FE(3205505,python):2025-06-19-16:18:22.463.393 [platform_info.cpp:855]3205505 AssemblePlatformInfoVector:"The platform info os soc version[Ascend035A] has been initialized."
[DEBUG] FE(3205505,python):2025-06-19-16:18:22.463.792 [platform_infos_lite_impl.cpp:305]3205505 InitializeSingleNormal:"Cannot find key ddr_rate in old platform infos, label AICoreMemoryRates."
[DEBUG] FE(3205505,python):2025-06-19-16:18:22.463.798 [platform_infos_lite_impl.cpp:305]3205505 InitializeSingleNormal:"Cannot find key CounterWorkspaceSize in old platform infos, label DSARandom."
[DEBUG] FE(3205505,python):2025-06-19-16:18:22.463.801 [platform_infos_lite_impl.cpp:305]3205505 InitializeSingleNormal:"Cannot find key jit_compile_mode in old platform infos, label SoftwareSpec."
[DEBUG] FE(3205505,python):2025-06-19-16:18:22.463.803 [platform_infos_lite_impl.cpp:305]3205505 InitializeSingleNormal:"Cannot find key ddr_rate in old platform infos, label VectorCoreMemoryRates."
[DEBUG] FE(3205505,python):2025-06-19-16:18:22.463.805 [platform_infos_lite_impl.cpp:305]3205505 InitializeSingleNormal:"Cannot find key vec_freq in old platform infos, label VectorCoreSpec."
[DEBUG] FE(3205505,python):2025-06-19-16:18:22.463.824 [platform_info.cpp:855]3205505 AssemblePlatformInfoVector:"The platform info os soc version[Ascend035B] has been initialized."
[DEBUG] FE(3205505,python):2025-06-19-16:18:22.464.302 [platform_infos_lite_impl.cpp:305]3205505 InitializeSingleNormal:"Cannot find key CounterWorkspaceSize in old platform infos, label DSARandom."
[DEBUG] FE(3205505,python):2025-06-19-16:18:22.464.308 [platform_infos_lite_impl.cpp:305]3205505 InitializeSingleNormal:"Cannot find key jit_compile_mode in old platform infos, label SoftwareSpec."
[DEBUG] FE(3205505,python):2025-06-19-16:18:22.464.310 [platform_infos_lite_impl.cpp:305]3205505 InitializeSingleNormal:"Cannot find key ddr_rate in old platform infos, label VectorCoreMemoryRates."
[DEBUG] FE(3205505,python):2025-06-19-16:18:22.464.312 [platform_infos_lite_impl.cpp:305]3205505 InitializeSingleNormal:"Cannot find key vec_freq in old platform infos, label VectorCoreSpec."
[DEBUG] FE(3205505,python):2025-06-19-16:18:22.464.342 [platform_info.cpp:855]3205505 AssemblePlatformInfoVector:"The platform info os soc version[Ascend310] has been initialized."
[DEBUG] FE(3205505,python):2025-06-19-16:18:22.466.736 [platform_infos_lite_impl.cpp:305]3205505 InitializeSingleNormal:"Cannot find key CounterWorkspaceSize in old platform infos, label DSARandom."
[DEBUG] FE(3205505,python):2025-06-19-16:18:22.466.742 [platform_infos_lite_impl.cpp:305]3205505 InitializeSingleNormal:"Cannot find key jit_compile_mode in old platform infos, label SoftwareSpec."
[DEBUG] FE(3205505,python):2025-06-19-16:18:22.466.849 [platform_info.cpp:855]3205505 AssemblePlatformInfoVector:"The platform info os soc version[Ascend310B1] has been initialized."
[DEBUG] FE(3205505,python):2025-06-19-16:18:22.469.256 [platform_infos_lite_impl.cpp:305]3205505 InitializeSingleNormal:"Cannot find key CounterWorkspaceSize in old platform infos, label DSARandom."
[DEBUG] FE(3205505,python):2025-06-19-16:18:22.469.264 [platform_infos_lite_impl.cpp:305]3205505 InitializeSingleNormal:"Cannot find key jit_compile_mode in old platform infos, label SoftwareSpec."
[DEBUG] FE(3205505,python):2025-06-19-16:18:22.469.370 [platform_info.cpp:855]3205505 AssemblePlatformInfoVector:"The platform info os soc version[Ascend310B2] has been initialized."
[DEBUG] FE(3205505,python):2025-06-19-16:18:22.471.779 [platform_infos_lite_impl.cpp:305]3205505 InitializeSingleNormal:"Cannot find key CounterWorkspaceSize in old platform infos, label DSARandom."
[DEBUG] FE(3205505,python):2025-06-19-16:18:22.471.785 [platform_infos_lite_impl.cpp:305]3205505 InitializeSingleNormal:"Cannot find key jit_compile_mode in old platform infos, label SoftwareSpec."
[DEBUG] FE(3205505,python):2025-06-19-16:18:22.471.892 [platform_info.cpp:855]3205505 AssemblePlatformInfoVector:"The platform info os soc version[Ascend310B3] has been initialized."
[DEBUG] FE(3205505,python):2025-06-19-16:18:22.474.297 [platform_infos_lite_impl.cpp:305]3205505 InitializeSingleNormal:"Cannot find key CounterWorkspaceSize in old platform infos, label DSARandom."
[DEBUG] FE(3205505,python):2025-06-19-16:18:22.474.302 [platform_infos_lite_impl.cpp:305]3205505 InitializeSingleNormal:"Cannot find key jit_compile_mode in old platform infos, label SoftwareSpec."
[DEBUG] FE(3205505,python):2025-06-19-16:18:22.474.418 [platform_info.cpp:855]3205505 AssemblePlatformInfoVector:"The platform info os soc version[Ascend310B4] has been initialized."
[DEBUG] FE(3205505,python):2025-06-19-16:18:22.476.853 [platform_infos_lite_impl.cpp:305]3205505 InitializeSingleNormal:"Cannot find key CounterWorkspaceSize in old platform infos, label DSARandom."
[DEBUG] FE(3205505,python):2025-06-19-16:18:22.476.859 [platform_infos_lite_impl.cpp:305]3205505 InitializeSingleNormal:"Cannot find key jit_compile_mode in old platform infos, label SoftwareSpec."
[DEBUG] FE(3205505,python):2025-06-19-16:18:22.476.964 [platform_info.cpp:855]3205505 AssemblePlatformInfoVector:"The platform info os soc version[AS31XM1X] has been initialized."
[DEBUG] FE(3205505,python):2025-06-19-16:18:22.478.187 [platform_infos_lite_impl.cpp:305]3205505 InitializeSingleNormal:"Cannot find key CounterWorkspaceSize in old platform infos, label DSARandom."
[DEBUG] FE(3205505,python):2025-06-19-16:18:22.478.192 [platform_infos_lite_impl.cpp:305]3205505 InitializeSingleNormal:"Cannot find key jit_compile_mode in old platform infos, label SoftwareSpec."
[DEBUG] FE(3205505,python):2025-06-19-16:18:22.478.262 [platform_info.cpp:855]3205505 AssemblePlatformInfoVector:"The platform info os soc version[Ascend610] has been initialized."
[DEBUG] FE(3205505,python):2025-06-19-16:18:22.479.630 [platform_infos_lite_impl.cpp:305]3205505 InitializeSingleNormal:"Cannot find key CounterWorkspaceSize in old platform infos, label DSARandom."
[DEBUG] FE(3205505,python):2025-06-19-16:18:22.479.636 [platform_infos_lite_impl.cpp:305]3205505 InitializeSingleNormal:"Cannot find key jit_compile_mode in old platform infos, label SoftwareSpec."
[DEBUG] FE(3205505,python):2025-06-19-16:18:22.479.638 [platform_infos_lite_impl.cpp:305]3205505 InitializeSingleNormal:"Cannot find key ddr_rate in old platform infos, label VectorCoreMemoryRates."
[DEBUG] FE(3205505,python):2025-06-19-16:18:22.479.640 [platform_infos_lite_impl.cpp:305]3205505 InitializeSingleNormal:"Cannot find key vec_freq in old platform infos, label VectorCoreSpec."
[DEBUG] FE(3205505,python):2025-06-19-16:18:22.479.700 [platform_info.cpp:855]3205505 AssemblePlatformInfoVector:"The platform info os soc version[Ascend610Lite] has been initialized."
[DEBUG] FE(3205505,python):2025-06-19-16:18:22.481.048 [platform_infos_lite_impl.cpp:305]3205505 InitializeSingleNormal:"Cannot find key CounterWorkspaceSize in old platform infos, label DSARandom."
[DEBUG] FE(3205505,python):2025-06-19-16:18:22.481.053 [platform_infos_lite_impl.cpp:305]3205505 InitializeSingleNormal:"Cannot find key jit_compile_mode in old platform infos, label SoftwareSpec."
[DEBUG] FE(3205505,python):2025-06-19-16:18:22.481.055 [platform_infos_lite_impl.cpp:305]3205505 InitializeSingleNormal:"Cannot find key ddr_rate in old platform infos, label VectorCoreMemoryRates."
[DEBUG] FE(3205505,python):2025-06-19-16:18:22.481.057 [platform_infos_lite_impl.cpp:305]3205505 InitializeSingleNormal:"Cannot find key vec_freq in old platform infos, label VectorCoreSpec."
[DEBUG] FE(3205505,python):2025-06-19-16:18:22.481.117 [platform_info.cpp:855]3205505 AssemblePlatformInfoVector:"The platform info os soc version[BS9SX2AA] has been initialized."
[DEBUG] FE(3205505,python):2025-06-19-16:18:22.482.472 [platform_infos_lite_impl.cpp:305]3205505 InitializeSingleNormal:"Cannot find key CounterWorkspaceSize in old platform infos, label DSARandom."
[DEBUG] FE(3205505,python):2025-06-19-16:18:22.482.477 [platform_infos_lite_impl.cpp:305]3205505 InitializeSingleNormal:"Cannot find key jit_compile_mode in old platform infos, label SoftwareSpec."
[DEBUG] FE(3205505,python):2025-06-19-16:18:22.482.479 [platform_infos_lite_impl.cpp:305]3205505 InitializeSingleNormal:"Cannot find key ddr_rate in old platform infos, label VectorCoreMemoryRates."
[DEBUG] FE(3205505,python):2025-06-19-16:18:22.482.480 [platform_infos_lite_impl.cpp:305]3205505 InitializeSingleNormal:"Cannot find key vec_freq in old platform infos, label VectorCoreSpec."
[DEBUG] FE(3205505,python):2025-06-19-16:18:22.482.540 [platform_info.cpp:855]3205505 AssemblePlatformInfoVector:"The platform info os soc version[BS9SX2AB] has been initialized."
[DEBUG] FE(3205505,python):2025-06-19-16:18:22.483.893 [platform_infos_lite_impl.cpp:305]3205505 InitializeSingleNormal:"Cannot find key CounterWorkspaceSize in old platform infos, label DSARandom."
[DEBUG] FE(3205505,python):2025-06-19-16:18:22.483.898 [platform_infos_lite_impl.cpp:305]3205505 InitializeSingleNormal:"Cannot find key jit_compile_mode in old platform infos, label SoftwareSpec."
[DEBUG] FE(3205505,python):2025-06-19-16:18:22.483.900 [platform_infos_lite_impl.cpp:305]3205505 InitializeSingleNormal:"Cannot find key ddr_rate in old platform infos, label VectorCoreMemoryRates."
[DEBUG] FE(3205505,python):2025-06-19-16:18:22.483.902 [platform_infos_lite_impl.cpp:305]3205505 InitializeSingleNormal:"Cannot find key vec_freq in old platform infos, label VectorCoreSpec."
[DEBUG] FE(3205505,python):2025-06-19-16:18:22.483.961 [platform_info.cpp:855]3205505 AssemblePlatformInfoVector:"The platform info os soc version[MC61AM21AA] has been initialized."
[DEBUG] FE(3205505,python):2025-06-19-16:18:22.485.311 [platform_infos_lite_impl.cpp:305]3205505 InitializeSingleNormal:"Cannot find key CounterWorkspaceSize in old platform infos, label DSARandom."
[DEBUG] FE(3205505,python):2025-06-19-16:18:22.485.316 [platform_infos_lite_impl.cpp:305]3205505 InitializeSingleNormal:"Cannot find key jit_compile_mode in old platform infos, label SoftwareSpec."
[DEBUG] FE(3205505,python):2025-06-19-16:18:22.485.318 [platform_infos_lite_impl.cpp:305]3205505 InitializeSingleNormal:"Cannot find key ddr_rate in old platform infos, label VectorCoreMemoryRates."
[DEBUG] FE(3205505,python):2025-06-19-16:18:22.485.320 [platform_infos_lite_impl.cpp:305]3205505 InitializeSingleNormal:"Cannot find key vec_freq in old platform infos, label VectorCoreSpec."
[DEBUG] FE(3205505,python):2025-06-19-16:18:22.485.379 [platform_info.cpp:855]3205505 AssemblePlatformInfoVector:"The platform info os soc version[MC61AM21AB] has been initialized."
[DEBUG] FE(3205505,python):2025-06-19-16:18:22.486.943 [platform_infos_lite_impl.cpp:305]3205505 InitializeSingleNormal:"Cannot find key CounterWorkspaceSize in old platform infos, label DSARandom."
[DEBUG] FE(3205505,python):2025-06-19-16:18:22.486.949 [platform_infos_lite_impl.cpp:305]3205505 InitializeSingleNormal:"Cannot find key jit_compile_mode in old platform infos, label SoftwareSpec."
[DEBUG] FE(3205505,python):2025-06-19-16:18:22.487.030 [platform_info.cpp:855]3205505 AssemblePlatformInfoVector:"The platform info os soc version[BS9SX1AA] has been initialized."
[DEBUG] FE(3205505,python):2025-06-19-16:18:22.488.591 [platform_infos_lite_impl.cpp:305]3205505 InitializeSingleNormal:"Cannot find key CounterWorkspaceSize in old platform infos, label DSARandom."
[DEBUG] FE(3205505,python):2025-06-19-16:18:22.488.596 [platform_infos_lite_impl.cpp:305]3205505 InitializeSingleNormal:"Cannot find key jit_compile_mode in old platform infos, label SoftwareSpec."
[DEBUG] FE(3205505,python):2025-06-19-16:18:22.488.678 [platform_info.cpp:855]3205505 AssemblePlatformInfoVector:"The platform info os soc version[BS9SX1AB] has been initialized."
[DEBUG] FE(3205505,python):2025-06-19-16:18:22.490.228 [platform_infos_lite_impl.cpp:305]3205505 InitializeSingleNormal:"Cannot find key CounterWorkspaceSize in old platform infos, label DSARandom."
[DEBUG] FE(3205505,python):2025-06-19-16:18:22.490.233 [platform_infos_lite_impl.cpp:305]3205505 InitializeSingleNormal:"Cannot find key jit_compile_mode in old platform infos, label SoftwareSpec."
[DEBUG] FE(3205505,python):2025-06-19-16:18:22.490.313 [platform_info.cpp:855]3205505 AssemblePlatformInfoVector:"The platform info os soc version[BS9SX1AC] has been initialized."
[DEBUG] FE(3205505,python):2025-06-19-16:18:22.491.539 [platform_infos_lite_impl.cpp:305]3205505 InitializeSingleNormal:"Cannot find key CounterWorkspaceSize in old platform infos, label DSARandom."
[DEBUG] FE(3205505,python):2025-06-19-16:18:22.491.545 [platform_infos_lite_impl.cpp:305]3205505 InitializeSingleNormal:"Cannot find key jit_compile_mode in old platform infos, label SoftwareSpec."
[DEBUG] FE(3205505,python):2025-06-19-16:18:22.491.612 [platform_info.cpp:855]3205505 AssemblePlatformInfoVector:"The platform info os soc version[Ascend310P3] has been initialized."
[DEBUG] FE(3205505,python):2025-06-19-16:18:22.492.800 [platform_infos_lite_impl.cpp:305]3205505 InitializeSingleNormal:"Cannot find key CounterWorkspaceSize in old platform infos, label DSARandom."
[DEBUG] FE(3205505,python):2025-06-19-16:18:22.492.806 [platform_infos_lite_impl.cpp:305]3205505 InitializeSingleNormal:"Cannot find key jit_compile_mode in old platform infos, label SoftwareSpec."
[DEBUG] FE(3205505,python):2025-06-19-16:18:22.492.872 [platform_info.cpp:855]3205505 AssemblePlatformInfoVector:"The platform info os soc version[Ascend310P1] has been initialized."
[DEBUG] FE(3205505,python):2025-06-19-16:18:22.493.423 [platform_infos_lite_impl.cpp:305]3205505 InitializeSingleNormal:"Cannot find key CounterWorkspaceSize in old platform infos, label DSARandom."
[DEBUG] FE(3205505,python):2025-06-19-16:18:22.493.427 [platform_infos_lite_impl.cpp:305]3205505 InitializeSingleNormal:"Cannot find key jit_compile_mode in old platform infos, label SoftwareSpec."
[DEBUG] FE(3205505,python):2025-06-19-16:18:22.493.429 [platform_infos_lite_impl.cpp:305]3205505 InitializeSingleNormal:"Cannot find key ddr_rate in old platform infos, label VectorCoreMemoryRates."
[DEBUG] FE(3205505,python):2025-06-19-16:18:22.493.431 [platform_infos_lite_impl.cpp:305]3205505 InitializeSingleNormal:"Cannot find key vec_freq in old platform infos, label VectorCoreSpec."
[DEBUG] FE(3205505,python):2025-06-19-16:18:22.493.464 [platform_info.cpp:855]3205505 AssemblePlatformInfoVector:"The platform info os soc version[Ascend910A] has been initialized."
[DEBUG] FE(3205505,python):2025-06-19-16:18:22.493.992 [platform_infos_lite_impl.cpp:305]3205505 InitializeSingleNormal:"Cannot find key CounterWorkspaceSize in old platform infos, label DSARandom."
[DEBUG] FE(3205505,python):2025-06-19-16:18:22.493.998 [platform_infos_lite_impl.cpp:305]3205505 InitializeSingleNormal:"Cannot find key jit_compile_mode in old platform infos, label SoftwareSpec."
[DEBUG] FE(3205505,python):2025-06-19-16:18:22.494.001 [platform_infos_lite_impl.cpp:305]3205505 InitializeSingleNormal:"Cannot find key ddr_rate in old platform infos, label VectorCoreMemoryRates."
[DEBUG] FE(3205505,python):2025-06-19-16:18:22.494.003 [platform_infos_lite_impl.cpp:305]3205505 InitializeSingleNormal:"Cannot find key vec_freq in old platform infos, label VectorCoreSpec."
[DEBUG] FE(3205505,python):2025-06-19-16:18:22.494.034 [platform_info.cpp:855]3205505 AssemblePlatformInfoVector:"The platform info os soc version[Ascend910B] has been initialized."
[DEBUG] FE(3205505,python):2025-06-19-16:18:22.494.573 [platform_infos_lite_impl.cpp:305]3205505 InitializeSingleNormal:"Cannot find key CounterWorkspaceSize in old platform infos, label DSARandom."
[DEBUG] FE(3205505,python):2025-06-19-16:18:22.494.578 [platform_infos_lite_impl.cpp:305]3205505 InitializeSingleNormal:"Cannot find key jit_compile_mode in old platform infos, label SoftwareSpec."
[DEBUG] FE(3205505,python):2025-06-19-16:18:22.494.579 [platform_infos_lite_impl.cpp:305]3205505 InitializeSingleNormal:"Cannot find key ddr_rate in old platform infos, label VectorCoreMemoryRates."
[DEBUG] FE(3205505,python):2025-06-19-16:18:22.494.581 [platform_infos_lite_impl.cpp:305]3205505 InitializeSingleNormal:"Cannot find key vec_freq in old platform infos, label VectorCoreSpec."
[DEBUG] FE(3205505,python):2025-06-19-16:18:22.494.614 [platform_info.cpp:855]3205505 AssemblePlatformInfoVector:"The platform info os soc version[Ascend910PremiumA] has been initialized."
[DEBUG] FE(3205505,python):2025-06-19-16:18:22.495.127 [platform_infos_lite_impl.cpp:305]3205505 InitializeSingleNormal:"Cannot find key CounterWorkspaceSize in old platform infos, label DSARandom."
[DEBUG] FE(3205505,python):2025-06-19-16:18:22.495.131 [platform_infos_lite_impl.cpp:305]3205505 InitializeSingleNormal:"Cannot find key jit_compile_mode in old platform infos, label SoftwareSpec."
[DEBUG] FE(3205505,python):2025-06-19-16:18:22.495.133 [platform_infos_lite_impl.cpp:305]3205505 InitializeSingleNormal:"Cannot find key ddr_rate in old platform infos, label VectorCoreMemoryRates."
[DEBUG] FE(3205505,python):2025-06-19-16:18:22.495.134 [platform_infos_lite_impl.cpp:305]3205505 InitializeSingleNormal:"Cannot find key vec_freq in old platform infos, label VectorCoreSpec."
[DEBUG] FE(3205505,python):2025-06-19-16:18:22.495.167 [platform_info.cpp:855]3205505 AssemblePlatformInfoVector:"The platform info os soc version[Ascend910ProA] has been initialized."
[DEBUG] FE(3205505,python):2025-06-19-16:18:22.495.679 [platform_infos_lite_impl.cpp:305]3205505 InitializeSingleNormal:"Cannot find key CounterWorkspaceSize in old platform infos, label DSARandom."
[DEBUG] FE(3205505,python):2025-06-19-16:18:22.495.683 [platform_infos_lite_impl.cpp:305]3205505 InitializeSingleNormal:"Cannot find key jit_compile_mode in old platform infos, label SoftwareSpec."
[DEBUG] FE(3205505,python):2025-06-19-16:18:22.495.685 [platform_infos_lite_impl.cpp:305]3205505 InitializeSingleNormal:"Cannot find key ddr_rate in old platform infos, label VectorCoreMemoryRates."
[DEBUG] FE(3205505,python):2025-06-19-16:18:22.495.687 [platform_infos_lite_impl.cpp:305]3205505 InitializeSingleNormal:"Cannot find key vec_freq in old platform infos, label VectorCoreSpec."
[DEBUG] FE(3205505,python):2025-06-19-16:18:22.495.719 [platform_info.cpp:855]3205505 AssemblePlatformInfoVector:"The platform info os soc version[Ascend910ProB] has been initialized."
[DEBUG] FE(3205505,python):2025-06-19-16:18:22.496.761 [platform_infos_lite_impl.cpp:305]3205505 InitializeSingleNormal:"Cannot find key jit_compile_default_value in old platform infos, label SoftwareSpec."
[DEBUG] FE(3205505,python):2025-06-19-16:18:22.496.764 [platform_infos_lite_impl.cpp:305]3205505 InitializeSingleNormal:"Cannot find key jit_compile_mode in old platform infos, label SoftwareSpec."
[DEBUG] FE(3205505,python):2025-06-19-16:18:22.496.766 [platform_infos_lite_impl.cpp:305]3205505 InitializeSingleNormal:"Cannot find key ddr_rate in old platform infos, label VectorCoreMemoryRates."
[DEBUG] FE(3205505,python):2025-06-19-16:18:22.496.768 [platform_infos_lite_impl.cpp:305]3205505 InitializeSingleNormal:"Cannot find key vec_freq in old platform infos, label VectorCoreSpec."
[DEBUG] FE(3205505,python):2025-06-19-16:18:22.496.828 [platform_info.cpp:855]3205505 AssemblePlatformInfoVector:"The platform info os soc version[Ascend910B1] has been initialized."
[DEBUG] FE(3205505,python):2025-06-19-16:18:22.497.859 [platform_infos_lite_impl.cpp:305]3205505 InitializeSingleNormal:"Cannot find key jit_compile_default_value in old platform infos, label SoftwareSpec."
[DEBUG] FE(3205505,python):2025-06-19-16:18:22.497.861 [platform_infos_lite_impl.cpp:305]3205505 InitializeSingleNormal:"Cannot find key jit_compile_mode in old platform infos, label SoftwareSpec."
[DEBUG] FE(3205505,python):2025-06-19-16:18:22.497.863 [platform_infos_lite_impl.cpp:305]3205505 InitializeSingleNormal:"Cannot find key ddr_rate in old platform infos, label VectorCoreMemoryRates."
[DEBUG] FE(3205505,python):2025-06-19-16:18:22.497.864 [platform_infos_lite_impl.cpp:305]3205505 InitializeSingleNormal:"Cannot find key vec_freq in old platform infos, label VectorCoreSpec."
[DEBUG] FE(3205505,python):2025-06-19-16:18:22.497.926 [platform_info.cpp:855]3205505 AssemblePlatformInfoVector:"The platform info os soc version[Ascend910B2] has been initialized."
[DEBUG] FE(3205505,python):2025-06-19-16:18:22.498.957 [platform_infos_lite_impl.cpp:305]3205505 InitializeSingleNormal:"Cannot find key jit_compile_default_value in old platform infos, label SoftwareSpec."
[DEBUG] FE(3205505,python):2025-06-19-16:18:22.498.959 [platform_infos_lite_impl.cpp:305]3205505 InitializeSingleNormal:"Cannot find key jit_compile_mode in old platform infos, label SoftwareSpec."
[DEBUG] FE(3205505,python):2025-06-19-16:18:22.498.962 [platform_infos_lite_impl.cpp:305]3205505 InitializeSingleNormal:"Cannot find key ddr_rate in old platform infos, label VectorCoreMemoryRates."
[DEBUG] FE(3205505,python):2025-06-19-16:18:22.498.965 [platform_infos_lite_impl.cpp:305]3205505 InitializeSingleNormal:"Cannot find key vec_freq in old platform infos, label VectorCoreSpec."
[DEBUG] FE(3205505,python):2025-06-19-16:18:22.499.024 [platform_info.cpp:855]3205505 AssemblePlatformInfoVector:"The platform info os soc version[Ascend910B3] has been initialized."
[DEBUG] FE(3205505,python):2025-06-19-16:18:22.500.041 [platform_infos_lite_impl.cpp:305]3205505 InitializeSingleNormal:"Cannot find key jit_compile_default_value in old platform infos, label SoftwareSpec."
[DEBUG] FE(3205505,python):2025-06-19-16:18:22.500.043 [platform_infos_lite_impl.cpp:305]3205505 InitializeSingleNormal:"Cannot find key jit_compile_mode in old platform infos, label SoftwareSpec."
[DEBUG] FE(3205505,python):2025-06-19-16:18:22.500.045 [platform_infos_lite_impl.cpp:305]3205505 InitializeSingleNormal:"Cannot find key ddr_rate in old platform infos, label VectorCoreMemoryRates."
[DEBUG] FE(3205505,python):2025-06-19-16:18:22.500.047 [platform_infos_lite_impl.cpp:305]3205505 InitializeSingleNormal:"Cannot find key vec_freq in old platform infos, label VectorCoreSpec."
[DEBUG] FE(3205505,python):2025-06-19-16:18:22.500.108 [platform_info.cpp:855]3205505 AssemblePlatformInfoVector:"The platform info os soc version[Ascend910B4] has been initialized."
[DEBUG] FE(3205505,python):2025-06-19-16:18:22.501.124 [platform_infos_lite_impl.cpp:305]3205505 InitializeSingleNormal:"Cannot find key jit_compile_default_value in old platform infos, label SoftwareSpec."
[DEBUG] FE(3205505,python):2025-06-19-16:18:22.501.125 [platform_infos_lite_impl.cpp:305]3205505 InitializeSingleNormal:"Cannot find key jit_compile_mode in old platform infos, label SoftwareSpec."
[DEBUG] FE(3205505,python):2025-06-19-16:18:22.501.127 [platform_infos_lite_impl.cpp:305]3205505 InitializeSingleNormal:"Cannot find key ddr_rate in old platform infos, label VectorCoreMemoryRates."
[DEBUG] FE(3205505,python):2025-06-19-16:18:22.501.129 [platform_infos_lite_impl.cpp:305]3205505 InitializeSingleNormal:"Cannot find key vec_freq in old platform infos, label VectorCoreSpec."
[DEBUG] FE(3205505,python):2025-06-19-16:18:22.501.188 [platform_info.cpp:855]3205505 AssemblePlatformInfoVector:"The platform info os soc version[Ascend910B4-1] has been initialized."
[WARNING] FE(3205505,python):2025-06-19-16:18:22.502.192 [platform_info.cpp:853]3205505 AssemblePlatformInfoVector:"Can not find soc info enum by Ascend910_9361."
[DEBUG] FE(3205505,python):2025-06-19-16:18:22.502.194 [platform_info.cpp:855]3205505 AssemblePlatformInfoVector:"The platform info os soc version[Ascend910_9361] has been initialized."
[DEBUG] FE(3205505,python):2025-06-19-16:18:22.503.198 [platform_infos_lite_impl.cpp:305]3205505 InitializeSingleNormal:"Cannot find key jit_compile_default_value in old platform infos, label SoftwareSpec."
[DEBUG] FE(3205505,python):2025-06-19-16:18:22.503.200 [platform_infos_lite_impl.cpp:305]3205505 InitializeSingleNormal:"Cannot find key jit_compile_mode in old platform infos, label SoftwareSpec."
[DEBUG] FE(3205505,python):2025-06-19-16:18:22.503.202 [platform_infos_lite_impl.cpp:305]3205505 InitializeSingleNormal:"Cannot find key ddr_rate in old platform infos, label VectorCoreMemoryRates."
[DEBUG] FE(3205505,python):2025-06-19-16:18:22.503.204 [platform_infos_lite_impl.cpp:305]3205505 InitializeSingleNormal:"Cannot find key vec_freq in old platform infos, label VectorCoreSpec."
[DEBUG] FE(3205505,python):2025-06-19-16:18:22.503.266 [platform_info.cpp:855]3205505 AssemblePlatformInfoVector:"The platform info os soc version[Ascend910_9372] has been initialized."
[DEBUG] FE(3205505,python):2025-06-19-16:18:22.504.290 [platform_infos_lite_impl.cpp:305]3205505 InitializeSingleNormal:"Cannot find key jit_compile_default_value in old platform infos, label SoftwareSpec."
[DEBUG] FE(3205505,python):2025-06-19-16:18:22.504.291 [platform_infos_lite_impl.cpp:305]3205505 InitializeSingleNormal:"Cannot find key jit_compile_mode in old platform infos, label SoftwareSpec."
[DEBUG] FE(3205505,python):2025-06-19-16:18:22.504.293 [platform_infos_lite_impl.cpp:305]3205505 InitializeSingleNormal:"Cannot find key ddr_rate in old platform infos, label VectorCoreMemoryRates."
[DEBUG] FE(3205505,python):2025-06-19-16:18:22.504.295 [platform_infos_lite_impl.cpp:305]3205505 InitializeSingleNormal:"Cannot find key vec_freq in old platform infos, label VectorCoreSpec."
[DEBUG] FE(3205505,python):2025-06-19-16:18:22.504.355 [platform_info.cpp:855]3205505 AssemblePlatformInfoVector:"The platform info os soc version[Ascend910_9381] has been initialized."
[WARNING] FE(3205505,python):2025-06-19-16:18:22.505.362 [platform_info.cpp:853]3205505 AssemblePlatformInfoVector:"Can not find soc info enum by Ascend910_9382."
[DEBUG] FE(3205505,python):2025-06-19-16:18:22.505.364 [platform_info.cpp:855]3205505 AssemblePlatformInfoVector:"The platform info os soc version[Ascend910_9382] has been initialized."
[DEBUG] FE(3205505,python):2025-06-19-16:18:22.506.376 [platform_infos_lite_impl.cpp:305]3205505 InitializeSingleNormal:"Cannot find key jit_compile_default_value in old platform infos, label SoftwareSpec."
[DEBUG] FE(3205505,python):2025-06-19-16:18:22.506.378 [platform_infos_lite_impl.cpp:305]3205505 InitializeSingleNormal:"Cannot find key jit_compile_mode in old platform infos, label SoftwareSpec."
[DEBUG] FE(3205505,python):2025-06-19-16:18:22.506.381 [platform_infos_lite_impl.cpp:305]3205505 InitializeSingleNormal:"Cannot find key ddr_rate in old platform infos, label VectorCoreMemoryRates."
[DEBUG] FE(3205505,python):2025-06-19-16:18:22.506.384 [platform_infos_lite_impl.cpp:305]3205505 InitializeSingleNormal:"Cannot find key vec_freq in old platform infos, label VectorCoreSpec."
[DEBUG] FE(3205505,python):2025-06-19-16:18:22.506.444 [platform_info.cpp:855]3205505 AssemblePlatformInfoVector:"The platform info os soc version[Ascend910_9391] has been initialized."
[WARNING] FE(3205505,python):2025-06-19-16:18:22.507.445 [platform_info.cpp:853]3205505 AssemblePlatformInfoVector:"Can not find soc info enum by Ascend910_9392."
[DEBUG] FE(3205505,python):2025-06-19-16:18:22.507.447 [platform_info.cpp:855]3205505 AssemblePlatformInfoVector:"The platform info os soc version[Ascend910_9392] has been initialized."
[DEBUG] FE(3205505,python):2025-06-19-16:18:22.508.454 [platform_infos_lite_impl.cpp:305]3205505 InitializeSingleNormal:"Cannot find key jit_compile_default_value in old platform infos, label SoftwareSpec."
[DEBUG] FE(3205505,python):2025-06-19-16:18:22.508.457 [platform_infos_lite_impl.cpp:305]3205505 InitializeSingleNormal:"Cannot find key jit_compile_mode in old platform infos, label SoftwareSpec."
[DEBUG] FE(3205505,python):2025-06-19-16:18:22.508.460 [platform_infos_lite_impl.cpp:305]3205505 InitializeSingleNormal:"Cannot find key ddr_rate in old platform infos, label VectorCoreMemoryRates."
[DEBUG] FE(3205505,python):2025-06-19-16:18:22.508.462 [platform_infos_lite_impl.cpp:305]3205505 InitializeSingleNormal:"Cannot find key vec_freq in old platform infos, label VectorCoreSpec."
[DEBUG] FE(3205505,python):2025-06-19-16:18:22.508.524 [platform_info.cpp:855]3205505 AssemblePlatformInfoVector:"The platform info os soc version[Ascend910B2C] has been initialized."
[DEBUG] FE(3205505,python):2025-06-19-16:18:22.509.122 [platform_infos_lite_impl.cpp:305]3205505 InitializeSingleNormal:"Cannot find key CounterWorkspaceSize in old platform infos, label DSARandom."
[DEBUG] FE(3205505,python):2025-06-19-16:18:22.509.127 [platform_infos_lite_impl.cpp:305]3205505 InitializeSingleNormal:"Cannot find key jit_compile_mode in old platform infos, label SoftwareSpec."
[DEBUG] FE(3205505,python):2025-06-19-16:18:22.509.129 [platform_infos_lite_impl.cpp:305]3205505 InitializeSingleNormal:"Cannot find key ddr_rate in old platform infos, label VectorCoreMemoryRates."
[DEBUG] FE(3205505,python):2025-06-19-16:18:22.509.131 [platform_infos_lite_impl.cpp:305]3205505 InitializeSingleNormal:"Cannot find key vec_freq in old platform infos, label VectorCoreSpec."
[DEBUG] FE(3205505,python):2025-06-19-16:18:22.509.167 [platform_info.cpp:855]3205505 AssemblePlatformInfoVector:"The platform info os soc version[Hi3796CV300CS] has been initialized."
[DEBUG] FE(3205505,python):2025-06-19-16:18:22.509.696 [platform_infos_lite_impl.cpp:305]3205505 InitializeSingleNormal:"Cannot find key CounterWorkspaceSize in old platform infos, label DSARandom."
[DEBUG] FE(3205505,python):2025-06-19-16:18:22.509.701 [platform_infos_lite_impl.cpp:305]3205505 InitializeSingleNormal:"Cannot find key jit_compile_mode in old platform infos, label SoftwareSpec."
[DEBUG] FE(3205505,python):2025-06-19-16:18:22.509.703 [platform_infos_lite_impl.cpp:305]3205505 InitializeSingleNormal:"Cannot find key ddr_rate in old platform infos, label VectorCoreMemoryRates."
[DEBUG] FE(3205505,python):2025-06-19-16:18:22.509.704 [platform_infos_lite_impl.cpp:305]3205505 InitializeSingleNormal:"Cannot find key vec_freq in old platform infos, label VectorCoreSpec."
[DEBUG] FE(3205505,python):2025-06-19-16:18:22.509.738 [platform_info.cpp:855]3205505 AssemblePlatformInfoVector:"The platform info os soc version[Hi3796CV300ES] has been initialized."
[DEBUG] FE(3205505,python):2025-06-19-16:18:22.510.311 [platform_infos_lite_impl.cpp:305]3205505 InitializeSingleNormal:"Cannot find key CounterWorkspaceSize in old platform infos, label DSARandom."
[DEBUG] FE(3205505,python):2025-06-19-16:18:22.510.316 [platform_infos_lite_impl.cpp:305]3205505 InitializeSingleNormal:"Cannot find key jit_compile_mode in old platform infos, label SoftwareSpec."
[DEBUG] FE(3205505,python):2025-06-19-16:18:22.510.318 [platform_infos_lite_impl.cpp:305]3205505 InitializeSingleNormal:"Cannot find key ddr_rate in old platform infos, label VectorCoreMemoryRates."
[DEBUG] FE(3205505,python):2025-06-19-16:18:22.510.319 [platform_infos_lite_impl.cpp:305]3205505 InitializeSingleNormal:"Cannot find key vec_freq in old platform infos, label VectorCoreSpec."
[DEBUG] FE(3205505,python):2025-06-19-16:18:22.510.354 [platform_info.cpp:855]3205505 AssemblePlatformInfoVector:"The platform info os soc version[SD3403] has been initialized."
[INFO] TBE(3205505,python):2025-06-19-16:18:22.716.940 [../../../../../../latest/python/site-packages/tbe/common/register/fusion_pass_mgr.py:59][decorator] Fusion pass[conv2d_data_rm_build_pass] of stage[InvokeStage.STAGE_BUILD] priority[Priority.NORMAL] has been registered.
[INFO] TBE(3205505,python):2025-06-19-16:18:22.717.118 [../../../../../../latest/python/site-packages/tbe/common/register/fusion_pass_mgr.py:114][decorator] Fusion pass[trans_shape_of_conv3d] of op type[Conv3D] op pattern[None] stage[InvokeStage.STAGE_BUILD] priority[Priority.NORMAL] has been registered.
[INFO] TBE(3205505,python):2025-06-19-16:18:22.717.157 [../../../../../../latest/python/site-packages/tbe/common/register/fusion_pass_mgr.py:59][decorator] Fusion pass[trans_shape_depthwise_conv2d] of stage[InvokeStage.STAGE_BUILD] priority[Priority.NORMAL] has been registered.
[INFO] TBE(3205505,python):2025-06-19-16:18:22.717.310 [../../../../../../latest/python/site-packages/tbe/common/register/fusion_pass_mgr.py:114][decorator] Fusion pass[trans_shape_for_elemwise] of op type[None] op pattern[ElemWise] stage[InvokeStage.STAGE_BUILD] priority[Priority.NORMAL] has been registered.
[INFO] TBE(3205505,python):2025-06-19-16:18:22.717.345 [../../../../../../latest/python/site-packages/tbe/common/register/fusion_pass_mgr.py:114][decorator] Fusion pass[trans_shape_for_broadcast] of op type[None] op pattern[Broadcast] stage[InvokeStage.STAGE_BUILD] priority[Priority.NORMAL] has been registered.
[INFO] TBE(3205505,python):2025-06-19-16:18:22.717.376 [../../../../../../latest/python/site-packages/tbe/common/register/fusion_pass_mgr.py:114][decorator] Fusion pass[trans_shape_of_biasadd] of op type[BiasAdd] op pattern[None] stage[InvokeStage.STAGE_BUILD] priority[Priority.NORMAL] has been registered.
[INFO] TBE(3205505,python):2025-06-19-16:18:22.717.407 [../../../../../../latest/python/site-packages/tbe/common/register/fusion_pass_mgr.py:114][decorator] Fusion pass[trans_shape_of_requant_s16] of op type[AscendRequantS16] op pattern[None] stage[InvokeStage.STAGE_BUILD] priority[Priority.NORMAL] has been registered.
[INFO] TBE(3205505,python):2025-06-19-16:18:22.717.433 [../../../../../../latest/python/site-packages/tbe/common/register/fusion_pass_mgr.py:114][decorator] Fusion pass[trans_shape_of_bninference] of op type[BNInferenceD] op pattern[None] stage[InvokeStage.STAGE_BUILD] priority[Priority.NORMAL] has been registered.
[INFO] TBE(3205505,python):2025-06-19-16:18:22.717.553 [../../../../../../latest/python/site-packages/tbe/common/register/fusion_pass_mgr.py:114][decorator] Fusion pass[trans_shape_fully_connection] of op type[FullyConnection] op pattern[None] stage[InvokeStage.STAGE_BUILD] priority[Priority.NORMAL] has been registered.
[INFO] TBE(3205505,python):2025-06-19-16:18:22.717.588 [../../../../../../latest/python/site-packages/tbe/common/register/fusion_pass_mgr.py:114][decorator] Fusion pass[trans_shape_fully_connection_compress] of op type[FullyConnectionCompress] op pattern[None] stage[InvokeStage.STAGE_BUILD] priority[Priority.NORMAL] has been registered.
[INFO] TBE(3205505,python):2025-06-19-16:18:22.717.721 [../../../../../../latest/python/site-packages/tbe/common/register/fusion_pass_mgr.py:114][decorator] Fusion pass[trans_matmul_bias_shape] of op type[MatMulV2] op pattern[None] stage[InvokeStage.STAGE_BUILD] priority[Priority.NORMAL] has been registered.
[INFO] TBE(3205505,python):2025-06-19-16:18:22.717.751 [../../../../../../latest/python/site-packages/tbe/common/register/fusion_pass_mgr.py:114][decorator] Fusion pass[trans_matmul_bias_shape] of op type[MatMul] op pattern[None] stage[InvokeStage.STAGE_BUILD] priority[Priority.NORMAL] has been registered.
[INFO] TBE(3205505,python):2025-06-19-16:18:22.717.780 [../../../../../../latest/python/site-packages/tbe/common/register/fusion_pass_mgr.py:114][decorator] Fusion pass[trans_matmulcompress_bias_shape] of op type[MatMulV2Compress] op pattern[None] stage[InvokeStage.STAGE_BUILD] priority[Priority.NORMAL] has been registered.
[INFO] TBE(3205505,python):2025-06-19-16:18:22.717.896 [../../../../../../latest/python/site-packages/tbe/common/register/fusion_pass_mgr.py:114][decorator] Fusion pass[trans_batch_matmul_shape] of op type[BatchMatMulV2] op pattern[None] stage[InvokeStage.STAGE_BUILD] priority[Priority.NORMAL] has been registered.
[INFO] TBE(3205505,python):2025-06-19-16:18:22.717.922 [../../../../../../latest/python/site-packages/tbe/common/register/fusion_pass_mgr.py:114][decorator] Fusion pass[trans_batch_matmul_shape] of op type[BatchMatMul] op pattern[None] stage[InvokeStage.STAGE_BUILD] priority[Priority.NORMAL] has been registered.
[INFO] TBE(3205505,python):2025-06-19-16:18:22.717.953 [../../../../../../latest/python/site-packages/tbe/common/register/fusion_pass_mgr.py:114][decorator] Fusion pass[trans_shape_transdata_fixpipe] of op type[None] op pattern[BatchMatmul] stage[InvokeStage.STAGE_BUILD] priority[Priority.NORMAL] has been registered.
[WARNING] TBE(3205505,python):2025-06-19-16:18:22.762.742 [../../../../../../latest/python/site-packages/te/platform/cce_policy.py:50][OpImplPolicy] te.platform.cce_policy.OpImplPolicy is deprecated, use te_fusion.fusion_util.OpImplPolicy instead.
[DEBUG] TBE(3205505,python):2025-06-19-16:18:23.055.131 [../../../../../../latest/python/site-packages/tbe/common/rl_bank/rl_op_filter.py:287][_is_tune_all_op] RL filter info: is_tune_all_op: False
[INFO] TBE(3205505,python):2025-06-19-16:18:23.128.610 [../../../../../../latest/python/site-packages/tbe/common/rl_bank/dynamic_op_filter.py:373][_need_to_tune_all_op] Auto search dynamic filter info: tune_all_op is False.
[INFO] TBE(3205505,python):2025-06-19-16:18:23.144.158 [../../../../../../latest/python/site-packages/te_fusion/parallel_compilation.py:260][exec_compilation_task] soc_info:[('Ascend910B2C', '', '24', 'false', '0', 'false')], option:[{'op_debug_level': '0', 'op_debug_dir': '/root/jzzhou/LAPA/laq/kernel_meta/kernel_meta_11702434041262854787', 'vector_fp_ceiling': 2, 'mdl_bank_path': '', 'op_bank_path': '', 'kernel_meta_temp_dir': '/root/jzzhou/LAPA/laq/kernel_meta/kernel_meta_temp_11702434041262854787', 'device_id': '', 'ai_core_cnt': '24', 'l2_size': '201326592', 'memory_size': '65464696832', 'vector_core_cnt': '48', 'l2_mode': 0, 'enable_L1_fusion': False, 'enable_L2_fusion': False}]
[WARNING] TBE(3205505,python):2025-06-19-16:18:23.144.198 [../../../../../../latest/python/site-packages/te/platform/cce_conf.py:605][te_set_version] 'from te.platform import te_set_version' is expired, please replace it with 'from tbe.common.platform import set_current_compile_soc_info'.
[DEBUG] FE(3205505,python):2025-06-19-16:18:23.144.556 [platform_infos_def.cpp:182]3205505 SetCoreNumByCoreType:"Set PlatFormInfos::core_num_ to ai_core_cnt:[24], core_type:0."
[INFO] TBE(3205505,python):2025-06-19-16:18:23.144.594 [../../../../../../latest/python/site-packages/te_fusion/parallel_compilation.py:275][exec_compilation_task] Default compiler:None
[INFO] TBE(3205505,python):2025-06-19-16:18:23.144.617 [../../../../../../latest/python/site-packages/te_fusion/parallel_compilation.py:276][exec_compilation_task] compile_options when executing compile_task:{'op_debug_level': '0', 'op_debug_dir': '/root/jzzhou/LAPA/laq/kernel_meta/kernel_meta_11702434041262854787', 'vector_fp_ceiling': 2, 'mdl_bank_path': '', 'op_bank_path': '', 'kernel_meta_temp_dir': '/root/jzzhou/LAPA/laq/kernel_meta/kernel_meta_temp_11702434041262854787', 'device_id': '', 'ai_core_cnt': '24', 'l2_size': '201326592', 'memory_size': '65464696832', 'vector_core_cnt': '48', 'l2_mode': 0, 'enable_L1_fusion': False, 'enable_L2_fusion': False}
