[DEBUG] DRV(3205501,python):2025-06-19-16:18:22.145.820 [hdc_client.c:130][ascend][curpid:3205501,3205501][drv][hdc][drvHdcClientCreate]Create client success.
[DEBUG] FE(3205501,python):2025-06-19-16:18:22.451.271 [platform_infos_lite_impl.cpp:305]3205501 InitializeSingleNormal:"Cannot find key CounterWorkspaceSize in old platform infos, label DSARandom."
[DEBUG] FE(3205501,python):2025-06-19-16:18:22.451.283 [platform_infos_lite_impl.cpp:305]3205501 InitializeSingleNormal:"Cannot find key jit_compile_mode in old platform infos, label SoftwareSpec."
[DEBUG] FE(3205501,python):2025-06-19-16:18:22.451.368 [platform_info.cpp:855]3205501 AssemblePlatformInfoVector:"The platform info os soc version[Ascend031] has been initialized."
[DEBUG] FE(3205501,python):2025-06-19-16:18:22.451.782 [platform_infos_lite_impl.cpp:305]3205501 InitializeSingleNormal:"Cannot find key ddr_rate in old platform infos, label AICoreMemoryRates."
[DEBUG] FE(3205501,python):2025-06-19-16:18:22.451.788 [platform_infos_lite_impl.cpp:305]3205501 InitializeSingleNormal:"Cannot find key CounterWorkspaceSize in old platform infos, label DSARandom."
[DEBUG] FE(3205501,python):2025-06-19-16:18:22.451.792 [platform_infos_lite_impl.cpp:305]3205501 InitializeSingleNormal:"Cannot find key jit_compile_mode in old platform infos, label SoftwareSpec."
[DEBUG] FE(3205501,python):2025-06-19-16:18:22.451.794 [platform_infos_lite_impl.cpp:305]3205501 InitializeSingleNormal:"Cannot find key ddr_rate in old platform infos, label VectorCoreMemoryRates."
[DEBUG] FE(3205501,python):2025-06-19-16:18:22.451.796 [platform_infos_lite_impl.cpp:305]3205501 InitializeSingleNormal:"Cannot find key vec_freq in old platform infos, label VectorCoreSpec."
[DEBUG] FE(3205501,python):2025-06-19-16:18:22.451.813 [platform_info.cpp:855]3205501 AssemblePlatformInfoVector:"The platform info os soc version[Ascend035] has been initialized."
[DEBUG] FE(3205501,python):2025-06-19-16:18:22.452.193 [platform_infos_lite_impl.cpp:305]3205501 InitializeSingleNormal:"Cannot find key ddr_rate in old platform infos, label AICoreMemoryRates."
[DEBUG] FE(3205501,python):2025-06-19-16:18:22.452.199 [platform_infos_lite_impl.cpp:305]3205501 InitializeSingleNormal:"Cannot find key CounterWorkspaceSize in old platform infos, label DSARandom."
[DEBUG] FE(3205501,python):2025-06-19-16:18:22.452.202 [platform_infos_lite_impl.cpp:305]3205501 InitializeSingleNormal:"Cannot find key jit_compile_mode in old platform infos, label SoftwareSpec."
[DEBUG] FE(3205501,python):2025-06-19-16:18:22.452.204 [platform_infos_lite_impl.cpp:305]3205501 InitializeSingleNormal:"Cannot find key ddr_rate in old platform infos, label VectorCoreMemoryRates."
[DEBUG] FE(3205501,python):2025-06-19-16:18:22.452.206 [platform_infos_lite_impl.cpp:305]3205501 InitializeSingleNormal:"Cannot find key vec_freq in old platform infos, label VectorCoreSpec."
[DEBUG] FE(3205501,python):2025-06-19-16:18:22.452.223 [platform_info.cpp:855]3205501 AssemblePlatformInfoVector:"The platform info os soc version[Ascend035A] has been initialized."
[DEBUG] FE(3205501,python):2025-06-19-16:18:22.452.599 [platform_infos_lite_impl.cpp:305]3205501 InitializeSingleNormal:"Cannot find key ddr_rate in old platform infos, label AICoreMemoryRates."
[DEBUG] FE(3205501,python):2025-06-19-16:18:22.452.605 [platform_infos_lite_impl.cpp:305]3205501 InitializeSingleNormal:"Cannot find key CounterWorkspaceSize in old platform infos, label DSARandom."
[DEBUG] FE(3205501,python):2025-06-19-16:18:22.452.609 [platform_infos_lite_impl.cpp:305]3205501 InitializeSingleNormal:"Cannot find key jit_compile_mode in old platform infos, label SoftwareSpec."
[DEBUG] FE(3205501,python):2025-06-19-16:18:22.452.611 [platform_infos_lite_impl.cpp:305]3205501 InitializeSingleNormal:"Cannot find key ddr_rate in old platform infos, label VectorCoreMemoryRates."
[DEBUG] FE(3205501,python):2025-06-19-16:18:22.452.612 [platform_infos_lite_impl.cpp:305]3205501 InitializeSingleNormal:"Cannot find key vec_freq in old platform infos, label VectorCoreSpec."
[DEBUG] FE(3205501,python):2025-06-19-16:18:22.452.629 [platform_info.cpp:855]3205501 AssemblePlatformInfoVector:"The platform info os soc version[Ascend035B] has been initialized."
[DEBUG] FE(3205501,python):2025-06-19-16:18:22.453.078 [platform_infos_lite_impl.cpp:305]3205501 InitializeSingleNormal:"Cannot find key CounterWorkspaceSize in old platform infos, label DSARandom."
[DEBUG] FE(3205501,python):2025-06-19-16:18:22.453.082 [platform_infos_lite_impl.cpp:305]3205501 InitializeSingleNormal:"Cannot find key jit_compile_mode in old platform infos, label SoftwareSpec."
[DEBUG] FE(3205501,python):2025-06-19-16:18:22.453.084 [platform_infos_lite_impl.cpp:305]3205501 InitializeSingleNormal:"Cannot find key ddr_rate in old platform infos, label VectorCoreMemoryRates."
[DEBUG] FE(3205501,python):2025-06-19-16:18:22.453.086 [platform_infos_lite_impl.cpp:305]3205501 InitializeSingleNormal:"Cannot find key vec_freq in old platform infos, label VectorCoreSpec."
[DEBUG] FE(3205501,python):2025-06-19-16:18:22.453.117 [platform_info.cpp:855]3205501 AssemblePlatformInfoVector:"The platform info os soc version[Ascend310] has been initialized."
[DEBUG] FE(3205501,python):2025-06-19-16:18:22.455.395 [platform_infos_lite_impl.cpp:305]3205501 InitializeSingleNormal:"Cannot find key CounterWorkspaceSize in old platform infos, label DSARandom."
[DEBUG] FE(3205501,python):2025-06-19-16:18:22.455.402 [platform_infos_lite_impl.cpp:305]3205501 InitializeSingleNormal:"Cannot find key jit_compile_mode in old platform infos, label SoftwareSpec."
[DEBUG] FE(3205501,python):2025-06-19-16:18:22.455.506 [platform_info.cpp:855]3205501 AssemblePlatformInfoVector:"The platform info os soc version[Ascend310B1] has been initialized."
[DEBUG] FE(3205501,python):2025-06-19-16:18:22.457.795 [platform_infos_lite_impl.cpp:305]3205501 InitializeSingleNormal:"Cannot find key CounterWorkspaceSize in old platform infos, label DSARandom."
[DEBUG] FE(3205501,python):2025-06-19-16:18:22.457.801 [platform_infos_lite_impl.cpp:305]3205501 InitializeSingleNormal:"Cannot find key jit_compile_mode in old platform infos, label SoftwareSpec."
[DEBUG] FE(3205501,python):2025-06-19-16:18:22.457.903 [platform_info.cpp:855]3205501 AssemblePlatformInfoVector:"The platform info os soc version[Ascend310B2] has been initialized."
[DEBUG] FE(3205501,python):2025-06-19-16:18:22.460.198 [platform_infos_lite_impl.cpp:305]3205501 InitializeSingleNormal:"Cannot find key CounterWorkspaceSize in old platform infos, label DSARandom."
[DEBUG] FE(3205501,python):2025-06-19-16:18:22.460.204 [platform_infos_lite_impl.cpp:305]3205501 InitializeSingleNormal:"Cannot find key jit_compile_mode in old platform infos, label SoftwareSpec."
[DEBUG] FE(3205501,python):2025-06-19-16:18:22.460.306 [platform_info.cpp:855]3205501 AssemblePlatformInfoVector:"The platform info os soc version[Ascend310B3] has been initialized."
[DEBUG] FE(3205501,python):2025-06-19-16:18:22.462.596 [platform_infos_lite_impl.cpp:305]3205501 InitializeSingleNormal:"Cannot find key CounterWorkspaceSize in old platform infos, label DSARandom."
[DEBUG] FE(3205501,python):2025-06-19-16:18:22.462.601 [platform_infos_lite_impl.cpp:305]3205501 InitializeSingleNormal:"Cannot find key jit_compile_mode in old platform infos, label SoftwareSpec."
[DEBUG] FE(3205501,python):2025-06-19-16:18:22.462.703 [platform_info.cpp:855]3205501 AssemblePlatformInfoVector:"The platform info os soc version[Ascend310B4] has been initialized."
[DEBUG] FE(3205501,python):2025-06-19-16:18:22.464.979 [platform_infos_lite_impl.cpp:305]3205501 InitializeSingleNormal:"Cannot find key CounterWorkspaceSize in old platform infos, label DSARandom."
[DEBUG] FE(3205501,python):2025-06-19-16:18:22.464.984 [platform_infos_lite_impl.cpp:305]3205501 InitializeSingleNormal:"Cannot find key jit_compile_mode in old platform infos, label SoftwareSpec."
[DEBUG] FE(3205501,python):2025-06-19-16:18:22.465.085 [platform_info.cpp:855]3205501 AssemblePlatformInfoVector:"The platform info os soc version[AS31XM1X] has been initialized."
[DEBUG] FE(3205501,python):2025-06-19-16:18:22.466.234 [platform_infos_lite_impl.cpp:305]3205501 InitializeSingleNormal:"Cannot find key CounterWorkspaceSize in old platform infos, label DSARandom."
[DEBUG] FE(3205501,python):2025-06-19-16:18:22.466.239 [platform_infos_lite_impl.cpp:305]3205501 InitializeSingleNormal:"Cannot find key jit_compile_mode in old platform infos, label SoftwareSpec."
[DEBUG] FE(3205501,python):2025-06-19-16:18:22.466.305 [platform_info.cpp:855]3205501 AssemblePlatformInfoVector:"The platform info os soc version[Ascend610] has been initialized."
[DEBUG] FE(3205501,python):2025-06-19-16:18:22.467.596 [platform_infos_lite_impl.cpp:305]3205501 InitializeSingleNormal:"Cannot find key CounterWorkspaceSize in old platform infos, label DSARandom."
[DEBUG] FE(3205501,python):2025-06-19-16:18:22.467.601 [platform_infos_lite_impl.cpp:305]3205501 InitializeSingleNormal:"Cannot find key jit_compile_mode in old platform infos, label SoftwareSpec."
[DEBUG] FE(3205501,python):2025-06-19-16:18:22.467.603 [platform_infos_lite_impl.cpp:305]3205501 InitializeSingleNormal:"Cannot find key ddr_rate in old platform infos, label VectorCoreMemoryRates."
[DEBUG] FE(3205501,python):2025-06-19-16:18:22.467.605 [platform_infos_lite_impl.cpp:305]3205501 InitializeSingleNormal:"Cannot find key vec_freq in old platform infos, label VectorCoreSpec."
[DEBUG] FE(3205501,python):2025-06-19-16:18:22.467.664 [platform_info.cpp:855]3205501 AssemblePlatformInfoVector:"The platform info os soc version[Ascend610Lite] has been initialized."
[DEBUG] FE(3205501,python):2025-06-19-16:18:22.468.951 [platform_infos_lite_impl.cpp:305]3205501 InitializeSingleNormal:"Cannot find key CounterWorkspaceSize in old platform infos, label DSARandom."
[DEBUG] FE(3205501,python):2025-06-19-16:18:22.468.956 [platform_infos_lite_impl.cpp:305]3205501 InitializeSingleNormal:"Cannot find key jit_compile_mode in old platform infos, label SoftwareSpec."
[DEBUG] FE(3205501,python):2025-06-19-16:18:22.468.958 [platform_infos_lite_impl.cpp:305]3205501 InitializeSingleNormal:"Cannot find key ddr_rate in old platform infos, label VectorCoreMemoryRates."
[DEBUG] FE(3205501,python):2025-06-19-16:18:22.468.960 [platform_infos_lite_impl.cpp:305]3205501 InitializeSingleNormal:"Cannot find key vec_freq in old platform infos, label VectorCoreSpec."
[DEBUG] FE(3205501,python):2025-06-19-16:18:22.469.018 [platform_info.cpp:855]3205501 AssemblePlatformInfoVector:"The platform info os soc version[BS9SX2AA] has been initialized."
[DEBUG] FE(3205501,python):2025-06-19-16:18:22.470.315 [platform_infos_lite_impl.cpp:305]3205501 InitializeSingleNormal:"Cannot find key CounterWorkspaceSize in old platform infos, label DSARandom."
[DEBUG] FE(3205501,python):2025-06-19-16:18:22.470.320 [platform_infos_lite_impl.cpp:305]3205501 InitializeSingleNormal:"Cannot find key jit_compile_mode in old platform infos, label SoftwareSpec."
[DEBUG] FE(3205501,python):2025-06-19-16:18:22.470.322 [platform_infos_lite_impl.cpp:305]3205501 InitializeSingleNormal:"Cannot find key ddr_rate in old platform infos, label VectorCoreMemoryRates."
[DEBUG] FE(3205501,python):2025-06-19-16:18:22.470.324 [platform_infos_lite_impl.cpp:305]3205501 InitializeSingleNormal:"Cannot find key vec_freq in old platform infos, label VectorCoreSpec."
[DEBUG] FE(3205501,python):2025-06-19-16:18:22.470.386 [platform_info.cpp:855]3205501 AssemblePlatformInfoVector:"The platform info os soc version[BS9SX2AB] has been initialized."
[DEBUG] FE(3205501,python):2025-06-19-16:18:22.471.658 [platform_infos_lite_impl.cpp:305]3205501 InitializeSingleNormal:"Cannot find key CounterWorkspaceSize in old platform infos, label DSARandom."
[DEBUG] FE(3205501,python):2025-06-19-16:18:22.471.662 [platform_infos_lite_impl.cpp:305]3205501 InitializeSingleNormal:"Cannot find key jit_compile_mode in old platform infos, label SoftwareSpec."
[DEBUG] FE(3205501,python):2025-06-19-16:18:22.471.664 [platform_infos_lite_impl.cpp:305]3205501 InitializeSingleNormal:"Cannot find key ddr_rate in old platform infos, label VectorCoreMemoryRates."
[DEBUG] FE(3205501,python):2025-06-19-16:18:22.471.666 [platform_infos_lite_impl.cpp:305]3205501 InitializeSingleNormal:"Cannot find key vec_freq in old platform infos, label VectorCoreSpec."
[DEBUG] FE(3205501,python):2025-06-19-16:18:22.471.722 [platform_info.cpp:855]3205501 AssemblePlatformInfoVector:"The platform info os soc version[MC61AM21AA] has been initialized."
[DEBUG] FE(3205501,python):2025-06-19-16:18:22.473.001 [platform_infos_lite_impl.cpp:305]3205501 InitializeSingleNormal:"Cannot find key CounterWorkspaceSize in old platform infos, label DSARandom."
[DEBUG] FE(3205501,python):2025-06-19-16:18:22.473.006 [platform_infos_lite_impl.cpp:305]3205501 InitializeSingleNormal:"Cannot find key jit_compile_mode in old platform infos, label SoftwareSpec."
[DEBUG] FE(3205501,python):2025-06-19-16:18:22.473.008 [platform_infos_lite_impl.cpp:305]3205501 InitializeSingleNormal:"Cannot find key ddr_rate in old platform infos, label VectorCoreMemoryRates."
[DEBUG] FE(3205501,python):2025-06-19-16:18:22.473.010 [platform_infos_lite_impl.cpp:305]3205501 InitializeSingleNormal:"Cannot find key vec_freq in old platform infos, label VectorCoreSpec."
[DEBUG] FE(3205501,python):2025-06-19-16:18:22.473.067 [platform_info.cpp:855]3205501 AssemblePlatformInfoVector:"The platform info os soc version[MC61AM21AB] has been initialized."
[DEBUG] FE(3205501,python):2025-06-19-16:18:22.474.555 [platform_infos_lite_impl.cpp:305]3205501 InitializeSingleNormal:"Cannot find key CounterWorkspaceSize in old platform infos, label DSARandom."
[DEBUG] FE(3205501,python):2025-06-19-16:18:22.474.560 [platform_infos_lite_impl.cpp:305]3205501 InitializeSingleNormal:"Cannot find key jit_compile_mode in old platform infos, label SoftwareSpec."
[DEBUG] FE(3205501,python):2025-06-19-16:18:22.474.635 [platform_info.cpp:855]3205501 AssemblePlatformInfoVector:"The platform info os soc version[BS9SX1AA] has been initialized."
[DEBUG] FE(3205501,python):2025-06-19-16:18:22.476.135 [platform_infos_lite_impl.cpp:305]3205501 InitializeSingleNormal:"Cannot find key CounterWorkspaceSize in old platform infos, label DSARandom."
[DEBUG] FE(3205501,python):2025-06-19-16:18:22.476.140 [platform_infos_lite_impl.cpp:305]3205501 InitializeSingleNormal:"Cannot find key jit_compile_mode in old platform infos, label SoftwareSpec."
[DEBUG] FE(3205501,python):2025-06-19-16:18:22.476.215 [platform_info.cpp:855]3205501 AssemblePlatformInfoVector:"The platform info os soc version[BS9SX1AB] has been initialized."
[DEBUG] FE(3205501,python):2025-06-19-16:18:22.477.690 [platform_infos_lite_impl.cpp:305]3205501 InitializeSingleNormal:"Cannot find key CounterWorkspaceSize in old platform infos, label DSARandom."
[DEBUG] FE(3205501,python):2025-06-19-16:18:22.477.695 [platform_infos_lite_impl.cpp:305]3205501 InitializeSingleNormal:"Cannot find key jit_compile_mode in old platform infos, label SoftwareSpec."
[DEBUG] FE(3205501,python):2025-06-19-16:18:22.477.770 [platform_info.cpp:855]3205501 AssemblePlatformInfoVector:"The platform info os soc version[BS9SX1AC] has been initialized."
[DEBUG] FE(3205501,python):2025-06-19-16:18:22.478.922 [platform_infos_lite_impl.cpp:305]3205501 InitializeSingleNormal:"Cannot find key CounterWorkspaceSize in old platform infos, label DSARandom."
[DEBUG] FE(3205501,python):2025-06-19-16:18:22.478.927 [platform_infos_lite_impl.cpp:305]3205501 InitializeSingleNormal:"Cannot find key jit_compile_mode in old platform infos, label SoftwareSpec."
[DEBUG] FE(3205501,python):2025-06-19-16:18:22.478.990 [platform_info.cpp:855]3205501 AssemblePlatformInfoVector:"The platform info os soc version[Ascend310P3] has been initialized."
[DEBUG] FE(3205501,python):2025-06-19-16:18:22.480.132 [platform_infos_lite_impl.cpp:305]3205501 InitializeSingleNormal:"Cannot find key CounterWorkspaceSize in old platform infos, label DSARandom."
[DEBUG] FE(3205501,python):2025-06-19-16:18:22.480.137 [platform_infos_lite_impl.cpp:305]3205501 InitializeSingleNormal:"Cannot find key jit_compile_mode in old platform infos, label SoftwareSpec."
[DEBUG] FE(3205501,python):2025-06-19-16:18:22.480.200 [platform_info.cpp:855]3205501 AssemblePlatformInfoVector:"The platform info os soc version[Ascend310P1] has been initialized."
[DEBUG] FE(3205501,python):2025-06-19-16:18:22.480.718 [platform_infos_lite_impl.cpp:305]3205501 InitializeSingleNormal:"Cannot find key CounterWorkspaceSize in old platform infos, label DSARandom."
[DEBUG] FE(3205501,python):2025-06-19-16:18:22.480.723 [platform_infos_lite_impl.cpp:305]3205501 InitializeSingleNormal:"Cannot find key jit_compile_mode in old platform infos, label SoftwareSpec."
[DEBUG] FE(3205501,python):2025-06-19-16:18:22.480.725 [platform_infos_lite_impl.cpp:305]3205501 InitializeSingleNormal:"Cannot find key ddr_rate in old platform infos, label VectorCoreMemoryRates."
[DEBUG] FE(3205501,python):2025-06-19-16:18:22.480.727 [platform_infos_lite_impl.cpp:305]3205501 InitializeSingleNormal:"Cannot find key vec_freq in old platform infos, label VectorCoreSpec."
[DEBUG] FE(3205501,python):2025-06-19-16:18:22.480.758 [platform_info.cpp:855]3205501 AssemblePlatformInfoVector:"The platform info os soc version[Ascend910A] has been initialized."
[DEBUG] FE(3205501,python):2025-06-19-16:18:22.481.258 [platform_infos_lite_impl.cpp:305]3205501 InitializeSingleNormal:"Cannot find key CounterWorkspaceSize in old platform infos, label DSARandom."
[DEBUG] FE(3205501,python):2025-06-19-16:18:22.481.263 [platform_infos_lite_impl.cpp:305]3205501 InitializeSingleNormal:"Cannot find key jit_compile_mode in old platform infos, label SoftwareSpec."
[DEBUG] FE(3205501,python):2025-06-19-16:18:22.481.265 [platform_infos_lite_impl.cpp:305]3205501 InitializeSingleNormal:"Cannot find key ddr_rate in old platform infos, label VectorCoreMemoryRates."
[DEBUG] FE(3205501,python):2025-06-19-16:18:22.481.266 [platform_infos_lite_impl.cpp:305]3205501 InitializeSingleNormal:"Cannot find key vec_freq in old platform infos, label VectorCoreSpec."
[DEBUG] FE(3205501,python):2025-06-19-16:18:22.481.297 [platform_info.cpp:855]3205501 AssemblePlatformInfoVector:"The platform info os soc version[Ascend910B] has been initialized."
[DEBUG] FE(3205501,python):2025-06-19-16:18:22.481.788 [platform_infos_lite_impl.cpp:305]3205501 InitializeSingleNormal:"Cannot find key CounterWorkspaceSize in old platform infos, label DSARandom."
[DEBUG] FE(3205501,python):2025-06-19-16:18:22.481.792 [platform_infos_lite_impl.cpp:305]3205501 InitializeSingleNormal:"Cannot find key jit_compile_mode in old platform infos, label SoftwareSpec."
[DEBUG] FE(3205501,python):2025-06-19-16:18:22.481.794 [platform_infos_lite_impl.cpp:305]3205501 InitializeSingleNormal:"Cannot find key ddr_rate in old platform infos, label VectorCoreMemoryRates."
[DEBUG] FE(3205501,python):2025-06-19-16:18:22.481.796 [platform_infos_lite_impl.cpp:305]3205501 InitializeSingleNormal:"Cannot find key vec_freq in old platform infos, label VectorCoreSpec."
[DEBUG] FE(3205501,python):2025-06-19-16:18:22.481.826 [platform_info.cpp:855]3205501 AssemblePlatformInfoVector:"The platform info os soc version[Ascend910PremiumA] has been initialized."
[DEBUG] FE(3205501,python):2025-06-19-16:18:22.482.323 [platform_infos_lite_impl.cpp:305]3205501 InitializeSingleNormal:"Cannot find key CounterWorkspaceSize in old platform infos, label DSARandom."
[DEBUG] FE(3205501,python):2025-06-19-16:18:22.482.327 [platform_infos_lite_impl.cpp:305]3205501 InitializeSingleNormal:"Cannot find key jit_compile_mode in old platform infos, label SoftwareSpec."
[DEBUG] FE(3205501,python):2025-06-19-16:18:22.482.329 [platform_infos_lite_impl.cpp:305]3205501 InitializeSingleNormal:"Cannot find key ddr_rate in old platform infos, label VectorCoreMemoryRates."
[DEBUG] FE(3205501,python):2025-06-19-16:18:22.482.330 [platform_infos_lite_impl.cpp:305]3205501 InitializeSingleNormal:"Cannot find key vec_freq in old platform infos, label VectorCoreSpec."
[DEBUG] FE(3205501,python):2025-06-19-16:18:22.482.364 [platform_info.cpp:855]3205501 AssemblePlatformInfoVector:"The platform info os soc version[Ascend910ProA] has been initialized."
[DEBUG] FE(3205501,python):2025-06-19-16:18:22.482.852 [platform_infos_lite_impl.cpp:305]3205501 InitializeSingleNormal:"Cannot find key CounterWorkspaceSize in old platform infos, label DSARandom."
[DEBUG] FE(3205501,python):2025-06-19-16:18:22.482.856 [platform_infos_lite_impl.cpp:305]3205501 InitializeSingleNormal:"Cannot find key jit_compile_mode in old platform infos, label SoftwareSpec."
[DEBUG] FE(3205501,python):2025-06-19-16:18:22.482.858 [platform_infos_lite_impl.cpp:305]3205501 InitializeSingleNormal:"Cannot find key ddr_rate in old platform infos, label VectorCoreMemoryRates."
[DEBUG] FE(3205501,python):2025-06-19-16:18:22.482.859 [platform_infos_lite_impl.cpp:305]3205501 InitializeSingleNormal:"Cannot find key vec_freq in old platform infos, label VectorCoreSpec."
[DEBUG] FE(3205501,python):2025-06-19-16:18:22.482.891 [platform_info.cpp:855]3205501 AssemblePlatformInfoVector:"The platform info os soc version[Ascend910ProB] has been initialized."
[DEBUG] FE(3205501,python):2025-06-19-16:18:22.483.869 [platform_infos_lite_impl.cpp:305]3205501 InitializeSingleNormal:"Cannot find key jit_compile_default_value in old platform infos, label SoftwareSpec."
[DEBUG] FE(3205501,python):2025-06-19-16:18:22.483.871 [platform_infos_lite_impl.cpp:305]3205501 InitializeSingleNormal:"Cannot find key jit_compile_mode in old platform infos, label SoftwareSpec."
[DEBUG] FE(3205501,python):2025-06-19-16:18:22.483.873 [platform_infos_lite_impl.cpp:305]3205501 InitializeSingleNormal:"Cannot find key ddr_rate in old platform infos, label VectorCoreMemoryRates."
[DEBUG] FE(3205501,python):2025-06-19-16:18:22.483.874 [platform_infos_lite_impl.cpp:305]3205501 InitializeSingleNormal:"Cannot find key vec_freq in old platform infos, label VectorCoreSpec."
[DEBUG] FE(3205501,python):2025-06-19-16:18:22.483.933 [platform_info.cpp:855]3205501 AssemblePlatformInfoVector:"The platform info os soc version[Ascend910B1] has been initialized."
[DEBUG] FE(3205501,python):2025-06-19-16:18:22.484.920 [platform_infos_lite_impl.cpp:305]3205501 InitializeSingleNormal:"Cannot find key jit_compile_default_value in old platform infos, label SoftwareSpec."
[DEBUG] FE(3205501,python):2025-06-19-16:18:22.484.922 [platform_infos_lite_impl.cpp:305]3205501 InitializeSingleNormal:"Cannot find key jit_compile_mode in old platform infos, label SoftwareSpec."
[DEBUG] FE(3205501,python):2025-06-19-16:18:22.484.924 [platform_infos_lite_impl.cpp:305]3205501 InitializeSingleNormal:"Cannot find key ddr_rate in old platform infos, label VectorCoreMemoryRates."
[DEBUG] FE(3205501,python):2025-06-19-16:18:22.484.925 [platform_infos_lite_impl.cpp:305]3205501 InitializeSingleNormal:"Cannot find key vec_freq in old platform infos, label VectorCoreSpec."
[DEBUG] FE(3205501,python):2025-06-19-16:18:22.484.986 [platform_info.cpp:855]3205501 AssemblePlatformInfoVector:"The platform info os soc version[Ascend910B2] has been initialized."
[DEBUG] FE(3205501,python):2025-06-19-16:18:22.485.946 [platform_infos_lite_impl.cpp:305]3205501 InitializeSingleNormal:"Cannot find key jit_compile_default_value in old platform infos, label SoftwareSpec."
[DEBUG] FE(3205501,python):2025-06-19-16:18:22.485.947 [platform_infos_lite_impl.cpp:305]3205501 InitializeSingleNormal:"Cannot find key jit_compile_mode in old platform infos, label SoftwareSpec."
[DEBUG] FE(3205501,python):2025-06-19-16:18:22.485.949 [platform_infos_lite_impl.cpp:305]3205501 InitializeSingleNormal:"Cannot find key ddr_rate in old platform infos, label VectorCoreMemoryRates."
[DEBUG] FE(3205501,python):2025-06-19-16:18:22.485.951 [platform_infos_lite_impl.cpp:305]3205501 InitializeSingleNormal:"Cannot find key vec_freq in old platform infos, label VectorCoreSpec."
[DEBUG] FE(3205501,python):2025-06-19-16:18:22.486.008 [platform_info.cpp:855]3205501 AssemblePlatformInfoVector:"The platform info os soc version[Ascend910B3] has been initialized."
[DEBUG] FE(3205501,python):2025-06-19-16:18:22.486.970 [platform_infos_lite_impl.cpp:305]3205501 InitializeSingleNormal:"Cannot find key jit_compile_default_value in old platform infos, label SoftwareSpec."
[DEBUG] FE(3205501,python):2025-06-19-16:18:22.486.972 [platform_infos_lite_impl.cpp:305]3205501 InitializeSingleNormal:"Cannot find key jit_compile_mode in old platform infos, label SoftwareSpec."
[DEBUG] FE(3205501,python):2025-06-19-16:18:22.486.973 [platform_infos_lite_impl.cpp:305]3205501 InitializeSingleNormal:"Cannot find key ddr_rate in old platform infos, label VectorCoreMemoryRates."
[DEBUG] FE(3205501,python):2025-06-19-16:18:22.486.975 [platform_infos_lite_impl.cpp:305]3205501 InitializeSingleNormal:"Cannot find key vec_freq in old platform infos, label VectorCoreSpec."
[DEBUG] FE(3205501,python):2025-06-19-16:18:22.487.031 [platform_info.cpp:855]3205501 AssemblePlatformInfoVector:"The platform info os soc version[Ascend910B4] has been initialized."
[DEBUG] FE(3205501,python):2025-06-19-16:18:22.488.004 [platform_infos_lite_impl.cpp:305]3205501 InitializeSingleNormal:"Cannot find key jit_compile_default_value in old platform infos, label SoftwareSpec."
[DEBUG] FE(3205501,python):2025-06-19-16:18:22.488.006 [platform_infos_lite_impl.cpp:305]3205501 InitializeSingleNormal:"Cannot find key jit_compile_mode in old platform infos, label SoftwareSpec."
[DEBUG] FE(3205501,python):2025-06-19-16:18:22.488.008 [platform_infos_lite_impl.cpp:305]3205501 InitializeSingleNormal:"Cannot find key ddr_rate in old platform infos, label VectorCoreMemoryRates."
[DEBUG] FE(3205501,python):2025-06-19-16:18:22.488.010 [platform_infos_lite_impl.cpp:305]3205501 InitializeSingleNormal:"Cannot find key vec_freq in old platform infos, label VectorCoreSpec."
[DEBUG] FE(3205501,python):2025-06-19-16:18:22.488.067 [platform_info.cpp:855]3205501 AssemblePlatformInfoVector:"The platform info os soc version[Ascend910B4-1] has been initialized."
[WARNING] FE(3205501,python):2025-06-19-16:18:22.489.002 [platform_info.cpp:853]3205501 AssemblePlatformInfoVector:"Can not find soc info enum by Ascend910_9361."
[DEBUG] FE(3205501,python):2025-06-19-16:18:22.489.004 [platform_info.cpp:855]3205501 AssemblePlatformInfoVector:"The platform info os soc version[Ascend910_9361] has been initialized."
[DEBUG] FE(3205501,python):2025-06-19-16:18:22.489.950 [platform_infos_lite_impl.cpp:305]3205501 InitializeSingleNormal:"Cannot find key jit_compile_default_value in old platform infos, label SoftwareSpec."
[DEBUG] FE(3205501,python):2025-06-19-16:18:22.489.952 [platform_infos_lite_impl.cpp:305]3205501 InitializeSingleNormal:"Cannot find key jit_compile_mode in old platform infos, label SoftwareSpec."
[DEBUG] FE(3205501,python):2025-06-19-16:18:22.489.954 [platform_infos_lite_impl.cpp:305]3205501 InitializeSingleNormal:"Cannot find key ddr_rate in old platform infos, label VectorCoreMemoryRates."
[DEBUG] FE(3205501,python):2025-06-19-16:18:22.489.956 [platform_infos_lite_impl.cpp:305]3205501 InitializeSingleNormal:"Cannot find key vec_freq in old platform infos, label VectorCoreSpec."
[DEBUG] FE(3205501,python):2025-06-19-16:18:22.490.013 [platform_info.cpp:855]3205501 AssemblePlatformInfoVector:"The platform info os soc version[Ascend910_9372] has been initialized."
[DEBUG] FE(3205501,python):2025-06-19-16:18:22.490.976 [platform_infos_lite_impl.cpp:305]3205501 InitializeSingleNormal:"Cannot find key jit_compile_default_value in old platform infos, label SoftwareSpec."
[DEBUG] FE(3205501,python):2025-06-19-16:18:22.490.978 [platform_infos_lite_impl.cpp:305]3205501 InitializeSingleNormal:"Cannot find key jit_compile_mode in old platform infos, label SoftwareSpec."
[DEBUG] FE(3205501,python):2025-06-19-16:18:22.490.980 [platform_infos_lite_impl.cpp:305]3205501 InitializeSingleNormal:"Cannot find key ddr_rate in old platform infos, label VectorCoreMemoryRates."
[DEBUG] FE(3205501,python):2025-06-19-16:18:22.490.981 [platform_infos_lite_impl.cpp:305]3205501 InitializeSingleNormal:"Cannot find key vec_freq in old platform infos, label VectorCoreSpec."
[DEBUG] FE(3205501,python):2025-06-19-16:18:22.491.038 [platform_info.cpp:855]3205501 AssemblePlatformInfoVector:"The platform info os soc version[Ascend910_9381] has been initialized."
[WARNING] FE(3205501,python):2025-06-19-16:18:22.491.997 [platform_info.cpp:853]3205501 AssemblePlatformInfoVector:"Can not find soc info enum by Ascend910_9382."
[DEBUG] FE(3205501,python):2025-06-19-16:18:22.491.999 [platform_info.cpp:855]3205501 AssemblePlatformInfoVector:"The platform info os soc version[Ascend910_9382] has been initialized."
[DEBUG] FE(3205501,python):2025-06-19-16:18:22.492.947 [platform_infos_lite_impl.cpp:305]3205501 InitializeSingleNormal:"Cannot find key jit_compile_default_value in old platform infos, label SoftwareSpec."
[DEBUG] FE(3205501,python):2025-06-19-16:18:22.492.948 [platform_infos_lite_impl.cpp:305]3205501 InitializeSingleNormal:"Cannot find key jit_compile_mode in old platform infos, label SoftwareSpec."
[DEBUG] FE(3205501,python):2025-06-19-16:18:22.492.950 [platform_infos_lite_impl.cpp:305]3205501 InitializeSingleNormal:"Cannot find key ddr_rate in old platform infos, label VectorCoreMemoryRates."
[DEBUG] FE(3205501,python):2025-06-19-16:18:22.492.952 [platform_infos_lite_impl.cpp:305]3205501 InitializeSingleNormal:"Cannot find key vec_freq in old platform infos, label VectorCoreSpec."
[DEBUG] FE(3205501,python):2025-06-19-16:18:22.493.007 [platform_info.cpp:855]3205501 AssemblePlatformInfoVector:"The platform info os soc version[Ascend910_9391] has been initialized."
[WARNING] FE(3205501,python):2025-06-19-16:18:22.493.965 [platform_info.cpp:853]3205501 AssemblePlatformInfoVector:"Can not find soc info enum by Ascend910_9392."
[DEBUG] FE(3205501,python):2025-06-19-16:18:22.493.967 [platform_info.cpp:855]3205501 AssemblePlatformInfoVector:"The platform info os soc version[Ascend910_9392] has been initialized."
[DEBUG] FE(3205501,python):2025-06-19-16:18:22.494.927 [platform_infos_lite_impl.cpp:305]3205501 InitializeSingleNormal:"Cannot find key jit_compile_default_value in old platform infos, label SoftwareSpec."
[DEBUG] FE(3205501,python):2025-06-19-16:18:22.494.929 [platform_infos_lite_impl.cpp:305]3205501 InitializeSingleNormal:"Cannot find key jit_compile_mode in old platform infos, label SoftwareSpec."
[DEBUG] FE(3205501,python):2025-06-19-16:18:22.494.931 [platform_infos_lite_impl.cpp:305]3205501 InitializeSingleNormal:"Cannot find key ddr_rate in old platform infos, label VectorCoreMemoryRates."
[DEBUG] FE(3205501,python):2025-06-19-16:18:22.494.932 [platform_infos_lite_impl.cpp:305]3205501 InitializeSingleNormal:"Cannot find key vec_freq in old platform infos, label VectorCoreSpec."
[DEBUG] FE(3205501,python):2025-06-19-16:18:22.494.991 [platform_info.cpp:855]3205501 AssemblePlatformInfoVector:"The platform info os soc version[Ascend910B2C] has been initialized."
[DEBUG] FE(3205501,python):2025-06-19-16:18:22.495.551 [platform_infos_lite_impl.cpp:305]3205501 InitializeSingleNormal:"Cannot find key CounterWorkspaceSize in old platform infos, label DSARandom."
[DEBUG] FE(3205501,python):2025-06-19-16:18:22.495.555 [platform_infos_lite_impl.cpp:305]3205501 InitializeSingleNormal:"Cannot find key jit_compile_mode in old platform infos, label SoftwareSpec."
[DEBUG] FE(3205501,python):2025-06-19-16:18:22.495.557 [platform_infos_lite_impl.cpp:305]3205501 InitializeSingleNormal:"Cannot find key ddr_rate in old platform infos, label VectorCoreMemoryRates."
[DEBUG] FE(3205501,python):2025-06-19-16:18:22.495.559 [platform_infos_lite_impl.cpp:305]3205501 InitializeSingleNormal:"Cannot find key vec_freq in old platform infos, label VectorCoreSpec."
[DEBUG] FE(3205501,python):2025-06-19-16:18:22.495.593 [platform_info.cpp:855]3205501 AssemblePlatformInfoVector:"The platform info os soc version[Hi3796CV300CS] has been initialized."
[DEBUG] FE(3205501,python):2025-06-19-16:18:22.496.096 [platform_infos_lite_impl.cpp:305]3205501 InitializeSingleNormal:"Cannot find key CounterWorkspaceSize in old platform infos, label DSARandom."
[DEBUG] FE(3205501,python):2025-06-19-16:18:22.496.100 [platform_infos_lite_impl.cpp:305]3205501 InitializeSingleNormal:"Cannot find key jit_compile_mode in old platform infos, label SoftwareSpec."
[DEBUG] FE(3205501,python):2025-06-19-16:18:22.496.102 [platform_infos_lite_impl.cpp:305]3205501 InitializeSingleNormal:"Cannot find key ddr_rate in old platform infos, label VectorCoreMemoryRates."
[DEBUG] FE(3205501,python):2025-06-19-16:18:22.496.104 [platform_infos_lite_impl.cpp:305]3205501 InitializeSingleNormal:"Cannot find key vec_freq in old platform infos, label VectorCoreSpec."
[DEBUG] FE(3205501,python):2025-06-19-16:18:22.496.135 [platform_info.cpp:855]3205501 AssemblePlatformInfoVector:"The platform info os soc version[Hi3796CV300ES] has been initialized."
[DEBUG] FE(3205501,python):2025-06-19-16:18:22.496.686 [platform_infos_lite_impl.cpp:305]3205501 InitializeSingleNormal:"Cannot find key CounterWorkspaceSize in old platform infos, label DSARandom."
[DEBUG] FE(3205501,python):2025-06-19-16:18:22.496.690 [platform_infos_lite_impl.cpp:305]3205501 InitializeSingleNormal:"Cannot find key jit_compile_mode in old platform infos, label SoftwareSpec."
[DEBUG] FE(3205501,python):2025-06-19-16:18:22.496.692 [platform_infos_lite_impl.cpp:305]3205501 InitializeSingleNormal:"Cannot find key ddr_rate in old platform infos, label VectorCoreMemoryRates."
[DEBUG] FE(3205501,python):2025-06-19-16:18:22.496.694 [platform_infos_lite_impl.cpp:305]3205501 InitializeSingleNormal:"Cannot find key vec_freq in old platform infos, label VectorCoreSpec."
[DEBUG] FE(3205501,python):2025-06-19-16:18:22.496.728 [platform_info.cpp:855]3205501 AssemblePlatformInfoVector:"The platform info os soc version[SD3403] has been initialized."
[INFO] TBE(3205501,python):2025-06-19-16:18:22.693.935 [../../../../../../latest/python/site-packages/tbe/common/register/fusion_pass_mgr.py:59][decorator] Fusion pass[conv2d_data_rm_build_pass] of stage[InvokeStage.STAGE_BUILD] priority[Priority.NORMAL] has been registered.
[INFO] TBE(3205501,python):2025-06-19-16:18:22.694.102 [../../../../../../latest/python/site-packages/tbe/common/register/fusion_pass_mgr.py:114][decorator] Fusion pass[trans_shape_of_conv3d] of op type[Conv3D] op pattern[None] stage[InvokeStage.STAGE_BUILD] priority[Priority.NORMAL] has been registered.
[INFO] TBE(3205501,python):2025-06-19-16:18:22.694.136 [../../../../../../latest/python/site-packages/tbe/common/register/fusion_pass_mgr.py:59][decorator] Fusion pass[trans_shape_depthwise_conv2d] of stage[InvokeStage.STAGE_BUILD] priority[Priority.NORMAL] has been registered.
[INFO] TBE(3205501,python):2025-06-19-16:18:22.694.290 [../../../../../../latest/python/site-packages/tbe/common/register/fusion_pass_mgr.py:114][decorator] Fusion pass[trans_shape_for_elemwise] of op type[None] op pattern[ElemWise] stage[InvokeStage.STAGE_BUILD] priority[Priority.NORMAL] has been registered.
[INFO] TBE(3205501,python):2025-06-19-16:18:22.694.321 [../../../../../../latest/python/site-packages/tbe/common/register/fusion_pass_mgr.py:114][decorator] Fusion pass[trans_shape_for_broadcast] of op type[None] op pattern[Broadcast] stage[InvokeStage.STAGE_BUILD] priority[Priority.NORMAL] has been registered.
[INFO] TBE(3205501,python):2025-06-19-16:18:22.694.350 [../../../../../../latest/python/site-packages/tbe/common/register/fusion_pass_mgr.py:114][decorator] Fusion pass[trans_shape_of_biasadd] of op type[BiasAdd] op pattern[None] stage[InvokeStage.STAGE_BUILD] priority[Priority.NORMAL] has been registered.
[INFO] TBE(3205501,python):2025-06-19-16:18:22.694.382 [../../../../../../latest/python/site-packages/tbe/common/register/fusion_pass_mgr.py:114][decorator] Fusion pass[trans_shape_of_requant_s16] of op type[AscendRequantS16] op pattern[None] stage[InvokeStage.STAGE_BUILD] priority[Priority.NORMAL] has been registered.
[INFO] TBE(3205501,python):2025-06-19-16:18:22.694.409 [../../../../../../latest/python/site-packages/tbe/common/register/fusion_pass_mgr.py:114][decorator] Fusion pass[trans_shape_of_bninference] of op type[BNInferenceD] op pattern[None] stage[InvokeStage.STAGE_BUILD] priority[Priority.NORMAL] has been registered.
[INFO] TBE(3205501,python):2025-06-19-16:18:22.694.533 [../../../../../../latest/python/site-packages/tbe/common/register/fusion_pass_mgr.py:114][decorator] Fusion pass[trans_shape_fully_connection] of op type[FullyConnection] op pattern[None] stage[InvokeStage.STAGE_BUILD] priority[Priority.NORMAL] has been registered.
[INFO] TBE(3205501,python):2025-06-19-16:18:22.694.563 [../../../../../../latest/python/site-packages/tbe/common/register/fusion_pass_mgr.py:114][decorator] Fusion pass[trans_shape_fully_connection_compress] of op type[FullyConnectionCompress] op pattern[None] stage[InvokeStage.STAGE_BUILD] priority[Priority.NORMAL] has been registered.
[INFO] TBE(3205501,python):2025-06-19-16:18:22.694.694 [../../../../../../latest/python/site-packages/tbe/common/register/fusion_pass_mgr.py:114][decorator] Fusion pass[trans_matmul_bias_shape] of op type[MatMulV2] op pattern[None] stage[InvokeStage.STAGE_BUILD] priority[Priority.NORMAL] has been registered.
[INFO] TBE(3205501,python):2025-06-19-16:18:22.694.722 [../../../../../../latest/python/site-packages/tbe/common/register/fusion_pass_mgr.py:114][decorator] Fusion pass[trans_matmul_bias_shape] of op type[MatMul] op pattern[None] stage[InvokeStage.STAGE_BUILD] priority[Priority.NORMAL] has been registered.
[INFO] TBE(3205501,python):2025-06-19-16:18:22.694.749 [../../../../../../latest/python/site-packages/tbe/common/register/fusion_pass_mgr.py:114][decorator] Fusion pass[trans_matmulcompress_bias_shape] of op type[MatMulV2Compress] op pattern[None] stage[InvokeStage.STAGE_BUILD] priority[Priority.NORMAL] has been registered.
[INFO] TBE(3205501,python):2025-06-19-16:18:22.694.860 [../../../../../../latest/python/site-packages/tbe/common/register/fusion_pass_mgr.py:114][decorator] Fusion pass[trans_batch_matmul_shape] of op type[BatchMatMulV2] op pattern[None] stage[InvokeStage.STAGE_BUILD] priority[Priority.NORMAL] has been registered.
[INFO] TBE(3205501,python):2025-06-19-16:18:22.694.888 [../../../../../../latest/python/site-packages/tbe/common/register/fusion_pass_mgr.py:114][decorator] Fusion pass[trans_batch_matmul_shape] of op type[BatchMatMul] op pattern[None] stage[InvokeStage.STAGE_BUILD] priority[Priority.NORMAL] has been registered.
[INFO] TBE(3205501,python):2025-06-19-16:18:22.694.915 [../../../../../../latest/python/site-packages/tbe/common/register/fusion_pass_mgr.py:114][decorator] Fusion pass[trans_shape_transdata_fixpipe] of op type[None] op pattern[BatchMatmul] stage[InvokeStage.STAGE_BUILD] priority[Priority.NORMAL] has been registered.
[WARNING] TBE(3205501,python):2025-06-19-16:18:22.737.489 [../../../../../../latest/python/site-packages/te/platform/cce_policy.py:50][OpImplPolicy] te.platform.cce_policy.OpImplPolicy is deprecated, use te_fusion.fusion_util.OpImplPolicy instead.
[DEBUG] TBE(3205501,python):2025-06-19-16:18:23.019.486 [../../../../../../latest/python/site-packages/tbe/common/rl_bank/rl_op_filter.py:287][_is_tune_all_op] RL filter info: is_tune_all_op: False
[INFO] TBE(3205501,python):2025-06-19-16:18:23.098.595 [../../../../../../latest/python/site-packages/tbe/common/rl_bank/dynamic_op_filter.py:373][_need_to_tune_all_op] Auto search dynamic filter info: tune_all_op is False.
[INFO] TBE(3205501,python):2025-06-19-16:18:23.113.464 [../../../../../../latest/python/site-packages/te_fusion/parallel_compilation.py:260][exec_compilation_task] soc_info:[('Ascend910B2C', '', '24', 'false', '0', 'false')], option:[{'op_debug_level': '0', 'op_debug_dir': '/root/jzzhou/LAPA/laq/kernel_meta/kernel_meta_11702434041262854787', 'vector_fp_ceiling': 2, 'mdl_bank_path': '', 'op_bank_path': '', 'kernel_meta_temp_dir': '/root/jzzhou/LAPA/laq/kernel_meta/kernel_meta_temp_11702434041262854787', 'device_id': '', 'ai_core_cnt': '24', 'l2_size': '201326592', 'memory_size': '65464696832', 'vector_core_cnt': '48', 'l2_mode': 0, 'enable_L1_fusion': False, 'enable_L2_fusion': False}]
[WARNING] TBE(3205501,python):2025-06-19-16:18:23.113.503 [../../../../../../latest/python/site-packages/te/platform/cce_conf.py:605][te_set_version] 'from te.platform import te_set_version' is expired, please replace it with 'from tbe.common.platform import set_current_compile_soc_info'.
[DEBUG] FE(3205501,python):2025-06-19-16:18:23.113.862 [platform_infos_def.cpp:182]3205501 SetCoreNumByCoreType:"Set PlatFormInfos::core_num_ to ai_core_cnt:[24], core_type:0."
[INFO] TBE(3205501,python):2025-06-19-16:18:23.113.894 [../../../../../../latest/python/site-packages/te_fusion/parallel_compilation.py:275][exec_compilation_task] Default compiler:None
[INFO] TBE(3205501,python):2025-06-19-16:18:23.113.917 [../../../../../../latest/python/site-packages/te_fusion/parallel_compilation.py:276][exec_compilation_task] compile_options when executing compile_task:{'op_debug_level': '0', 'op_debug_dir': '/root/jzzhou/LAPA/laq/kernel_meta/kernel_meta_11702434041262854787', 'vector_fp_ceiling': 2, 'mdl_bank_path': '', 'op_bank_path': '', 'kernel_meta_temp_dir': '/root/jzzhou/LAPA/laq/kernel_meta/kernel_meta_temp_11702434041262854787', 'device_id': '', 'ai_core_cnt': '24', 'l2_size': '201326592', 'memory_size': '65464696832', 'vector_core_cnt': '48', 'l2_mode': 0, 'enable_L1_fusion': False, 'enable_L2_fusion': False}
