[DEBUG] DRV(3205482,python):2025-06-19-16:18:22.044.848 [hdc_client.c:130][ascend][curpid:3205482,3205482][drv][hdc][drvHdcClientCreate]Create client success.
[DEBUG] FE(3205482,python):2025-06-19-16:18:22.357.596 [platform_infos_lite_impl.cpp:305]3205482 InitializeSingleNormal:"Cannot find key CounterWorkspaceSize in old platform infos, label DSARandom."
[DEBUG] FE(3205482,python):2025-06-19-16:18:22.357.606 [platform_infos_lite_impl.cpp:305]3205482 InitializeSingleNormal:"Cannot find key jit_compile_mode in old platform infos, label SoftwareSpec."
[DEBUG] FE(3205482,python):2025-06-19-16:18:22.357.691 [platform_info.cpp:855]3205482 AssemblePlatformInfoVector:"The platform info os soc version[Ascend031] has been initialized."
[DEBUG] FE(3205482,python):2025-06-19-16:18:22.358.103 [platform_infos_lite_impl.cpp:305]3205482 InitializeSingleNormal:"Cannot find key ddr_rate in old platform infos, label AICoreMemoryRates."
[DEBUG] FE(3205482,python):2025-06-19-16:18:22.358.109 [platform_infos_lite_impl.cpp:305]3205482 InitializeSingleNormal:"Cannot find key CounterWorkspaceSize in old platform infos, label DSARandom."
[DEBUG] FE(3205482,python):2025-06-19-16:18:22.358.112 [platform_infos_lite_impl.cpp:305]3205482 InitializeSingleNormal:"Cannot find key jit_compile_mode in old platform infos, label SoftwareSpec."
[DEBUG] FE(3205482,python):2025-06-19-16:18:22.358.114 [platform_infos_lite_impl.cpp:305]3205482 InitializeSingleNormal:"Cannot find key ddr_rate in old platform infos, label VectorCoreMemoryRates."
[DEBUG] FE(3205482,python):2025-06-19-16:18:22.358.116 [platform_infos_lite_impl.cpp:305]3205482 InitializeSingleNormal:"Cannot find key vec_freq in old platform infos, label VectorCoreSpec."
[DEBUG] FE(3205482,python):2025-06-19-16:18:22.358.133 [platform_info.cpp:855]3205482 AssemblePlatformInfoVector:"The platform info os soc version[Ascend035] has been initialized."
[DEBUG] FE(3205482,python):2025-06-19-16:18:22.358.517 [platform_infos_lite_impl.cpp:305]3205482 InitializeSingleNormal:"Cannot find key ddr_rate in old platform infos, label AICoreMemoryRates."
[DEBUG] FE(3205482,python):2025-06-19-16:18:22.358.522 [platform_infos_lite_impl.cpp:305]3205482 InitializeSingleNormal:"Cannot find key CounterWorkspaceSize in old platform infos, label DSARandom."
[DEBUG] FE(3205482,python):2025-06-19-16:18:22.358.526 [platform_infos_lite_impl.cpp:305]3205482 InitializeSingleNormal:"Cannot find key jit_compile_mode in old platform infos, label SoftwareSpec."
[DEBUG] FE(3205482,python):2025-06-19-16:18:22.358.528 [platform_infos_lite_impl.cpp:305]3205482 InitializeSingleNormal:"Cannot find key ddr_rate in old platform infos, label VectorCoreMemoryRates."
[DEBUG] FE(3205482,python):2025-06-19-16:18:22.358.529 [platform_infos_lite_impl.cpp:305]3205482 InitializeSingleNormal:"Cannot find key vec_freq in old platform infos, label VectorCoreSpec."
[DEBUG] FE(3205482,python):2025-06-19-16:18:22.358.547 [platform_info.cpp:855]3205482 AssemblePlatformInfoVector:"The platform info os soc version[Ascend035A] has been initialized."
[DEBUG] FE(3205482,python):2025-06-19-16:18:22.358.923 [platform_infos_lite_impl.cpp:305]3205482 InitializeSingleNormal:"Cannot find key ddr_rate in old platform infos, label AICoreMemoryRates."
[DEBUG] FE(3205482,python):2025-06-19-16:18:22.358.928 [platform_infos_lite_impl.cpp:305]3205482 InitializeSingleNormal:"Cannot find key CounterWorkspaceSize in old platform infos, label DSARandom."
[DEBUG] FE(3205482,python):2025-06-19-16:18:22.358.931 [platform_infos_lite_impl.cpp:305]3205482 InitializeSingleNormal:"Cannot find key jit_compile_mode in old platform infos, label SoftwareSpec."
[DEBUG] FE(3205482,python):2025-06-19-16:18:22.358.933 [platform_infos_lite_impl.cpp:305]3205482 InitializeSingleNormal:"Cannot find key ddr_rate in old platform infos, label VectorCoreMemoryRates."
[DEBUG] FE(3205482,python):2025-06-19-16:18:22.358.935 [platform_infos_lite_impl.cpp:305]3205482 InitializeSingleNormal:"Cannot find key vec_freq in old platform infos, label VectorCoreSpec."
[DEBUG] FE(3205482,python):2025-06-19-16:18:22.358.952 [platform_info.cpp:855]3205482 AssemblePlatformInfoVector:"The platform info os soc version[Ascend035B] has been initialized."
[DEBUG] FE(3205482,python):2025-06-19-16:18:22.359.413 [platform_infos_lite_impl.cpp:305]3205482 InitializeSingleNormal:"Cannot find key CounterWorkspaceSize in old platform infos, label DSARandom."
[DEBUG] FE(3205482,python):2025-06-19-16:18:22.359.418 [platform_infos_lite_impl.cpp:305]3205482 InitializeSingleNormal:"Cannot find key jit_compile_mode in old platform infos, label SoftwareSpec."
[DEBUG] FE(3205482,python):2025-06-19-16:18:22.359.420 [platform_infos_lite_impl.cpp:305]3205482 InitializeSingleNormal:"Cannot find key ddr_rate in old platform infos, label VectorCoreMemoryRates."
[DEBUG] FE(3205482,python):2025-06-19-16:18:22.359.422 [platform_infos_lite_impl.cpp:305]3205482 InitializeSingleNormal:"Cannot find key vec_freq in old platform infos, label VectorCoreSpec."
[DEBUG] FE(3205482,python):2025-06-19-16:18:22.359.452 [platform_info.cpp:855]3205482 AssemblePlatformInfoVector:"The platform info os soc version[Ascend310] has been initialized."
[DEBUG] FE(3205482,python):2025-06-19-16:18:22.361.702 [platform_infos_lite_impl.cpp:305]3205482 InitializeSingleNormal:"Cannot find key CounterWorkspaceSize in old platform infos, label DSARandom."
[DEBUG] FE(3205482,python):2025-06-19-16:18:22.361.708 [platform_infos_lite_impl.cpp:305]3205482 InitializeSingleNormal:"Cannot find key jit_compile_mode in old platform infos, label SoftwareSpec."
[DEBUG] FE(3205482,python):2025-06-19-16:18:22.361.808 [platform_info.cpp:855]3205482 AssemblePlatformInfoVector:"The platform info os soc version[Ascend310B1] has been initialized."
[DEBUG] FE(3205482,python):2025-06-19-16:18:22.364.093 [platform_infos_lite_impl.cpp:305]3205482 InitializeSingleNormal:"Cannot find key CounterWorkspaceSize in old platform infos, label DSARandom."
[DEBUG] FE(3205482,python):2025-06-19-16:18:22.364.099 [platform_infos_lite_impl.cpp:305]3205482 InitializeSingleNormal:"Cannot find key jit_compile_mode in old platform infos, label SoftwareSpec."
[DEBUG] FE(3205482,python):2025-06-19-16:18:22.364.199 [platform_info.cpp:855]3205482 AssemblePlatformInfoVector:"The platform info os soc version[Ascend310B2] has been initialized."
[DEBUG] FE(3205482,python):2025-06-19-16:18:22.366.472 [platform_infos_lite_impl.cpp:305]3205482 InitializeSingleNormal:"Cannot find key CounterWorkspaceSize in old platform infos, label DSARandom."
[DEBUG] FE(3205482,python):2025-06-19-16:18:22.366.478 [platform_infos_lite_impl.cpp:305]3205482 InitializeSingleNormal:"Cannot find key jit_compile_mode in old platform infos, label SoftwareSpec."
[DEBUG] FE(3205482,python):2025-06-19-16:18:22.366.578 [platform_info.cpp:855]3205482 AssemblePlatformInfoVector:"The platform info os soc version[Ascend310B3] has been initialized."
[DEBUG] FE(3205482,python):2025-06-19-16:18:22.368.863 [platform_infos_lite_impl.cpp:305]3205482 InitializeSingleNormal:"Cannot find key CounterWorkspaceSize in old platform infos, label DSARandom."
[DEBUG] FE(3205482,python):2025-06-19-16:18:22.368.869 [platform_infos_lite_impl.cpp:305]3205482 InitializeSingleNormal:"Cannot find key jit_compile_mode in old platform infos, label SoftwareSpec."
[DEBUG] FE(3205482,python):2025-06-19-16:18:22.368.971 [platform_info.cpp:855]3205482 AssemblePlatformInfoVector:"The platform info os soc version[Ascend310B4] has been initialized."
[DEBUG] FE(3205482,python):2025-06-19-16:18:22.371.241 [platform_infos_lite_impl.cpp:305]3205482 InitializeSingleNormal:"Cannot find key CounterWorkspaceSize in old platform infos, label DSARandom."
[DEBUG] FE(3205482,python):2025-06-19-16:18:22.371.247 [platform_infos_lite_impl.cpp:305]3205482 InitializeSingleNormal:"Cannot find key jit_compile_mode in old platform infos, label SoftwareSpec."
[DEBUG] FE(3205482,python):2025-06-19-16:18:22.371.348 [platform_info.cpp:855]3205482 AssemblePlatformInfoVector:"The platform info os soc version[AS31XM1X] has been initialized."
[DEBUG] FE(3205482,python):2025-06-19-16:18:22.372.514 [platform_infos_lite_impl.cpp:305]3205482 InitializeSingleNormal:"Cannot find key CounterWorkspaceSize in old platform infos, label DSARandom."
[DEBUG] FE(3205482,python):2025-06-19-16:18:22.372.519 [platform_infos_lite_impl.cpp:305]3205482 InitializeSingleNormal:"Cannot find key jit_compile_mode in old platform infos, label SoftwareSpec."
[DEBUG] FE(3205482,python):2025-06-19-16:18:22.372.585 [platform_info.cpp:855]3205482 AssemblePlatformInfoVector:"The platform info os soc version[Ascend610] has been initialized."
[DEBUG] FE(3205482,python):2025-06-19-16:18:22.373.890 [platform_infos_lite_impl.cpp:305]3205482 InitializeSingleNormal:"Cannot find key CounterWorkspaceSize in old platform infos, label DSARandom."
[DEBUG] FE(3205482,python):2025-06-19-16:18:22.373.895 [platform_infos_lite_impl.cpp:305]3205482 InitializeSingleNormal:"Cannot find key jit_compile_mode in old platform infos, label SoftwareSpec."
[DEBUG] FE(3205482,python):2025-06-19-16:18:22.373.898 [platform_infos_lite_impl.cpp:305]3205482 InitializeSingleNormal:"Cannot find key ddr_rate in old platform infos, label VectorCoreMemoryRates."
[DEBUG] FE(3205482,python):2025-06-19-16:18:22.373.899 [platform_infos_lite_impl.cpp:305]3205482 InitializeSingleNormal:"Cannot find key vec_freq in old platform infos, label VectorCoreSpec."
[DEBUG] FE(3205482,python):2025-06-19-16:18:22.373.960 [platform_info.cpp:855]3205482 AssemblePlatformInfoVector:"The platform info os soc version[Ascend610Lite] has been initialized."
[DEBUG] FE(3205482,python):2025-06-19-16:18:22.375.325 [platform_infos_lite_impl.cpp:305]3205482 InitializeSingleNormal:"Cannot find key CounterWorkspaceSize in old platform infos, label DSARandom."
[DEBUG] FE(3205482,python):2025-06-19-16:18:22.375.330 [platform_infos_lite_impl.cpp:305]3205482 InitializeSingleNormal:"Cannot find key jit_compile_mode in old platform infos, label SoftwareSpec."
[DEBUG] FE(3205482,python):2025-06-19-16:18:22.375.332 [platform_infos_lite_impl.cpp:305]3205482 InitializeSingleNormal:"Cannot find key ddr_rate in old platform infos, label VectorCoreMemoryRates."
[DEBUG] FE(3205482,python):2025-06-19-16:18:22.375.334 [platform_infos_lite_impl.cpp:305]3205482 InitializeSingleNormal:"Cannot find key vec_freq in old platform infos, label VectorCoreSpec."
[DEBUG] FE(3205482,python):2025-06-19-16:18:22.375.394 [platform_info.cpp:855]3205482 AssemblePlatformInfoVector:"The platform info os soc version[BS9SX2AA] has been initialized."
[DEBUG] FE(3205482,python):2025-06-19-16:18:22.376.744 [platform_infos_lite_impl.cpp:305]3205482 InitializeSingleNormal:"Cannot find key CounterWorkspaceSize in old platform infos, label DSARandom."
[DEBUG] FE(3205482,python):2025-06-19-16:18:22.376.749 [platform_infos_lite_impl.cpp:305]3205482 InitializeSingleNormal:"Cannot find key jit_compile_mode in old platform infos, label SoftwareSpec."
[DEBUG] FE(3205482,python):2025-06-19-16:18:22.376.751 [platform_infos_lite_impl.cpp:305]3205482 InitializeSingleNormal:"Cannot find key ddr_rate in old platform infos, label VectorCoreMemoryRates."
[DEBUG] FE(3205482,python):2025-06-19-16:18:22.376.753 [platform_infos_lite_impl.cpp:305]3205482 InitializeSingleNormal:"Cannot find key vec_freq in old platform infos, label VectorCoreSpec."
[DEBUG] FE(3205482,python):2025-06-19-16:18:22.376.814 [platform_info.cpp:855]3205482 AssemblePlatformInfoVector:"The platform info os soc version[BS9SX2AB] has been initialized."
[DEBUG] FE(3205482,python):2025-06-19-16:18:22.378.160 [platform_infos_lite_impl.cpp:305]3205482 InitializeSingleNormal:"Cannot find key CounterWorkspaceSize in old platform infos, label DSARandom."
[DEBUG] FE(3205482,python):2025-06-19-16:18:22.378.165 [platform_infos_lite_impl.cpp:305]3205482 InitializeSingleNormal:"Cannot find key jit_compile_mode in old platform infos, label SoftwareSpec."
[DEBUG] FE(3205482,python):2025-06-19-16:18:22.378.167 [platform_infos_lite_impl.cpp:305]3205482 InitializeSingleNormal:"Cannot find key ddr_rate in old platform infos, label VectorCoreMemoryRates."
[DEBUG] FE(3205482,python):2025-06-19-16:18:22.378.168 [platform_infos_lite_impl.cpp:305]3205482 InitializeSingleNormal:"Cannot find key vec_freq in old platform infos, label VectorCoreSpec."
[DEBUG] FE(3205482,python):2025-06-19-16:18:22.378.227 [platform_info.cpp:855]3205482 AssemblePlatformInfoVector:"The platform info os soc version[MC61AM21AA] has been initialized."
[DEBUG] FE(3205482,python):2025-06-19-16:18:22.379.582 [platform_infos_lite_impl.cpp:305]3205482 InitializeSingleNormal:"Cannot find key CounterWorkspaceSize in old platform infos, label DSARandom."
[DEBUG] FE(3205482,python):2025-06-19-16:18:22.379.586 [platform_infos_lite_impl.cpp:305]3205482 InitializeSingleNormal:"Cannot find key jit_compile_mode in old platform infos, label SoftwareSpec."
[DEBUG] FE(3205482,python):2025-06-19-16:18:22.379.588 [platform_infos_lite_impl.cpp:305]3205482 InitializeSingleNormal:"Cannot find key ddr_rate in old platform infos, label VectorCoreMemoryRates."
[DEBUG] FE(3205482,python):2025-06-19-16:18:22.379.590 [platform_infos_lite_impl.cpp:305]3205482 InitializeSingleNormal:"Cannot find key vec_freq in old platform infos, label VectorCoreSpec."
[DEBUG] FE(3205482,python):2025-06-19-16:18:22.379.650 [platform_info.cpp:855]3205482 AssemblePlatformInfoVector:"The platform info os soc version[MC61AM21AB] has been initialized."
[DEBUG] FE(3205482,python):2025-06-19-16:18:22.381.196 [platform_infos_lite_impl.cpp:305]3205482 InitializeSingleNormal:"Cannot find key CounterWorkspaceSize in old platform infos, label DSARandom."
[DEBUG] FE(3205482,python):2025-06-19-16:18:22.381.201 [platform_infos_lite_impl.cpp:305]3205482 InitializeSingleNormal:"Cannot find key jit_compile_mode in old platform infos, label SoftwareSpec."
[DEBUG] FE(3205482,python):2025-06-19-16:18:22.381.280 [platform_info.cpp:855]3205482 AssemblePlatformInfoVector:"The platform info os soc version[BS9SX1AA] has been initialized."
[DEBUG] FE(3205482,python):2025-06-19-16:18:22.382.833 [platform_infos_lite_impl.cpp:305]3205482 InitializeSingleNormal:"Cannot find key CounterWorkspaceSize in old platform infos, label DSARandom."
[DEBUG] FE(3205482,python):2025-06-19-16:18:22.382.838 [platform_infos_lite_impl.cpp:305]3205482 InitializeSingleNormal:"Cannot find key jit_compile_mode in old platform infos, label SoftwareSpec."
[DEBUG] FE(3205482,python):2025-06-19-16:18:22.382.917 [platform_info.cpp:855]3205482 AssemblePlatformInfoVector:"The platform info os soc version[BS9SX1AB] has been initialized."
[DEBUG] FE(3205482,python):2025-06-19-16:18:22.384.463 [platform_infos_lite_impl.cpp:305]3205482 InitializeSingleNormal:"Cannot find key CounterWorkspaceSize in old platform infos, label DSARandom."
[DEBUG] FE(3205482,python):2025-06-19-16:18:22.384.469 [platform_infos_lite_impl.cpp:305]3205482 InitializeSingleNormal:"Cannot find key jit_compile_mode in old platform infos, label SoftwareSpec."
[DEBUG] FE(3205482,python):2025-06-19-16:18:22.384.548 [platform_info.cpp:855]3205482 AssemblePlatformInfoVector:"The platform info os soc version[BS9SX1AC] has been initialized."
[DEBUG] FE(3205482,python):2025-06-19-16:18:22.385.745 [platform_infos_lite_impl.cpp:305]3205482 InitializeSingleNormal:"Cannot find key CounterWorkspaceSize in old platform infos, label DSARandom."
[DEBUG] FE(3205482,python):2025-06-19-16:18:22.385.750 [platform_infos_lite_impl.cpp:305]3205482 InitializeSingleNormal:"Cannot find key jit_compile_mode in old platform infos, label SoftwareSpec."
[DEBUG] FE(3205482,python):2025-06-19-16:18:22.385.816 [platform_info.cpp:855]3205482 AssemblePlatformInfoVector:"The platform info os soc version[Ascend310P3] has been initialized."
[DEBUG] FE(3205482,python):2025-06-19-16:18:22.387.005 [platform_infos_lite_impl.cpp:305]3205482 InitializeSingleNormal:"Cannot find key CounterWorkspaceSize in old platform infos, label DSARandom."
[DEBUG] FE(3205482,python):2025-06-19-16:18:22.387.010 [platform_infos_lite_impl.cpp:305]3205482 InitializeSingleNormal:"Cannot find key jit_compile_mode in old platform infos, label SoftwareSpec."
[DEBUG] FE(3205482,python):2025-06-19-16:18:22.387.076 [platform_info.cpp:855]3205482 AssemblePlatformInfoVector:"The platform info os soc version[Ascend310P1] has been initialized."
[DEBUG] FE(3205482,python):2025-06-19-16:18:22.387.627 [platform_infos_lite_impl.cpp:305]3205482 InitializeSingleNormal:"Cannot find key CounterWorkspaceSize in old platform infos, label DSARandom."
[DEBUG] FE(3205482,python):2025-06-19-16:18:22.387.631 [platform_infos_lite_impl.cpp:305]3205482 InitializeSingleNormal:"Cannot find key jit_compile_mode in old platform infos, label SoftwareSpec."
[DEBUG] FE(3205482,python):2025-06-19-16:18:22.387.633 [platform_infos_lite_impl.cpp:305]3205482 InitializeSingleNormal:"Cannot find key ddr_rate in old platform infos, label VectorCoreMemoryRates."
[DEBUG] FE(3205482,python):2025-06-19-16:18:22.387.635 [platform_infos_lite_impl.cpp:305]3205482 InitializeSingleNormal:"Cannot find key vec_freq in old platform infos, label VectorCoreSpec."
[DEBUG] FE(3205482,python):2025-06-19-16:18:22.387.670 [platform_info.cpp:855]3205482 AssemblePlatformInfoVector:"The platform info os soc version[Ascend910A] has been initialized."
[DEBUG] FE(3205482,python):2025-06-19-16:18:22.388.200 [platform_infos_lite_impl.cpp:305]3205482 InitializeSingleNormal:"Cannot find key CounterWorkspaceSize in old platform infos, label DSARandom."
[DEBUG] FE(3205482,python):2025-06-19-16:18:22.388.205 [platform_infos_lite_impl.cpp:305]3205482 InitializeSingleNormal:"Cannot find key jit_compile_mode in old platform infos, label SoftwareSpec."
[DEBUG] FE(3205482,python):2025-06-19-16:18:22.388.206 [platform_infos_lite_impl.cpp:305]3205482 InitializeSingleNormal:"Cannot find key ddr_rate in old platform infos, label VectorCoreMemoryRates."
[DEBUG] FE(3205482,python):2025-06-19-16:18:22.388.208 [platform_infos_lite_impl.cpp:305]3205482 InitializeSingleNormal:"Cannot find key vec_freq in old platform infos, label VectorCoreSpec."
[DEBUG] FE(3205482,python):2025-06-19-16:18:22.388.242 [platform_info.cpp:855]3205482 AssemblePlatformInfoVector:"The platform info os soc version[Ascend910B] has been initialized."
[DEBUG] FE(3205482,python):2025-06-19-16:18:22.388.760 [platform_infos_lite_impl.cpp:305]3205482 InitializeSingleNormal:"Cannot find key CounterWorkspaceSize in old platform infos, label DSARandom."
[DEBUG] FE(3205482,python):2025-06-19-16:18:22.388.764 [platform_infos_lite_impl.cpp:305]3205482 InitializeSingleNormal:"Cannot find key jit_compile_mode in old platform infos, label SoftwareSpec."
[DEBUG] FE(3205482,python):2025-06-19-16:18:22.388.766 [platform_infos_lite_impl.cpp:305]3205482 InitializeSingleNormal:"Cannot find key ddr_rate in old platform infos, label VectorCoreMemoryRates."
[DEBUG] FE(3205482,python):2025-06-19-16:18:22.388.768 [platform_infos_lite_impl.cpp:305]3205482 InitializeSingleNormal:"Cannot find key vec_freq in old platform infos, label VectorCoreSpec."
[DEBUG] FE(3205482,python):2025-06-19-16:18:22.388.800 [platform_info.cpp:855]3205482 AssemblePlatformInfoVector:"The platform info os soc version[Ascend910PremiumA] has been initialized."
[DEBUG] FE(3205482,python):2025-06-19-16:18:22.389.311 [platform_infos_lite_impl.cpp:305]3205482 InitializeSingleNormal:"Cannot find key CounterWorkspaceSize in old platform infos, label DSARandom."
[DEBUG] FE(3205482,python):2025-06-19-16:18:22.389.315 [platform_infos_lite_impl.cpp:305]3205482 InitializeSingleNormal:"Cannot find key jit_compile_mode in old platform infos, label SoftwareSpec."
[DEBUG] FE(3205482,python):2025-06-19-16:18:22.389.317 [platform_infos_lite_impl.cpp:305]3205482 InitializeSingleNormal:"Cannot find key ddr_rate in old platform infos, label VectorCoreMemoryRates."
[DEBUG] FE(3205482,python):2025-06-19-16:18:22.389.318 [platform_infos_lite_impl.cpp:305]3205482 InitializeSingleNormal:"Cannot find key vec_freq in old platform infos, label VectorCoreSpec."
[DEBUG] FE(3205482,python):2025-06-19-16:18:22.389.351 [platform_info.cpp:855]3205482 AssemblePlatformInfoVector:"The platform info os soc version[Ascend910ProA] has been initialized."
[DEBUG] FE(3205482,python):2025-06-19-16:18:22.389.864 [platform_infos_lite_impl.cpp:305]3205482 InitializeSingleNormal:"Cannot find key CounterWorkspaceSize in old platform infos, label DSARandom."
[DEBUG] FE(3205482,python):2025-06-19-16:18:22.389.869 [platform_infos_lite_impl.cpp:305]3205482 InitializeSingleNormal:"Cannot find key jit_compile_mode in old platform infos, label SoftwareSpec."
[DEBUG] FE(3205482,python):2025-06-19-16:18:22.389.870 [platform_infos_lite_impl.cpp:305]3205482 InitializeSingleNormal:"Cannot find key ddr_rate in old platform infos, label VectorCoreMemoryRates."
[DEBUG] FE(3205482,python):2025-06-19-16:18:22.389.872 [platform_infos_lite_impl.cpp:305]3205482 InitializeSingleNormal:"Cannot find key vec_freq in old platform infos, label VectorCoreSpec."
[DEBUG] FE(3205482,python):2025-06-19-16:18:22.389.904 [platform_info.cpp:855]3205482 AssemblePlatformInfoVector:"The platform info os soc version[Ascend910ProB] has been initialized."
[DEBUG] FE(3205482,python):2025-06-19-16:18:22.390.918 [platform_infos_lite_impl.cpp:305]3205482 InitializeSingleNormal:"Cannot find key jit_compile_default_value in old platform infos, label SoftwareSpec."
[DEBUG] FE(3205482,python):2025-06-19-16:18:22.390.921 [platform_infos_lite_impl.cpp:305]3205482 InitializeSingleNormal:"Cannot find key jit_compile_mode in old platform infos, label SoftwareSpec."
[DEBUG] FE(3205482,python):2025-06-19-16:18:22.390.924 [platform_infos_lite_impl.cpp:305]3205482 InitializeSingleNormal:"Cannot find key ddr_rate in old platform infos, label VectorCoreMemoryRates."
[DEBUG] FE(3205482,python):2025-06-19-16:18:22.390.926 [platform_infos_lite_impl.cpp:305]3205482 InitializeSingleNormal:"Cannot find key vec_freq in old platform infos, label VectorCoreSpec."
[DEBUG] FE(3205482,python):2025-06-19-16:18:22.390.988 [platform_info.cpp:855]3205482 AssemblePlatformInfoVector:"The platform info os soc version[Ascend910B1] has been initialized."
[DEBUG] FE(3205482,python):2025-06-19-16:18:22.392.005 [platform_infos_lite_impl.cpp:305]3205482 InitializeSingleNormal:"Cannot find key jit_compile_default_value in old platform infos, label SoftwareSpec."
[DEBUG] FE(3205482,python):2025-06-19-16:18:22.392.007 [platform_infos_lite_impl.cpp:305]3205482 InitializeSingleNormal:"Cannot find key jit_compile_mode in old platform infos, label SoftwareSpec."
[DEBUG] FE(3205482,python):2025-06-19-16:18:22.392.009 [platform_infos_lite_impl.cpp:305]3205482 InitializeSingleNormal:"Cannot find key ddr_rate in old platform infos, label VectorCoreMemoryRates."
[DEBUG] FE(3205482,python):2025-06-19-16:18:22.392.011 [platform_infos_lite_impl.cpp:305]3205482 InitializeSingleNormal:"Cannot find key vec_freq in old platform infos, label VectorCoreSpec."
[DEBUG] FE(3205482,python):2025-06-19-16:18:22.392.072 [platform_info.cpp:855]3205482 AssemblePlatformInfoVector:"The platform info os soc version[Ascend910B2] has been initialized."
[DEBUG] FE(3205482,python):2025-06-19-16:18:22.393.092 [platform_infos_lite_impl.cpp:305]3205482 InitializeSingleNormal:"Cannot find key jit_compile_default_value in old platform infos, label SoftwareSpec."
[DEBUG] FE(3205482,python):2025-06-19-16:18:22.393.094 [platform_infos_lite_impl.cpp:305]3205482 InitializeSingleNormal:"Cannot find key jit_compile_mode in old platform infos, label SoftwareSpec."
[DEBUG] FE(3205482,python):2025-06-19-16:18:22.393.096 [platform_infos_lite_impl.cpp:305]3205482 InitializeSingleNormal:"Cannot find key ddr_rate in old platform infos, label VectorCoreMemoryRates."
[DEBUG] FE(3205482,python):2025-06-19-16:18:22.393.098 [platform_infos_lite_impl.cpp:305]3205482 InitializeSingleNormal:"Cannot find key vec_freq in old platform infos, label VectorCoreSpec."
[DEBUG] FE(3205482,python):2025-06-19-16:18:22.393.160 [platform_info.cpp:855]3205482 AssemblePlatformInfoVector:"The platform info os soc version[Ascend910B3] has been initialized."
[DEBUG] FE(3205482,python):2025-06-19-16:18:22.394.166 [platform_infos_lite_impl.cpp:305]3205482 InitializeSingleNormal:"Cannot find key jit_compile_default_value in old platform infos, label SoftwareSpec."
[DEBUG] FE(3205482,python):2025-06-19-16:18:22.394.168 [platform_infos_lite_impl.cpp:305]3205482 InitializeSingleNormal:"Cannot find key jit_compile_mode in old platform infos, label SoftwareSpec."
[DEBUG] FE(3205482,python):2025-06-19-16:18:22.394.170 [platform_infos_lite_impl.cpp:305]3205482 InitializeSingleNormal:"Cannot find key ddr_rate in old platform infos, label VectorCoreMemoryRates."
[DEBUG] FE(3205482,python):2025-06-19-16:18:22.394.172 [platform_infos_lite_impl.cpp:305]3205482 InitializeSingleNormal:"Cannot find key vec_freq in old platform infos, label VectorCoreSpec."
[DEBUG] FE(3205482,python):2025-06-19-16:18:22.394.230 [platform_info.cpp:855]3205482 AssemblePlatformInfoVector:"The platform info os soc version[Ascend910B4] has been initialized."
[DEBUG] FE(3205482,python):2025-06-19-16:18:22.395.269 [platform_infos_lite_impl.cpp:305]3205482 InitializeSingleNormal:"Cannot find key jit_compile_default_value in old platform infos, label SoftwareSpec."
[DEBUG] FE(3205482,python):2025-06-19-16:18:22.395.271 [platform_infos_lite_impl.cpp:305]3205482 InitializeSingleNormal:"Cannot find key jit_compile_mode in old platform infos, label SoftwareSpec."
[DEBUG] FE(3205482,python):2025-06-19-16:18:22.395.273 [platform_infos_lite_impl.cpp:305]3205482 InitializeSingleNormal:"Cannot find key ddr_rate in old platform infos, label VectorCoreMemoryRates."
[DEBUG] FE(3205482,python):2025-06-19-16:18:22.395.275 [platform_infos_lite_impl.cpp:305]3205482 InitializeSingleNormal:"Cannot find key vec_freq in old platform infos, label VectorCoreSpec."
[DEBUG] FE(3205482,python):2025-06-19-16:18:22.395.335 [platform_info.cpp:855]3205482 AssemblePlatformInfoVector:"The platform info os soc version[Ascend910B4-1] has been initialized."
[WARNING] FE(3205482,python):2025-06-19-16:18:22.396.341 [platform_info.cpp:853]3205482 AssemblePlatformInfoVector:"Can not find soc info enum by Ascend910_9361."
[DEBUG] FE(3205482,python):2025-06-19-16:18:22.396.343 [platform_info.cpp:855]3205482 AssemblePlatformInfoVector:"The platform info os soc version[Ascend910_9361] has been initialized."
[DEBUG] FE(3205482,python):2025-06-19-16:18:22.397.348 [platform_infos_lite_impl.cpp:305]3205482 InitializeSingleNormal:"Cannot find key jit_compile_default_value in old platform infos, label SoftwareSpec."
[DEBUG] FE(3205482,python):2025-06-19-16:18:22.397.350 [platform_infos_lite_impl.cpp:305]3205482 InitializeSingleNormal:"Cannot find key jit_compile_mode in old platform infos, label SoftwareSpec."
[DEBUG] FE(3205482,python):2025-06-19-16:18:22.397.352 [platform_infos_lite_impl.cpp:305]3205482 InitializeSingleNormal:"Cannot find key ddr_rate in old platform infos, label VectorCoreMemoryRates."
[DEBUG] FE(3205482,python):2025-06-19-16:18:22.397.354 [platform_infos_lite_impl.cpp:305]3205482 InitializeSingleNormal:"Cannot find key vec_freq in old platform infos, label VectorCoreSpec."
[DEBUG] FE(3205482,python):2025-06-19-16:18:22.397.414 [platform_info.cpp:855]3205482 AssemblePlatformInfoVector:"The platform info os soc version[Ascend910_9372] has been initialized."
[DEBUG] FE(3205482,python):2025-06-19-16:18:22.398.415 [platform_infos_lite_impl.cpp:305]3205482 InitializeSingleNormal:"Cannot find key jit_compile_default_value in old platform infos, label SoftwareSpec."
[DEBUG] FE(3205482,python):2025-06-19-16:18:22.398.418 [platform_infos_lite_impl.cpp:305]3205482 InitializeSingleNormal:"Cannot find key jit_compile_mode in old platform infos, label SoftwareSpec."
[DEBUG] FE(3205482,python):2025-06-19-16:18:22.398.420 [platform_infos_lite_impl.cpp:305]3205482 InitializeSingleNormal:"Cannot find key ddr_rate in old platform infos, label VectorCoreMemoryRates."
[DEBUG] FE(3205482,python):2025-06-19-16:18:22.398.423 [platform_infos_lite_impl.cpp:305]3205482 InitializeSingleNormal:"Cannot find key vec_freq in old platform infos, label VectorCoreSpec."
[DEBUG] FE(3205482,python):2025-06-19-16:18:22.398.481 [platform_info.cpp:855]3205482 AssemblePlatformInfoVector:"The platform info os soc version[Ascend910_9381] has been initialized."
[WARNING] FE(3205482,python):2025-06-19-16:18:22.399.479 [platform_info.cpp:853]3205482 AssemblePlatformInfoVector:"Can not find soc info enum by Ascend910_9382."
[DEBUG] FE(3205482,python):2025-06-19-16:18:22.399.481 [platform_info.cpp:855]3205482 AssemblePlatformInfoVector:"The platform info os soc version[Ascend910_9382] has been initialized."
[DEBUG] FE(3205482,python):2025-06-19-16:18:22.400.483 [platform_infos_lite_impl.cpp:305]3205482 InitializeSingleNormal:"Cannot find key jit_compile_default_value in old platform infos, label SoftwareSpec."
[DEBUG] FE(3205482,python):2025-06-19-16:18:22.400.484 [platform_infos_lite_impl.cpp:305]3205482 InitializeSingleNormal:"Cannot find key jit_compile_mode in old platform infos, label SoftwareSpec."
[DEBUG] FE(3205482,python):2025-06-19-16:18:22.400.486 [platform_infos_lite_impl.cpp:305]3205482 InitializeSingleNormal:"Cannot find key ddr_rate in old platform infos, label VectorCoreMemoryRates."
[DEBUG] FE(3205482,python):2025-06-19-16:18:22.400.488 [platform_infos_lite_impl.cpp:305]3205482 InitializeSingleNormal:"Cannot find key vec_freq in old platform infos, label VectorCoreSpec."
[DEBUG] FE(3205482,python):2025-06-19-16:18:22.400.551 [platform_info.cpp:855]3205482 AssemblePlatformInfoVector:"The platform info os soc version[Ascend910_9391] has been initialized."
[WARNING] FE(3205482,python):2025-06-19-16:18:22.401.530 [platform_info.cpp:853]3205482 AssemblePlatformInfoVector:"Can not find soc info enum by Ascend910_9392."
[DEBUG] FE(3205482,python):2025-06-19-16:18:22.401.532 [platform_info.cpp:855]3205482 AssemblePlatformInfoVector:"The platform info os soc version[Ascend910_9392] has been initialized."
[DEBUG] FE(3205482,python):2025-06-19-16:18:22.402.538 [platform_infos_lite_impl.cpp:305]3205482 InitializeSingleNormal:"Cannot find key jit_compile_default_value in old platform infos, label SoftwareSpec."
[DEBUG] FE(3205482,python):2025-06-19-16:18:22.402.540 [platform_infos_lite_impl.cpp:305]3205482 InitializeSingleNormal:"Cannot find key jit_compile_mode in old platform infos, label SoftwareSpec."
[DEBUG] FE(3205482,python):2025-06-19-16:18:22.402.542 [platform_infos_lite_impl.cpp:305]3205482 InitializeSingleNormal:"Cannot find key ddr_rate in old platform infos, label VectorCoreMemoryRates."
[DEBUG] FE(3205482,python):2025-06-19-16:18:22.402.543 [platform_infos_lite_impl.cpp:305]3205482 InitializeSingleNormal:"Cannot find key vec_freq in old platform infos, label VectorCoreSpec."
[DEBUG] FE(3205482,python):2025-06-19-16:18:22.402.603 [platform_info.cpp:855]3205482 AssemblePlatformInfoVector:"The platform info os soc version[Ascend910B2C] has been initialized."
[DEBUG] FE(3205482,python):2025-06-19-16:18:22.403.193 [platform_infos_lite_impl.cpp:305]3205482 InitializeSingleNormal:"Cannot find key CounterWorkspaceSize in old platform infos, label DSARandom."
[DEBUG] FE(3205482,python):2025-06-19-16:18:22.403.197 [platform_infos_lite_impl.cpp:305]3205482 InitializeSingleNormal:"Cannot find key jit_compile_mode in old platform infos, label SoftwareSpec."
[DEBUG] FE(3205482,python):2025-06-19-16:18:22.403.199 [platform_infos_lite_impl.cpp:305]3205482 InitializeSingleNormal:"Cannot find key ddr_rate in old platform infos, label VectorCoreMemoryRates."
[DEBUG] FE(3205482,python):2025-06-19-16:18:22.403.201 [platform_infos_lite_impl.cpp:305]3205482 InitializeSingleNormal:"Cannot find key vec_freq in old platform infos, label VectorCoreSpec."
[DEBUG] FE(3205482,python):2025-06-19-16:18:22.403.238 [platform_info.cpp:855]3205482 AssemblePlatformInfoVector:"The platform info os soc version[Hi3796CV300CS] has been initialized."
[DEBUG] FE(3205482,python):2025-06-19-16:18:22.403.773 [platform_infos_lite_impl.cpp:305]3205482 InitializeSingleNormal:"Cannot find key CounterWorkspaceSize in old platform infos, label DSARandom."
[DEBUG] FE(3205482,python):2025-06-19-16:18:22.403.779 [platform_infos_lite_impl.cpp:305]3205482 InitializeSingleNormal:"Cannot find key jit_compile_mode in old platform infos, label SoftwareSpec."
[DEBUG] FE(3205482,python):2025-06-19-16:18:22.403.781 [platform_infos_lite_impl.cpp:305]3205482 InitializeSingleNormal:"Cannot find key ddr_rate in old platform infos, label VectorCoreMemoryRates."
[DEBUG] FE(3205482,python):2025-06-19-16:18:22.403.783 [platform_infos_lite_impl.cpp:305]3205482 InitializeSingleNormal:"Cannot find key vec_freq in old platform infos, label VectorCoreSpec."
[DEBUG] FE(3205482,python):2025-06-19-16:18:22.403.815 [platform_info.cpp:855]3205482 AssemblePlatformInfoVector:"The platform info os soc version[Hi3796CV300ES] has been initialized."
[DEBUG] FE(3205482,python):2025-06-19-16:18:22.404.378 [platform_infos_lite_impl.cpp:305]3205482 InitializeSingleNormal:"Cannot find key CounterWorkspaceSize in old platform infos, label DSARandom."
[DEBUG] FE(3205482,python):2025-06-19-16:18:22.404.382 [platform_infos_lite_impl.cpp:305]3205482 InitializeSingleNormal:"Cannot find key jit_compile_mode in old platform infos, label SoftwareSpec."
[DEBUG] FE(3205482,python):2025-06-19-16:18:22.404.384 [platform_infos_lite_impl.cpp:305]3205482 InitializeSingleNormal:"Cannot find key ddr_rate in old platform infos, label VectorCoreMemoryRates."
[DEBUG] FE(3205482,python):2025-06-19-16:18:22.404.386 [platform_infos_lite_impl.cpp:305]3205482 InitializeSingleNormal:"Cannot find key vec_freq in old platform infos, label VectorCoreSpec."
[DEBUG] FE(3205482,python):2025-06-19-16:18:22.404.421 [platform_info.cpp:855]3205482 AssemblePlatformInfoVector:"The platform info os soc version[SD3403] has been initialized."
[INFO] TBE(3205482,python):2025-06-19-16:18:22.606.522 [../../../../../../latest/python/site-packages/tbe/common/register/fusion_pass_mgr.py:59][decorator] Fusion pass[conv2d_data_rm_build_pass] of stage[InvokeStage.STAGE_BUILD] priority[Priority.NORMAL] has been registered.
[INFO] TBE(3205482,python):2025-06-19-16:18:22.606.695 [../../../../../../latest/python/site-packages/tbe/common/register/fusion_pass_mgr.py:114][decorator] Fusion pass[trans_shape_of_conv3d] of op type[Conv3D] op pattern[None] stage[InvokeStage.STAGE_BUILD] priority[Priority.NORMAL] has been registered.
[INFO] TBE(3205482,python):2025-06-19-16:18:22.606.737 [../../../../../../latest/python/site-packages/tbe/common/register/fusion_pass_mgr.py:59][decorator] Fusion pass[trans_shape_depthwise_conv2d] of stage[InvokeStage.STAGE_BUILD] priority[Priority.NORMAL] has been registered.
[INFO] TBE(3205482,python):2025-06-19-16:18:22.606.886 [../../../../../../latest/python/site-packages/tbe/common/register/fusion_pass_mgr.py:114][decorator] Fusion pass[trans_shape_for_elemwise] of op type[None] op pattern[ElemWise] stage[InvokeStage.STAGE_BUILD] priority[Priority.NORMAL] has been registered.
[INFO] TBE(3205482,python):2025-06-19-16:18:22.606.919 [../../../../../../latest/python/site-packages/tbe/common/register/fusion_pass_mgr.py:114][decorator] Fusion pass[trans_shape_for_broadcast] of op type[None] op pattern[Broadcast] stage[InvokeStage.STAGE_BUILD] priority[Priority.NORMAL] has been registered.
[INFO] TBE(3205482,python):2025-06-19-16:18:22.606.948 [../../../../../../latest/python/site-packages/tbe/common/register/fusion_pass_mgr.py:114][decorator] Fusion pass[trans_shape_of_biasadd] of op type[BiasAdd] op pattern[None] stage[InvokeStage.STAGE_BUILD] priority[Priority.NORMAL] has been registered.
[INFO] TBE(3205482,python):2025-06-19-16:18:22.606.974 [../../../../../../latest/python/site-packages/tbe/common/register/fusion_pass_mgr.py:114][decorator] Fusion pass[trans_shape_of_requant_s16] of op type[AscendRequantS16] op pattern[None] stage[InvokeStage.STAGE_BUILD] priority[Priority.NORMAL] has been registered.
[INFO] TBE(3205482,python):2025-06-19-16:18:22.607.001 [../../../../../../latest/python/site-packages/tbe/common/register/fusion_pass_mgr.py:114][decorator] Fusion pass[trans_shape_of_bninference] of op type[BNInferenceD] op pattern[None] stage[InvokeStage.STAGE_BUILD] priority[Priority.NORMAL] has been registered.
[INFO] TBE(3205482,python):2025-06-19-16:18:22.607.225 [../../../../../../latest/python/site-packages/tbe/common/register/fusion_pass_mgr.py:114][decorator] Fusion pass[trans_shape_fully_connection] of op type[FullyConnection] op pattern[None] stage[InvokeStage.STAGE_BUILD] priority[Priority.NORMAL] has been registered.
[INFO] TBE(3205482,python):2025-06-19-16:18:22.607.262 [../../../../../../latest/python/site-packages/tbe/common/register/fusion_pass_mgr.py:114][decorator] Fusion pass[trans_shape_fully_connection_compress] of op type[FullyConnectionCompress] op pattern[None] stage[InvokeStage.STAGE_BUILD] priority[Priority.NORMAL] has been registered.
[INFO] TBE(3205482,python):2025-06-19-16:18:22.607.429 [../../../../../../latest/python/site-packages/tbe/common/register/fusion_pass_mgr.py:114][decorator] Fusion pass[trans_matmul_bias_shape] of op type[MatMulV2] op pattern[None] stage[InvokeStage.STAGE_BUILD] priority[Priority.NORMAL] has been registered.
[INFO] TBE(3205482,python):2025-06-19-16:18:22.607.459 [../../../../../../latest/python/site-packages/tbe/common/register/fusion_pass_mgr.py:114][decorator] Fusion pass[trans_matmul_bias_shape] of op type[MatMul] op pattern[None] stage[InvokeStage.STAGE_BUILD] priority[Priority.NORMAL] has been registered.
[INFO] TBE(3205482,python):2025-06-19-16:18:22.607.491 [../../../../../../latest/python/site-packages/tbe/common/register/fusion_pass_mgr.py:114][decorator] Fusion pass[trans_matmulcompress_bias_shape] of op type[MatMulV2Compress] op pattern[None] stage[InvokeStage.STAGE_BUILD] priority[Priority.NORMAL] has been registered.
[INFO] TBE(3205482,python):2025-06-19-16:18:22.607.518 [../../../../../../latest/python/site-packages/tbe/common/register/fusion_pass_mgr.py:114][decorator] Fusion pass[trans_batch_matmul_shape] of op type[BatchMatMulV2] op pattern[None] stage[InvokeStage.STAGE_BUILD] priority[Priority.NORMAL] has been registered.
[INFO] TBE(3205482,python):2025-06-19-16:18:22.607.547 [../../../../../../latest/python/site-packages/tbe/common/register/fusion_pass_mgr.py:114][decorator] Fusion pass[trans_batch_matmul_shape] of op type[BatchMatMul] op pattern[None] stage[InvokeStage.STAGE_BUILD] priority[Priority.NORMAL] has been registered.
[INFO] TBE(3205482,python):2025-06-19-16:18:22.607.574 [../../../../../../latest/python/site-packages/tbe/common/register/fusion_pass_mgr.py:114][decorator] Fusion pass[trans_shape_transdata_fixpipe] of op type[None] op pattern[BatchMatmul] stage[InvokeStage.STAGE_BUILD] priority[Priority.NORMAL] has been registered.
[WARNING] TBE(3205482,python):2025-06-19-16:18:22.652.419 [../../../../../../latest/python/site-packages/te/platform/cce_policy.py:50][OpImplPolicy] te.platform.cce_policy.OpImplPolicy is deprecated, use te_fusion.fusion_util.OpImplPolicy instead.
[DEBUG] TBE(3205482,python):2025-06-19-16:18:22.937.947 [../../../../../../latest/python/site-packages/tbe/common/rl_bank/rl_op_filter.py:287][_is_tune_all_op] RL filter info: is_tune_all_op: False
[INFO] TBE(3205482,python):2025-06-19-16:18:23.016.610 [../../../../../../latest/python/site-packages/tbe/common/rl_bank/dynamic_op_filter.py:373][_need_to_tune_all_op] Auto search dynamic filter info: tune_all_op is False.
[INFO] TBE(3205482,python):2025-06-19-16:18:23.041.419 [../../../../../../latest/python/site-packages/tbe/common/repository_manager/utils/repository_manager_log.py:30][log] [../../../../../../latest/python/site-packages/tbe/common/repository_manager/route.py:266][repository_manager] task_distribute process[3205482] running!
