[DEBUG] DRV(3205506,python):2025-06-19-16:18:22.145.784 [hdc_client.c:130][ascend][curpid:3205506,3205506][drv][hdc][drvHdcClientCreate]Create client success.
[DEBUG] FE(3205506,python):2025-06-19-16:18:22.451.288 [platform_infos_lite_impl.cpp:305]3205506 InitializeSingleNormal:"Cannot find key CounterWorkspaceSize in old platform infos, label DSARandom."
[DEBUG] FE(3205506,python):2025-06-19-16:18:22.451.298 [platform_infos_lite_impl.cpp:305]3205506 InitializeSingleNormal:"Cannot find key jit_compile_mode in old platform infos, label SoftwareSpec."
[DEBUG] FE(3205506,python):2025-06-19-16:18:22.451.385 [platform_info.cpp:855]3205506 AssemblePlatformInfoVector:"The platform info os soc version[Ascend031] has been initialized."
[DEBUG] FE(3205506,python):2025-06-19-16:18:22.451.796 [platform_infos_lite_impl.cpp:305]3205506 InitializeSingleNormal:"Cannot find key ddr_rate in old platform infos, label AICoreMemoryRates."
[DEBUG] FE(3205506,python):2025-06-19-16:18:22.451.803 [platform_infos_lite_impl.cpp:305]3205506 InitializeSingleNormal:"Cannot find key CounterWorkspaceSize in old platform infos, label DSARandom."
[DEBUG] FE(3205506,python):2025-06-19-16:18:22.451.807 [platform_infos_lite_impl.cpp:305]3205506 InitializeSingleNormal:"Cannot find key jit_compile_mode in old platform infos, label SoftwareSpec."
[DEBUG] FE(3205506,python):2025-06-19-16:18:22.451.808 [platform_infos_lite_impl.cpp:305]3205506 InitializeSingleNormal:"Cannot find key ddr_rate in old platform infos, label VectorCoreMemoryRates."
[DEBUG] FE(3205506,python):2025-06-19-16:18:22.451.810 [platform_infos_lite_impl.cpp:305]3205506 InitializeSingleNormal:"Cannot find key vec_freq in old platform infos, label VectorCoreSpec."
[DEBUG] FE(3205506,python):2025-06-19-16:18:22.451.827 [platform_info.cpp:855]3205506 AssemblePlatformInfoVector:"The platform info os soc version[Ascend035] has been initialized."
[DEBUG] FE(3205506,python):2025-06-19-16:18:22.452.205 [platform_infos_lite_impl.cpp:305]3205506 InitializeSingleNormal:"Cannot find key ddr_rate in old platform infos, label AICoreMemoryRates."
[DEBUG] FE(3205506,python):2025-06-19-16:18:22.452.211 [platform_infos_lite_impl.cpp:305]3205506 InitializeSingleNormal:"Cannot find key CounterWorkspaceSize in old platform infos, label DSARandom."
[DEBUG] FE(3205506,python):2025-06-19-16:18:22.452.215 [platform_infos_lite_impl.cpp:305]3205506 InitializeSingleNormal:"Cannot find key jit_compile_mode in old platform infos, label SoftwareSpec."
[DEBUG] FE(3205506,python):2025-06-19-16:18:22.452.217 [platform_infos_lite_impl.cpp:305]3205506 InitializeSingleNormal:"Cannot find key ddr_rate in old platform infos, label VectorCoreMemoryRates."
[DEBUG] FE(3205506,python):2025-06-19-16:18:22.452.218 [platform_infos_lite_impl.cpp:305]3205506 InitializeSingleNormal:"Cannot find key vec_freq in old platform infos, label VectorCoreSpec."
[DEBUG] FE(3205506,python):2025-06-19-16:18:22.452.236 [platform_info.cpp:855]3205506 AssemblePlatformInfoVector:"The platform info os soc version[Ascend035A] has been initialized."
[DEBUG] FE(3205506,python):2025-06-19-16:18:22.452.614 [platform_infos_lite_impl.cpp:305]3205506 InitializeSingleNormal:"Cannot find key ddr_rate in old platform infos, label AICoreMemoryRates."
[DEBUG] FE(3205506,python):2025-06-19-16:18:22.452.620 [platform_infos_lite_impl.cpp:305]3205506 InitializeSingleNormal:"Cannot find key CounterWorkspaceSize in old platform infos, label DSARandom."
[DEBUG] FE(3205506,python):2025-06-19-16:18:22.452.624 [platform_infos_lite_impl.cpp:305]3205506 InitializeSingleNormal:"Cannot find key jit_compile_mode in old platform infos, label SoftwareSpec."
[DEBUG] FE(3205506,python):2025-06-19-16:18:22.452.625 [platform_infos_lite_impl.cpp:305]3205506 InitializeSingleNormal:"Cannot find key ddr_rate in old platform infos, label VectorCoreMemoryRates."
[DEBUG] FE(3205506,python):2025-06-19-16:18:22.452.627 [platform_infos_lite_impl.cpp:305]3205506 InitializeSingleNormal:"Cannot find key vec_freq in old platform infos, label VectorCoreSpec."
[DEBUG] FE(3205506,python):2025-06-19-16:18:22.452.644 [platform_info.cpp:855]3205506 AssemblePlatformInfoVector:"The platform info os soc version[Ascend035B] has been initialized."
[DEBUG] FE(3205506,python):2025-06-19-16:18:22.453.105 [platform_infos_lite_impl.cpp:305]3205506 InitializeSingleNormal:"Cannot find key CounterWorkspaceSize in old platform infos, label DSARandom."
[DEBUG] FE(3205506,python):2025-06-19-16:18:22.453.110 [platform_infos_lite_impl.cpp:305]3205506 InitializeSingleNormal:"Cannot find key jit_compile_mode in old platform infos, label SoftwareSpec."
[DEBUG] FE(3205506,python):2025-06-19-16:18:22.453.111 [platform_infos_lite_impl.cpp:305]3205506 InitializeSingleNormal:"Cannot find key ddr_rate in old platform infos, label VectorCoreMemoryRates."
[DEBUG] FE(3205506,python):2025-06-19-16:18:22.453.113 [platform_infos_lite_impl.cpp:305]3205506 InitializeSingleNormal:"Cannot find key vec_freq in old platform infos, label VectorCoreSpec."
[DEBUG] FE(3205506,python):2025-06-19-16:18:22.453.149 [platform_info.cpp:855]3205506 AssemblePlatformInfoVector:"The platform info os soc version[Ascend310] has been initialized."
[DEBUG] FE(3205506,python):2025-06-19-16:18:22.455.493 [platform_infos_lite_impl.cpp:305]3205506 InitializeSingleNormal:"Cannot find key CounterWorkspaceSize in old platform infos, label DSARandom."
[DEBUG] FE(3205506,python):2025-06-19-16:18:22.455.501 [platform_infos_lite_impl.cpp:305]3205506 InitializeSingleNormal:"Cannot find key jit_compile_mode in old platform infos, label SoftwareSpec."
[DEBUG] FE(3205506,python):2025-06-19-16:18:22.455.605 [platform_info.cpp:855]3205506 AssemblePlatformInfoVector:"The platform info os soc version[Ascend310B1] has been initialized."
[DEBUG] FE(3205506,python):2025-06-19-16:18:22.457.892 [platform_infos_lite_impl.cpp:305]3205506 InitializeSingleNormal:"Cannot find key CounterWorkspaceSize in old platform infos, label DSARandom."
[DEBUG] FE(3205506,python):2025-06-19-16:18:22.457.899 [platform_infos_lite_impl.cpp:305]3205506 InitializeSingleNormal:"Cannot find key jit_compile_mode in old platform infos, label SoftwareSpec."
[DEBUG] FE(3205506,python):2025-06-19-16:18:22.458.000 [platform_info.cpp:855]3205506 AssemblePlatformInfoVector:"The platform info os soc version[Ascend310B2] has been initialized."
[DEBUG] FE(3205506,python):2025-06-19-16:18:22.460.296 [platform_infos_lite_impl.cpp:305]3205506 InitializeSingleNormal:"Cannot find key CounterWorkspaceSize in old platform infos, label DSARandom."
[DEBUG] FE(3205506,python):2025-06-19-16:18:22.460.302 [platform_infos_lite_impl.cpp:305]3205506 InitializeSingleNormal:"Cannot find key jit_compile_mode in old platform infos, label SoftwareSpec."
[DEBUG] FE(3205506,python):2025-06-19-16:18:22.460.404 [platform_info.cpp:855]3205506 AssemblePlatformInfoVector:"The platform info os soc version[Ascend310B3] has been initialized."
[DEBUG] FE(3205506,python):2025-06-19-16:18:22.462.701 [platform_infos_lite_impl.cpp:305]3205506 InitializeSingleNormal:"Cannot find key CounterWorkspaceSize in old platform infos, label DSARandom."
[DEBUG] FE(3205506,python):2025-06-19-16:18:22.462.707 [platform_infos_lite_impl.cpp:305]3205506 InitializeSingleNormal:"Cannot find key jit_compile_mode in old platform infos, label SoftwareSpec."
[DEBUG] FE(3205506,python):2025-06-19-16:18:22.462.810 [platform_info.cpp:855]3205506 AssemblePlatformInfoVector:"The platform info os soc version[Ascend310B4] has been initialized."
[DEBUG] FE(3205506,python):2025-06-19-16:18:22.465.102 [platform_infos_lite_impl.cpp:305]3205506 InitializeSingleNormal:"Cannot find key CounterWorkspaceSize in old platform infos, label DSARandom."
[DEBUG] FE(3205506,python):2025-06-19-16:18:22.465.107 [platform_infos_lite_impl.cpp:305]3205506 InitializeSingleNormal:"Cannot find key jit_compile_mode in old platform infos, label SoftwareSpec."
[DEBUG] FE(3205506,python):2025-06-19-16:18:22.465.220 [platform_info.cpp:855]3205506 AssemblePlatformInfoVector:"The platform info os soc version[AS31XM1X] has been initialized."
[DEBUG] FE(3205506,python):2025-06-19-16:18:22.466.364 [platform_infos_lite_impl.cpp:305]3205506 InitializeSingleNormal:"Cannot find key CounterWorkspaceSize in old platform infos, label DSARandom."
[DEBUG] FE(3205506,python):2025-06-19-16:18:22.466.369 [platform_infos_lite_impl.cpp:305]3205506 InitializeSingleNormal:"Cannot find key jit_compile_mode in old platform infos, label SoftwareSpec."
[DEBUG] FE(3205506,python):2025-06-19-16:18:22.466.435 [platform_info.cpp:855]3205506 AssemblePlatformInfoVector:"The platform info os soc version[Ascend610] has been initialized."
[DEBUG] FE(3205506,python):2025-06-19-16:18:22.467.720 [platform_infos_lite_impl.cpp:305]3205506 InitializeSingleNormal:"Cannot find key CounterWorkspaceSize in old platform infos, label DSARandom."
[DEBUG] FE(3205506,python):2025-06-19-16:18:22.467.725 [platform_infos_lite_impl.cpp:305]3205506 InitializeSingleNormal:"Cannot find key jit_compile_mode in old platform infos, label SoftwareSpec."
[DEBUG] FE(3205506,python):2025-06-19-16:18:22.467.727 [platform_infos_lite_impl.cpp:305]3205506 InitializeSingleNormal:"Cannot find key ddr_rate in old platform infos, label VectorCoreMemoryRates."
[DEBUG] FE(3205506,python):2025-06-19-16:18:22.467.728 [platform_infos_lite_impl.cpp:305]3205506 InitializeSingleNormal:"Cannot find key vec_freq in old platform infos, label VectorCoreSpec."
[DEBUG] FE(3205506,python):2025-06-19-16:18:22.467.786 [platform_info.cpp:855]3205506 AssemblePlatformInfoVector:"The platform info os soc version[Ascend610Lite] has been initialized."
[DEBUG] FE(3205506,python):2025-06-19-16:18:22.469.072 [platform_infos_lite_impl.cpp:305]3205506 InitializeSingleNormal:"Cannot find key CounterWorkspaceSize in old platform infos, label DSARandom."
[DEBUG] FE(3205506,python):2025-06-19-16:18:22.469.077 [platform_infos_lite_impl.cpp:305]3205506 InitializeSingleNormal:"Cannot find key jit_compile_mode in old platform infos, label SoftwareSpec."
[DEBUG] FE(3205506,python):2025-06-19-16:18:22.469.079 [platform_infos_lite_impl.cpp:305]3205506 InitializeSingleNormal:"Cannot find key ddr_rate in old platform infos, label VectorCoreMemoryRates."
[DEBUG] FE(3205506,python):2025-06-19-16:18:22.469.081 [platform_infos_lite_impl.cpp:305]3205506 InitializeSingleNormal:"Cannot find key vec_freq in old platform infos, label VectorCoreSpec."
[DEBUG] FE(3205506,python):2025-06-19-16:18:22.469.138 [platform_info.cpp:855]3205506 AssemblePlatformInfoVector:"The platform info os soc version[BS9SX2AA] has been initialized."
[DEBUG] FE(3205506,python):2025-06-19-16:18:22.470.409 [platform_infos_lite_impl.cpp:305]3205506 InitializeSingleNormal:"Cannot find key CounterWorkspaceSize in old platform infos, label DSARandom."
[DEBUG] FE(3205506,python):2025-06-19-16:18:22.470.413 [platform_infos_lite_impl.cpp:305]3205506 InitializeSingleNormal:"Cannot find key jit_compile_mode in old platform infos, label SoftwareSpec."
[DEBUG] FE(3205506,python):2025-06-19-16:18:22.470.415 [platform_infos_lite_impl.cpp:305]3205506 InitializeSingleNormal:"Cannot find key ddr_rate in old platform infos, label VectorCoreMemoryRates."
[DEBUG] FE(3205506,python):2025-06-19-16:18:22.470.417 [platform_infos_lite_impl.cpp:305]3205506 InitializeSingleNormal:"Cannot find key vec_freq in old platform infos, label VectorCoreSpec."
[DEBUG] FE(3205506,python):2025-06-19-16:18:22.470.475 [platform_info.cpp:855]3205506 AssemblePlatformInfoVector:"The platform info os soc version[BS9SX2AB] has been initialized."
[DEBUG] FE(3205506,python):2025-06-19-16:18:22.471.747 [platform_infos_lite_impl.cpp:305]3205506 InitializeSingleNormal:"Cannot find key CounterWorkspaceSize in old platform infos, label DSARandom."
[DEBUG] FE(3205506,python):2025-06-19-16:18:22.471.752 [platform_infos_lite_impl.cpp:305]3205506 InitializeSingleNormal:"Cannot find key jit_compile_mode in old platform infos, label SoftwareSpec."
[DEBUG] FE(3205506,python):2025-06-19-16:18:22.471.753 [platform_infos_lite_impl.cpp:305]3205506 InitializeSingleNormal:"Cannot find key ddr_rate in old platform infos, label VectorCoreMemoryRates."
[DEBUG] FE(3205506,python):2025-06-19-16:18:22.471.755 [platform_infos_lite_impl.cpp:305]3205506 InitializeSingleNormal:"Cannot find key vec_freq in old platform infos, label VectorCoreSpec."
[DEBUG] FE(3205506,python):2025-06-19-16:18:22.471.812 [platform_info.cpp:855]3205506 AssemblePlatformInfoVector:"The platform info os soc version[MC61AM21AA] has been initialized."
[DEBUG] FE(3205506,python):2025-06-19-16:18:22.473.088 [platform_infos_lite_impl.cpp:305]3205506 InitializeSingleNormal:"Cannot find key CounterWorkspaceSize in old platform infos, label DSARandom."
[DEBUG] FE(3205506,python):2025-06-19-16:18:22.473.092 [platform_infos_lite_impl.cpp:305]3205506 InitializeSingleNormal:"Cannot find key jit_compile_mode in old platform infos, label SoftwareSpec."
[DEBUG] FE(3205506,python):2025-06-19-16:18:22.473.094 [platform_infos_lite_impl.cpp:305]3205506 InitializeSingleNormal:"Cannot find key ddr_rate in old platform infos, label VectorCoreMemoryRates."
[DEBUG] FE(3205506,python):2025-06-19-16:18:22.473.096 [platform_infos_lite_impl.cpp:305]3205506 InitializeSingleNormal:"Cannot find key vec_freq in old platform infos, label VectorCoreSpec."
[DEBUG] FE(3205506,python):2025-06-19-16:18:22.473.152 [platform_info.cpp:855]3205506 AssemblePlatformInfoVector:"The platform info os soc version[MC61AM21AB] has been initialized."
[DEBUG] FE(3205506,python):2025-06-19-16:18:22.474.634 [platform_infos_lite_impl.cpp:305]3205506 InitializeSingleNormal:"Cannot find key CounterWorkspaceSize in old platform infos, label DSARandom."
[DEBUG] FE(3205506,python):2025-06-19-16:18:22.474.639 [platform_infos_lite_impl.cpp:305]3205506 InitializeSingleNormal:"Cannot find key jit_compile_mode in old platform infos, label SoftwareSpec."
[DEBUG] FE(3205506,python):2025-06-19-16:18:22.474.717 [platform_info.cpp:855]3205506 AssemblePlatformInfoVector:"The platform info os soc version[BS9SX1AA] has been initialized."
[DEBUG] FE(3205506,python):2025-06-19-16:18:22.476.193 [platform_infos_lite_impl.cpp:305]3205506 InitializeSingleNormal:"Cannot find key CounterWorkspaceSize in old platform infos, label DSARandom."
[DEBUG] FE(3205506,python):2025-06-19-16:18:22.476.198 [platform_infos_lite_impl.cpp:305]3205506 InitializeSingleNormal:"Cannot find key jit_compile_mode in old platform infos, label SoftwareSpec."
[DEBUG] FE(3205506,python):2025-06-19-16:18:22.476.275 [platform_info.cpp:855]3205506 AssemblePlatformInfoVector:"The platform info os soc version[BS9SX1AB] has been initialized."
[DEBUG] FE(3205506,python):2025-06-19-16:18:22.477.743 [platform_infos_lite_impl.cpp:305]3205506 InitializeSingleNormal:"Cannot find key CounterWorkspaceSize in old platform infos, label DSARandom."
[DEBUG] FE(3205506,python):2025-06-19-16:18:22.477.747 [platform_infos_lite_impl.cpp:305]3205506 InitializeSingleNormal:"Cannot find key jit_compile_mode in old platform infos, label SoftwareSpec."
[DEBUG] FE(3205506,python):2025-06-19-16:18:22.477.822 [platform_info.cpp:855]3205506 AssemblePlatformInfoVector:"The platform info os soc version[BS9SX1AC] has been initialized."
[DEBUG] FE(3205506,python):2025-06-19-16:18:22.478.985 [platform_infos_lite_impl.cpp:305]3205506 InitializeSingleNormal:"Cannot find key CounterWorkspaceSize in old platform infos, label DSARandom."
[DEBUG] FE(3205506,python):2025-06-19-16:18:22.478.990 [platform_infos_lite_impl.cpp:305]3205506 InitializeSingleNormal:"Cannot find key jit_compile_mode in old platform infos, label SoftwareSpec."
[DEBUG] FE(3205506,python):2025-06-19-16:18:22.479.055 [platform_info.cpp:855]3205506 AssemblePlatformInfoVector:"The platform info os soc version[Ascend310P3] has been initialized."
[DEBUG] FE(3205506,python):2025-06-19-16:18:22.480.178 [platform_infos_lite_impl.cpp:305]3205506 InitializeSingleNormal:"Cannot find key CounterWorkspaceSize in old platform infos, label DSARandom."
[DEBUG] FE(3205506,python):2025-06-19-16:18:22.480.183 [platform_infos_lite_impl.cpp:305]3205506 InitializeSingleNormal:"Cannot find key jit_compile_mode in old platform infos, label SoftwareSpec."
[DEBUG] FE(3205506,python):2025-06-19-16:18:22.480.248 [platform_info.cpp:855]3205506 AssemblePlatformInfoVector:"The platform info os soc version[Ascend310P1] has been initialized."
[DEBUG] FE(3205506,python):2025-06-19-16:18:22.480.770 [platform_infos_lite_impl.cpp:305]3205506 InitializeSingleNormal:"Cannot find key CounterWorkspaceSize in old platform infos, label DSARandom."
[DEBUG] FE(3205506,python):2025-06-19-16:18:22.480.775 [platform_infos_lite_impl.cpp:305]3205506 InitializeSingleNormal:"Cannot find key jit_compile_mode in old platform infos, label SoftwareSpec."
[DEBUG] FE(3205506,python):2025-06-19-16:18:22.480.777 [platform_infos_lite_impl.cpp:305]3205506 InitializeSingleNormal:"Cannot find key ddr_rate in old platform infos, label VectorCoreMemoryRates."
[DEBUG] FE(3205506,python):2025-06-19-16:18:22.480.779 [platform_infos_lite_impl.cpp:305]3205506 InitializeSingleNormal:"Cannot find key vec_freq in old platform infos, label VectorCoreSpec."
[DEBUG] FE(3205506,python):2025-06-19-16:18:22.480.811 [platform_info.cpp:855]3205506 AssemblePlatformInfoVector:"The platform info os soc version[Ascend910A] has been initialized."
[DEBUG] FE(3205506,python):2025-06-19-16:18:22.481.317 [platform_infos_lite_impl.cpp:305]3205506 InitializeSingleNormal:"Cannot find key CounterWorkspaceSize in old platform infos, label DSARandom."
[DEBUG] FE(3205506,python):2025-06-19-16:18:22.481.322 [platform_infos_lite_impl.cpp:305]3205506 InitializeSingleNormal:"Cannot find key jit_compile_mode in old platform infos, label SoftwareSpec."
[DEBUG] FE(3205506,python):2025-06-19-16:18:22.481.324 [platform_infos_lite_impl.cpp:305]3205506 InitializeSingleNormal:"Cannot find key ddr_rate in old platform infos, label VectorCoreMemoryRates."
[DEBUG] FE(3205506,python):2025-06-19-16:18:22.481.325 [platform_infos_lite_impl.cpp:305]3205506 InitializeSingleNormal:"Cannot find key vec_freq in old platform infos, label VectorCoreSpec."
[DEBUG] FE(3205506,python):2025-06-19-16:18:22.481.356 [platform_info.cpp:855]3205506 AssemblePlatformInfoVector:"The platform info os soc version[Ascend910B] has been initialized."
[DEBUG] FE(3205506,python):2025-06-19-16:18:22.481.849 [platform_infos_lite_impl.cpp:305]3205506 InitializeSingleNormal:"Cannot find key CounterWorkspaceSize in old platform infos, label DSARandom."
[DEBUG] FE(3205506,python):2025-06-19-16:18:22.481.853 [platform_infos_lite_impl.cpp:305]3205506 InitializeSingleNormal:"Cannot find key jit_compile_mode in old platform infos, label SoftwareSpec."
[DEBUG] FE(3205506,python):2025-06-19-16:18:22.481.855 [platform_infos_lite_impl.cpp:305]3205506 InitializeSingleNormal:"Cannot find key ddr_rate in old platform infos, label VectorCoreMemoryRates."
[DEBUG] FE(3205506,python):2025-06-19-16:18:22.481.857 [platform_infos_lite_impl.cpp:305]3205506 InitializeSingleNormal:"Cannot find key vec_freq in old platform infos, label VectorCoreSpec."
[DEBUG] FE(3205506,python):2025-06-19-16:18:22.481.887 [platform_info.cpp:855]3205506 AssemblePlatformInfoVector:"The platform info os soc version[Ascend910PremiumA] has been initialized."
[DEBUG] FE(3205506,python):2025-06-19-16:18:22.482.374 [platform_infos_lite_impl.cpp:305]3205506 InitializeSingleNormal:"Cannot find key CounterWorkspaceSize in old platform infos, label DSARandom."
[DEBUG] FE(3205506,python):2025-06-19-16:18:22.482.378 [platform_infos_lite_impl.cpp:305]3205506 InitializeSingleNormal:"Cannot find key jit_compile_mode in old platform infos, label SoftwareSpec."
[DEBUG] FE(3205506,python):2025-06-19-16:18:22.482.380 [platform_infos_lite_impl.cpp:305]3205506 InitializeSingleNormal:"Cannot find key ddr_rate in old platform infos, label VectorCoreMemoryRates."
[DEBUG] FE(3205506,python):2025-06-19-16:18:22.482.382 [platform_infos_lite_impl.cpp:305]3205506 InitializeSingleNormal:"Cannot find key vec_freq in old platform infos, label VectorCoreSpec."
[DEBUG] FE(3205506,python):2025-06-19-16:18:22.482.413 [platform_info.cpp:855]3205506 AssemblePlatformInfoVector:"The platform info os soc version[Ascend910ProA] has been initialized."
[DEBUG] FE(3205506,python):2025-06-19-16:18:22.482.911 [platform_infos_lite_impl.cpp:305]3205506 InitializeSingleNormal:"Cannot find key CounterWorkspaceSize in old platform infos, label DSARandom."
[DEBUG] FE(3205506,python):2025-06-19-16:18:22.482.915 [platform_infos_lite_impl.cpp:305]3205506 InitializeSingleNormal:"Cannot find key jit_compile_mode in old platform infos, label SoftwareSpec."
[DEBUG] FE(3205506,python):2025-06-19-16:18:22.482.917 [platform_infos_lite_impl.cpp:305]3205506 InitializeSingleNormal:"Cannot find key ddr_rate in old platform infos, label VectorCoreMemoryRates."
[DEBUG] FE(3205506,python):2025-06-19-16:18:22.482.919 [platform_infos_lite_impl.cpp:305]3205506 InitializeSingleNormal:"Cannot find key vec_freq in old platform infos, label VectorCoreSpec."
[DEBUG] FE(3205506,python):2025-06-19-16:18:22.482.950 [platform_info.cpp:855]3205506 AssemblePlatformInfoVector:"The platform info os soc version[Ascend910ProB] has been initialized."
[DEBUG] FE(3205506,python):2025-06-19-16:18:22.483.914 [platform_infos_lite_impl.cpp:305]3205506 InitializeSingleNormal:"Cannot find key jit_compile_default_value in old platform infos, label SoftwareSpec."
[DEBUG] FE(3205506,python):2025-06-19-16:18:22.483.915 [platform_infos_lite_impl.cpp:305]3205506 InitializeSingleNormal:"Cannot find key jit_compile_mode in old platform infos, label SoftwareSpec."
[DEBUG] FE(3205506,python):2025-06-19-16:18:22.483.917 [platform_infos_lite_impl.cpp:305]3205506 InitializeSingleNormal:"Cannot find key ddr_rate in old platform infos, label VectorCoreMemoryRates."
[DEBUG] FE(3205506,python):2025-06-19-16:18:22.483.919 [platform_infos_lite_impl.cpp:305]3205506 InitializeSingleNormal:"Cannot find key vec_freq in old platform infos, label VectorCoreSpec."
[DEBUG] FE(3205506,python):2025-06-19-16:18:22.483.975 [platform_info.cpp:855]3205506 AssemblePlatformInfoVector:"The platform info os soc version[Ascend910B1] has been initialized."
[DEBUG] FE(3205506,python):2025-06-19-16:18:22.484.962 [platform_infos_lite_impl.cpp:305]3205506 InitializeSingleNormal:"Cannot find key jit_compile_default_value in old platform infos, label SoftwareSpec."
[DEBUG] FE(3205506,python):2025-06-19-16:18:22.484.964 [platform_infos_lite_impl.cpp:305]3205506 InitializeSingleNormal:"Cannot find key jit_compile_mode in old platform infos, label SoftwareSpec."
[DEBUG] FE(3205506,python):2025-06-19-16:18:22.484.966 [platform_infos_lite_impl.cpp:305]3205506 InitializeSingleNormal:"Cannot find key ddr_rate in old platform infos, label VectorCoreMemoryRates."
[DEBUG] FE(3205506,python):2025-06-19-16:18:22.484.968 [platform_infos_lite_impl.cpp:305]3205506 InitializeSingleNormal:"Cannot find key vec_freq in old platform infos, label VectorCoreSpec."
[DEBUG] FE(3205506,python):2025-06-19-16:18:22.485.024 [platform_info.cpp:855]3205506 AssemblePlatformInfoVector:"The platform info os soc version[Ascend910B2] has been initialized."
[DEBUG] FE(3205506,python):2025-06-19-16:18:22.485.994 [platform_infos_lite_impl.cpp:305]3205506 InitializeSingleNormal:"Cannot find key jit_compile_default_value in old platform infos, label SoftwareSpec."
[DEBUG] FE(3205506,python):2025-06-19-16:18:22.485.996 [platform_infos_lite_impl.cpp:305]3205506 InitializeSingleNormal:"Cannot find key jit_compile_mode in old platform infos, label SoftwareSpec."
[DEBUG] FE(3205506,python):2025-06-19-16:18:22.485.998 [platform_infos_lite_impl.cpp:305]3205506 InitializeSingleNormal:"Cannot find key ddr_rate in old platform infos, label VectorCoreMemoryRates."
[DEBUG] FE(3205506,python):2025-06-19-16:18:22.485.999 [platform_infos_lite_impl.cpp:305]3205506 InitializeSingleNormal:"Cannot find key vec_freq in old platform infos, label VectorCoreSpec."
[DEBUG] FE(3205506,python):2025-06-19-16:18:22.486.056 [platform_info.cpp:855]3205506 AssemblePlatformInfoVector:"The platform info os soc version[Ascend910B3] has been initialized."
[DEBUG] FE(3205506,python):2025-06-19-16:18:22.487.070 [platform_infos_lite_impl.cpp:305]3205506 InitializeSingleNormal:"Cannot find key jit_compile_default_value in old platform infos, label SoftwareSpec."
[DEBUG] FE(3205506,python):2025-06-19-16:18:22.487.072 [platform_infos_lite_impl.cpp:305]3205506 InitializeSingleNormal:"Cannot find key jit_compile_mode in old platform infos, label SoftwareSpec."
[DEBUG] FE(3205506,python):2025-06-19-16:18:22.487.074 [platform_infos_lite_impl.cpp:305]3205506 InitializeSingleNormal:"Cannot find key ddr_rate in old platform infos, label VectorCoreMemoryRates."
[DEBUG] FE(3205506,python):2025-06-19-16:18:22.487.076 [platform_infos_lite_impl.cpp:305]3205506 InitializeSingleNormal:"Cannot find key vec_freq in old platform infos, label VectorCoreSpec."
[DEBUG] FE(3205506,python):2025-06-19-16:18:22.487.133 [platform_info.cpp:855]3205506 AssemblePlatformInfoVector:"The platform info os soc version[Ascend910B4] has been initialized."
[DEBUG] FE(3205506,python):2025-06-19-16:18:22.488.088 [platform_infos_lite_impl.cpp:305]3205506 InitializeSingleNormal:"Cannot find key jit_compile_default_value in old platform infos, label SoftwareSpec."
[DEBUG] FE(3205506,python):2025-06-19-16:18:22.488.089 [platform_infos_lite_impl.cpp:305]3205506 InitializeSingleNormal:"Cannot find key jit_compile_mode in old platform infos, label SoftwareSpec."
[DEBUG] FE(3205506,python):2025-06-19-16:18:22.488.091 [platform_infos_lite_impl.cpp:305]3205506 InitializeSingleNormal:"Cannot find key ddr_rate in old platform infos, label VectorCoreMemoryRates."
[DEBUG] FE(3205506,python):2025-06-19-16:18:22.488.093 [platform_infos_lite_impl.cpp:305]3205506 InitializeSingleNormal:"Cannot find key vec_freq in old platform infos, label VectorCoreSpec."
[DEBUG] FE(3205506,python):2025-06-19-16:18:22.488.148 [platform_info.cpp:855]3205506 AssemblePlatformInfoVector:"The platform info os soc version[Ascend910B4-1] has been initialized."
[WARNING] FE(3205506,python):2025-06-19-16:18:22.489.101 [platform_info.cpp:853]3205506 AssemblePlatformInfoVector:"Can not find soc info enum by Ascend910_9361."
[DEBUG] FE(3205506,python):2025-06-19-16:18:22.489.103 [platform_info.cpp:855]3205506 AssemblePlatformInfoVector:"The platform info os soc version[Ascend910_9361] has been initialized."
[DEBUG] FE(3205506,python):2025-06-19-16:18:22.490.057 [platform_infos_lite_impl.cpp:305]3205506 InitializeSingleNormal:"Cannot find key jit_compile_default_value in old platform infos, label SoftwareSpec."
[DEBUG] FE(3205506,python):2025-06-19-16:18:22.490.059 [platform_infos_lite_impl.cpp:305]3205506 InitializeSingleNormal:"Cannot find key jit_compile_mode in old platform infos, label SoftwareSpec."
[DEBUG] FE(3205506,python):2025-06-19-16:18:22.490.061 [platform_infos_lite_impl.cpp:305]3205506 InitializeSingleNormal:"Cannot find key ddr_rate in old platform infos, label VectorCoreMemoryRates."
[DEBUG] FE(3205506,python):2025-06-19-16:18:22.490.062 [platform_infos_lite_impl.cpp:305]3205506 InitializeSingleNormal:"Cannot find key vec_freq in old platform infos, label VectorCoreSpec."
[DEBUG] FE(3205506,python):2025-06-19-16:18:22.490.121 [platform_info.cpp:855]3205506 AssemblePlatformInfoVector:"The platform info os soc version[Ascend910_9372] has been initialized."
[DEBUG] FE(3205506,python):2025-06-19-16:18:22.491.063 [platform_infos_lite_impl.cpp:305]3205506 InitializeSingleNormal:"Cannot find key jit_compile_default_value in old platform infos, label SoftwareSpec."
[DEBUG] FE(3205506,python):2025-06-19-16:18:22.491.065 [platform_infos_lite_impl.cpp:305]3205506 InitializeSingleNormal:"Cannot find key jit_compile_mode in old platform infos, label SoftwareSpec."
[DEBUG] FE(3205506,python):2025-06-19-16:18:22.491.066 [platform_infos_lite_impl.cpp:305]3205506 InitializeSingleNormal:"Cannot find key ddr_rate in old platform infos, label VectorCoreMemoryRates."
[DEBUG] FE(3205506,python):2025-06-19-16:18:22.491.068 [platform_infos_lite_impl.cpp:305]3205506 InitializeSingleNormal:"Cannot find key vec_freq in old platform infos, label VectorCoreSpec."
[DEBUG] FE(3205506,python):2025-06-19-16:18:22.491.124 [platform_info.cpp:855]3205506 AssemblePlatformInfoVector:"The platform info os soc version[Ascend910_9381] has been initialized."
[WARNING] FE(3205506,python):2025-06-19-16:18:22.492.074 [platform_info.cpp:853]3205506 AssemblePlatformInfoVector:"Can not find soc info enum by Ascend910_9382."
[DEBUG] FE(3205506,python):2025-06-19-16:18:22.492.076 [platform_info.cpp:855]3205506 AssemblePlatformInfoVector:"The platform info os soc version[Ascend910_9382] has been initialized."
[DEBUG] FE(3205506,python):2025-06-19-16:18:22.493.036 [platform_infos_lite_impl.cpp:305]3205506 InitializeSingleNormal:"Cannot find key jit_compile_default_value in old platform infos, label SoftwareSpec."
[DEBUG] FE(3205506,python):2025-06-19-16:18:22.493.038 [platform_infos_lite_impl.cpp:305]3205506 InitializeSingleNormal:"Cannot find key jit_compile_mode in old platform infos, label SoftwareSpec."
[DEBUG] FE(3205506,python):2025-06-19-16:18:22.493.040 [platform_infos_lite_impl.cpp:305]3205506 InitializeSingleNormal:"Cannot find key ddr_rate in old platform infos, label VectorCoreMemoryRates."
[DEBUG] FE(3205506,python):2025-06-19-16:18:22.493.042 [platform_infos_lite_impl.cpp:305]3205506 InitializeSingleNormal:"Cannot find key vec_freq in old platform infos, label VectorCoreSpec."
[DEBUG] FE(3205506,python):2025-06-19-16:18:22.493.099 [platform_info.cpp:855]3205506 AssemblePlatformInfoVector:"The platform info os soc version[Ascend910_9391] has been initialized."
[WARNING] FE(3205506,python):2025-06-19-16:18:22.494.042 [platform_info.cpp:853]3205506 AssemblePlatformInfoVector:"Can not find soc info enum by Ascend910_9392."
[DEBUG] FE(3205506,python):2025-06-19-16:18:22.494.044 [platform_info.cpp:855]3205506 AssemblePlatformInfoVector:"The platform info os soc version[Ascend910_9392] has been initialized."
[DEBUG] FE(3205506,python):2025-06-19-16:18:22.494.994 [platform_infos_lite_impl.cpp:305]3205506 InitializeSingleNormal:"Cannot find key jit_compile_default_value in old platform infos, label SoftwareSpec."
[DEBUG] FE(3205506,python):2025-06-19-16:18:22.494.996 [platform_infos_lite_impl.cpp:305]3205506 InitializeSingleNormal:"Cannot find key jit_compile_mode in old platform infos, label SoftwareSpec."
[DEBUG] FE(3205506,python):2025-06-19-16:18:22.494.998 [platform_infos_lite_impl.cpp:305]3205506 InitializeSingleNormal:"Cannot find key ddr_rate in old platform infos, label VectorCoreMemoryRates."
[DEBUG] FE(3205506,python):2025-06-19-16:18:22.494.999 [platform_infos_lite_impl.cpp:305]3205506 InitializeSingleNormal:"Cannot find key vec_freq in old platform infos, label VectorCoreSpec."
[DEBUG] FE(3205506,python):2025-06-19-16:18:22.495.057 [platform_info.cpp:855]3205506 AssemblePlatformInfoVector:"The platform info os soc version[Ascend910B2C] has been initialized."
[DEBUG] FE(3205506,python):2025-06-19-16:18:22.495.628 [platform_infos_lite_impl.cpp:305]3205506 InitializeSingleNormal:"Cannot find key CounterWorkspaceSize in old platform infos, label DSARandom."
[DEBUG] FE(3205506,python):2025-06-19-16:18:22.495.632 [platform_infos_lite_impl.cpp:305]3205506 InitializeSingleNormal:"Cannot find key jit_compile_mode in old platform infos, label SoftwareSpec."
[DEBUG] FE(3205506,python):2025-06-19-16:18:22.495.634 [platform_infos_lite_impl.cpp:305]3205506 InitializeSingleNormal:"Cannot find key ddr_rate in old platform infos, label VectorCoreMemoryRates."
[DEBUG] FE(3205506,python):2025-06-19-16:18:22.495.636 [platform_infos_lite_impl.cpp:305]3205506 InitializeSingleNormal:"Cannot find key vec_freq in old platform infos, label VectorCoreSpec."
[DEBUG] FE(3205506,python):2025-06-19-16:18:22.495.670 [platform_info.cpp:855]3205506 AssemblePlatformInfoVector:"The platform info os soc version[Hi3796CV300CS] has been initialized."
[DEBUG] FE(3205506,python):2025-06-19-16:18:22.496.165 [platform_infos_lite_impl.cpp:305]3205506 InitializeSingleNormal:"Cannot find key CounterWorkspaceSize in old platform infos, label DSARandom."
[DEBUG] FE(3205506,python):2025-06-19-16:18:22.496.169 [platform_infos_lite_impl.cpp:305]3205506 InitializeSingleNormal:"Cannot find key jit_compile_mode in old platform infos, label SoftwareSpec."
[DEBUG] FE(3205506,python):2025-06-19-16:18:22.496.171 [platform_infos_lite_impl.cpp:305]3205506 InitializeSingleNormal:"Cannot find key ddr_rate in old platform infos, label VectorCoreMemoryRates."
[DEBUG] FE(3205506,python):2025-06-19-16:18:22.496.173 [platform_infos_lite_impl.cpp:305]3205506 InitializeSingleNormal:"Cannot find key vec_freq in old platform infos, label VectorCoreSpec."
[DEBUG] FE(3205506,python):2025-06-19-16:18:22.496.208 [platform_info.cpp:855]3205506 AssemblePlatformInfoVector:"The platform info os soc version[Hi3796CV300ES] has been initialized."
[DEBUG] FE(3205506,python):2025-06-19-16:18:22.496.732 [platform_infos_lite_impl.cpp:305]3205506 InitializeSingleNormal:"Cannot find key CounterWorkspaceSize in old platform infos, label DSARandom."
[DEBUG] FE(3205506,python):2025-06-19-16:18:22.496.736 [platform_infos_lite_impl.cpp:305]3205506 InitializeSingleNormal:"Cannot find key jit_compile_mode in old platform infos, label SoftwareSpec."
[DEBUG] FE(3205506,python):2025-06-19-16:18:22.496.737 [platform_infos_lite_impl.cpp:305]3205506 InitializeSingleNormal:"Cannot find key ddr_rate in old platform infos, label VectorCoreMemoryRates."
[DEBUG] FE(3205506,python):2025-06-19-16:18:22.496.739 [platform_infos_lite_impl.cpp:305]3205506 InitializeSingleNormal:"Cannot find key vec_freq in old platform infos, label VectorCoreSpec."
[DEBUG] FE(3205506,python):2025-06-19-16:18:22.496.772 [platform_info.cpp:855]3205506 AssemblePlatformInfoVector:"The platform info os soc version[SD3403] has been initialized."
[INFO] TBE(3205506,python):2025-06-19-16:18:22.693.945 [../../../../../../latest/python/site-packages/tbe/common/register/fusion_pass_mgr.py:59][decorator] Fusion pass[conv2d_data_rm_build_pass] of stage[InvokeStage.STAGE_BUILD] priority[Priority.NORMAL] has been registered.
[INFO] TBE(3205506,python):2025-06-19-16:18:22.694.110 [../../../../../../latest/python/site-packages/tbe/common/register/fusion_pass_mgr.py:114][decorator] Fusion pass[trans_shape_of_conv3d] of op type[Conv3D] op pattern[None] stage[InvokeStage.STAGE_BUILD] priority[Priority.NORMAL] has been registered.
[INFO] TBE(3205506,python):2025-06-19-16:18:22.694.144 [../../../../../../latest/python/site-packages/tbe/common/register/fusion_pass_mgr.py:59][decorator] Fusion pass[trans_shape_depthwise_conv2d] of stage[InvokeStage.STAGE_BUILD] priority[Priority.NORMAL] has been registered.
[INFO] TBE(3205506,python):2025-06-19-16:18:22.694.288 [../../../../../../latest/python/site-packages/tbe/common/register/fusion_pass_mgr.py:114][decorator] Fusion pass[trans_shape_for_elemwise] of op type[None] op pattern[ElemWise] stage[InvokeStage.STAGE_BUILD] priority[Priority.NORMAL] has been registered.
[INFO] TBE(3205506,python):2025-06-19-16:18:22.694.320 [../../../../../../latest/python/site-packages/tbe/common/register/fusion_pass_mgr.py:114][decorator] Fusion pass[trans_shape_for_broadcast] of op type[None] op pattern[Broadcast] stage[InvokeStage.STAGE_BUILD] priority[Priority.NORMAL] has been registered.
[INFO] TBE(3205506,python):2025-06-19-16:18:22.694.352 [../../../../../../latest/python/site-packages/tbe/common/register/fusion_pass_mgr.py:114][decorator] Fusion pass[trans_shape_of_biasadd] of op type[BiasAdd] op pattern[None] stage[InvokeStage.STAGE_BUILD] priority[Priority.NORMAL] has been registered.
[INFO] TBE(3205506,python):2025-06-19-16:18:22.694.389 [../../../../../../latest/python/site-packages/tbe/common/register/fusion_pass_mgr.py:114][decorator] Fusion pass[trans_shape_of_requant_s16] of op type[AscendRequantS16] op pattern[None] stage[InvokeStage.STAGE_BUILD] priority[Priority.NORMAL] has been registered.
[INFO] TBE(3205506,python):2025-06-19-16:18:22.694.414 [../../../../../../latest/python/site-packages/tbe/common/register/fusion_pass_mgr.py:114][decorator] Fusion pass[trans_shape_of_bninference] of op type[BNInferenceD] op pattern[None] stage[InvokeStage.STAGE_BUILD] priority[Priority.NORMAL] has been registered.
[INFO] TBE(3205506,python):2025-06-19-16:18:22.694.531 [../../../../../../latest/python/site-packages/tbe/common/register/fusion_pass_mgr.py:114][decorator] Fusion pass[trans_shape_fully_connection] of op type[FullyConnection] op pattern[None] stage[InvokeStage.STAGE_BUILD] priority[Priority.NORMAL] has been registered.
[INFO] TBE(3205506,python):2025-06-19-16:18:22.694.561 [../../../../../../latest/python/site-packages/tbe/common/register/fusion_pass_mgr.py:114][decorator] Fusion pass[trans_shape_fully_connection_compress] of op type[FullyConnectionCompress] op pattern[None] stage[InvokeStage.STAGE_BUILD] priority[Priority.NORMAL] has been registered.
[INFO] TBE(3205506,python):2025-06-19-16:18:22.694.694 [../../../../../../latest/python/site-packages/tbe/common/register/fusion_pass_mgr.py:114][decorator] Fusion pass[trans_matmul_bias_shape] of op type[MatMulV2] op pattern[None] stage[InvokeStage.STAGE_BUILD] priority[Priority.NORMAL] has been registered.
[INFO] TBE(3205506,python):2025-06-19-16:18:22.694.722 [../../../../../../latest/python/site-packages/tbe/common/register/fusion_pass_mgr.py:114][decorator] Fusion pass[trans_matmul_bias_shape] of op type[MatMul] op pattern[None] stage[InvokeStage.STAGE_BUILD] priority[Priority.NORMAL] has been registered.
[INFO] TBE(3205506,python):2025-06-19-16:18:22.694.751 [../../../../../../latest/python/site-packages/tbe/common/register/fusion_pass_mgr.py:114][decorator] Fusion pass[trans_matmulcompress_bias_shape] of op type[MatMulV2Compress] op pattern[None] stage[InvokeStage.STAGE_BUILD] priority[Priority.NORMAL] has been registered.
[INFO] TBE(3205506,python):2025-06-19-16:18:22.694.859 [../../../../../../latest/python/site-packages/tbe/common/register/fusion_pass_mgr.py:114][decorator] Fusion pass[trans_batch_matmul_shape] of op type[BatchMatMulV2] op pattern[None] stage[InvokeStage.STAGE_BUILD] priority[Priority.NORMAL] has been registered.
[INFO] TBE(3205506,python):2025-06-19-16:18:22.694.887 [../../../../../../latest/python/site-packages/tbe/common/register/fusion_pass_mgr.py:114][decorator] Fusion pass[trans_batch_matmul_shape] of op type[BatchMatMul] op pattern[None] stage[InvokeStage.STAGE_BUILD] priority[Priority.NORMAL] has been registered.
[INFO] TBE(3205506,python):2025-06-19-16:18:22.694.913 [../../../../../../latest/python/site-packages/tbe/common/register/fusion_pass_mgr.py:114][decorator] Fusion pass[trans_shape_transdata_fixpipe] of op type[None] op pattern[BatchMatmul] stage[InvokeStage.STAGE_BUILD] priority[Priority.NORMAL] has been registered.
[WARNING] TBE(3205506,python):2025-06-19-16:18:22.737.480 [../../../../../../latest/python/site-packages/te/platform/cce_policy.py:50][OpImplPolicy] te.platform.cce_policy.OpImplPolicy is deprecated, use te_fusion.fusion_util.OpImplPolicy instead.
[DEBUG] TBE(3205506,python):2025-06-19-16:18:23.019.493 [../../../../../../latest/python/site-packages/tbe/common/rl_bank/rl_op_filter.py:287][_is_tune_all_op] RL filter info: is_tune_all_op: False
[INFO] TBE(3205506,python):2025-06-19-16:18:23.098.785 [../../../../../../latest/python/site-packages/tbe/common/rl_bank/dynamic_op_filter.py:373][_need_to_tune_all_op] Auto search dynamic filter info: tune_all_op is False.
[INFO] TBE(3205506,python):2025-06-19-16:18:23.113.526 [../../../../../../latest/python/site-packages/te_fusion/parallel_compilation.py:260][exec_compilation_task] soc_info:[('Ascend910B2C', '', '24', 'false', '0', 'false')], option:[{'op_debug_level': '0', 'op_debug_dir': '/root/jzzhou/LAPA/laq/kernel_meta/kernel_meta_11702434041262854787', 'vector_fp_ceiling': 2, 'mdl_bank_path': '', 'op_bank_path': '', 'kernel_meta_temp_dir': '/root/jzzhou/LAPA/laq/kernel_meta/kernel_meta_temp_11702434041262854787', 'device_id': '', 'ai_core_cnt': '24', 'l2_size': '201326592', 'memory_size': '65464696832', 'vector_core_cnt': '48', 'l2_mode': 0, 'enable_L1_fusion': False, 'enable_L2_fusion': False}]
[WARNING] TBE(3205506,python):2025-06-19-16:18:23.113.565 [../../../../../../latest/python/site-packages/te/platform/cce_conf.py:605][te_set_version] 'from te.platform import te_set_version' is expired, please replace it with 'from tbe.common.platform import set_current_compile_soc_info'.
[DEBUG] FE(3205506,python):2025-06-19-16:18:23.113.925 [platform_infos_def.cpp:182]3205506 SetCoreNumByCoreType:"Set PlatFormInfos::core_num_ to ai_core_cnt:[24], core_type:0."
[INFO] TBE(3205506,python):2025-06-19-16:18:23.113.960 [../../../../../../latest/python/site-packages/te_fusion/parallel_compilation.py:275][exec_compilation_task] Default compiler:None
[INFO] TBE(3205506,python):2025-06-19-16:18:23.113.983 [../../../../../../latest/python/site-packages/te_fusion/parallel_compilation.py:276][exec_compilation_task] compile_options when executing compile_task:{'op_debug_level': '0', 'op_debug_dir': '/root/jzzhou/LAPA/laq/kernel_meta/kernel_meta_11702434041262854787', 'vector_fp_ceiling': 2, 'mdl_bank_path': '', 'op_bank_path': '', 'kernel_meta_temp_dir': '/root/jzzhou/LAPA/laq/kernel_meta/kernel_meta_temp_11702434041262854787', 'device_id': '', 'ai_core_cnt': '24', 'l2_size': '201326592', 'memory_size': '65464696832', 'vector_core_cnt': '48', 'l2_mode': 0, 'enable_L1_fusion': False, 'enable_L2_fusion': False}
