[DEBUG] DRV(3205481,python):2025-06-19-16:18:22.047.052 [hdc_client.c:130][ascend][curpid:3205481,3205481][drv][hdc][drvHdcClientCreate]Create client success.
[DEBUG] FE(3205481,python):2025-06-19-16:18:22.374.269 [platform_infos_lite_impl.cpp:305]3205481 InitializeSingleNormal:"Cannot find key CounterWorkspaceSize in old platform infos, label DSARandom."
[DEBUG] FE(3205481,python):2025-06-19-16:18:22.374.280 [platform_infos_lite_impl.cpp:305]3205481 InitializeSingleNormal:"Cannot find key jit_compile_mode in old platform infos, label SoftwareSpec."
[DEBUG] FE(3205481,python):2025-06-19-16:18:22.374.369 [platform_info.cpp:855]3205481 AssemblePlatformInfoVector:"The platform info os soc version[Ascend031] has been initialized."
[DEBUG] FE(3205481,python):2025-06-19-16:18:22.374.790 [platform_infos_lite_impl.cpp:305]3205481 InitializeSingleNormal:"Cannot find key ddr_rate in old platform infos, label AICoreMemoryRates."
[DEBUG] FE(3205481,python):2025-06-19-16:18:22.374.796 [platform_infos_lite_impl.cpp:305]3205481 InitializeSingleNormal:"Cannot find key CounterWorkspaceSize in old platform infos, label DSARandom."
[DEBUG] FE(3205481,python):2025-06-19-16:18:22.374.800 [platform_infos_lite_impl.cpp:305]3205481 InitializeSingleNormal:"Cannot find key jit_compile_mode in old platform infos, label SoftwareSpec."
[DEBUG] FE(3205481,python):2025-06-19-16:18:22.374.802 [platform_infos_lite_impl.cpp:305]3205481 InitializeSingleNormal:"Cannot find key ddr_rate in old platform infos, label VectorCoreMemoryRates."
[DEBUG] FE(3205481,python):2025-06-19-16:18:22.374.804 [platform_infos_lite_impl.cpp:305]3205481 InitializeSingleNormal:"Cannot find key vec_freq in old platform infos, label VectorCoreSpec."
[DEBUG] FE(3205481,python):2025-06-19-16:18:22.374.821 [platform_info.cpp:855]3205481 AssemblePlatformInfoVector:"The platform info os soc version[Ascend035] has been initialized."
[DEBUG] FE(3205481,python):2025-06-19-16:18:22.375.209 [platform_infos_lite_impl.cpp:305]3205481 InitializeSingleNormal:"Cannot find key ddr_rate in old platform infos, label AICoreMemoryRates."
[DEBUG] FE(3205481,python):2025-06-19-16:18:22.375.215 [platform_infos_lite_impl.cpp:305]3205481 InitializeSingleNormal:"Cannot find key CounterWorkspaceSize in old platform infos, label DSARandom."
[DEBUG] FE(3205481,python):2025-06-19-16:18:22.375.219 [platform_infos_lite_impl.cpp:305]3205481 InitializeSingleNormal:"Cannot find key jit_compile_mode in old platform infos, label SoftwareSpec."
[DEBUG] FE(3205481,python):2025-06-19-16:18:22.375.220 [platform_infos_lite_impl.cpp:305]3205481 InitializeSingleNormal:"Cannot find key ddr_rate in old platform infos, label VectorCoreMemoryRates."
[DEBUG] FE(3205481,python):2025-06-19-16:18:22.375.222 [platform_infos_lite_impl.cpp:305]3205481 InitializeSingleNormal:"Cannot find key vec_freq in old platform infos, label VectorCoreSpec."
[DEBUG] FE(3205481,python):2025-06-19-16:18:22.375.240 [platform_info.cpp:855]3205481 AssemblePlatformInfoVector:"The platform info os soc version[Ascend035A] has been initialized."
[DEBUG] FE(3205481,python):2025-06-19-16:18:22.375.619 [platform_infos_lite_impl.cpp:305]3205481 InitializeSingleNormal:"Cannot find key ddr_rate in old platform infos, label AICoreMemoryRates."
[DEBUG] FE(3205481,python):2025-06-19-16:18:22.375.624 [platform_infos_lite_impl.cpp:305]3205481 InitializeSingleNormal:"Cannot find key CounterWorkspaceSize in old platform infos, label DSARandom."
[DEBUG] FE(3205481,python):2025-06-19-16:18:22.375.628 [platform_infos_lite_impl.cpp:305]3205481 InitializeSingleNormal:"Cannot find key jit_compile_mode in old platform infos, label SoftwareSpec."
[DEBUG] FE(3205481,python):2025-06-19-16:18:22.375.629 [platform_infos_lite_impl.cpp:305]3205481 InitializeSingleNormal:"Cannot find key ddr_rate in old platform infos, label VectorCoreMemoryRates."
[DEBUG] FE(3205481,python):2025-06-19-16:18:22.375.631 [platform_infos_lite_impl.cpp:305]3205481 InitializeSingleNormal:"Cannot find key vec_freq in old platform infos, label VectorCoreSpec."
[DEBUG] FE(3205481,python):2025-06-19-16:18:22.375.648 [platform_info.cpp:855]3205481 AssemblePlatformInfoVector:"The platform info os soc version[Ascend035B] has been initialized."
[DEBUG] FE(3205481,python):2025-06-19-16:18:22.376.101 [platform_infos_lite_impl.cpp:305]3205481 InitializeSingleNormal:"Cannot find key CounterWorkspaceSize in old platform infos, label DSARandom."
[DEBUG] FE(3205481,python):2025-06-19-16:18:22.376.106 [platform_infos_lite_impl.cpp:305]3205481 InitializeSingleNormal:"Cannot find key jit_compile_mode in old platform infos, label SoftwareSpec."
[DEBUG] FE(3205481,python):2025-06-19-16:18:22.376.108 [platform_infos_lite_impl.cpp:305]3205481 InitializeSingleNormal:"Cannot find key ddr_rate in old platform infos, label VectorCoreMemoryRates."
[DEBUG] FE(3205481,python):2025-06-19-16:18:22.376.110 [platform_infos_lite_impl.cpp:305]3205481 InitializeSingleNormal:"Cannot find key vec_freq in old platform infos, label VectorCoreSpec."
[DEBUG] FE(3205481,python):2025-06-19-16:18:22.376.143 [platform_info.cpp:855]3205481 AssemblePlatformInfoVector:"The platform info os soc version[Ascend310] has been initialized."
[DEBUG] FE(3205481,python):2025-06-19-16:18:22.378.410 [platform_infos_lite_impl.cpp:305]3205481 InitializeSingleNormal:"Cannot find key CounterWorkspaceSize in old platform infos, label DSARandom."
[DEBUG] FE(3205481,python):2025-06-19-16:18:22.378.416 [platform_infos_lite_impl.cpp:305]3205481 InitializeSingleNormal:"Cannot find key jit_compile_mode in old platform infos, label SoftwareSpec."
[DEBUG] FE(3205481,python):2025-06-19-16:18:22.378.517 [platform_info.cpp:855]3205481 AssemblePlatformInfoVector:"The platform info os soc version[Ascend310B1] has been initialized."
[DEBUG] FE(3205481,python):2025-06-19-16:18:22.380.802 [platform_infos_lite_impl.cpp:305]3205481 InitializeSingleNormal:"Cannot find key CounterWorkspaceSize in old platform infos, label DSARandom."
[DEBUG] FE(3205481,python):2025-06-19-16:18:22.380.807 [platform_infos_lite_impl.cpp:305]3205481 InitializeSingleNormal:"Cannot find key jit_compile_mode in old platform infos, label SoftwareSpec."
[DEBUG] FE(3205481,python):2025-06-19-16:18:22.380.907 [platform_info.cpp:855]3205481 AssemblePlatformInfoVector:"The platform info os soc version[Ascend310B2] has been initialized."
[DEBUG] FE(3205481,python):2025-06-19-16:18:22.383.234 [platform_infos_lite_impl.cpp:305]3205481 InitializeSingleNormal:"Cannot find key CounterWorkspaceSize in old platform infos, label DSARandom."
[DEBUG] FE(3205481,python):2025-06-19-16:18:22.383.241 [platform_infos_lite_impl.cpp:305]3205481 InitializeSingleNormal:"Cannot find key jit_compile_mode in old platform infos, label SoftwareSpec."
[DEBUG] FE(3205481,python):2025-06-19-16:18:22.383.343 [platform_info.cpp:855]3205481 AssemblePlatformInfoVector:"The platform info os soc version[Ascend310B3] has been initialized."
[DEBUG] FE(3205481,python):2025-06-19-16:18:22.385.633 [platform_infos_lite_impl.cpp:305]3205481 InitializeSingleNormal:"Cannot find key CounterWorkspaceSize in old platform infos, label DSARandom."
[DEBUG] FE(3205481,python):2025-06-19-16:18:22.385.639 [platform_infos_lite_impl.cpp:305]3205481 InitializeSingleNormal:"Cannot find key jit_compile_mode in old platform infos, label SoftwareSpec."
[DEBUG] FE(3205481,python):2025-06-19-16:18:22.385.740 [platform_info.cpp:855]3205481 AssemblePlatformInfoVector:"The platform info os soc version[Ascend310B4] has been initialized."
[DEBUG] FE(3205481,python):2025-06-19-16:18:22.388.071 [platform_infos_lite_impl.cpp:305]3205481 InitializeSingleNormal:"Cannot find key CounterWorkspaceSize in old platform infos, label DSARandom."
[DEBUG] FE(3205481,python):2025-06-19-16:18:22.388.077 [platform_infos_lite_impl.cpp:305]3205481 InitializeSingleNormal:"Cannot find key jit_compile_mode in old platform infos, label SoftwareSpec."
[DEBUG] FE(3205481,python):2025-06-19-16:18:22.388.179 [platform_info.cpp:855]3205481 AssemblePlatformInfoVector:"The platform info os soc version[AS31XM1X] has been initialized."
[DEBUG] FE(3205481,python):2025-06-19-16:18:22.389.335 [platform_infos_lite_impl.cpp:305]3205481 InitializeSingleNormal:"Cannot find key CounterWorkspaceSize in old platform infos, label DSARandom."
[DEBUG] FE(3205481,python):2025-06-19-16:18:22.389.340 [platform_infos_lite_impl.cpp:305]3205481 InitializeSingleNormal:"Cannot find key jit_compile_mode in old platform infos, label SoftwareSpec."
[DEBUG] FE(3205481,python):2025-06-19-16:18:22.389.404 [platform_info.cpp:855]3205481 AssemblePlatformInfoVector:"The platform info os soc version[Ascend610] has been initialized."
[DEBUG] FE(3205481,python):2025-06-19-16:18:22.390.705 [platform_infos_lite_impl.cpp:305]3205481 InitializeSingleNormal:"Cannot find key CounterWorkspaceSize in old platform infos, label DSARandom."
[DEBUG] FE(3205481,python):2025-06-19-16:18:22.390.710 [platform_infos_lite_impl.cpp:305]3205481 InitializeSingleNormal:"Cannot find key jit_compile_mode in old platform infos, label SoftwareSpec."
[DEBUG] FE(3205481,python):2025-06-19-16:18:22.390.712 [platform_infos_lite_impl.cpp:305]3205481 InitializeSingleNormal:"Cannot find key ddr_rate in old platform infos, label VectorCoreMemoryRates."
[DEBUG] FE(3205481,python):2025-06-19-16:18:22.390.713 [platform_infos_lite_impl.cpp:305]3205481 InitializeSingleNormal:"Cannot find key vec_freq in old platform infos, label VectorCoreSpec."
[DEBUG] FE(3205481,python):2025-06-19-16:18:22.390.774 [platform_info.cpp:855]3205481 AssemblePlatformInfoVector:"The platform info os soc version[Ascend610Lite] has been initialized."
[DEBUG] FE(3205481,python):2025-06-19-16:18:22.392.052 [platform_infos_lite_impl.cpp:305]3205481 InitializeSingleNormal:"Cannot find key CounterWorkspaceSize in old platform infos, label DSARandom."
[DEBUG] FE(3205481,python):2025-06-19-16:18:22.392.057 [platform_infos_lite_impl.cpp:305]3205481 InitializeSingleNormal:"Cannot find key jit_compile_mode in old platform infos, label SoftwareSpec."
[DEBUG] FE(3205481,python):2025-06-19-16:18:22.392.059 [platform_infos_lite_impl.cpp:305]3205481 InitializeSingleNormal:"Cannot find key ddr_rate in old platform infos, label VectorCoreMemoryRates."
[DEBUG] FE(3205481,python):2025-06-19-16:18:22.392.061 [platform_infos_lite_impl.cpp:305]3205481 InitializeSingleNormal:"Cannot find key vec_freq in old platform infos, label VectorCoreSpec."
[DEBUG] FE(3205481,python):2025-06-19-16:18:22.392.118 [platform_info.cpp:855]3205481 AssemblePlatformInfoVector:"The platform info os soc version[BS9SX2AA] has been initialized."
[DEBUG] FE(3205481,python):2025-06-19-16:18:22.393.414 [platform_infos_lite_impl.cpp:305]3205481 InitializeSingleNormal:"Cannot find key CounterWorkspaceSize in old platform infos, label DSARandom."
[DEBUG] FE(3205481,python):2025-06-19-16:18:22.393.419 [platform_infos_lite_impl.cpp:305]3205481 InitializeSingleNormal:"Cannot find key jit_compile_mode in old platform infos, label SoftwareSpec."
[DEBUG] FE(3205481,python):2025-06-19-16:18:22.393.421 [platform_infos_lite_impl.cpp:305]3205481 InitializeSingleNormal:"Cannot find key ddr_rate in old platform infos, label VectorCoreMemoryRates."
[DEBUG] FE(3205481,python):2025-06-19-16:18:22.393.423 [platform_infos_lite_impl.cpp:305]3205481 InitializeSingleNormal:"Cannot find key vec_freq in old platform infos, label VectorCoreSpec."
[DEBUG] FE(3205481,python):2025-06-19-16:18:22.393.480 [platform_info.cpp:855]3205481 AssemblePlatformInfoVector:"The platform info os soc version[BS9SX2AB] has been initialized."
[DEBUG] FE(3205481,python):2025-06-19-16:18:22.394.785 [platform_infos_lite_impl.cpp:305]3205481 InitializeSingleNormal:"Cannot find key CounterWorkspaceSize in old platform infos, label DSARandom."
[DEBUG] FE(3205481,python):2025-06-19-16:18:22.394.790 [platform_infos_lite_impl.cpp:305]3205481 InitializeSingleNormal:"Cannot find key jit_compile_mode in old platform infos, label SoftwareSpec."
[DEBUG] FE(3205481,python):2025-06-19-16:18:22.394.792 [platform_infos_lite_impl.cpp:305]3205481 InitializeSingleNormal:"Cannot find key ddr_rate in old platform infos, label VectorCoreMemoryRates."
[DEBUG] FE(3205481,python):2025-06-19-16:18:22.394.794 [platform_infos_lite_impl.cpp:305]3205481 InitializeSingleNormal:"Cannot find key vec_freq in old platform infos, label VectorCoreSpec."
[DEBUG] FE(3205481,python):2025-06-19-16:18:22.394.851 [platform_info.cpp:855]3205481 AssemblePlatformInfoVector:"The platform info os soc version[MC61AM21AA] has been initialized."
[DEBUG] FE(3205481,python):2025-06-19-16:18:22.396.123 [platform_infos_lite_impl.cpp:305]3205481 InitializeSingleNormal:"Cannot find key CounterWorkspaceSize in old platform infos, label DSARandom."
[DEBUG] FE(3205481,python):2025-06-19-16:18:22.396.128 [platform_infos_lite_impl.cpp:305]3205481 InitializeSingleNormal:"Cannot find key jit_compile_mode in old platform infos, label SoftwareSpec."
[DEBUG] FE(3205481,python):2025-06-19-16:18:22.396.130 [platform_infos_lite_impl.cpp:305]3205481 InitializeSingleNormal:"Cannot find key ddr_rate in old platform infos, label VectorCoreMemoryRates."
[DEBUG] FE(3205481,python):2025-06-19-16:18:22.396.131 [platform_infos_lite_impl.cpp:305]3205481 InitializeSingleNormal:"Cannot find key vec_freq in old platform infos, label VectorCoreSpec."
[DEBUG] FE(3205481,python):2025-06-19-16:18:22.396.188 [platform_info.cpp:855]3205481 AssemblePlatformInfoVector:"The platform info os soc version[MC61AM21AB] has been initialized."
[DEBUG] FE(3205481,python):2025-06-19-16:18:22.397.710 [platform_infos_lite_impl.cpp:305]3205481 InitializeSingleNormal:"Cannot find key CounterWorkspaceSize in old platform infos, label DSARandom."
[DEBUG] FE(3205481,python):2025-06-19-16:18:22.397.715 [platform_infos_lite_impl.cpp:305]3205481 InitializeSingleNormal:"Cannot find key jit_compile_mode in old platform infos, label SoftwareSpec."
[DEBUG] FE(3205481,python):2025-06-19-16:18:22.397.793 [platform_info.cpp:855]3205481 AssemblePlatformInfoVector:"The platform info os soc version[BS9SX1AA] has been initialized."
[DEBUG] FE(3205481,python):2025-06-19-16:18:22.401.371 [platform_infos_lite_impl.cpp:305]3205481 InitializeSingleNormal:"Cannot find key CounterWorkspaceSize in old platform infos, label DSARandom."
[DEBUG] FE(3205481,python):2025-06-19-16:18:22.401.377 [platform_infos_lite_impl.cpp:305]3205481 InitializeSingleNormal:"Cannot find key jit_compile_mode in old platform infos, label SoftwareSpec."
[DEBUG] FE(3205481,python):2025-06-19-16:18:22.401.453 [platform_info.cpp:855]3205481 AssemblePlatformInfoVector:"The platform info os soc version[BS9SX1AB] has been initialized."
[DEBUG] FE(3205481,python):2025-06-19-16:18:22.403.821 [platform_infos_lite_impl.cpp:305]3205481 InitializeSingleNormal:"Cannot find key CounterWorkspaceSize in old platform infos, label DSARandom."
[DEBUG] FE(3205481,python):2025-06-19-16:18:22.403.826 [platform_infos_lite_impl.cpp:305]3205481 InitializeSingleNormal:"Cannot find key jit_compile_mode in old platform infos, label SoftwareSpec."
[DEBUG] FE(3205481,python):2025-06-19-16:18:22.403.901 [platform_info.cpp:855]3205481 AssemblePlatformInfoVector:"The platform info os soc version[BS9SX1AC] has been initialized."
[DEBUG] FE(3205481,python):2025-06-19-16:18:22.405.082 [platform_infos_lite_impl.cpp:305]3205481 InitializeSingleNormal:"Cannot find key CounterWorkspaceSize in old platform infos, label DSARandom."
[DEBUG] FE(3205481,python):2025-06-19-16:18:22.405.087 [platform_infos_lite_impl.cpp:305]3205481 InitializeSingleNormal:"Cannot find key jit_compile_mode in old platform infos, label SoftwareSpec."
[DEBUG] FE(3205481,python):2025-06-19-16:18:22.405.155 [platform_info.cpp:855]3205481 AssemblePlatformInfoVector:"The platform info os soc version[Ascend310P3] has been initialized."
[DEBUG] FE(3205481,python):2025-06-19-16:18:22.406.313 [platform_infos_lite_impl.cpp:305]3205481 InitializeSingleNormal:"Cannot find key CounterWorkspaceSize in old platform infos, label DSARandom."
[DEBUG] FE(3205481,python):2025-06-19-16:18:22.406.318 [platform_infos_lite_impl.cpp:305]3205481 InitializeSingleNormal:"Cannot find key jit_compile_mode in old platform infos, label SoftwareSpec."
[DEBUG] FE(3205481,python):2025-06-19-16:18:22.406.386 [platform_info.cpp:855]3205481 AssemblePlatformInfoVector:"The platform info os soc version[Ascend310P1] has been initialized."
[DEBUG] FE(3205481,python):2025-06-19-16:18:22.406.925 [platform_infos_lite_impl.cpp:305]3205481 InitializeSingleNormal:"Cannot find key CounterWorkspaceSize in old platform infos, label DSARandom."
[DEBUG] FE(3205481,python):2025-06-19-16:18:22.406.930 [platform_infos_lite_impl.cpp:305]3205481 InitializeSingleNormal:"Cannot find key jit_compile_mode in old platform infos, label SoftwareSpec."
[DEBUG] FE(3205481,python):2025-06-19-16:18:22.406.932 [platform_infos_lite_impl.cpp:305]3205481 InitializeSingleNormal:"Cannot find key ddr_rate in old platform infos, label VectorCoreMemoryRates."
[DEBUG] FE(3205481,python):2025-06-19-16:18:22.406.933 [platform_infos_lite_impl.cpp:305]3205481 InitializeSingleNormal:"Cannot find key vec_freq in old platform infos, label VectorCoreSpec."
[DEBUG] FE(3205481,python):2025-06-19-16:18:22.406.965 [platform_info.cpp:855]3205481 AssemblePlatformInfoVector:"The platform info os soc version[Ascend910A] has been initialized."
[DEBUG] FE(3205481,python):2025-06-19-16:18:22.407.464 [platform_infos_lite_impl.cpp:305]3205481 InitializeSingleNormal:"Cannot find key CounterWorkspaceSize in old platform infos, label DSARandom."
[DEBUG] FE(3205481,python):2025-06-19-16:18:22.407.469 [platform_infos_lite_impl.cpp:305]3205481 InitializeSingleNormal:"Cannot find key jit_compile_mode in old platform infos, label SoftwareSpec."
[DEBUG] FE(3205481,python):2025-06-19-16:18:22.407.471 [platform_infos_lite_impl.cpp:305]3205481 InitializeSingleNormal:"Cannot find key ddr_rate in old platform infos, label VectorCoreMemoryRates."
[DEBUG] FE(3205481,python):2025-06-19-16:18:22.407.473 [platform_infos_lite_impl.cpp:305]3205481 InitializeSingleNormal:"Cannot find key vec_freq in old platform infos, label VectorCoreSpec."
[DEBUG] FE(3205481,python):2025-06-19-16:18:22.407.506 [platform_info.cpp:855]3205481 AssemblePlatformInfoVector:"The platform info os soc version[Ascend910B] has been initialized."
[DEBUG] FE(3205481,python):2025-06-19-16:18:22.407.996 [platform_infos_lite_impl.cpp:305]3205481 InitializeSingleNormal:"Cannot find key CounterWorkspaceSize in old platform infos, label DSARandom."
[DEBUG] FE(3205481,python):2025-06-19-16:18:22.408.001 [platform_infos_lite_impl.cpp:305]3205481 InitializeSingleNormal:"Cannot find key jit_compile_mode in old platform infos, label SoftwareSpec."
[DEBUG] FE(3205481,python):2025-06-19-16:18:22.408.003 [platform_infos_lite_impl.cpp:305]3205481 InitializeSingleNormal:"Cannot find key ddr_rate in old platform infos, label VectorCoreMemoryRates."
[DEBUG] FE(3205481,python):2025-06-19-16:18:22.408.004 [platform_infos_lite_impl.cpp:305]3205481 InitializeSingleNormal:"Cannot find key vec_freq in old platform infos, label VectorCoreSpec."
[DEBUG] FE(3205481,python):2025-06-19-16:18:22.408.034 [platform_info.cpp:855]3205481 AssemblePlatformInfoVector:"The platform info os soc version[Ascend910PremiumA] has been initialized."
[DEBUG] FE(3205481,python):2025-06-19-16:18:22.408.540 [platform_infos_lite_impl.cpp:305]3205481 InitializeSingleNormal:"Cannot find key CounterWorkspaceSize in old platform infos, label DSARandom."
[DEBUG] FE(3205481,python):2025-06-19-16:18:22.408.545 [platform_infos_lite_impl.cpp:305]3205481 InitializeSingleNormal:"Cannot find key jit_compile_mode in old platform infos, label SoftwareSpec."
[DEBUG] FE(3205481,python):2025-06-19-16:18:22.408.546 [platform_infos_lite_impl.cpp:305]3205481 InitializeSingleNormal:"Cannot find key ddr_rate in old platform infos, label VectorCoreMemoryRates."
[DEBUG] FE(3205481,python):2025-06-19-16:18:22.408.548 [platform_infos_lite_impl.cpp:305]3205481 InitializeSingleNormal:"Cannot find key vec_freq in old platform infos, label VectorCoreSpec."
[DEBUG] FE(3205481,python):2025-06-19-16:18:22.408.578 [platform_info.cpp:855]3205481 AssemblePlatformInfoVector:"The platform info os soc version[Ascend910ProA] has been initialized."
[DEBUG] FE(3205481,python):2025-06-19-16:18:22.409.060 [platform_infos_lite_impl.cpp:305]3205481 InitializeSingleNormal:"Cannot find key CounterWorkspaceSize in old platform infos, label DSARandom."
[DEBUG] FE(3205481,python):2025-06-19-16:18:22.409.064 [platform_infos_lite_impl.cpp:305]3205481 InitializeSingleNormal:"Cannot find key jit_compile_mode in old platform infos, label SoftwareSpec."
[DEBUG] FE(3205481,python):2025-06-19-16:18:22.409.066 [platform_infos_lite_impl.cpp:305]3205481 InitializeSingleNormal:"Cannot find key ddr_rate in old platform infos, label VectorCoreMemoryRates."
[DEBUG] FE(3205481,python):2025-06-19-16:18:22.409.068 [platform_infos_lite_impl.cpp:305]3205481 InitializeSingleNormal:"Cannot find key vec_freq in old platform infos, label VectorCoreSpec."
[DEBUG] FE(3205481,python):2025-06-19-16:18:22.409.098 [platform_info.cpp:855]3205481 AssemblePlatformInfoVector:"The platform info os soc version[Ascend910ProB] has been initialized."
[DEBUG] FE(3205481,python):2025-06-19-16:18:22.410.083 [platform_infos_lite_impl.cpp:305]3205481 InitializeSingleNormal:"Cannot find key jit_compile_default_value in old platform infos, label SoftwareSpec."
[DEBUG] FE(3205481,python):2025-06-19-16:18:22.410.085 [platform_infos_lite_impl.cpp:305]3205481 InitializeSingleNormal:"Cannot find key jit_compile_mode in old platform infos, label SoftwareSpec."
[DEBUG] FE(3205481,python):2025-06-19-16:18:22.410.087 [platform_infos_lite_impl.cpp:305]3205481 InitializeSingleNormal:"Cannot find key ddr_rate in old platform infos, label VectorCoreMemoryRates."
[DEBUG] FE(3205481,python):2025-06-19-16:18:22.410.089 [platform_infos_lite_impl.cpp:305]3205481 InitializeSingleNormal:"Cannot find key vec_freq in old platform infos, label VectorCoreSpec."
[DEBUG] FE(3205481,python):2025-06-19-16:18:22.410.148 [platform_info.cpp:855]3205481 AssemblePlatformInfoVector:"The platform info os soc version[Ascend910B1] has been initialized."
[DEBUG] FE(3205481,python):2025-06-19-16:18:22.411.149 [platform_infos_lite_impl.cpp:305]3205481 InitializeSingleNormal:"Cannot find key jit_compile_default_value in old platform infos, label SoftwareSpec."
[DEBUG] FE(3205481,python):2025-06-19-16:18:22.411.151 [platform_infos_lite_impl.cpp:305]3205481 InitializeSingleNormal:"Cannot find key jit_compile_mode in old platform infos, label SoftwareSpec."
[DEBUG] FE(3205481,python):2025-06-19-16:18:22.411.152 [platform_infos_lite_impl.cpp:305]3205481 InitializeSingleNormal:"Cannot find key ddr_rate in old platform infos, label VectorCoreMemoryRates."
[DEBUG] FE(3205481,python):2025-06-19-16:18:22.411.154 [platform_infos_lite_impl.cpp:305]3205481 InitializeSingleNormal:"Cannot find key vec_freq in old platform infos, label VectorCoreSpec."
[DEBUG] FE(3205481,python):2025-06-19-16:18:22.411.211 [platform_info.cpp:855]3205481 AssemblePlatformInfoVector:"The platform info os soc version[Ascend910B2] has been initialized."
[DEBUG] FE(3205481,python):2025-06-19-16:18:22.412.184 [platform_infos_lite_impl.cpp:305]3205481 InitializeSingleNormal:"Cannot find key jit_compile_default_value in old platform infos, label SoftwareSpec."
[DEBUG] FE(3205481,python):2025-06-19-16:18:22.412.186 [platform_infos_lite_impl.cpp:305]3205481 InitializeSingleNormal:"Cannot find key jit_compile_mode in old platform infos, label SoftwareSpec."
[DEBUG] FE(3205481,python):2025-06-19-16:18:22.412.188 [platform_infos_lite_impl.cpp:305]3205481 InitializeSingleNormal:"Cannot find key ddr_rate in old platform infos, label VectorCoreMemoryRates."
[DEBUG] FE(3205481,python):2025-06-19-16:18:22.412.189 [platform_infos_lite_impl.cpp:305]3205481 InitializeSingleNormal:"Cannot find key vec_freq in old platform infos, label VectorCoreSpec."
[DEBUG] FE(3205481,python):2025-06-19-16:18:22.412.248 [platform_info.cpp:855]3205481 AssemblePlatformInfoVector:"The platform info os soc version[Ascend910B3] has been initialized."
[DEBUG] FE(3205481,python):2025-06-19-16:18:22.413.218 [platform_infos_lite_impl.cpp:305]3205481 InitializeSingleNormal:"Cannot find key jit_compile_default_value in old platform infos, label SoftwareSpec."
[DEBUG] FE(3205481,python):2025-06-19-16:18:22.413.220 [platform_infos_lite_impl.cpp:305]3205481 InitializeSingleNormal:"Cannot find key jit_compile_mode in old platform infos, label SoftwareSpec."
[DEBUG] FE(3205481,python):2025-06-19-16:18:22.413.221 [platform_infos_lite_impl.cpp:305]3205481 InitializeSingleNormal:"Cannot find key ddr_rate in old platform infos, label VectorCoreMemoryRates."
[DEBUG] FE(3205481,python):2025-06-19-16:18:22.413.223 [platform_infos_lite_impl.cpp:305]3205481 InitializeSingleNormal:"Cannot find key vec_freq in old platform infos, label VectorCoreSpec."
[DEBUG] FE(3205481,python):2025-06-19-16:18:22.413.280 [platform_info.cpp:855]3205481 AssemblePlatformInfoVector:"The platform info os soc version[Ascend910B4] has been initialized."
[DEBUG] FE(3205481,python):2025-06-19-16:18:22.414.242 [platform_infos_lite_impl.cpp:305]3205481 InitializeSingleNormal:"Cannot find key jit_compile_default_value in old platform infos, label SoftwareSpec."
[DEBUG] FE(3205481,python):2025-06-19-16:18:22.414.244 [platform_infos_lite_impl.cpp:305]3205481 InitializeSingleNormal:"Cannot find key jit_compile_mode in old platform infos, label SoftwareSpec."
[DEBUG] FE(3205481,python):2025-06-19-16:18:22.414.245 [platform_infos_lite_impl.cpp:305]3205481 InitializeSingleNormal:"Cannot find key ddr_rate in old platform infos, label VectorCoreMemoryRates."
[DEBUG] FE(3205481,python):2025-06-19-16:18:22.414.247 [platform_infos_lite_impl.cpp:305]3205481 InitializeSingleNormal:"Cannot find key vec_freq in old platform infos, label VectorCoreSpec."
[DEBUG] FE(3205481,python):2025-06-19-16:18:22.414.305 [platform_info.cpp:855]3205481 AssemblePlatformInfoVector:"The platform info os soc version[Ascend910B4-1] has been initialized."
[WARNING] FE(3205481,python):2025-06-19-16:18:22.415.253 [platform_info.cpp:853]3205481 AssemblePlatformInfoVector:"Can not find soc info enum by Ascend910_9361."
[DEBUG] FE(3205481,python):2025-06-19-16:18:22.415.255 [platform_info.cpp:855]3205481 AssemblePlatformInfoVector:"The platform info os soc version[Ascend910_9361] has been initialized."
[DEBUG] FE(3205481,python):2025-06-19-16:18:22.416.220 [platform_infos_lite_impl.cpp:305]3205481 InitializeSingleNormal:"Cannot find key jit_compile_default_value in old platform infos, label SoftwareSpec."
[DEBUG] FE(3205481,python):2025-06-19-16:18:22.416.222 [platform_infos_lite_impl.cpp:305]3205481 InitializeSingleNormal:"Cannot find key jit_compile_mode in old platform infos, label SoftwareSpec."
[DEBUG] FE(3205481,python):2025-06-19-16:18:22.416.224 [platform_infos_lite_impl.cpp:305]3205481 InitializeSingleNormal:"Cannot find key ddr_rate in old platform infos, label VectorCoreMemoryRates."
[DEBUG] FE(3205481,python):2025-06-19-16:18:22.416.226 [platform_infos_lite_impl.cpp:305]3205481 InitializeSingleNormal:"Cannot find key vec_freq in old platform infos, label VectorCoreSpec."
[DEBUG] FE(3205481,python):2025-06-19-16:18:22.416.284 [platform_info.cpp:855]3205481 AssemblePlatformInfoVector:"The platform info os soc version[Ascend910_9372] has been initialized."
[DEBUG] FE(3205481,python):2025-06-19-16:18:22.417.275 [platform_infos_lite_impl.cpp:305]3205481 InitializeSingleNormal:"Cannot find key jit_compile_default_value in old platform infos, label SoftwareSpec."
[DEBUG] FE(3205481,python):2025-06-19-16:18:22.417.277 [platform_infos_lite_impl.cpp:305]3205481 InitializeSingleNormal:"Cannot find key jit_compile_mode in old platform infos, label SoftwareSpec."
[DEBUG] FE(3205481,python):2025-06-19-16:18:22.417.279 [platform_infos_lite_impl.cpp:305]3205481 InitializeSingleNormal:"Cannot find key ddr_rate in old platform infos, label VectorCoreMemoryRates."
[DEBUG] FE(3205481,python):2025-06-19-16:18:22.417.281 [platform_infos_lite_impl.cpp:305]3205481 InitializeSingleNormal:"Cannot find key vec_freq in old platform infos, label VectorCoreSpec."
[DEBUG] FE(3205481,python):2025-06-19-16:18:22.417.336 [platform_info.cpp:855]3205481 AssemblePlatformInfoVector:"The platform info os soc version[Ascend910_9381] has been initialized."
[WARNING] FE(3205481,python):2025-06-19-16:18:22.418.280 [platform_info.cpp:853]3205481 AssemblePlatformInfoVector:"Can not find soc info enum by Ascend910_9382."
[DEBUG] FE(3205481,python):2025-06-19-16:18:22.418.282 [platform_info.cpp:855]3205481 AssemblePlatformInfoVector:"The platform info os soc version[Ascend910_9382] has been initialized."
[DEBUG] FE(3205481,python):2025-06-19-16:18:22.419.248 [platform_infos_lite_impl.cpp:305]3205481 InitializeSingleNormal:"Cannot find key jit_compile_default_value in old platform infos, label SoftwareSpec."
[DEBUG] FE(3205481,python):2025-06-19-16:18:22.419.250 [platform_infos_lite_impl.cpp:305]3205481 InitializeSingleNormal:"Cannot find key jit_compile_mode in old platform infos, label SoftwareSpec."
[DEBUG] FE(3205481,python):2025-06-19-16:18:22.419.252 [platform_infos_lite_impl.cpp:305]3205481 InitializeSingleNormal:"Cannot find key ddr_rate in old platform infos, label VectorCoreMemoryRates."
[DEBUG] FE(3205481,python):2025-06-19-16:18:22.419.254 [platform_infos_lite_impl.cpp:305]3205481 InitializeSingleNormal:"Cannot find key vec_freq in old platform infos, label VectorCoreSpec."
[DEBUG] FE(3205481,python):2025-06-19-16:18:22.419.310 [platform_info.cpp:855]3205481 AssemblePlatformInfoVector:"The platform info os soc version[Ascend910_9391] has been initialized."
[WARNING] FE(3205481,python):2025-06-19-16:18:22.420.269 [platform_info.cpp:853]3205481 AssemblePlatformInfoVector:"Can not find soc info enum by Ascend910_9392."
[DEBUG] FE(3205481,python):2025-06-19-16:18:22.420.271 [platform_info.cpp:855]3205481 AssemblePlatformInfoVector:"The platform info os soc version[Ascend910_9392] has been initialized."
[DEBUG] FE(3205481,python):2025-06-19-16:18:22.421.241 [platform_infos_lite_impl.cpp:305]3205481 InitializeSingleNormal:"Cannot find key jit_compile_default_value in old platform infos, label SoftwareSpec."
[DEBUG] FE(3205481,python):2025-06-19-16:18:22.421.243 [platform_infos_lite_impl.cpp:305]3205481 InitializeSingleNormal:"Cannot find key jit_compile_mode in old platform infos, label SoftwareSpec."
[DEBUG] FE(3205481,python):2025-06-19-16:18:22.421.245 [platform_infos_lite_impl.cpp:305]3205481 InitializeSingleNormal:"Cannot find key ddr_rate in old platform infos, label VectorCoreMemoryRates."
[DEBUG] FE(3205481,python):2025-06-19-16:18:22.421.247 [platform_infos_lite_impl.cpp:305]3205481 InitializeSingleNormal:"Cannot find key vec_freq in old platform infos, label VectorCoreSpec."
[DEBUG] FE(3205481,python):2025-06-19-16:18:22.421.303 [platform_info.cpp:855]3205481 AssemblePlatformInfoVector:"The platform info os soc version[Ascend910B2C] has been initialized."
[DEBUG] FE(3205481,python):2025-06-19-16:18:22.421.866 [platform_infos_lite_impl.cpp:305]3205481 InitializeSingleNormal:"Cannot find key CounterWorkspaceSize in old platform infos, label DSARandom."
[DEBUG] FE(3205481,python):2025-06-19-16:18:22.421.870 [platform_infos_lite_impl.cpp:305]3205481 InitializeSingleNormal:"Cannot find key jit_compile_mode in old platform infos, label SoftwareSpec."
[DEBUG] FE(3205481,python):2025-06-19-16:18:22.421.872 [platform_infos_lite_impl.cpp:305]3205481 InitializeSingleNormal:"Cannot find key ddr_rate in old platform infos, label VectorCoreMemoryRates."
[DEBUG] FE(3205481,python):2025-06-19-16:18:22.421.874 [platform_infos_lite_impl.cpp:305]3205481 InitializeSingleNormal:"Cannot find key vec_freq in old platform infos, label VectorCoreSpec."
[DEBUG] FE(3205481,python):2025-06-19-16:18:22.421.911 [platform_info.cpp:855]3205481 AssemblePlatformInfoVector:"The platform info os soc version[Hi3796CV300CS] has been initialized."
[DEBUG] FE(3205481,python):2025-06-19-16:18:22.422.422 [platform_infos_lite_impl.cpp:305]3205481 InitializeSingleNormal:"Cannot find key CounterWorkspaceSize in old platform infos, label DSARandom."
[DEBUG] FE(3205481,python):2025-06-19-16:18:22.422.427 [platform_infos_lite_impl.cpp:305]3205481 InitializeSingleNormal:"Cannot find key jit_compile_mode in old platform infos, label SoftwareSpec."
[DEBUG] FE(3205481,python):2025-06-19-16:18:22.422.429 [platform_infos_lite_impl.cpp:305]3205481 InitializeSingleNormal:"Cannot find key ddr_rate in old platform infos, label VectorCoreMemoryRates."
[DEBUG] FE(3205481,python):2025-06-19-16:18:22.422.430 [platform_infos_lite_impl.cpp:305]3205481 InitializeSingleNormal:"Cannot find key vec_freq in old platform infos, label VectorCoreSpec."
[DEBUG] FE(3205481,python):2025-06-19-16:18:22.422.462 [platform_info.cpp:855]3205481 AssemblePlatformInfoVector:"The platform info os soc version[Hi3796CV300ES] has been initialized."
[DEBUG] FE(3205481,python):2025-06-19-16:18:22.423.014 [platform_infos_lite_impl.cpp:305]3205481 InitializeSingleNormal:"Cannot find key CounterWorkspaceSize in old platform infos, label DSARandom."
[DEBUG] FE(3205481,python):2025-06-19-16:18:22.423.018 [platform_infos_lite_impl.cpp:305]3205481 InitializeSingleNormal:"Cannot find key jit_compile_mode in old platform infos, label SoftwareSpec."
[DEBUG] FE(3205481,python):2025-06-19-16:18:22.423.019 [platform_infos_lite_impl.cpp:305]3205481 InitializeSingleNormal:"Cannot find key ddr_rate in old platform infos, label VectorCoreMemoryRates."
[DEBUG] FE(3205481,python):2025-06-19-16:18:22.423.021 [platform_infos_lite_impl.cpp:305]3205481 InitializeSingleNormal:"Cannot find key vec_freq in old platform infos, label VectorCoreSpec."
[DEBUG] FE(3205481,python):2025-06-19-16:18:22.423.057 [platform_info.cpp:855]3205481 AssemblePlatformInfoVector:"The platform info os soc version[SD3403] has been initialized."
[INFO] TBE(3205481,python):2025-06-19-16:18:22.637.634 [../../../../../../latest/python/site-packages/tbe/common/register/fusion_pass_mgr.py:59][decorator] Fusion pass[conv2d_data_rm_build_pass] of stage[InvokeStage.STAGE_BUILD] priority[Priority.NORMAL] has been registered.
[INFO] TBE(3205481,python):2025-06-19-16:18:22.637.806 [../../../../../../latest/python/site-packages/tbe/common/register/fusion_pass_mgr.py:114][decorator] Fusion pass[trans_shape_of_conv3d] of op type[Conv3D] op pattern[None] stage[InvokeStage.STAGE_BUILD] priority[Priority.NORMAL] has been registered.
[INFO] TBE(3205481,python):2025-06-19-16:18:22.637.844 [../../../../../../latest/python/site-packages/tbe/common/register/fusion_pass_mgr.py:59][decorator] Fusion pass[trans_shape_depthwise_conv2d] of stage[InvokeStage.STAGE_BUILD] priority[Priority.NORMAL] has been registered.
[INFO] TBE(3205481,python):2025-06-19-16:18:22.637.995 [../../../../../../latest/python/site-packages/tbe/common/register/fusion_pass_mgr.py:114][decorator] Fusion pass[trans_shape_for_elemwise] of op type[None] op pattern[ElemWise] stage[InvokeStage.STAGE_BUILD] priority[Priority.NORMAL] has been registered.
[INFO] TBE(3205481,python):2025-06-19-16:18:22.638.027 [../../../../../../latest/python/site-packages/tbe/common/register/fusion_pass_mgr.py:114][decorator] Fusion pass[trans_shape_for_broadcast] of op type[None] op pattern[Broadcast] stage[InvokeStage.STAGE_BUILD] priority[Priority.NORMAL] has been registered.
[INFO] TBE(3205481,python):2025-06-19-16:18:22.638.055 [../../../../../../latest/python/site-packages/tbe/common/register/fusion_pass_mgr.py:114][decorator] Fusion pass[trans_shape_of_biasadd] of op type[BiasAdd] op pattern[None] stage[InvokeStage.STAGE_BUILD] priority[Priority.NORMAL] has been registered.
[INFO] TBE(3205481,python):2025-06-19-16:18:22.638.082 [../../../../../../latest/python/site-packages/tbe/common/register/fusion_pass_mgr.py:114][decorator] Fusion pass[trans_shape_of_requant_s16] of op type[AscendRequantS16] op pattern[None] stage[InvokeStage.STAGE_BUILD] priority[Priority.NORMAL] has been registered.
[INFO] TBE(3205481,python):2025-06-19-16:18:22.638.107 [../../../../../../latest/python/site-packages/tbe/common/register/fusion_pass_mgr.py:114][decorator] Fusion pass[trans_shape_of_bninference] of op type[BNInferenceD] op pattern[None] stage[InvokeStage.STAGE_BUILD] priority[Priority.NORMAL] has been registered.
[INFO] TBE(3205481,python):2025-06-19-16:18:22.638.316 [../../../../../../latest/python/site-packages/tbe/common/register/fusion_pass_mgr.py:114][decorator] Fusion pass[trans_shape_fully_connection] of op type[FullyConnection] op pattern[None] stage[InvokeStage.STAGE_BUILD] priority[Priority.NORMAL] has been registered.
[INFO] TBE(3205481,python):2025-06-19-16:18:22.638.348 [../../../../../../latest/python/site-packages/tbe/common/register/fusion_pass_mgr.py:114][decorator] Fusion pass[trans_shape_fully_connection_compress] of op type[FullyConnectionCompress] op pattern[None] stage[InvokeStage.STAGE_BUILD] priority[Priority.NORMAL] has been registered.
[INFO] TBE(3205481,python):2025-06-19-16:18:22.638.499 [../../../../../../latest/python/site-packages/tbe/common/register/fusion_pass_mgr.py:114][decorator] Fusion pass[trans_matmul_bias_shape] of op type[MatMulV2] op pattern[None] stage[InvokeStage.STAGE_BUILD] priority[Priority.NORMAL] has been registered.
[INFO] TBE(3205481,python):2025-06-19-16:18:22.638.528 [../../../../../../latest/python/site-packages/tbe/common/register/fusion_pass_mgr.py:114][decorator] Fusion pass[trans_matmul_bias_shape] of op type[MatMul] op pattern[None] stage[InvokeStage.STAGE_BUILD] priority[Priority.NORMAL] has been registered.
[INFO] TBE(3205481,python):2025-06-19-16:18:22.638.557 [../../../../../../latest/python/site-packages/tbe/common/register/fusion_pass_mgr.py:114][decorator] Fusion pass[trans_matmulcompress_bias_shape] of op type[MatMulV2Compress] op pattern[None] stage[InvokeStage.STAGE_BUILD] priority[Priority.NORMAL] has been registered.
[INFO] TBE(3205481,python):2025-06-19-16:18:22.638.584 [../../../../../../latest/python/site-packages/tbe/common/register/fusion_pass_mgr.py:114][decorator] Fusion pass[trans_batch_matmul_shape] of op type[BatchMatMulV2] op pattern[None] stage[InvokeStage.STAGE_BUILD] priority[Priority.NORMAL] has been registered.
[INFO] TBE(3205481,python):2025-06-19-16:18:22.638.610 [../../../../../../latest/python/site-packages/tbe/common/register/fusion_pass_mgr.py:114][decorator] Fusion pass[trans_batch_matmul_shape] of op type[BatchMatMul] op pattern[None] stage[InvokeStage.STAGE_BUILD] priority[Priority.NORMAL] has been registered.
[INFO] TBE(3205481,python):2025-06-19-16:18:22.638.637 [../../../../../../latest/python/site-packages/tbe/common/register/fusion_pass_mgr.py:114][decorator] Fusion pass[trans_shape_transdata_fixpipe] of op type[None] op pattern[BatchMatmul] stage[InvokeStage.STAGE_BUILD] priority[Priority.NORMAL] has been registered.
[WARNING] TBE(3205481,python):2025-06-19-16:18:22.687.183 [../../../../../../latest/python/site-packages/te/platform/cce_policy.py:50][OpImplPolicy] te.platform.cce_policy.OpImplPolicy is deprecated, use te_fusion.fusion_util.OpImplPolicy instead.
[DEBUG] TBE(3205481,python):2025-06-19-16:18:22.980.809 [../../../../../../latest/python/site-packages/tbe/common/rl_bank/rl_op_filter.py:287][_is_tune_all_op] RL filter info: is_tune_all_op: False
[INFO] TBE(3205481,python):2025-06-19-16:18:23.054.128 [../../../../../../latest/python/site-packages/tbe/common/rl_bank/dynamic_op_filter.py:373][_need_to_tune_all_op] Auto search dynamic filter info: tune_all_op is False.
[INFO] TBE(3205481,python):2025-06-19-16:18:23.073.345 [../../../../../../latest/python/site-packages/tbe/common/repository_manager/utils/repository_manager_log.py:30][log] [../../../../../../latest/python/site-packages/tbe/common/repository_manager/route.py:266][repository_manager] task_distribute process[3205481] running!
