[DEBUG] DRV(3205483,python):2025-06-19-16:18:22.045.076 [hdc_client.c:130][ascend][curpid:3205483,3205483][drv][hdc][drvHdcClientCreate]Create client success.
[DEBUG] FE(3205483,python):2025-06-19-16:18:22.352.046 [platform_infos_lite_impl.cpp:305]3205483 InitializeSingleNormal:"Cannot find key CounterWorkspaceSize in old platform infos, label DSARandom."
[DEBUG] FE(3205483,python):2025-06-19-16:18:22.352.057 [platform_infos_lite_impl.cpp:305]3205483 InitializeSingleNormal:"Cannot find key jit_compile_mode in old platform infos, label SoftwareSpec."
[DEBUG] FE(3205483,python):2025-06-19-16:18:22.352.143 [platform_info.cpp:855]3205483 AssemblePlatformInfoVector:"The platform info os soc version[Ascend031] has been initialized."
[DEBUG] FE(3205483,python):2025-06-19-16:18:22.352.556 [platform_infos_lite_impl.cpp:305]3205483 InitializeSingleNormal:"Cannot find key ddr_rate in old platform infos, label AICoreMemoryRates."
[DEBUG] FE(3205483,python):2025-06-19-16:18:22.352.562 [platform_infos_lite_impl.cpp:305]3205483 InitializeSingleNormal:"Cannot find key CounterWorkspaceSize in old platform infos, label DSARandom."
[DEBUG] FE(3205483,python):2025-06-19-16:18:22.352.566 [platform_infos_lite_impl.cpp:305]3205483 InitializeSingleNormal:"Cannot find key jit_compile_mode in old platform infos, label SoftwareSpec."
[DEBUG] FE(3205483,python):2025-06-19-16:18:22.352.568 [platform_infos_lite_impl.cpp:305]3205483 InitializeSingleNormal:"Cannot find key ddr_rate in old platform infos, label VectorCoreMemoryRates."
[DEBUG] FE(3205483,python):2025-06-19-16:18:22.352.570 [platform_infos_lite_impl.cpp:305]3205483 InitializeSingleNormal:"Cannot find key vec_freq in old platform infos, label VectorCoreSpec."
[DEBUG] FE(3205483,python):2025-06-19-16:18:22.352.587 [platform_info.cpp:855]3205483 AssemblePlatformInfoVector:"The platform info os soc version[Ascend035] has been initialized."
[DEBUG] FE(3205483,python):2025-06-19-16:18:22.352.973 [platform_infos_lite_impl.cpp:305]3205483 InitializeSingleNormal:"Cannot find key ddr_rate in old platform infos, label AICoreMemoryRates."
[DEBUG] FE(3205483,python):2025-06-19-16:18:22.352.979 [platform_infos_lite_impl.cpp:305]3205483 InitializeSingleNormal:"Cannot find key CounterWorkspaceSize in old platform infos, label DSARandom."
[DEBUG] FE(3205483,python):2025-06-19-16:18:22.352.983 [platform_infos_lite_impl.cpp:305]3205483 InitializeSingleNormal:"Cannot find key jit_compile_mode in old platform infos, label SoftwareSpec."
[DEBUG] FE(3205483,python):2025-06-19-16:18:22.352.985 [platform_infos_lite_impl.cpp:305]3205483 InitializeSingleNormal:"Cannot find key ddr_rate in old platform infos, label VectorCoreMemoryRates."
[DEBUG] FE(3205483,python):2025-06-19-16:18:22.352.987 [platform_infos_lite_impl.cpp:305]3205483 InitializeSingleNormal:"Cannot find key vec_freq in old platform infos, label VectorCoreSpec."
[DEBUG] FE(3205483,python):2025-06-19-16:18:22.353.004 [platform_info.cpp:855]3205483 AssemblePlatformInfoVector:"The platform info os soc version[Ascend035A] has been initialized."
[DEBUG] FE(3205483,python):2025-06-19-16:18:22.353.384 [platform_infos_lite_impl.cpp:305]3205483 InitializeSingleNormal:"Cannot find key ddr_rate in old platform infos, label AICoreMemoryRates."
[DEBUG] FE(3205483,python):2025-06-19-16:18:22.353.389 [platform_infos_lite_impl.cpp:305]3205483 InitializeSingleNormal:"Cannot find key CounterWorkspaceSize in old platform infos, label DSARandom."
[DEBUG] FE(3205483,python):2025-06-19-16:18:22.353.392 [platform_infos_lite_impl.cpp:305]3205483 InitializeSingleNormal:"Cannot find key jit_compile_mode in old platform infos, label SoftwareSpec."
[DEBUG] FE(3205483,python):2025-06-19-16:18:22.353.394 [platform_infos_lite_impl.cpp:305]3205483 InitializeSingleNormal:"Cannot find key ddr_rate in old platform infos, label VectorCoreMemoryRates."
[DEBUG] FE(3205483,python):2025-06-19-16:18:22.353.396 [platform_infos_lite_impl.cpp:305]3205483 InitializeSingleNormal:"Cannot find key vec_freq in old platform infos, label VectorCoreSpec."
[DEBUG] FE(3205483,python):2025-06-19-16:18:22.353.413 [platform_info.cpp:855]3205483 AssemblePlatformInfoVector:"The platform info os soc version[Ascend035B] has been initialized."
[DEBUG] FE(3205483,python):2025-06-19-16:18:22.353.863 [platform_infos_lite_impl.cpp:305]3205483 InitializeSingleNormal:"Cannot find key CounterWorkspaceSize in old platform infos, label DSARandom."
[DEBUG] FE(3205483,python):2025-06-19-16:18:22.353.867 [platform_infos_lite_impl.cpp:305]3205483 InitializeSingleNormal:"Cannot find key jit_compile_mode in old platform infos, label SoftwareSpec."
[DEBUG] FE(3205483,python):2025-06-19-16:18:22.353.869 [platform_infos_lite_impl.cpp:305]3205483 InitializeSingleNormal:"Cannot find key ddr_rate in old platform infos, label VectorCoreMemoryRates."
[DEBUG] FE(3205483,python):2025-06-19-16:18:22.353.871 [platform_infos_lite_impl.cpp:305]3205483 InitializeSingleNormal:"Cannot find key vec_freq in old platform infos, label VectorCoreSpec."
[DEBUG] FE(3205483,python):2025-06-19-16:18:22.353.901 [platform_info.cpp:855]3205483 AssemblePlatformInfoVector:"The platform info os soc version[Ascend310] has been initialized."
[DEBUG] FE(3205483,python):2025-06-19-16:18:22.356.213 [platform_infos_lite_impl.cpp:305]3205483 InitializeSingleNormal:"Cannot find key CounterWorkspaceSize in old platform infos, label DSARandom."
[DEBUG] FE(3205483,python):2025-06-19-16:18:22.356.220 [platform_infos_lite_impl.cpp:305]3205483 InitializeSingleNormal:"Cannot find key jit_compile_mode in old platform infos, label SoftwareSpec."
[DEBUG] FE(3205483,python):2025-06-19-16:18:22.356.336 [platform_info.cpp:855]3205483 AssemblePlatformInfoVector:"The platform info os soc version[Ascend310B1] has been initialized."
[DEBUG] FE(3205483,python):2025-06-19-16:18:22.358.625 [platform_infos_lite_impl.cpp:305]3205483 InitializeSingleNormal:"Cannot find key CounterWorkspaceSize in old platform infos, label DSARandom."
[DEBUG] FE(3205483,python):2025-06-19-16:18:22.358.630 [platform_infos_lite_impl.cpp:305]3205483 InitializeSingleNormal:"Cannot find key jit_compile_mode in old platform infos, label SoftwareSpec."
[DEBUG] FE(3205483,python):2025-06-19-16:18:22.358.732 [platform_info.cpp:855]3205483 AssemblePlatformInfoVector:"The platform info os soc version[Ascend310B2] has been initialized."
[DEBUG] FE(3205483,python):2025-06-19-16:18:22.361.022 [platform_infos_lite_impl.cpp:305]3205483 InitializeSingleNormal:"Cannot find key CounterWorkspaceSize in old platform infos, label DSARandom."
[DEBUG] FE(3205483,python):2025-06-19-16:18:22.361.028 [platform_infos_lite_impl.cpp:305]3205483 InitializeSingleNormal:"Cannot find key jit_compile_mode in old platform infos, label SoftwareSpec."
[DEBUG] FE(3205483,python):2025-06-19-16:18:22.361.130 [platform_info.cpp:855]3205483 AssemblePlatformInfoVector:"The platform info os soc version[Ascend310B3] has been initialized."
[DEBUG] FE(3205483,python):2025-06-19-16:18:22.363.426 [platform_infos_lite_impl.cpp:305]3205483 InitializeSingleNormal:"Cannot find key CounterWorkspaceSize in old platform infos, label DSARandom."
[DEBUG] FE(3205483,python):2025-06-19-16:18:22.363.431 [platform_infos_lite_impl.cpp:305]3205483 InitializeSingleNormal:"Cannot find key jit_compile_mode in old platform infos, label SoftwareSpec."
[DEBUG] FE(3205483,python):2025-06-19-16:18:22.363.534 [platform_info.cpp:855]3205483 AssemblePlatformInfoVector:"The platform info os soc version[Ascend310B4] has been initialized."
[DEBUG] FE(3205483,python):2025-06-19-16:18:22.365.820 [platform_infos_lite_impl.cpp:305]3205483 InitializeSingleNormal:"Cannot find key CounterWorkspaceSize in old platform infos, label DSARandom."
[DEBUG] FE(3205483,python):2025-06-19-16:18:22.365.826 [platform_infos_lite_impl.cpp:305]3205483 InitializeSingleNormal:"Cannot find key jit_compile_mode in old platform infos, label SoftwareSpec."
[DEBUG] FE(3205483,python):2025-06-19-16:18:22.365.927 [platform_info.cpp:855]3205483 AssemblePlatformInfoVector:"The platform info os soc version[AS31XM1X] has been initialized."
[DEBUG] FE(3205483,python):2025-06-19-16:18:22.367.106 [platform_infos_lite_impl.cpp:305]3205483 InitializeSingleNormal:"Cannot find key CounterWorkspaceSize in old platform infos, label DSARandom."
[DEBUG] FE(3205483,python):2025-06-19-16:18:22.367.111 [platform_infos_lite_impl.cpp:305]3205483 InitializeSingleNormal:"Cannot find key jit_compile_mode in old platform infos, label SoftwareSpec."
[DEBUG] FE(3205483,python):2025-06-19-16:18:22.367.177 [platform_info.cpp:855]3205483 AssemblePlatformInfoVector:"The platform info os soc version[Ascend610] has been initialized."
[DEBUG] FE(3205483,python):2025-06-19-16:18:22.368.465 [platform_infos_lite_impl.cpp:305]3205483 InitializeSingleNormal:"Cannot find key CounterWorkspaceSize in old platform infos, label DSARandom."
[DEBUG] FE(3205483,python):2025-06-19-16:18:22.368.470 [platform_infos_lite_impl.cpp:305]3205483 InitializeSingleNormal:"Cannot find key jit_compile_mode in old platform infos, label SoftwareSpec."
[DEBUG] FE(3205483,python):2025-06-19-16:18:22.368.472 [platform_infos_lite_impl.cpp:305]3205483 InitializeSingleNormal:"Cannot find key ddr_rate in old platform infos, label VectorCoreMemoryRates."
[DEBUG] FE(3205483,python):2025-06-19-16:18:22.368.474 [platform_infos_lite_impl.cpp:305]3205483 InitializeSingleNormal:"Cannot find key vec_freq in old platform infos, label VectorCoreSpec."
[DEBUG] FE(3205483,python):2025-06-19-16:18:22.368.532 [platform_info.cpp:855]3205483 AssemblePlatformInfoVector:"The platform info os soc version[Ascend610Lite] has been initialized."
[DEBUG] FE(3205483,python):2025-06-19-16:18:22.369.815 [platform_infos_lite_impl.cpp:305]3205483 InitializeSingleNormal:"Cannot find key CounterWorkspaceSize in old platform infos, label DSARandom."
[DEBUG] FE(3205483,python):2025-06-19-16:18:22.369.819 [platform_infos_lite_impl.cpp:305]3205483 InitializeSingleNormal:"Cannot find key jit_compile_mode in old platform infos, label SoftwareSpec."
[DEBUG] FE(3205483,python):2025-06-19-16:18:22.369.821 [platform_infos_lite_impl.cpp:305]3205483 InitializeSingleNormal:"Cannot find key ddr_rate in old platform infos, label VectorCoreMemoryRates."
[DEBUG] FE(3205483,python):2025-06-19-16:18:22.369.823 [platform_infos_lite_impl.cpp:305]3205483 InitializeSingleNormal:"Cannot find key vec_freq in old platform infos, label VectorCoreSpec."
[DEBUG] FE(3205483,python):2025-06-19-16:18:22.369.880 [platform_info.cpp:855]3205483 AssemblePlatformInfoVector:"The platform info os soc version[BS9SX2AA] has been initialized."
[DEBUG] FE(3205483,python):2025-06-19-16:18:22.371.154 [platform_infos_lite_impl.cpp:305]3205483 InitializeSingleNormal:"Cannot find key CounterWorkspaceSize in old platform infos, label DSARandom."
[DEBUG] FE(3205483,python):2025-06-19-16:18:22.371.159 [platform_infos_lite_impl.cpp:305]3205483 InitializeSingleNormal:"Cannot find key jit_compile_mode in old platform infos, label SoftwareSpec."
[DEBUG] FE(3205483,python):2025-06-19-16:18:22.371.161 [platform_infos_lite_impl.cpp:305]3205483 InitializeSingleNormal:"Cannot find key ddr_rate in old platform infos, label VectorCoreMemoryRates."
[DEBUG] FE(3205483,python):2025-06-19-16:18:22.371.162 [platform_infos_lite_impl.cpp:305]3205483 InitializeSingleNormal:"Cannot find key vec_freq in old platform infos, label VectorCoreSpec."
[DEBUG] FE(3205483,python):2025-06-19-16:18:22.371.220 [platform_info.cpp:855]3205483 AssemblePlatformInfoVector:"The platform info os soc version[BS9SX2AB] has been initialized."
[DEBUG] FE(3205483,python):2025-06-19-16:18:22.372.504 [platform_infos_lite_impl.cpp:305]3205483 InitializeSingleNormal:"Cannot find key CounterWorkspaceSize in old platform infos, label DSARandom."
[DEBUG] FE(3205483,python):2025-06-19-16:18:22.372.509 [platform_infos_lite_impl.cpp:305]3205483 InitializeSingleNormal:"Cannot find key jit_compile_mode in old platform infos, label SoftwareSpec."
[DEBUG] FE(3205483,python):2025-06-19-16:18:22.372.510 [platform_infos_lite_impl.cpp:305]3205483 InitializeSingleNormal:"Cannot find key ddr_rate in old platform infos, label VectorCoreMemoryRates."
[DEBUG] FE(3205483,python):2025-06-19-16:18:22.372.512 [platform_infos_lite_impl.cpp:305]3205483 InitializeSingleNormal:"Cannot find key vec_freq in old platform infos, label VectorCoreSpec."
[DEBUG] FE(3205483,python):2025-06-19-16:18:22.372.569 [platform_info.cpp:855]3205483 AssemblePlatformInfoVector:"The platform info os soc version[MC61AM21AA] has been initialized."
[DEBUG] FE(3205483,python):2025-06-19-16:18:22.373.831 [platform_infos_lite_impl.cpp:305]3205483 InitializeSingleNormal:"Cannot find key CounterWorkspaceSize in old platform infos, label DSARandom."
[DEBUG] FE(3205483,python):2025-06-19-16:18:22.373.836 [platform_infos_lite_impl.cpp:305]3205483 InitializeSingleNormal:"Cannot find key jit_compile_mode in old platform infos, label SoftwareSpec."
[DEBUG] FE(3205483,python):2025-06-19-16:18:22.373.838 [platform_infos_lite_impl.cpp:305]3205483 InitializeSingleNormal:"Cannot find key ddr_rate in old platform infos, label VectorCoreMemoryRates."
[DEBUG] FE(3205483,python):2025-06-19-16:18:22.373.839 [platform_infos_lite_impl.cpp:305]3205483 InitializeSingleNormal:"Cannot find key vec_freq in old platform infos, label VectorCoreSpec."
[DEBUG] FE(3205483,python):2025-06-19-16:18:22.373.896 [platform_info.cpp:855]3205483 AssemblePlatformInfoVector:"The platform info os soc version[MC61AM21AB] has been initialized."
[DEBUG] FE(3205483,python):2025-06-19-16:18:22.375.377 [platform_infos_lite_impl.cpp:305]3205483 InitializeSingleNormal:"Cannot find key CounterWorkspaceSize in old platform infos, label DSARandom."
[DEBUG] FE(3205483,python):2025-06-19-16:18:22.375.381 [platform_infos_lite_impl.cpp:305]3205483 InitializeSingleNormal:"Cannot find key jit_compile_mode in old platform infos, label SoftwareSpec."
[DEBUG] FE(3205483,python):2025-06-19-16:18:22.375.457 [platform_info.cpp:855]3205483 AssemblePlatformInfoVector:"The platform info os soc version[BS9SX1AA] has been initialized."
[DEBUG] FE(3205483,python):2025-06-19-16:18:22.376.930 [platform_infos_lite_impl.cpp:305]3205483 InitializeSingleNormal:"Cannot find key CounterWorkspaceSize in old platform infos, label DSARandom."
[DEBUG] FE(3205483,python):2025-06-19-16:18:22.376.934 [platform_infos_lite_impl.cpp:305]3205483 InitializeSingleNormal:"Cannot find key jit_compile_mode in old platform infos, label SoftwareSpec."
[DEBUG] FE(3205483,python):2025-06-19-16:18:22.377.010 [platform_info.cpp:855]3205483 AssemblePlatformInfoVector:"The platform info os soc version[BS9SX1AB] has been initialized."
[DEBUG] FE(3205483,python):2025-06-19-16:18:22.378.482 [platform_infos_lite_impl.cpp:305]3205483 InitializeSingleNormal:"Cannot find key CounterWorkspaceSize in old platform infos, label DSARandom."
[DEBUG] FE(3205483,python):2025-06-19-16:18:22.378.487 [platform_infos_lite_impl.cpp:305]3205483 InitializeSingleNormal:"Cannot find key jit_compile_mode in old platform infos, label SoftwareSpec."
[DEBUG] FE(3205483,python):2025-06-19-16:18:22.378.562 [platform_info.cpp:855]3205483 AssemblePlatformInfoVector:"The platform info os soc version[BS9SX1AC] has been initialized."
[DEBUG] FE(3205483,python):2025-06-19-16:18:22.379.702 [platform_infos_lite_impl.cpp:305]3205483 InitializeSingleNormal:"Cannot find key CounterWorkspaceSize in old platform infos, label DSARandom."
[DEBUG] FE(3205483,python):2025-06-19-16:18:22.379.707 [platform_infos_lite_impl.cpp:305]3205483 InitializeSingleNormal:"Cannot find key jit_compile_mode in old platform infos, label SoftwareSpec."
[DEBUG] FE(3205483,python):2025-06-19-16:18:22.379.770 [platform_info.cpp:855]3205483 AssemblePlatformInfoVector:"The platform info os soc version[Ascend310P3] has been initialized."
[DEBUG] FE(3205483,python):2025-06-19-16:18:22.380.880 [platform_infos_lite_impl.cpp:305]3205483 InitializeSingleNormal:"Cannot find key CounterWorkspaceSize in old platform infos, label DSARandom."
[DEBUG] FE(3205483,python):2025-06-19-16:18:22.380.885 [platform_infos_lite_impl.cpp:305]3205483 InitializeSingleNormal:"Cannot find key jit_compile_mode in old platform infos, label SoftwareSpec."
[DEBUG] FE(3205483,python):2025-06-19-16:18:22.380.949 [platform_info.cpp:855]3205483 AssemblePlatformInfoVector:"The platform info os soc version[Ascend310P1] has been initialized."
[DEBUG] FE(3205483,python):2025-06-19-16:18:22.381.480 [platform_infos_lite_impl.cpp:305]3205483 InitializeSingleNormal:"Cannot find key CounterWorkspaceSize in old platform infos, label DSARandom."
[DEBUG] FE(3205483,python):2025-06-19-16:18:22.381.485 [platform_infos_lite_impl.cpp:305]3205483 InitializeSingleNormal:"Cannot find key jit_compile_mode in old platform infos, label SoftwareSpec."
[DEBUG] FE(3205483,python):2025-06-19-16:18:22.381.487 [platform_infos_lite_impl.cpp:305]3205483 InitializeSingleNormal:"Cannot find key ddr_rate in old platform infos, label VectorCoreMemoryRates."
[DEBUG] FE(3205483,python):2025-06-19-16:18:22.381.488 [platform_infos_lite_impl.cpp:305]3205483 InitializeSingleNormal:"Cannot find key vec_freq in old platform infos, label VectorCoreSpec."
[DEBUG] FE(3205483,python):2025-06-19-16:18:22.381.521 [platform_info.cpp:855]3205483 AssemblePlatformInfoVector:"The platform info os soc version[Ascend910A] has been initialized."
[DEBUG] FE(3205483,python):2025-06-19-16:18:22.382.014 [platform_infos_lite_impl.cpp:305]3205483 InitializeSingleNormal:"Cannot find key CounterWorkspaceSize in old platform infos, label DSARandom."
[DEBUG] FE(3205483,python):2025-06-19-16:18:22.382.018 [platform_infos_lite_impl.cpp:305]3205483 InitializeSingleNormal:"Cannot find key jit_compile_mode in old platform infos, label SoftwareSpec."
[DEBUG] FE(3205483,python):2025-06-19-16:18:22.382.020 [platform_infos_lite_impl.cpp:305]3205483 InitializeSingleNormal:"Cannot find key ddr_rate in old platform infos, label VectorCoreMemoryRates."
[DEBUG] FE(3205483,python):2025-06-19-16:18:22.382.022 [platform_infos_lite_impl.cpp:305]3205483 InitializeSingleNormal:"Cannot find key vec_freq in old platform infos, label VectorCoreSpec."
[DEBUG] FE(3205483,python):2025-06-19-16:18:22.382.054 [platform_info.cpp:855]3205483 AssemblePlatformInfoVector:"The platform info os soc version[Ascend910B] has been initialized."
[DEBUG] FE(3205483,python):2025-06-19-16:18:22.382.550 [platform_infos_lite_impl.cpp:305]3205483 InitializeSingleNormal:"Cannot find key CounterWorkspaceSize in old platform infos, label DSARandom."
[DEBUG] FE(3205483,python):2025-06-19-16:18:22.382.554 [platform_infos_lite_impl.cpp:305]3205483 InitializeSingleNormal:"Cannot find key jit_compile_mode in old platform infos, label SoftwareSpec."
[DEBUG] FE(3205483,python):2025-06-19-16:18:22.382.556 [platform_infos_lite_impl.cpp:305]3205483 InitializeSingleNormal:"Cannot find key ddr_rate in old platform infos, label VectorCoreMemoryRates."
[DEBUG] FE(3205483,python):2025-06-19-16:18:22.382.558 [platform_infos_lite_impl.cpp:305]3205483 InitializeSingleNormal:"Cannot find key vec_freq in old platform infos, label VectorCoreSpec."
[DEBUG] FE(3205483,python):2025-06-19-16:18:22.382.588 [platform_info.cpp:855]3205483 AssemblePlatformInfoVector:"The platform info os soc version[Ascend910PremiumA] has been initialized."
[DEBUG] FE(3205483,python):2025-06-19-16:18:22.383.086 [platform_infos_lite_impl.cpp:305]3205483 InitializeSingleNormal:"Cannot find key CounterWorkspaceSize in old platform infos, label DSARandom."
[DEBUG] FE(3205483,python):2025-06-19-16:18:22.383.090 [platform_infos_lite_impl.cpp:305]3205483 InitializeSingleNormal:"Cannot find key jit_compile_mode in old platform infos, label SoftwareSpec."
[DEBUG] FE(3205483,python):2025-06-19-16:18:22.383.092 [platform_infos_lite_impl.cpp:305]3205483 InitializeSingleNormal:"Cannot find key ddr_rate in old platform infos, label VectorCoreMemoryRates."
[DEBUG] FE(3205483,python):2025-06-19-16:18:22.383.093 [platform_infos_lite_impl.cpp:305]3205483 InitializeSingleNormal:"Cannot find key vec_freq in old platform infos, label VectorCoreSpec."
[DEBUG] FE(3205483,python):2025-06-19-16:18:22.383.123 [platform_info.cpp:855]3205483 AssemblePlatformInfoVector:"The platform info os soc version[Ascend910ProA] has been initialized."
[DEBUG] FE(3205483,python):2025-06-19-16:18:22.383.606 [platform_infos_lite_impl.cpp:305]3205483 InitializeSingleNormal:"Cannot find key CounterWorkspaceSize in old platform infos, label DSARandom."
[DEBUG] FE(3205483,python):2025-06-19-16:18:22.383.610 [platform_infos_lite_impl.cpp:305]3205483 InitializeSingleNormal:"Cannot find key jit_compile_mode in old platform infos, label SoftwareSpec."
[DEBUG] FE(3205483,python):2025-06-19-16:18:22.383.612 [platform_infos_lite_impl.cpp:305]3205483 InitializeSingleNormal:"Cannot find key ddr_rate in old platform infos, label VectorCoreMemoryRates."
[DEBUG] FE(3205483,python):2025-06-19-16:18:22.383.614 [platform_infos_lite_impl.cpp:305]3205483 InitializeSingleNormal:"Cannot find key vec_freq in old platform infos, label VectorCoreSpec."
[DEBUG] FE(3205483,python):2025-06-19-16:18:22.383.644 [platform_info.cpp:855]3205483 AssemblePlatformInfoVector:"The platform info os soc version[Ascend910ProB] has been initialized."
[DEBUG] FE(3205483,python):2025-06-19-16:18:22.384.614 [platform_infos_lite_impl.cpp:305]3205483 InitializeSingleNormal:"Cannot find key jit_compile_default_value in old platform infos, label SoftwareSpec."
[DEBUG] FE(3205483,python):2025-06-19-16:18:22.384.616 [platform_infos_lite_impl.cpp:305]3205483 InitializeSingleNormal:"Cannot find key jit_compile_mode in old platform infos, label SoftwareSpec."
[DEBUG] FE(3205483,python):2025-06-19-16:18:22.384.618 [platform_infos_lite_impl.cpp:305]3205483 InitializeSingleNormal:"Cannot find key ddr_rate in old platform infos, label VectorCoreMemoryRates."
[DEBUG] FE(3205483,python):2025-06-19-16:18:22.384.620 [platform_infos_lite_impl.cpp:305]3205483 InitializeSingleNormal:"Cannot find key vec_freq in old platform infos, label VectorCoreSpec."
[DEBUG] FE(3205483,python):2025-06-19-16:18:22.384.680 [platform_info.cpp:855]3205483 AssemblePlatformInfoVector:"The platform info os soc version[Ascend910B1] has been initialized."
[DEBUG] FE(3205483,python):2025-06-19-16:18:22.385.637 [platform_infos_lite_impl.cpp:305]3205483 InitializeSingleNormal:"Cannot find key jit_compile_default_value in old platform infos, label SoftwareSpec."
[DEBUG] FE(3205483,python):2025-06-19-16:18:22.385.639 [platform_infos_lite_impl.cpp:305]3205483 InitializeSingleNormal:"Cannot find key jit_compile_mode in old platform infos, label SoftwareSpec."
[DEBUG] FE(3205483,python):2025-06-19-16:18:22.385.641 [platform_infos_lite_impl.cpp:305]3205483 InitializeSingleNormal:"Cannot find key ddr_rate in old platform infos, label VectorCoreMemoryRates."
[DEBUG] FE(3205483,python):2025-06-19-16:18:22.385.643 [platform_infos_lite_impl.cpp:305]3205483 InitializeSingleNormal:"Cannot find key vec_freq in old platform infos, label VectorCoreSpec."
[DEBUG] FE(3205483,python):2025-06-19-16:18:22.385.700 [platform_info.cpp:855]3205483 AssemblePlatformInfoVector:"The platform info os soc version[Ascend910B2] has been initialized."
[DEBUG] FE(3205483,python):2025-06-19-16:18:22.386.662 [platform_infos_lite_impl.cpp:305]3205483 InitializeSingleNormal:"Cannot find key jit_compile_default_value in old platform infos, label SoftwareSpec."
[DEBUG] FE(3205483,python):2025-06-19-16:18:22.386.664 [platform_infos_lite_impl.cpp:305]3205483 InitializeSingleNormal:"Cannot find key jit_compile_mode in old platform infos, label SoftwareSpec."
[DEBUG] FE(3205483,python):2025-06-19-16:18:22.386.666 [platform_infos_lite_impl.cpp:305]3205483 InitializeSingleNormal:"Cannot find key ddr_rate in old platform infos, label VectorCoreMemoryRates."
[DEBUG] FE(3205483,python):2025-06-19-16:18:22.386.668 [platform_infos_lite_impl.cpp:305]3205483 InitializeSingleNormal:"Cannot find key vec_freq in old platform infos, label VectorCoreSpec."
[DEBUG] FE(3205483,python):2025-06-19-16:18:22.386.725 [platform_info.cpp:855]3205483 AssemblePlatformInfoVector:"The platform info os soc version[Ascend910B3] has been initialized."
[DEBUG] FE(3205483,python):2025-06-19-16:18:22.387.675 [platform_infos_lite_impl.cpp:305]3205483 InitializeSingleNormal:"Cannot find key jit_compile_default_value in old platform infos, label SoftwareSpec."
[DEBUG] FE(3205483,python):2025-06-19-16:18:22.387.676 [platform_infos_lite_impl.cpp:305]3205483 InitializeSingleNormal:"Cannot find key jit_compile_mode in old platform infos, label SoftwareSpec."
[DEBUG] FE(3205483,python):2025-06-19-16:18:22.387.678 [platform_infos_lite_impl.cpp:305]3205483 InitializeSingleNormal:"Cannot find key ddr_rate in old platform infos, label VectorCoreMemoryRates."
[DEBUG] FE(3205483,python):2025-06-19-16:18:22.387.680 [platform_infos_lite_impl.cpp:305]3205483 InitializeSingleNormal:"Cannot find key vec_freq in old platform infos, label VectorCoreSpec."
[DEBUG] FE(3205483,python):2025-06-19-16:18:22.387.735 [platform_info.cpp:855]3205483 AssemblePlatformInfoVector:"The platform info os soc version[Ascend910B4] has been initialized."
[DEBUG] FE(3205483,python):2025-06-19-16:18:22.388.692 [platform_infos_lite_impl.cpp:305]3205483 InitializeSingleNormal:"Cannot find key jit_compile_default_value in old platform infos, label SoftwareSpec."
[DEBUG] FE(3205483,python):2025-06-19-16:18:22.388.693 [platform_infos_lite_impl.cpp:305]3205483 InitializeSingleNormal:"Cannot find key jit_compile_mode in old platform infos, label SoftwareSpec."
[DEBUG] FE(3205483,python):2025-06-19-16:18:22.388.695 [platform_infos_lite_impl.cpp:305]3205483 InitializeSingleNormal:"Cannot find key ddr_rate in old platform infos, label VectorCoreMemoryRates."
[DEBUG] FE(3205483,python):2025-06-19-16:18:22.388.697 [platform_infos_lite_impl.cpp:305]3205483 InitializeSingleNormal:"Cannot find key vec_freq in old platform infos, label VectorCoreSpec."
[DEBUG] FE(3205483,python):2025-06-19-16:18:22.388.754 [platform_info.cpp:855]3205483 AssemblePlatformInfoVector:"The platform info os soc version[Ascend910B4-1] has been initialized."
[WARNING] FE(3205483,python):2025-06-19-16:18:22.389.683 [platform_info.cpp:853]3205483 AssemblePlatformInfoVector:"Can not find soc info enum by Ascend910_9361."
[DEBUG] FE(3205483,python):2025-06-19-16:18:22.389.684 [platform_info.cpp:855]3205483 AssemblePlatformInfoVector:"The platform info os soc version[Ascend910_9361] has been initialized."
[DEBUG] FE(3205483,python):2025-06-19-16:18:22.390.636 [platform_infos_lite_impl.cpp:305]3205483 InitializeSingleNormal:"Cannot find key jit_compile_default_value in old platform infos, label SoftwareSpec."
[DEBUG] FE(3205483,python):2025-06-19-16:18:22.390.638 [platform_infos_lite_impl.cpp:305]3205483 InitializeSingleNormal:"Cannot find key jit_compile_mode in old platform infos, label SoftwareSpec."
[DEBUG] FE(3205483,python):2025-06-19-16:18:22.390.640 [platform_infos_lite_impl.cpp:305]3205483 InitializeSingleNormal:"Cannot find key ddr_rate in old platform infos, label VectorCoreMemoryRates."
[DEBUG] FE(3205483,python):2025-06-19-16:18:22.390.642 [platform_infos_lite_impl.cpp:305]3205483 InitializeSingleNormal:"Cannot find key vec_freq in old platform infos, label VectorCoreSpec."
[DEBUG] FE(3205483,python):2025-06-19-16:18:22.390.698 [platform_info.cpp:855]3205483 AssemblePlatformInfoVector:"The platform info os soc version[Ascend910_9372] has been initialized."
[DEBUG] FE(3205483,python):2025-06-19-16:18:22.391.660 [platform_infos_lite_impl.cpp:305]3205483 InitializeSingleNormal:"Cannot find key jit_compile_default_value in old platform infos, label SoftwareSpec."
[DEBUG] FE(3205483,python):2025-06-19-16:18:22.391.661 [platform_infos_lite_impl.cpp:305]3205483 InitializeSingleNormal:"Cannot find key jit_compile_mode in old platform infos, label SoftwareSpec."
[DEBUG] FE(3205483,python):2025-06-19-16:18:22.391.663 [platform_infos_lite_impl.cpp:305]3205483 InitializeSingleNormal:"Cannot find key ddr_rate in old platform infos, label VectorCoreMemoryRates."
[DEBUG] FE(3205483,python):2025-06-19-16:18:22.391.665 [platform_infos_lite_impl.cpp:305]3205483 InitializeSingleNormal:"Cannot find key vec_freq in old platform infos, label VectorCoreSpec."
[DEBUG] FE(3205483,python):2025-06-19-16:18:22.391.720 [platform_info.cpp:855]3205483 AssemblePlatformInfoVector:"The platform info os soc version[Ascend910_9381] has been initialized."
[WARNING] FE(3205483,python):2025-06-19-16:18:22.392.651 [platform_info.cpp:853]3205483 AssemblePlatformInfoVector:"Can not find soc info enum by Ascend910_9382."
[DEBUG] FE(3205483,python):2025-06-19-16:18:22.392.653 [platform_info.cpp:855]3205483 AssemblePlatformInfoVector:"The platform info os soc version[Ascend910_9382] has been initialized."
[DEBUG] FE(3205483,python):2025-06-19-16:18:22.393.601 [platform_infos_lite_impl.cpp:305]3205483 InitializeSingleNormal:"Cannot find key jit_compile_default_value in old platform infos, label SoftwareSpec."
[DEBUG] FE(3205483,python):2025-06-19-16:18:22.393.603 [platform_infos_lite_impl.cpp:305]3205483 InitializeSingleNormal:"Cannot find key jit_compile_mode in old platform infos, label SoftwareSpec."
[DEBUG] FE(3205483,python):2025-06-19-16:18:22.393.605 [platform_infos_lite_impl.cpp:305]3205483 InitializeSingleNormal:"Cannot find key ddr_rate in old platform infos, label VectorCoreMemoryRates."
[DEBUG] FE(3205483,python):2025-06-19-16:18:22.393.606 [platform_infos_lite_impl.cpp:305]3205483 InitializeSingleNormal:"Cannot find key vec_freq in old platform infos, label VectorCoreSpec."
[DEBUG] FE(3205483,python):2025-06-19-16:18:22.393.662 [platform_info.cpp:855]3205483 AssemblePlatformInfoVector:"The platform info os soc version[Ascend910_9391] has been initialized."
[WARNING] FE(3205483,python):2025-06-19-16:18:22.394.642 [platform_info.cpp:853]3205483 AssemblePlatformInfoVector:"Can not find soc info enum by Ascend910_9392."
[DEBUG] FE(3205483,python):2025-06-19-16:18:22.394.645 [platform_info.cpp:855]3205483 AssemblePlatformInfoVector:"The platform info os soc version[Ascend910_9392] has been initialized."
[DEBUG] FE(3205483,python):2025-06-19-16:18:22.395.609 [platform_infos_lite_impl.cpp:305]3205483 InitializeSingleNormal:"Cannot find key jit_compile_default_value in old platform infos, label SoftwareSpec."
[DEBUG] FE(3205483,python):2025-06-19-16:18:22.395.611 [platform_infos_lite_impl.cpp:305]3205483 InitializeSingleNormal:"Cannot find key jit_compile_mode in old platform infos, label SoftwareSpec."
[DEBUG] FE(3205483,python):2025-06-19-16:18:22.395.613 [platform_infos_lite_impl.cpp:305]3205483 InitializeSingleNormal:"Cannot find key ddr_rate in old platform infos, label VectorCoreMemoryRates."
[DEBUG] FE(3205483,python):2025-06-19-16:18:22.395.615 [platform_infos_lite_impl.cpp:305]3205483 InitializeSingleNormal:"Cannot find key vec_freq in old platform infos, label VectorCoreSpec."
[DEBUG] FE(3205483,python):2025-06-19-16:18:22.395.673 [platform_info.cpp:855]3205483 AssemblePlatformInfoVector:"The platform info os soc version[Ascend910B2C] has been initialized."
[DEBUG] FE(3205483,python):2025-06-19-16:18:22.396.232 [platform_infos_lite_impl.cpp:305]3205483 InitializeSingleNormal:"Cannot find key CounterWorkspaceSize in old platform infos, label DSARandom."
[DEBUG] FE(3205483,python):2025-06-19-16:18:22.396.236 [platform_infos_lite_impl.cpp:305]3205483 InitializeSingleNormal:"Cannot find key jit_compile_mode in old platform infos, label SoftwareSpec."
[DEBUG] FE(3205483,python):2025-06-19-16:18:22.396.238 [platform_infos_lite_impl.cpp:305]3205483 InitializeSingleNormal:"Cannot find key ddr_rate in old platform infos, label VectorCoreMemoryRates."
[DEBUG] FE(3205483,python):2025-06-19-16:18:22.396.240 [platform_infos_lite_impl.cpp:305]3205483 InitializeSingleNormal:"Cannot find key vec_freq in old platform infos, label VectorCoreSpec."
[DEBUG] FE(3205483,python):2025-06-19-16:18:22.396.274 [platform_info.cpp:855]3205483 AssemblePlatformInfoVector:"The platform info os soc version[Hi3796CV300CS] has been initialized."
[DEBUG] FE(3205483,python):2025-06-19-16:18:22.396.773 [platform_infos_lite_impl.cpp:305]3205483 InitializeSingleNormal:"Cannot find key CounterWorkspaceSize in old platform infos, label DSARandom."
[DEBUG] FE(3205483,python):2025-06-19-16:18:22.396.777 [platform_infos_lite_impl.cpp:305]3205483 InitializeSingleNormal:"Cannot find key jit_compile_mode in old platform infos, label SoftwareSpec."
[DEBUG] FE(3205483,python):2025-06-19-16:18:22.396.779 [platform_infos_lite_impl.cpp:305]3205483 InitializeSingleNormal:"Cannot find key ddr_rate in old platform infos, label VectorCoreMemoryRates."
[DEBUG] FE(3205483,python):2025-06-19-16:18:22.396.781 [platform_infos_lite_impl.cpp:305]3205483 InitializeSingleNormal:"Cannot find key vec_freq in old platform infos, label VectorCoreSpec."
[DEBUG] FE(3205483,python):2025-06-19-16:18:22.396.812 [platform_info.cpp:855]3205483 AssemblePlatformInfoVector:"The platform info os soc version[Hi3796CV300ES] has been initialized."
[DEBUG] FE(3205483,python):2025-06-19-16:18:22.397.353 [platform_infos_lite_impl.cpp:305]3205483 InitializeSingleNormal:"Cannot find key CounterWorkspaceSize in old platform infos, label DSARandom."
[DEBUG] FE(3205483,python):2025-06-19-16:18:22.397.356 [platform_infos_lite_impl.cpp:305]3205483 InitializeSingleNormal:"Cannot find key jit_compile_mode in old platform infos, label SoftwareSpec."
[DEBUG] FE(3205483,python):2025-06-19-16:18:22.397.358 [platform_infos_lite_impl.cpp:305]3205483 InitializeSingleNormal:"Cannot find key ddr_rate in old platform infos, label VectorCoreMemoryRates."
[DEBUG] FE(3205483,python):2025-06-19-16:18:22.397.360 [platform_infos_lite_impl.cpp:305]3205483 InitializeSingleNormal:"Cannot find key vec_freq in old platform infos, label VectorCoreSpec."
[DEBUG] FE(3205483,python):2025-06-19-16:18:22.397.395 [platform_info.cpp:855]3205483 AssemblePlatformInfoVector:"The platform info os soc version[SD3403] has been initialized."
[INFO] TBE(3205483,python):2025-06-19-16:18:22.594.598 [../../../../../../latest/python/site-packages/tbe/common/register/fusion_pass_mgr.py:59][decorator] Fusion pass[conv2d_data_rm_build_pass] of stage[InvokeStage.STAGE_BUILD] priority[Priority.NORMAL] has been registered.
[INFO] TBE(3205483,python):2025-06-19-16:18:22.594.769 [../../../../../../latest/python/site-packages/tbe/common/register/fusion_pass_mgr.py:114][decorator] Fusion pass[trans_shape_of_conv3d] of op type[Conv3D] op pattern[None] stage[InvokeStage.STAGE_BUILD] priority[Priority.NORMAL] has been registered.
[INFO] TBE(3205483,python):2025-06-19-16:18:22.594.810 [../../../../../../latest/python/site-packages/tbe/common/register/fusion_pass_mgr.py:59][decorator] Fusion pass[trans_shape_depthwise_conv2d] of stage[InvokeStage.STAGE_BUILD] priority[Priority.NORMAL] has been registered.
[INFO] TBE(3205483,python):2025-06-19-16:18:22.594.953 [../../../../../../latest/python/site-packages/tbe/common/register/fusion_pass_mgr.py:114][decorator] Fusion pass[trans_shape_for_elemwise] of op type[None] op pattern[ElemWise] stage[InvokeStage.STAGE_BUILD] priority[Priority.NORMAL] has been registered.
[INFO] TBE(3205483,python):2025-06-19-16:18:22.594.987 [../../../../../../latest/python/site-packages/tbe/common/register/fusion_pass_mgr.py:114][decorator] Fusion pass[trans_shape_for_broadcast] of op type[None] op pattern[Broadcast] stage[InvokeStage.STAGE_BUILD] priority[Priority.NORMAL] has been registered.
[INFO] TBE(3205483,python):2025-06-19-16:18:22.595.014 [../../../../../../latest/python/site-packages/tbe/common/register/fusion_pass_mgr.py:114][decorator] Fusion pass[trans_shape_of_biasadd] of op type[BiasAdd] op pattern[None] stage[InvokeStage.STAGE_BUILD] priority[Priority.NORMAL] has been registered.
[INFO] TBE(3205483,python):2025-06-19-16:18:22.595.042 [../../../../../../latest/python/site-packages/tbe/common/register/fusion_pass_mgr.py:114][decorator] Fusion pass[trans_shape_of_requant_s16] of op type[AscendRequantS16] op pattern[None] stage[InvokeStage.STAGE_BUILD] priority[Priority.NORMAL] has been registered.
[INFO] TBE(3205483,python):2025-06-19-16:18:22.595.067 [../../../../../../latest/python/site-packages/tbe/common/register/fusion_pass_mgr.py:114][decorator] Fusion pass[trans_shape_of_bninference] of op type[BNInferenceD] op pattern[None] stage[InvokeStage.STAGE_BUILD] priority[Priority.NORMAL] has been registered.
[INFO] TBE(3205483,python):2025-06-19-16:18:22.595.282 [../../../../../../latest/python/site-packages/tbe/common/register/fusion_pass_mgr.py:114][decorator] Fusion pass[trans_shape_fully_connection] of op type[FullyConnection] op pattern[None] stage[InvokeStage.STAGE_BUILD] priority[Priority.NORMAL] has been registered.
[INFO] TBE(3205483,python):2025-06-19-16:18:22.595.317 [../../../../../../latest/python/site-packages/tbe/common/register/fusion_pass_mgr.py:114][decorator] Fusion pass[trans_shape_fully_connection_compress] of op type[FullyConnectionCompress] op pattern[None] stage[InvokeStage.STAGE_BUILD] priority[Priority.NORMAL] has been registered.
[INFO] TBE(3205483,python):2025-06-19-16:18:22.595.470 [../../../../../../latest/python/site-packages/tbe/common/register/fusion_pass_mgr.py:114][decorator] Fusion pass[trans_matmul_bias_shape] of op type[MatMulV2] op pattern[None] stage[InvokeStage.STAGE_BUILD] priority[Priority.NORMAL] has been registered.
[INFO] TBE(3205483,python):2025-06-19-16:18:22.595.498 [../../../../../../latest/python/site-packages/tbe/common/register/fusion_pass_mgr.py:114][decorator] Fusion pass[trans_matmul_bias_shape] of op type[MatMul] op pattern[None] stage[InvokeStage.STAGE_BUILD] priority[Priority.NORMAL] has been registered.
[INFO] TBE(3205483,python):2025-06-19-16:18:22.595.528 [../../../../../../latest/python/site-packages/tbe/common/register/fusion_pass_mgr.py:114][decorator] Fusion pass[trans_matmulcompress_bias_shape] of op type[MatMulV2Compress] op pattern[None] stage[InvokeStage.STAGE_BUILD] priority[Priority.NORMAL] has been registered.
[INFO] TBE(3205483,python):2025-06-19-16:18:22.595.555 [../../../../../../latest/python/site-packages/tbe/common/register/fusion_pass_mgr.py:114][decorator] Fusion pass[trans_batch_matmul_shape] of op type[BatchMatMulV2] op pattern[None] stage[InvokeStage.STAGE_BUILD] priority[Priority.NORMAL] has been registered.
[INFO] TBE(3205483,python):2025-06-19-16:18:22.595.580 [../../../../../../latest/python/site-packages/tbe/common/register/fusion_pass_mgr.py:114][decorator] Fusion pass[trans_batch_matmul_shape] of op type[BatchMatMul] op pattern[None] stage[InvokeStage.STAGE_BUILD] priority[Priority.NORMAL] has been registered.
[INFO] TBE(3205483,python):2025-06-19-16:18:22.595.606 [../../../../../../latest/python/site-packages/tbe/common/register/fusion_pass_mgr.py:114][decorator] Fusion pass[trans_shape_transdata_fixpipe] of op type[None] op pattern[BatchMatmul] stage[InvokeStage.STAGE_BUILD] priority[Priority.NORMAL] has been registered.
[WARNING] TBE(3205483,python):2025-06-19-16:18:22.638.904 [../../../../../../latest/python/site-packages/te/platform/cce_policy.py:50][OpImplPolicy] te.platform.cce_policy.OpImplPolicy is deprecated, use te_fusion.fusion_util.OpImplPolicy instead.
[DEBUG] TBE(3205483,python):2025-06-19-16:18:22.922.513 [../../../../../../latest/python/site-packages/tbe/common/rl_bank/rl_op_filter.py:287][_is_tune_all_op] RL filter info: is_tune_all_op: False
[INFO] TBE(3205483,python):2025-06-19-16:18:23.002.935 [../../../../../../latest/python/site-packages/tbe/common/rl_bank/dynamic_op_filter.py:373][_need_to_tune_all_op] Auto search dynamic filter info: tune_all_op is False.
[INFO] TBE(3205483,python):2025-06-19-16:18:23.036.195 [../../../../../../latest/python/site-packages/tbe/common/repository_manager/utils/repository_manager_log.py:30][log] [../../../../../../latest/python/site-packages/tbe/common/repository_manager/route.py:266][repository_manager] task_distribute process[3205483] running!
