[DEBUG] DRV(3205488,python):2025-06-19-16:18:22.044.977 [hdc_client.c:130][ascend][curpid:3205488,3205488][drv][hdc][drvHdcClientCreate]Create client success.
[DEBUG] FE(3205488,python):2025-06-19-16:18:22.352.076 [platform_infos_lite_impl.cpp:305]3205488 InitializeSingleNormal:"Cannot find key CounterWorkspaceSize in old platform infos, label DSARandom."
[DEBUG] FE(3205488,python):2025-06-19-16:18:22.352.086 [platform_infos_lite_impl.cpp:305]3205488 InitializeSingleNormal:"Cannot find key jit_compile_mode in old platform infos, label SoftwareSpec."
[DEBUG] FE(3205488,python):2025-06-19-16:18:22.352.173 [platform_info.cpp:855]3205488 AssemblePlatformInfoVector:"The platform info os soc version[Ascend031] has been initialized."
[DEBUG] FE(3205488,python):2025-06-19-16:18:22.352.583 [platform_infos_lite_impl.cpp:305]3205488 InitializeSingleNormal:"Cannot find key ddr_rate in old platform infos, label AICoreMemoryRates."
[DEBUG] FE(3205488,python):2025-06-19-16:18:22.352.589 [platform_infos_lite_impl.cpp:305]3205488 InitializeSingleNormal:"Cannot find key CounterWorkspaceSize in old platform infos, label DSARandom."
[DEBUG] FE(3205488,python):2025-06-19-16:18:22.352.593 [platform_infos_lite_impl.cpp:305]3205488 InitializeSingleNormal:"Cannot find key jit_compile_mode in old platform infos, label SoftwareSpec."
[DEBUG] FE(3205488,python):2025-06-19-16:18:22.352.595 [platform_infos_lite_impl.cpp:305]3205488 InitializeSingleNormal:"Cannot find key ddr_rate in old platform infos, label VectorCoreMemoryRates."
[DEBUG] FE(3205488,python):2025-06-19-16:18:22.352.596 [platform_infos_lite_impl.cpp:305]3205488 InitializeSingleNormal:"Cannot find key vec_freq in old platform infos, label VectorCoreSpec."
[DEBUG] FE(3205488,python):2025-06-19-16:18:22.352.613 [platform_info.cpp:855]3205488 AssemblePlatformInfoVector:"The platform info os soc version[Ascend035] has been initialized."
[DEBUG] FE(3205488,python):2025-06-19-16:18:22.352.986 [platform_infos_lite_impl.cpp:305]3205488 InitializeSingleNormal:"Cannot find key ddr_rate in old platform infos, label AICoreMemoryRates."
[DEBUG] FE(3205488,python):2025-06-19-16:18:22.352.991 [platform_infos_lite_impl.cpp:305]3205488 InitializeSingleNormal:"Cannot find key CounterWorkspaceSize in old platform infos, label DSARandom."
[DEBUG] FE(3205488,python):2025-06-19-16:18:22.352.995 [platform_infos_lite_impl.cpp:305]3205488 InitializeSingleNormal:"Cannot find key jit_compile_mode in old platform infos, label SoftwareSpec."
[DEBUG] FE(3205488,python):2025-06-19-16:18:22.352.997 [platform_infos_lite_impl.cpp:305]3205488 InitializeSingleNormal:"Cannot find key ddr_rate in old platform infos, label VectorCoreMemoryRates."
[DEBUG] FE(3205488,python):2025-06-19-16:18:22.352.998 [platform_infos_lite_impl.cpp:305]3205488 InitializeSingleNormal:"Cannot find key vec_freq in old platform infos, label VectorCoreSpec."
[DEBUG] FE(3205488,python):2025-06-19-16:18:22.353.016 [platform_info.cpp:855]3205488 AssemblePlatformInfoVector:"The platform info os soc version[Ascend035A] has been initialized."
[DEBUG] FE(3205488,python):2025-06-19-16:18:22.353.410 [platform_infos_lite_impl.cpp:305]3205488 InitializeSingleNormal:"Cannot find key ddr_rate in old platform infos, label AICoreMemoryRates."
[DEBUG] FE(3205488,python):2025-06-19-16:18:22.353.416 [platform_infos_lite_impl.cpp:305]3205488 InitializeSingleNormal:"Cannot find key CounterWorkspaceSize in old platform infos, label DSARandom."
[DEBUG] FE(3205488,python):2025-06-19-16:18:22.353.420 [platform_infos_lite_impl.cpp:305]3205488 InitializeSingleNormal:"Cannot find key jit_compile_mode in old platform infos, label SoftwareSpec."
[DEBUG] FE(3205488,python):2025-06-19-16:18:22.353.422 [platform_infos_lite_impl.cpp:305]3205488 InitializeSingleNormal:"Cannot find key ddr_rate in old platform infos, label VectorCoreMemoryRates."
[DEBUG] FE(3205488,python):2025-06-19-16:18:22.353.424 [platform_infos_lite_impl.cpp:305]3205488 InitializeSingleNormal:"Cannot find key vec_freq in old platform infos, label VectorCoreSpec."
[DEBUG] FE(3205488,python):2025-06-19-16:18:22.353.441 [platform_info.cpp:855]3205488 AssemblePlatformInfoVector:"The platform info os soc version[Ascend035B] has been initialized."
[DEBUG] FE(3205488,python):2025-06-19-16:18:22.353.893 [platform_infos_lite_impl.cpp:305]3205488 InitializeSingleNormal:"Cannot find key CounterWorkspaceSize in old platform infos, label DSARandom."
[DEBUG] FE(3205488,python):2025-06-19-16:18:22.353.897 [platform_infos_lite_impl.cpp:305]3205488 InitializeSingleNormal:"Cannot find key jit_compile_mode in old platform infos, label SoftwareSpec."
[DEBUG] FE(3205488,python):2025-06-19-16:18:22.353.899 [platform_infos_lite_impl.cpp:305]3205488 InitializeSingleNormal:"Cannot find key ddr_rate in old platform infos, label VectorCoreMemoryRates."
[DEBUG] FE(3205488,python):2025-06-19-16:18:22.353.901 [platform_infos_lite_impl.cpp:305]3205488 InitializeSingleNormal:"Cannot find key vec_freq in old platform infos, label VectorCoreSpec."
[DEBUG] FE(3205488,python):2025-06-19-16:18:22.353.932 [platform_info.cpp:855]3205488 AssemblePlatformInfoVector:"The platform info os soc version[Ascend310] has been initialized."
[DEBUG] FE(3205488,python):2025-06-19-16:18:22.356.209 [platform_infos_lite_impl.cpp:305]3205488 InitializeSingleNormal:"Cannot find key CounterWorkspaceSize in old platform infos, label DSARandom."
[DEBUG] FE(3205488,python):2025-06-19-16:18:22.356.215 [platform_infos_lite_impl.cpp:305]3205488 InitializeSingleNormal:"Cannot find key jit_compile_mode in old platform infos, label SoftwareSpec."
[DEBUG] FE(3205488,python):2025-06-19-16:18:22.356.316 [platform_info.cpp:855]3205488 AssemblePlatformInfoVector:"The platform info os soc version[Ascend310B1] has been initialized."
[DEBUG] FE(3205488,python):2025-06-19-16:18:22.358.596 [platform_infos_lite_impl.cpp:305]3205488 InitializeSingleNormal:"Cannot find key CounterWorkspaceSize in old platform infos, label DSARandom."
[DEBUG] FE(3205488,python):2025-06-19-16:18:22.358.602 [platform_infos_lite_impl.cpp:305]3205488 InitializeSingleNormal:"Cannot find key jit_compile_mode in old platform infos, label SoftwareSpec."
[DEBUG] FE(3205488,python):2025-06-19-16:18:22.358.704 [platform_info.cpp:855]3205488 AssemblePlatformInfoVector:"The platform info os soc version[Ascend310B2] has been initialized."
[DEBUG] FE(3205488,python):2025-06-19-16:18:22.360.996 [platform_infos_lite_impl.cpp:305]3205488 InitializeSingleNormal:"Cannot find key CounterWorkspaceSize in old platform infos, label DSARandom."
[DEBUG] FE(3205488,python):2025-06-19-16:18:22.361.002 [platform_infos_lite_impl.cpp:305]3205488 InitializeSingleNormal:"Cannot find key jit_compile_mode in old platform infos, label SoftwareSpec."
[DEBUG] FE(3205488,python):2025-06-19-16:18:22.361.104 [platform_info.cpp:855]3205488 AssemblePlatformInfoVector:"The platform info os soc version[Ascend310B3] has been initialized."
[DEBUG] FE(3205488,python):2025-06-19-16:18:22.363.411 [platform_infos_lite_impl.cpp:305]3205488 InitializeSingleNormal:"Cannot find key CounterWorkspaceSize in old platform infos, label DSARandom."
[DEBUG] FE(3205488,python):2025-06-19-16:18:22.363.416 [platform_infos_lite_impl.cpp:305]3205488 InitializeSingleNormal:"Cannot find key jit_compile_mode in old platform infos, label SoftwareSpec."
[DEBUG] FE(3205488,python):2025-06-19-16:18:22.363.520 [platform_info.cpp:855]3205488 AssemblePlatformInfoVector:"The platform info os soc version[Ascend310B4] has been initialized."
[DEBUG] FE(3205488,python):2025-06-19-16:18:22.365.820 [platform_infos_lite_impl.cpp:305]3205488 InitializeSingleNormal:"Cannot find key CounterWorkspaceSize in old platform infos, label DSARandom."
[DEBUG] FE(3205488,python):2025-06-19-16:18:22.365.826 [platform_infos_lite_impl.cpp:305]3205488 InitializeSingleNormal:"Cannot find key jit_compile_mode in old platform infos, label SoftwareSpec."
[DEBUG] FE(3205488,python):2025-06-19-16:18:22.365.927 [platform_info.cpp:855]3205488 AssemblePlatformInfoVector:"The platform info os soc version[AS31XM1X] has been initialized."
[DEBUG] FE(3205488,python):2025-06-19-16:18:22.367.082 [platform_infos_lite_impl.cpp:305]3205488 InitializeSingleNormal:"Cannot find key CounterWorkspaceSize in old platform infos, label DSARandom."
[DEBUG] FE(3205488,python):2025-06-19-16:18:22.367.087 [platform_infos_lite_impl.cpp:305]3205488 InitializeSingleNormal:"Cannot find key jit_compile_mode in old platform infos, label SoftwareSpec."
[DEBUG] FE(3205488,python):2025-06-19-16:18:22.367.152 [platform_info.cpp:855]3205488 AssemblePlatformInfoVector:"The platform info os soc version[Ascend610] has been initialized."
[DEBUG] FE(3205488,python):2025-06-19-16:18:22.368.439 [platform_infos_lite_impl.cpp:305]3205488 InitializeSingleNormal:"Cannot find key CounterWorkspaceSize in old platform infos, label DSARandom."
[DEBUG] FE(3205488,python):2025-06-19-16:18:22.368.444 [platform_infos_lite_impl.cpp:305]3205488 InitializeSingleNormal:"Cannot find key jit_compile_mode in old platform infos, label SoftwareSpec."
[DEBUG] FE(3205488,python):2025-06-19-16:18:22.368.446 [platform_infos_lite_impl.cpp:305]3205488 InitializeSingleNormal:"Cannot find key ddr_rate in old platform infos, label VectorCoreMemoryRates."
[DEBUG] FE(3205488,python):2025-06-19-16:18:22.368.448 [platform_infos_lite_impl.cpp:305]3205488 InitializeSingleNormal:"Cannot find key vec_freq in old platform infos, label VectorCoreSpec."
[DEBUG] FE(3205488,python):2025-06-19-16:18:22.368.505 [platform_info.cpp:855]3205488 AssemblePlatformInfoVector:"The platform info os soc version[Ascend610Lite] has been initialized."
[DEBUG] FE(3205488,python):2025-06-19-16:18:22.369.793 [platform_infos_lite_impl.cpp:305]3205488 InitializeSingleNormal:"Cannot find key CounterWorkspaceSize in old platform infos, label DSARandom."
[DEBUG] FE(3205488,python):2025-06-19-16:18:22.369.798 [platform_infos_lite_impl.cpp:305]3205488 InitializeSingleNormal:"Cannot find key jit_compile_mode in old platform infos, label SoftwareSpec."
[DEBUG] FE(3205488,python):2025-06-19-16:18:22.369.800 [platform_infos_lite_impl.cpp:305]3205488 InitializeSingleNormal:"Cannot find key ddr_rate in old platform infos, label VectorCoreMemoryRates."
[DEBUG] FE(3205488,python):2025-06-19-16:18:22.369.802 [platform_infos_lite_impl.cpp:305]3205488 InitializeSingleNormal:"Cannot find key vec_freq in old platform infos, label VectorCoreSpec."
[DEBUG] FE(3205488,python):2025-06-19-16:18:22.369.858 [platform_info.cpp:855]3205488 AssemblePlatformInfoVector:"The platform info os soc version[BS9SX2AA] has been initialized."
[DEBUG] FE(3205488,python):2025-06-19-16:18:22.371.143 [platform_infos_lite_impl.cpp:305]3205488 InitializeSingleNormal:"Cannot find key CounterWorkspaceSize in old platform infos, label DSARandom."
[DEBUG] FE(3205488,python):2025-06-19-16:18:22.371.148 [platform_infos_lite_impl.cpp:305]3205488 InitializeSingleNormal:"Cannot find key jit_compile_mode in old platform infos, label SoftwareSpec."
[DEBUG] FE(3205488,python):2025-06-19-16:18:22.371.150 [platform_infos_lite_impl.cpp:305]3205488 InitializeSingleNormal:"Cannot find key ddr_rate in old platform infos, label VectorCoreMemoryRates."
[DEBUG] FE(3205488,python):2025-06-19-16:18:22.371.152 [platform_infos_lite_impl.cpp:305]3205488 InitializeSingleNormal:"Cannot find key vec_freq in old platform infos, label VectorCoreSpec."
[DEBUG] FE(3205488,python):2025-06-19-16:18:22.371.209 [platform_info.cpp:855]3205488 AssemblePlatformInfoVector:"The platform info os soc version[BS9SX2AB] has been initialized."
[DEBUG] FE(3205488,python):2025-06-19-16:18:22.372.480 [platform_infos_lite_impl.cpp:305]3205488 InitializeSingleNormal:"Cannot find key CounterWorkspaceSize in old platform infos, label DSARandom."
[DEBUG] FE(3205488,python):2025-06-19-16:18:22.372.485 [platform_infos_lite_impl.cpp:305]3205488 InitializeSingleNormal:"Cannot find key jit_compile_mode in old platform infos, label SoftwareSpec."
[DEBUG] FE(3205488,python):2025-06-19-16:18:22.372.487 [platform_infos_lite_impl.cpp:305]3205488 InitializeSingleNormal:"Cannot find key ddr_rate in old platform infos, label VectorCoreMemoryRates."
[DEBUG] FE(3205488,python):2025-06-19-16:18:22.372.488 [platform_infos_lite_impl.cpp:305]3205488 InitializeSingleNormal:"Cannot find key vec_freq in old platform infos, label VectorCoreSpec."
[DEBUG] FE(3205488,python):2025-06-19-16:18:22.372.545 [platform_info.cpp:855]3205488 AssemblePlatformInfoVector:"The platform info os soc version[MC61AM21AA] has been initialized."
[DEBUG] FE(3205488,python):2025-06-19-16:18:22.373.814 [platform_infos_lite_impl.cpp:305]3205488 InitializeSingleNormal:"Cannot find key CounterWorkspaceSize in old platform infos, label DSARandom."
[DEBUG] FE(3205488,python):2025-06-19-16:18:22.373.818 [platform_infos_lite_impl.cpp:305]3205488 InitializeSingleNormal:"Cannot find key jit_compile_mode in old platform infos, label SoftwareSpec."
[DEBUG] FE(3205488,python):2025-06-19-16:18:22.373.820 [platform_infos_lite_impl.cpp:305]3205488 InitializeSingleNormal:"Cannot find key ddr_rate in old platform infos, label VectorCoreMemoryRates."
[DEBUG] FE(3205488,python):2025-06-19-16:18:22.373.822 [platform_infos_lite_impl.cpp:305]3205488 InitializeSingleNormal:"Cannot find key vec_freq in old platform infos, label VectorCoreSpec."
[DEBUG] FE(3205488,python):2025-06-19-16:18:22.373.879 [platform_info.cpp:855]3205488 AssemblePlatformInfoVector:"The platform info os soc version[MC61AM21AB] has been initialized."
[DEBUG] FE(3205488,python):2025-06-19-16:18:22.375.362 [platform_infos_lite_impl.cpp:305]3205488 InitializeSingleNormal:"Cannot find key CounterWorkspaceSize in old platform infos, label DSARandom."
[DEBUG] FE(3205488,python):2025-06-19-16:18:22.375.367 [platform_infos_lite_impl.cpp:305]3205488 InitializeSingleNormal:"Cannot find key jit_compile_mode in old platform infos, label SoftwareSpec."
[DEBUG] FE(3205488,python):2025-06-19-16:18:22.375.443 [platform_info.cpp:855]3205488 AssemblePlatformInfoVector:"The platform info os soc version[BS9SX1AA] has been initialized."
[DEBUG] FE(3205488,python):2025-06-19-16:18:22.376.909 [platform_infos_lite_impl.cpp:305]3205488 InitializeSingleNormal:"Cannot find key CounterWorkspaceSize in old platform infos, label DSARandom."
[DEBUG] FE(3205488,python):2025-06-19-16:18:22.376.914 [platform_infos_lite_impl.cpp:305]3205488 InitializeSingleNormal:"Cannot find key jit_compile_mode in old platform infos, label SoftwareSpec."
[DEBUG] FE(3205488,python):2025-06-19-16:18:22.376.989 [platform_info.cpp:855]3205488 AssemblePlatformInfoVector:"The platform info os soc version[BS9SX1AB] has been initialized."
[DEBUG] FE(3205488,python):2025-06-19-16:18:22.378.479 [platform_infos_lite_impl.cpp:305]3205488 InitializeSingleNormal:"Cannot find key CounterWorkspaceSize in old platform infos, label DSARandom."
[DEBUG] FE(3205488,python):2025-06-19-16:18:22.378.484 [platform_infos_lite_impl.cpp:305]3205488 InitializeSingleNormal:"Cannot find key jit_compile_mode in old platform infos, label SoftwareSpec."
[DEBUG] FE(3205488,python):2025-06-19-16:18:22.378.558 [platform_info.cpp:855]3205488 AssemblePlatformInfoVector:"The platform info os soc version[BS9SX1AC] has been initialized."
[DEBUG] FE(3205488,python):2025-06-19-16:18:22.379.723 [platform_infos_lite_impl.cpp:305]3205488 InitializeSingleNormal:"Cannot find key CounterWorkspaceSize in old platform infos, label DSARandom."
[DEBUG] FE(3205488,python):2025-06-19-16:18:22.379.729 [platform_infos_lite_impl.cpp:305]3205488 InitializeSingleNormal:"Cannot find key jit_compile_mode in old platform infos, label SoftwareSpec."
[DEBUG] FE(3205488,python):2025-06-19-16:18:22.379.792 [platform_info.cpp:855]3205488 AssemblePlatformInfoVector:"The platform info os soc version[Ascend310P3] has been initialized."
[DEBUG] FE(3205488,python):2025-06-19-16:18:22.380.920 [platform_infos_lite_impl.cpp:305]3205488 InitializeSingleNormal:"Cannot find key CounterWorkspaceSize in old platform infos, label DSARandom."
[DEBUG] FE(3205488,python):2025-06-19-16:18:22.380.925 [platform_infos_lite_impl.cpp:305]3205488 InitializeSingleNormal:"Cannot find key jit_compile_mode in old platform infos, label SoftwareSpec."
[DEBUG] FE(3205488,python):2025-06-19-16:18:22.380.988 [platform_info.cpp:855]3205488 AssemblePlatformInfoVector:"The platform info os soc version[Ascend310P1] has been initialized."
[DEBUG] FE(3205488,python):2025-06-19-16:18:22.381.510 [platform_infos_lite_impl.cpp:305]3205488 InitializeSingleNormal:"Cannot find key CounterWorkspaceSize in old platform infos, label DSARandom."
[DEBUG] FE(3205488,python):2025-06-19-16:18:22.381.515 [platform_infos_lite_impl.cpp:305]3205488 InitializeSingleNormal:"Cannot find key jit_compile_mode in old platform infos, label SoftwareSpec."
[DEBUG] FE(3205488,python):2025-06-19-16:18:22.381.517 [platform_infos_lite_impl.cpp:305]3205488 InitializeSingleNormal:"Cannot find key ddr_rate in old platform infos, label VectorCoreMemoryRates."
[DEBUG] FE(3205488,python):2025-06-19-16:18:22.381.518 [platform_infos_lite_impl.cpp:305]3205488 InitializeSingleNormal:"Cannot find key vec_freq in old platform infos, label VectorCoreSpec."
[DEBUG] FE(3205488,python):2025-06-19-16:18:22.381.551 [platform_info.cpp:855]3205488 AssemblePlatformInfoVector:"The platform info os soc version[Ascend910A] has been initialized."
[DEBUG] FE(3205488,python):2025-06-19-16:18:22.382.053 [platform_infos_lite_impl.cpp:305]3205488 InitializeSingleNormal:"Cannot find key CounterWorkspaceSize in old platform infos, label DSARandom."
[DEBUG] FE(3205488,python):2025-06-19-16:18:22.382.058 [platform_infos_lite_impl.cpp:305]3205488 InitializeSingleNormal:"Cannot find key jit_compile_mode in old platform infos, label SoftwareSpec."
[DEBUG] FE(3205488,python):2025-06-19-16:18:22.382.060 [platform_infos_lite_impl.cpp:305]3205488 InitializeSingleNormal:"Cannot find key ddr_rate in old platform infos, label VectorCoreMemoryRates."
[DEBUG] FE(3205488,python):2025-06-19-16:18:22.382.062 [platform_infos_lite_impl.cpp:305]3205488 InitializeSingleNormal:"Cannot find key vec_freq in old platform infos, label VectorCoreSpec."
[DEBUG] FE(3205488,python):2025-06-19-16:18:22.382.094 [platform_info.cpp:855]3205488 AssemblePlatformInfoVector:"The platform info os soc version[Ascend910B] has been initialized."
[DEBUG] FE(3205488,python):2025-06-19-16:18:22.382.593 [platform_infos_lite_impl.cpp:305]3205488 InitializeSingleNormal:"Cannot find key CounterWorkspaceSize in old platform infos, label DSARandom."
[DEBUG] FE(3205488,python):2025-06-19-16:18:22.382.598 [platform_infos_lite_impl.cpp:305]3205488 InitializeSingleNormal:"Cannot find key jit_compile_mode in old platform infos, label SoftwareSpec."
[DEBUG] FE(3205488,python):2025-06-19-16:18:22.382.600 [platform_infos_lite_impl.cpp:305]3205488 InitializeSingleNormal:"Cannot find key ddr_rate in old platform infos, label VectorCoreMemoryRates."
[DEBUG] FE(3205488,python):2025-06-19-16:18:22.382.601 [platform_infos_lite_impl.cpp:305]3205488 InitializeSingleNormal:"Cannot find key vec_freq in old platform infos, label VectorCoreSpec."
[DEBUG] FE(3205488,python):2025-06-19-16:18:22.382.631 [platform_info.cpp:855]3205488 AssemblePlatformInfoVector:"The platform info os soc version[Ascend910PremiumA] has been initialized."
[DEBUG] FE(3205488,python):2025-06-19-16:18:22.383.114 [platform_infos_lite_impl.cpp:305]3205488 InitializeSingleNormal:"Cannot find key CounterWorkspaceSize in old platform infos, label DSARandom."
[DEBUG] FE(3205488,python):2025-06-19-16:18:22.383.118 [platform_infos_lite_impl.cpp:305]3205488 InitializeSingleNormal:"Cannot find key jit_compile_mode in old platform infos, label SoftwareSpec."
[DEBUG] FE(3205488,python):2025-06-19-16:18:22.383.120 [platform_infos_lite_impl.cpp:305]3205488 InitializeSingleNormal:"Cannot find key ddr_rate in old platform infos, label VectorCoreMemoryRates."
[DEBUG] FE(3205488,python):2025-06-19-16:18:22.383.121 [platform_infos_lite_impl.cpp:305]3205488 InitializeSingleNormal:"Cannot find key vec_freq in old platform infos, label VectorCoreSpec."
[DEBUG] FE(3205488,python):2025-06-19-16:18:22.383.151 [platform_info.cpp:855]3205488 AssemblePlatformInfoVector:"The platform info os soc version[Ascend910ProA] has been initialized."
[DEBUG] FE(3205488,python):2025-06-19-16:18:22.383.641 [platform_infos_lite_impl.cpp:305]3205488 InitializeSingleNormal:"Cannot find key CounterWorkspaceSize in old platform infos, label DSARandom."
[DEBUG] FE(3205488,python):2025-06-19-16:18:22.383.646 [platform_infos_lite_impl.cpp:305]3205488 InitializeSingleNormal:"Cannot find key jit_compile_mode in old platform infos, label SoftwareSpec."
[DEBUG] FE(3205488,python):2025-06-19-16:18:22.383.648 [platform_infos_lite_impl.cpp:305]3205488 InitializeSingleNormal:"Cannot find key ddr_rate in old platform infos, label VectorCoreMemoryRates."
[DEBUG] FE(3205488,python):2025-06-19-16:18:22.383.649 [platform_infos_lite_impl.cpp:305]3205488 InitializeSingleNormal:"Cannot find key vec_freq in old platform infos, label VectorCoreSpec."
[DEBUG] FE(3205488,python):2025-06-19-16:18:22.383.679 [platform_info.cpp:855]3205488 AssemblePlatformInfoVector:"The platform info os soc version[Ascend910ProB] has been initialized."
[DEBUG] FE(3205488,python):2025-06-19-16:18:22.384.644 [platform_infos_lite_impl.cpp:305]3205488 InitializeSingleNormal:"Cannot find key jit_compile_default_value in old platform infos, label SoftwareSpec."
[DEBUG] FE(3205488,python):2025-06-19-16:18:22.384.645 [platform_infos_lite_impl.cpp:305]3205488 InitializeSingleNormal:"Cannot find key jit_compile_mode in old platform infos, label SoftwareSpec."
[DEBUG] FE(3205488,python):2025-06-19-16:18:22.384.648 [platform_infos_lite_impl.cpp:305]3205488 InitializeSingleNormal:"Cannot find key ddr_rate in old platform infos, label VectorCoreMemoryRates."
[DEBUG] FE(3205488,python):2025-06-19-16:18:22.384.649 [platform_infos_lite_impl.cpp:305]3205488 InitializeSingleNormal:"Cannot find key vec_freq in old platform infos, label VectorCoreSpec."
[DEBUG] FE(3205488,python):2025-06-19-16:18:22.384.708 [platform_info.cpp:855]3205488 AssemblePlatformInfoVector:"The platform info os soc version[Ascend910B1] has been initialized."
[DEBUG] FE(3205488,python):2025-06-19-16:18:22.385.661 [platform_infos_lite_impl.cpp:305]3205488 InitializeSingleNormal:"Cannot find key jit_compile_default_value in old platform infos, label SoftwareSpec."
[DEBUG] FE(3205488,python):2025-06-19-16:18:22.385.662 [platform_infos_lite_impl.cpp:305]3205488 InitializeSingleNormal:"Cannot find key jit_compile_mode in old platform infos, label SoftwareSpec."
[DEBUG] FE(3205488,python):2025-06-19-16:18:22.385.664 [platform_infos_lite_impl.cpp:305]3205488 InitializeSingleNormal:"Cannot find key ddr_rate in old platform infos, label VectorCoreMemoryRates."
[DEBUG] FE(3205488,python):2025-06-19-16:18:22.385.666 [platform_infos_lite_impl.cpp:305]3205488 InitializeSingleNormal:"Cannot find key vec_freq in old platform infos, label VectorCoreSpec."
[DEBUG] FE(3205488,python):2025-06-19-16:18:22.385.722 [platform_info.cpp:855]3205488 AssemblePlatformInfoVector:"The platform info os soc version[Ascend910B2] has been initialized."
[DEBUG] FE(3205488,python):2025-06-19-16:18:22.386.702 [platform_infos_lite_impl.cpp:305]3205488 InitializeSingleNormal:"Cannot find key jit_compile_default_value in old platform infos, label SoftwareSpec."
[DEBUG] FE(3205488,python):2025-06-19-16:18:22.386.704 [platform_infos_lite_impl.cpp:305]3205488 InitializeSingleNormal:"Cannot find key jit_compile_mode in old platform infos, label SoftwareSpec."
[DEBUG] FE(3205488,python):2025-06-19-16:18:22.386.706 [platform_infos_lite_impl.cpp:305]3205488 InitializeSingleNormal:"Cannot find key ddr_rate in old platform infos, label VectorCoreMemoryRates."
[DEBUG] FE(3205488,python):2025-06-19-16:18:22.386.708 [platform_infos_lite_impl.cpp:305]3205488 InitializeSingleNormal:"Cannot find key vec_freq in old platform infos, label VectorCoreSpec."
[DEBUG] FE(3205488,python):2025-06-19-16:18:22.386.766 [platform_info.cpp:855]3205488 AssemblePlatformInfoVector:"The platform info os soc version[Ascend910B3] has been initialized."
[DEBUG] FE(3205488,python):2025-06-19-16:18:22.387.719 [platform_infos_lite_impl.cpp:305]3205488 InitializeSingleNormal:"Cannot find key jit_compile_default_value in old platform infos, label SoftwareSpec."
[DEBUG] FE(3205488,python):2025-06-19-16:18:22.387.721 [platform_infos_lite_impl.cpp:305]3205488 InitializeSingleNormal:"Cannot find key jit_compile_mode in old platform infos, label SoftwareSpec."
[DEBUG] FE(3205488,python):2025-06-19-16:18:22.387.723 [platform_infos_lite_impl.cpp:305]3205488 InitializeSingleNormal:"Cannot find key ddr_rate in old platform infos, label VectorCoreMemoryRates."
[DEBUG] FE(3205488,python):2025-06-19-16:18:22.387.724 [platform_infos_lite_impl.cpp:305]3205488 InitializeSingleNormal:"Cannot find key vec_freq in old platform infos, label VectorCoreSpec."
[DEBUG] FE(3205488,python):2025-06-19-16:18:22.387.780 [platform_info.cpp:855]3205488 AssemblePlatformInfoVector:"The platform info os soc version[Ascend910B4] has been initialized."
[DEBUG] FE(3205488,python):2025-06-19-16:18:22.388.730 [platform_infos_lite_impl.cpp:305]3205488 InitializeSingleNormal:"Cannot find key jit_compile_default_value in old platform infos, label SoftwareSpec."
[DEBUG] FE(3205488,python):2025-06-19-16:18:22.388.731 [platform_infos_lite_impl.cpp:305]3205488 InitializeSingleNormal:"Cannot find key jit_compile_mode in old platform infos, label SoftwareSpec."
[DEBUG] FE(3205488,python):2025-06-19-16:18:22.388.733 [platform_infos_lite_impl.cpp:305]3205488 InitializeSingleNormal:"Cannot find key ddr_rate in old platform infos, label VectorCoreMemoryRates."
[DEBUG] FE(3205488,python):2025-06-19-16:18:22.388.735 [platform_infos_lite_impl.cpp:305]3205488 InitializeSingleNormal:"Cannot find key vec_freq in old platform infos, label VectorCoreSpec."
[DEBUG] FE(3205488,python):2025-06-19-16:18:22.388.792 [platform_info.cpp:855]3205488 AssemblePlatformInfoVector:"The platform info os soc version[Ascend910B4-1] has been initialized."
[WARNING] FE(3205488,python):2025-06-19-16:18:22.389.733 [platform_info.cpp:853]3205488 AssemblePlatformInfoVector:"Can not find soc info enum by Ascend910_9361."
[DEBUG] FE(3205488,python):2025-06-19-16:18:22.389.735 [platform_info.cpp:855]3205488 AssemblePlatformInfoVector:"The platform info os soc version[Ascend910_9361] has been initialized."
[DEBUG] FE(3205488,python):2025-06-19-16:18:22.390.683 [platform_infos_lite_impl.cpp:305]3205488 InitializeSingleNormal:"Cannot find key jit_compile_default_value in old platform infos, label SoftwareSpec."
[DEBUG] FE(3205488,python):2025-06-19-16:18:22.390.685 [platform_infos_lite_impl.cpp:305]3205488 InitializeSingleNormal:"Cannot find key jit_compile_mode in old platform infos, label SoftwareSpec."
[DEBUG] FE(3205488,python):2025-06-19-16:18:22.390.687 [platform_infos_lite_impl.cpp:305]3205488 InitializeSingleNormal:"Cannot find key ddr_rate in old platform infos, label VectorCoreMemoryRates."
[DEBUG] FE(3205488,python):2025-06-19-16:18:22.390.689 [platform_infos_lite_impl.cpp:305]3205488 InitializeSingleNormal:"Cannot find key vec_freq in old platform infos, label VectorCoreSpec."
[DEBUG] FE(3205488,python):2025-06-19-16:18:22.390.746 [platform_info.cpp:855]3205488 AssemblePlatformInfoVector:"The platform info os soc version[Ascend910_9372] has been initialized."
[DEBUG] FE(3205488,python):2025-06-19-16:18:22.391.686 [platform_infos_lite_impl.cpp:305]3205488 InitializeSingleNormal:"Cannot find key jit_compile_default_value in old platform infos, label SoftwareSpec."
[DEBUG] FE(3205488,python):2025-06-19-16:18:22.391.687 [platform_infos_lite_impl.cpp:305]3205488 InitializeSingleNormal:"Cannot find key jit_compile_mode in old platform infos, label SoftwareSpec."
[DEBUG] FE(3205488,python):2025-06-19-16:18:22.391.689 [platform_infos_lite_impl.cpp:305]3205488 InitializeSingleNormal:"Cannot find key ddr_rate in old platform infos, label VectorCoreMemoryRates."
[DEBUG] FE(3205488,python):2025-06-19-16:18:22.391.691 [platform_infos_lite_impl.cpp:305]3205488 InitializeSingleNormal:"Cannot find key vec_freq in old platform infos, label VectorCoreSpec."
[DEBUG] FE(3205488,python):2025-06-19-16:18:22.391.746 [platform_info.cpp:855]3205488 AssemblePlatformInfoVector:"The platform info os soc version[Ascend910_9381] has been initialized."
[WARNING] FE(3205488,python):2025-06-19-16:18:22.392.693 [platform_info.cpp:853]3205488 AssemblePlatformInfoVector:"Can not find soc info enum by Ascend910_9382."
[DEBUG] FE(3205488,python):2025-06-19-16:18:22.392.695 [platform_info.cpp:855]3205488 AssemblePlatformInfoVector:"The platform info os soc version[Ascend910_9382] has been initialized."
[DEBUG] FE(3205488,python):2025-06-19-16:18:22.393.639 [platform_infos_lite_impl.cpp:305]3205488 InitializeSingleNormal:"Cannot find key jit_compile_default_value in old platform infos, label SoftwareSpec."
[DEBUG] FE(3205488,python):2025-06-19-16:18:22.393.641 [platform_infos_lite_impl.cpp:305]3205488 InitializeSingleNormal:"Cannot find key jit_compile_mode in old platform infos, label SoftwareSpec."
[DEBUG] FE(3205488,python):2025-06-19-16:18:22.393.643 [platform_infos_lite_impl.cpp:305]3205488 InitializeSingleNormal:"Cannot find key ddr_rate in old platform infos, label VectorCoreMemoryRates."
[DEBUG] FE(3205488,python):2025-06-19-16:18:22.393.644 [platform_infos_lite_impl.cpp:305]3205488 InitializeSingleNormal:"Cannot find key vec_freq in old platform infos, label VectorCoreSpec."
[DEBUG] FE(3205488,python):2025-06-19-16:18:22.393.701 [platform_info.cpp:855]3205488 AssemblePlatformInfoVector:"The platform info os soc version[Ascend910_9391] has been initialized."
[WARNING] FE(3205488,python):2025-06-19-16:18:22.394.681 [platform_info.cpp:853]3205488 AssemblePlatformInfoVector:"Can not find soc info enum by Ascend910_9392."
[DEBUG] FE(3205488,python):2025-06-19-16:18:22.394.683 [platform_info.cpp:855]3205488 AssemblePlatformInfoVector:"The platform info os soc version[Ascend910_9392] has been initialized."
[DEBUG] FE(3205488,python):2025-06-19-16:18:22.395.626 [platform_infos_lite_impl.cpp:305]3205488 InitializeSingleNormal:"Cannot find key jit_compile_default_value in old platform infos, label SoftwareSpec."
[DEBUG] FE(3205488,python):2025-06-19-16:18:22.395.628 [platform_infos_lite_impl.cpp:305]3205488 InitializeSingleNormal:"Cannot find key jit_compile_mode in old platform infos, label SoftwareSpec."
[DEBUG] FE(3205488,python):2025-06-19-16:18:22.395.630 [platform_infos_lite_impl.cpp:305]3205488 InitializeSingleNormal:"Cannot find key ddr_rate in old platform infos, label VectorCoreMemoryRates."
[DEBUG] FE(3205488,python):2025-06-19-16:18:22.395.631 [platform_infos_lite_impl.cpp:305]3205488 InitializeSingleNormal:"Cannot find key vec_freq in old platform infos, label VectorCoreSpec."
[DEBUG] FE(3205488,python):2025-06-19-16:18:22.395.688 [platform_info.cpp:855]3205488 AssemblePlatformInfoVector:"The platform info os soc version[Ascend910B2C] has been initialized."
[DEBUG] FE(3205488,python):2025-06-19-16:18:22.396.260 [platform_infos_lite_impl.cpp:305]3205488 InitializeSingleNormal:"Cannot find key CounterWorkspaceSize in old platform infos, label DSARandom."
[DEBUG] FE(3205488,python):2025-06-19-16:18:22.396.264 [platform_infos_lite_impl.cpp:305]3205488 InitializeSingleNormal:"Cannot find key jit_compile_mode in old platform infos, label SoftwareSpec."
[DEBUG] FE(3205488,python):2025-06-19-16:18:22.396.266 [platform_infos_lite_impl.cpp:305]3205488 InitializeSingleNormal:"Cannot find key ddr_rate in old platform infos, label VectorCoreMemoryRates."
[DEBUG] FE(3205488,python):2025-06-19-16:18:22.396.267 [platform_infos_lite_impl.cpp:305]3205488 InitializeSingleNormal:"Cannot find key vec_freq in old platform infos, label VectorCoreSpec."
[DEBUG] FE(3205488,python):2025-06-19-16:18:22.396.302 [platform_info.cpp:855]3205488 AssemblePlatformInfoVector:"The platform info os soc version[Hi3796CV300CS] has been initialized."
[DEBUG] FE(3205488,python):2025-06-19-16:18:22.396.797 [platform_infos_lite_impl.cpp:305]3205488 InitializeSingleNormal:"Cannot find key CounterWorkspaceSize in old platform infos, label DSARandom."
[DEBUG] FE(3205488,python):2025-06-19-16:18:22.396.801 [platform_infos_lite_impl.cpp:305]3205488 InitializeSingleNormal:"Cannot find key jit_compile_mode in old platform infos, label SoftwareSpec."
[DEBUG] FE(3205488,python):2025-06-19-16:18:22.396.803 [platform_infos_lite_impl.cpp:305]3205488 InitializeSingleNormal:"Cannot find key ddr_rate in old platform infos, label VectorCoreMemoryRates."
[DEBUG] FE(3205488,python):2025-06-19-16:18:22.396.804 [platform_infos_lite_impl.cpp:305]3205488 InitializeSingleNormal:"Cannot find key vec_freq in old platform infos, label VectorCoreSpec."
[DEBUG] FE(3205488,python):2025-06-19-16:18:22.396.836 [platform_info.cpp:855]3205488 AssemblePlatformInfoVector:"The platform info os soc version[Hi3796CV300ES] has been initialized."
[DEBUG] FE(3205488,python):2025-06-19-16:18:22.397.362 [platform_infos_lite_impl.cpp:305]3205488 InitializeSingleNormal:"Cannot find key CounterWorkspaceSize in old platform infos, label DSARandom."
[DEBUG] FE(3205488,python):2025-06-19-16:18:22.397.366 [platform_infos_lite_impl.cpp:305]3205488 InitializeSingleNormal:"Cannot find key jit_compile_mode in old platform infos, label SoftwareSpec."
[DEBUG] FE(3205488,python):2025-06-19-16:18:22.397.367 [platform_infos_lite_impl.cpp:305]3205488 InitializeSingleNormal:"Cannot find key ddr_rate in old platform infos, label VectorCoreMemoryRates."
[DEBUG] FE(3205488,python):2025-06-19-16:18:22.397.369 [platform_infos_lite_impl.cpp:305]3205488 InitializeSingleNormal:"Cannot find key vec_freq in old platform infos, label VectorCoreSpec."
[DEBUG] FE(3205488,python):2025-06-19-16:18:22.397.404 [platform_info.cpp:855]3205488 AssemblePlatformInfoVector:"The platform info os soc version[SD3403] has been initialized."
[INFO] TBE(3205488,python):2025-06-19-16:18:22.594.608 [../../../../../../latest/python/site-packages/tbe/common/register/fusion_pass_mgr.py:59][decorator] Fusion pass[conv2d_data_rm_build_pass] of stage[InvokeStage.STAGE_BUILD] priority[Priority.NORMAL] has been registered.
[INFO] TBE(3205488,python):2025-06-19-16:18:22.594.775 [../../../../../../latest/python/site-packages/tbe/common/register/fusion_pass_mgr.py:114][decorator] Fusion pass[trans_shape_of_conv3d] of op type[Conv3D] op pattern[None] stage[InvokeStage.STAGE_BUILD] priority[Priority.NORMAL] has been registered.
[INFO] TBE(3205488,python):2025-06-19-16:18:22.594.813 [../../../../../../latest/python/site-packages/tbe/common/register/fusion_pass_mgr.py:59][decorator] Fusion pass[trans_shape_depthwise_conv2d] of stage[InvokeStage.STAGE_BUILD] priority[Priority.NORMAL] has been registered.
[INFO] TBE(3205488,python):2025-06-19-16:18:22.594.958 [../../../../../../latest/python/site-packages/tbe/common/register/fusion_pass_mgr.py:114][decorator] Fusion pass[trans_shape_for_elemwise] of op type[None] op pattern[ElemWise] stage[InvokeStage.STAGE_BUILD] priority[Priority.NORMAL] has been registered.
[INFO] TBE(3205488,python):2025-06-19-16:18:22.594.990 [../../../../../../latest/python/site-packages/tbe/common/register/fusion_pass_mgr.py:114][decorator] Fusion pass[trans_shape_for_broadcast] of op type[None] op pattern[Broadcast] stage[InvokeStage.STAGE_BUILD] priority[Priority.NORMAL] has been registered.
[INFO] TBE(3205488,python):2025-06-19-16:18:22.595.018 [../../../../../../latest/python/site-packages/tbe/common/register/fusion_pass_mgr.py:114][decorator] Fusion pass[trans_shape_of_biasadd] of op type[BiasAdd] op pattern[None] stage[InvokeStage.STAGE_BUILD] priority[Priority.NORMAL] has been registered.
[INFO] TBE(3205488,python):2025-06-19-16:18:22.595.046 [../../../../../../latest/python/site-packages/tbe/common/register/fusion_pass_mgr.py:114][decorator] Fusion pass[trans_shape_of_requant_s16] of op type[AscendRequantS16] op pattern[None] stage[InvokeStage.STAGE_BUILD] priority[Priority.NORMAL] has been registered.
[INFO] TBE(3205488,python):2025-06-19-16:18:22.595.070 [../../../../../../latest/python/site-packages/tbe/common/register/fusion_pass_mgr.py:114][decorator] Fusion pass[trans_shape_of_bninference] of op type[BNInferenceD] op pattern[None] stage[InvokeStage.STAGE_BUILD] priority[Priority.NORMAL] has been registered.
[INFO] TBE(3205488,python):2025-06-19-16:18:22.595.285 [../../../../../../latest/python/site-packages/tbe/common/register/fusion_pass_mgr.py:114][decorator] Fusion pass[trans_shape_fully_connection] of op type[FullyConnection] op pattern[None] stage[InvokeStage.STAGE_BUILD] priority[Priority.NORMAL] has been registered.
[INFO] TBE(3205488,python):2025-06-19-16:18:22.595.319 [../../../../../../latest/python/site-packages/tbe/common/register/fusion_pass_mgr.py:114][decorator] Fusion pass[trans_shape_fully_connection_compress] of op type[FullyConnectionCompress] op pattern[None] stage[InvokeStage.STAGE_BUILD] priority[Priority.NORMAL] has been registered.
[INFO] TBE(3205488,python):2025-06-19-16:18:22.595.474 [../../../../../../latest/python/site-packages/tbe/common/register/fusion_pass_mgr.py:114][decorator] Fusion pass[trans_matmul_bias_shape] of op type[MatMulV2] op pattern[None] stage[InvokeStage.STAGE_BUILD] priority[Priority.NORMAL] has been registered.
[INFO] TBE(3205488,python):2025-06-19-16:18:22.595.504 [../../../../../../latest/python/site-packages/tbe/common/register/fusion_pass_mgr.py:114][decorator] Fusion pass[trans_matmul_bias_shape] of op type[MatMul] op pattern[None] stage[InvokeStage.STAGE_BUILD] priority[Priority.NORMAL] has been registered.
[INFO] TBE(3205488,python):2025-06-19-16:18:22.595.533 [../../../../../../latest/python/site-packages/tbe/common/register/fusion_pass_mgr.py:114][decorator] Fusion pass[trans_matmulcompress_bias_shape] of op type[MatMulV2Compress] op pattern[None] stage[InvokeStage.STAGE_BUILD] priority[Priority.NORMAL] has been registered.
[INFO] TBE(3205488,python):2025-06-19-16:18:22.595.561 [../../../../../../latest/python/site-packages/tbe/common/register/fusion_pass_mgr.py:114][decorator] Fusion pass[trans_batch_matmul_shape] of op type[BatchMatMulV2] op pattern[None] stage[InvokeStage.STAGE_BUILD] priority[Priority.NORMAL] has been registered.
[INFO] TBE(3205488,python):2025-06-19-16:18:22.595.587 [../../../../../../latest/python/site-packages/tbe/common/register/fusion_pass_mgr.py:114][decorator] Fusion pass[trans_batch_matmul_shape] of op type[BatchMatMul] op pattern[None] stage[InvokeStage.STAGE_BUILD] priority[Priority.NORMAL] has been registered.
[INFO] TBE(3205488,python):2025-06-19-16:18:22.595.612 [../../../../../../latest/python/site-packages/tbe/common/register/fusion_pass_mgr.py:114][decorator] Fusion pass[trans_shape_transdata_fixpipe] of op type[None] op pattern[BatchMatmul] stage[InvokeStage.STAGE_BUILD] priority[Priority.NORMAL] has been registered.
[WARNING] TBE(3205488,python):2025-06-19-16:18:22.638.865 [../../../../../../latest/python/site-packages/te/platform/cce_policy.py:50][OpImplPolicy] te.platform.cce_policy.OpImplPolicy is deprecated, use te_fusion.fusion_util.OpImplPolicy instead.
[DEBUG] TBE(3205488,python):2025-06-19-16:18:22.922.549 [../../../../../../latest/python/site-packages/tbe/common/rl_bank/rl_op_filter.py:287][_is_tune_all_op] RL filter info: is_tune_all_op: False
[INFO] TBE(3205488,python):2025-06-19-16:18:23.002.837 [../../../../../../latest/python/site-packages/tbe/common/rl_bank/dynamic_op_filter.py:373][_need_to_tune_all_op] Auto search dynamic filter info: tune_all_op is False.
[INFO] TBE(3205488,python):2025-06-19-16:18:23.035.466 [../../../../../../latest/python/site-packages/tbe/common/repository_manager/utils/repository_manager_log.py:30][log] [../../../../../../latest/python/site-packages/tbe/common/repository_manager/route.py:266][repository_manager] task_distribute process[3205488] running!
