[DEBUG] DRV(3205500,python):2025-06-19-16:18:22.145.784 [hdc_client.c:130][ascend][curpid:3205500,3205500][drv][hdc][drvHdcClientCreate]Create client success.
[DEBUG] FE(3205500,python):2025-06-19-16:18:22.451.337 [platform_infos_lite_impl.cpp:305]3205500 InitializeSingleNormal:"Cannot find key CounterWorkspaceSize in old platform infos, label DSARandom."
[DEBUG] FE(3205500,python):2025-06-19-16:18:22.451.348 [platform_infos_lite_impl.cpp:305]3205500 InitializeSingleNormal:"Cannot find key jit_compile_mode in old platform infos, label SoftwareSpec."
[DEBUG] FE(3205500,python):2025-06-19-16:18:22.451.432 [platform_info.cpp:855]3205500 AssemblePlatformInfoVector:"The platform info os soc version[Ascend031] has been initialized."
[DEBUG] FE(3205500,python):2025-06-19-16:18:22.451.844 [platform_infos_lite_impl.cpp:305]3205500 InitializeSingleNormal:"Cannot find key ddr_rate in old platform infos, label AICoreMemoryRates."
[DEBUG] FE(3205500,python):2025-06-19-16:18:22.451.850 [platform_infos_lite_impl.cpp:305]3205500 InitializeSingleNormal:"Cannot find key CounterWorkspaceSize in old platform infos, label DSARandom."
[DEBUG] FE(3205500,python):2025-06-19-16:18:22.451.854 [platform_infos_lite_impl.cpp:305]3205500 InitializeSingleNormal:"Cannot find key jit_compile_mode in old platform infos, label SoftwareSpec."
[DEBUG] FE(3205500,python):2025-06-19-16:18:22.451.856 [platform_infos_lite_impl.cpp:305]3205500 InitializeSingleNormal:"Cannot find key ddr_rate in old platform infos, label VectorCoreMemoryRates."
[DEBUG] FE(3205500,python):2025-06-19-16:18:22.451.858 [platform_infos_lite_impl.cpp:305]3205500 InitializeSingleNormal:"Cannot find key vec_freq in old platform infos, label VectorCoreSpec."
[DEBUG] FE(3205500,python):2025-06-19-16:18:22.451.875 [platform_info.cpp:855]3205500 AssemblePlatformInfoVector:"The platform info os soc version[Ascend035] has been initialized."
[DEBUG] FE(3205500,python):2025-06-19-16:18:22.452.251 [platform_infos_lite_impl.cpp:305]3205500 InitializeSingleNormal:"Cannot find key ddr_rate in old platform infos, label AICoreMemoryRates."
[DEBUG] FE(3205500,python):2025-06-19-16:18:22.452.257 [platform_infos_lite_impl.cpp:305]3205500 InitializeSingleNormal:"Cannot find key CounterWorkspaceSize in old platform infos, label DSARandom."
[DEBUG] FE(3205500,python):2025-06-19-16:18:22.452.260 [platform_infos_lite_impl.cpp:305]3205500 InitializeSingleNormal:"Cannot find key jit_compile_mode in old platform infos, label SoftwareSpec."
[DEBUG] FE(3205500,python):2025-06-19-16:18:22.452.262 [platform_infos_lite_impl.cpp:305]3205500 InitializeSingleNormal:"Cannot find key ddr_rate in old platform infos, label VectorCoreMemoryRates."
[DEBUG] FE(3205500,python):2025-06-19-16:18:22.452.264 [platform_infos_lite_impl.cpp:305]3205500 InitializeSingleNormal:"Cannot find key vec_freq in old platform infos, label VectorCoreSpec."
[DEBUG] FE(3205500,python):2025-06-19-16:18:22.452.282 [platform_info.cpp:855]3205500 AssemblePlatformInfoVector:"The platform info os soc version[Ascend035A] has been initialized."
[DEBUG] FE(3205500,python):2025-06-19-16:18:22.452.666 [platform_infos_lite_impl.cpp:305]3205500 InitializeSingleNormal:"Cannot find key ddr_rate in old platform infos, label AICoreMemoryRates."
[DEBUG] FE(3205500,python):2025-06-19-16:18:22.452.672 [platform_infos_lite_impl.cpp:305]3205500 InitializeSingleNormal:"Cannot find key CounterWorkspaceSize in old platform infos, label DSARandom."
[DEBUG] FE(3205500,python):2025-06-19-16:18:22.452.676 [platform_infos_lite_impl.cpp:305]3205500 InitializeSingleNormal:"Cannot find key jit_compile_mode in old platform infos, label SoftwareSpec."
[DEBUG] FE(3205500,python):2025-06-19-16:18:22.452.678 [platform_infos_lite_impl.cpp:305]3205500 InitializeSingleNormal:"Cannot find key ddr_rate in old platform infos, label VectorCoreMemoryRates."
[DEBUG] FE(3205500,python):2025-06-19-16:18:22.452.679 [platform_infos_lite_impl.cpp:305]3205500 InitializeSingleNormal:"Cannot find key vec_freq in old platform infos, label VectorCoreSpec."
[DEBUG] FE(3205500,python):2025-06-19-16:18:22.452.696 [platform_info.cpp:855]3205500 AssemblePlatformInfoVector:"The platform info os soc version[Ascend035B] has been initialized."
[DEBUG] FE(3205500,python):2025-06-19-16:18:22.453.148 [platform_infos_lite_impl.cpp:305]3205500 InitializeSingleNormal:"Cannot find key CounterWorkspaceSize in old platform infos, label DSARandom."
[DEBUG] FE(3205500,python):2025-06-19-16:18:22.453.153 [platform_infos_lite_impl.cpp:305]3205500 InitializeSingleNormal:"Cannot find key jit_compile_mode in old platform infos, label SoftwareSpec."
[DEBUG] FE(3205500,python):2025-06-19-16:18:22.453.154 [platform_infos_lite_impl.cpp:305]3205500 InitializeSingleNormal:"Cannot find key ddr_rate in old platform infos, label VectorCoreMemoryRates."
[DEBUG] FE(3205500,python):2025-06-19-16:18:22.453.156 [platform_infos_lite_impl.cpp:305]3205500 InitializeSingleNormal:"Cannot find key vec_freq in old platform infos, label VectorCoreSpec."
[DEBUG] FE(3205500,python):2025-06-19-16:18:22.453.188 [platform_info.cpp:855]3205500 AssemblePlatformInfoVector:"The platform info os soc version[Ascend310] has been initialized."
[DEBUG] FE(3205500,python):2025-06-19-16:18:22.455.458 [platform_infos_lite_impl.cpp:305]3205500 InitializeSingleNormal:"Cannot find key CounterWorkspaceSize in old platform infos, label DSARandom."
[DEBUG] FE(3205500,python):2025-06-19-16:18:22.455.464 [platform_infos_lite_impl.cpp:305]3205500 InitializeSingleNormal:"Cannot find key jit_compile_mode in old platform infos, label SoftwareSpec."
[DEBUG] FE(3205500,python):2025-06-19-16:18:22.455.565 [platform_info.cpp:855]3205500 AssemblePlatformInfoVector:"The platform info os soc version[Ascend310B1] has been initialized."
[DEBUG] FE(3205500,python):2025-06-19-16:18:22.457.860 [platform_infos_lite_impl.cpp:305]3205500 InitializeSingleNormal:"Cannot find key CounterWorkspaceSize in old platform infos, label DSARandom."
[DEBUG] FE(3205500,python):2025-06-19-16:18:22.457.866 [platform_infos_lite_impl.cpp:305]3205500 InitializeSingleNormal:"Cannot find key jit_compile_mode in old platform infos, label SoftwareSpec."
[DEBUG] FE(3205500,python):2025-06-19-16:18:22.457.968 [platform_info.cpp:855]3205500 AssemblePlatformInfoVector:"The platform info os soc version[Ascend310B2] has been initialized."
[DEBUG] FE(3205500,python):2025-06-19-16:18:22.460.241 [platform_infos_lite_impl.cpp:305]3205500 InitializeSingleNormal:"Cannot find key CounterWorkspaceSize in old platform infos, label DSARandom."
[DEBUG] FE(3205500,python):2025-06-19-16:18:22.460.246 [platform_infos_lite_impl.cpp:305]3205500 InitializeSingleNormal:"Cannot find key jit_compile_mode in old platform infos, label SoftwareSpec."
[DEBUG] FE(3205500,python):2025-06-19-16:18:22.460.346 [platform_info.cpp:855]3205500 AssemblePlatformInfoVector:"The platform info os soc version[Ascend310B3] has been initialized."
[DEBUG] FE(3205500,python):2025-06-19-16:18:22.462.649 [platform_infos_lite_impl.cpp:305]3205500 InitializeSingleNormal:"Cannot find key CounterWorkspaceSize in old platform infos, label DSARandom."
[DEBUG] FE(3205500,python):2025-06-19-16:18:22.462.655 [platform_infos_lite_impl.cpp:305]3205500 InitializeSingleNormal:"Cannot find key jit_compile_mode in old platform infos, label SoftwareSpec."
[DEBUG] FE(3205500,python):2025-06-19-16:18:22.462.757 [platform_info.cpp:855]3205500 AssemblePlatformInfoVector:"The platform info os soc version[Ascend310B4] has been initialized."
[DEBUG] FE(3205500,python):2025-06-19-16:18:22.465.053 [platform_infos_lite_impl.cpp:305]3205500 InitializeSingleNormal:"Cannot find key CounterWorkspaceSize in old platform infos, label DSARandom."
[DEBUG] FE(3205500,python):2025-06-19-16:18:22.465.058 [platform_infos_lite_impl.cpp:305]3205500 InitializeSingleNormal:"Cannot find key jit_compile_mode in old platform infos, label SoftwareSpec."
[DEBUG] FE(3205500,python):2025-06-19-16:18:22.465.159 [platform_info.cpp:855]3205500 AssemblePlatformInfoVector:"The platform info os soc version[AS31XM1X] has been initialized."
[DEBUG] FE(3205500,python):2025-06-19-16:18:22.466.308 [platform_infos_lite_impl.cpp:305]3205500 InitializeSingleNormal:"Cannot find key CounterWorkspaceSize in old platform infos, label DSARandom."
[DEBUG] FE(3205500,python):2025-06-19-16:18:22.466.313 [platform_infos_lite_impl.cpp:305]3205500 InitializeSingleNormal:"Cannot find key jit_compile_mode in old platform infos, label SoftwareSpec."
[DEBUG] FE(3205500,python):2025-06-19-16:18:22.466.386 [platform_info.cpp:855]3205500 AssemblePlatformInfoVector:"The platform info os soc version[Ascend610] has been initialized."
[DEBUG] FE(3205500,python):2025-06-19-16:18:22.467.683 [platform_infos_lite_impl.cpp:305]3205500 InitializeSingleNormal:"Cannot find key CounterWorkspaceSize in old platform infos, label DSARandom."
[DEBUG] FE(3205500,python):2025-06-19-16:18:22.467.688 [platform_infos_lite_impl.cpp:305]3205500 InitializeSingleNormal:"Cannot find key jit_compile_mode in old platform infos, label SoftwareSpec."
[DEBUG] FE(3205500,python):2025-06-19-16:18:22.467.690 [platform_infos_lite_impl.cpp:305]3205500 InitializeSingleNormal:"Cannot find key ddr_rate in old platform infos, label VectorCoreMemoryRates."
[DEBUG] FE(3205500,python):2025-06-19-16:18:22.467.692 [platform_infos_lite_impl.cpp:305]3205500 InitializeSingleNormal:"Cannot find key vec_freq in old platform infos, label VectorCoreSpec."
[DEBUG] FE(3205500,python):2025-06-19-16:18:22.467.750 [platform_info.cpp:855]3205500 AssemblePlatformInfoVector:"The platform info os soc version[Ascend610Lite] has been initialized."
[DEBUG] FE(3205500,python):2025-06-19-16:18:22.469.023 [platform_infos_lite_impl.cpp:305]3205500 InitializeSingleNormal:"Cannot find key CounterWorkspaceSize in old platform infos, label DSARandom."
[DEBUG] FE(3205500,python):2025-06-19-16:18:22.469.028 [platform_infos_lite_impl.cpp:305]3205500 InitializeSingleNormal:"Cannot find key jit_compile_mode in old platform infos, label SoftwareSpec."
[DEBUG] FE(3205500,python):2025-06-19-16:18:22.469.030 [platform_infos_lite_impl.cpp:305]3205500 InitializeSingleNormal:"Cannot find key ddr_rate in old platform infos, label VectorCoreMemoryRates."
[DEBUG] FE(3205500,python):2025-06-19-16:18:22.469.031 [platform_infos_lite_impl.cpp:305]3205500 InitializeSingleNormal:"Cannot find key vec_freq in old platform infos, label VectorCoreSpec."
[DEBUG] FE(3205500,python):2025-06-19-16:18:22.469.088 [platform_info.cpp:855]3205500 AssemblePlatformInfoVector:"The platform info os soc version[BS9SX2AA] has been initialized."
[DEBUG] FE(3205500,python):2025-06-19-16:18:22.470.369 [platform_infos_lite_impl.cpp:305]3205500 InitializeSingleNormal:"Cannot find key CounterWorkspaceSize in old platform infos, label DSARandom."
[DEBUG] FE(3205500,python):2025-06-19-16:18:22.470.374 [platform_infos_lite_impl.cpp:305]3205500 InitializeSingleNormal:"Cannot find key jit_compile_mode in old platform infos, label SoftwareSpec."
[DEBUG] FE(3205500,python):2025-06-19-16:18:22.470.376 [platform_infos_lite_impl.cpp:305]3205500 InitializeSingleNormal:"Cannot find key ddr_rate in old platform infos, label VectorCoreMemoryRates."
[DEBUG] FE(3205500,python):2025-06-19-16:18:22.470.378 [platform_infos_lite_impl.cpp:305]3205500 InitializeSingleNormal:"Cannot find key vec_freq in old platform infos, label VectorCoreSpec."
[DEBUG] FE(3205500,python):2025-06-19-16:18:22.470.435 [platform_info.cpp:855]3205500 AssemblePlatformInfoVector:"The platform info os soc version[BS9SX2AB] has been initialized."
[DEBUG] FE(3205500,python):2025-06-19-16:18:22.471.715 [platform_infos_lite_impl.cpp:305]3205500 InitializeSingleNormal:"Cannot find key CounterWorkspaceSize in old platform infos, label DSARandom."
[DEBUG] FE(3205500,python):2025-06-19-16:18:22.471.720 [platform_infos_lite_impl.cpp:305]3205500 InitializeSingleNormal:"Cannot find key jit_compile_mode in old platform infos, label SoftwareSpec."
[DEBUG] FE(3205500,python):2025-06-19-16:18:22.471.722 [platform_infos_lite_impl.cpp:305]3205500 InitializeSingleNormal:"Cannot find key ddr_rate in old platform infos, label VectorCoreMemoryRates."
[DEBUG] FE(3205500,python):2025-06-19-16:18:22.471.723 [platform_infos_lite_impl.cpp:305]3205500 InitializeSingleNormal:"Cannot find key vec_freq in old platform infos, label VectorCoreSpec."
[DEBUG] FE(3205500,python):2025-06-19-16:18:22.471.780 [platform_info.cpp:855]3205500 AssemblePlatformInfoVector:"The platform info os soc version[MC61AM21AA] has been initialized."
[DEBUG] FE(3205500,python):2025-06-19-16:18:22.473.068 [platform_infos_lite_impl.cpp:305]3205500 InitializeSingleNormal:"Cannot find key CounterWorkspaceSize in old platform infos, label DSARandom."
[DEBUG] FE(3205500,python):2025-06-19-16:18:22.473.073 [platform_infos_lite_impl.cpp:305]3205500 InitializeSingleNormal:"Cannot find key jit_compile_mode in old platform infos, label SoftwareSpec."
[DEBUG] FE(3205500,python):2025-06-19-16:18:22.473.075 [platform_infos_lite_impl.cpp:305]3205500 InitializeSingleNormal:"Cannot find key ddr_rate in old platform infos, label VectorCoreMemoryRates."
[DEBUG] FE(3205500,python):2025-06-19-16:18:22.473.077 [platform_infos_lite_impl.cpp:305]3205500 InitializeSingleNormal:"Cannot find key vec_freq in old platform infos, label VectorCoreSpec."
[DEBUG] FE(3205500,python):2025-06-19-16:18:22.473.134 [platform_info.cpp:855]3205500 AssemblePlatformInfoVector:"The platform info os soc version[MC61AM21AB] has been initialized."
[DEBUG] FE(3205500,python):2025-06-19-16:18:22.474.620 [platform_infos_lite_impl.cpp:305]3205500 InitializeSingleNormal:"Cannot find key CounterWorkspaceSize in old platform infos, label DSARandom."
[DEBUG] FE(3205500,python):2025-06-19-16:18:22.474.625 [platform_infos_lite_impl.cpp:305]3205500 InitializeSingleNormal:"Cannot find key jit_compile_mode in old platform infos, label SoftwareSpec."
[DEBUG] FE(3205500,python):2025-06-19-16:18:22.474.701 [platform_info.cpp:855]3205500 AssemblePlatformInfoVector:"The platform info os soc version[BS9SX1AA] has been initialized."
[DEBUG] FE(3205500,python):2025-06-19-16:18:22.476.177 [platform_infos_lite_impl.cpp:305]3205500 InitializeSingleNormal:"Cannot find key CounterWorkspaceSize in old platform infos, label DSARandom."
[DEBUG] FE(3205500,python):2025-06-19-16:18:22.476.182 [platform_infos_lite_impl.cpp:305]3205500 InitializeSingleNormal:"Cannot find key jit_compile_mode in old platform infos, label SoftwareSpec."
[DEBUG] FE(3205500,python):2025-06-19-16:18:22.476.257 [platform_info.cpp:855]3205500 AssemblePlatformInfoVector:"The platform info os soc version[BS9SX1AB] has been initialized."
[DEBUG] FE(3205500,python):2025-06-19-16:18:22.477.728 [platform_infos_lite_impl.cpp:305]3205500 InitializeSingleNormal:"Cannot find key CounterWorkspaceSize in old platform infos, label DSARandom."
[DEBUG] FE(3205500,python):2025-06-19-16:18:22.477.733 [platform_infos_lite_impl.cpp:305]3205500 InitializeSingleNormal:"Cannot find key jit_compile_mode in old platform infos, label SoftwareSpec."
[DEBUG] FE(3205500,python):2025-06-19-16:18:22.477.810 [platform_info.cpp:855]3205500 AssemblePlatformInfoVector:"The platform info os soc version[BS9SX1AC] has been initialized."
[DEBUG] FE(3205500,python):2025-06-19-16:18:22.478.958 [platform_infos_lite_impl.cpp:305]3205500 InitializeSingleNormal:"Cannot find key CounterWorkspaceSize in old platform infos, label DSARandom."
[DEBUG] FE(3205500,python):2025-06-19-16:18:22.478.964 [platform_infos_lite_impl.cpp:305]3205500 InitializeSingleNormal:"Cannot find key jit_compile_mode in old platform infos, label SoftwareSpec."
[DEBUG] FE(3205500,python):2025-06-19-16:18:22.479.028 [platform_info.cpp:855]3205500 AssemblePlatformInfoVector:"The platform info os soc version[Ascend310P3] has been initialized."
[DEBUG] FE(3205500,python):2025-06-19-16:18:22.480.153 [platform_infos_lite_impl.cpp:305]3205500 InitializeSingleNormal:"Cannot find key CounterWorkspaceSize in old platform infos, label DSARandom."
[DEBUG] FE(3205500,python):2025-06-19-16:18:22.480.158 [platform_infos_lite_impl.cpp:305]3205500 InitializeSingleNormal:"Cannot find key jit_compile_mode in old platform infos, label SoftwareSpec."
[DEBUG] FE(3205500,python):2025-06-19-16:18:22.480.223 [platform_info.cpp:855]3205500 AssemblePlatformInfoVector:"The platform info os soc version[Ascend310P1] has been initialized."
[DEBUG] FE(3205500,python):2025-06-19-16:18:22.480.736 [platform_infos_lite_impl.cpp:305]3205500 InitializeSingleNormal:"Cannot find key CounterWorkspaceSize in old platform infos, label DSARandom."
[DEBUG] FE(3205500,python):2025-06-19-16:18:22.480.741 [platform_infos_lite_impl.cpp:305]3205500 InitializeSingleNormal:"Cannot find key jit_compile_mode in old platform infos, label SoftwareSpec."
[DEBUG] FE(3205500,python):2025-06-19-16:18:22.480.742 [platform_infos_lite_impl.cpp:305]3205500 InitializeSingleNormal:"Cannot find key ddr_rate in old platform infos, label VectorCoreMemoryRates."
[DEBUG] FE(3205500,python):2025-06-19-16:18:22.480.744 [platform_infos_lite_impl.cpp:305]3205500 InitializeSingleNormal:"Cannot find key vec_freq in old platform infos, label VectorCoreSpec."
[DEBUG] FE(3205500,python):2025-06-19-16:18:22.480.775 [platform_info.cpp:855]3205500 AssemblePlatformInfoVector:"The platform info os soc version[Ascend910A] has been initialized."
[DEBUG] FE(3205500,python):2025-06-19-16:18:22.481.273 [platform_infos_lite_impl.cpp:305]3205500 InitializeSingleNormal:"Cannot find key CounterWorkspaceSize in old platform infos, label DSARandom."
[DEBUG] FE(3205500,python):2025-06-19-16:18:22.481.277 [platform_infos_lite_impl.cpp:305]3205500 InitializeSingleNormal:"Cannot find key jit_compile_mode in old platform infos, label SoftwareSpec."
[DEBUG] FE(3205500,python):2025-06-19-16:18:22.481.279 [platform_infos_lite_impl.cpp:305]3205500 InitializeSingleNormal:"Cannot find key ddr_rate in old platform infos, label VectorCoreMemoryRates."
[DEBUG] FE(3205500,python):2025-06-19-16:18:22.481.281 [platform_infos_lite_impl.cpp:305]3205500 InitializeSingleNormal:"Cannot find key vec_freq in old platform infos, label VectorCoreSpec."
[DEBUG] FE(3205500,python):2025-06-19-16:18:22.481.312 [platform_info.cpp:855]3205500 AssemblePlatformInfoVector:"The platform info os soc version[Ascend910B] has been initialized."
[DEBUG] FE(3205500,python):2025-06-19-16:18:22.481.811 [platform_infos_lite_impl.cpp:305]3205500 InitializeSingleNormal:"Cannot find key CounterWorkspaceSize in old platform infos, label DSARandom."
[DEBUG] FE(3205500,python):2025-06-19-16:18:22.481.816 [platform_infos_lite_impl.cpp:305]3205500 InitializeSingleNormal:"Cannot find key jit_compile_mode in old platform infos, label SoftwareSpec."
[DEBUG] FE(3205500,python):2025-06-19-16:18:22.481.818 [platform_infos_lite_impl.cpp:305]3205500 InitializeSingleNormal:"Cannot find key ddr_rate in old platform infos, label VectorCoreMemoryRates."
[DEBUG] FE(3205500,python):2025-06-19-16:18:22.481.819 [platform_infos_lite_impl.cpp:305]3205500 InitializeSingleNormal:"Cannot find key vec_freq in old platform infos, label VectorCoreSpec."
[DEBUG] FE(3205500,python):2025-06-19-16:18:22.481.852 [platform_info.cpp:855]3205500 AssemblePlatformInfoVector:"The platform info os soc version[Ascend910PremiumA] has been initialized."
[DEBUG] FE(3205500,python):2025-06-19-16:18:22.482.347 [platform_infos_lite_impl.cpp:305]3205500 InitializeSingleNormal:"Cannot find key CounterWorkspaceSize in old platform infos, label DSARandom."
[DEBUG] FE(3205500,python):2025-06-19-16:18:22.482.352 [platform_infos_lite_impl.cpp:305]3205500 InitializeSingleNormal:"Cannot find key jit_compile_mode in old platform infos, label SoftwareSpec."
[DEBUG] FE(3205500,python):2025-06-19-16:18:22.482.354 [platform_infos_lite_impl.cpp:305]3205500 InitializeSingleNormal:"Cannot find key ddr_rate in old platform infos, label VectorCoreMemoryRates."
[DEBUG] FE(3205500,python):2025-06-19-16:18:22.482.355 [platform_infos_lite_impl.cpp:305]3205500 InitializeSingleNormal:"Cannot find key vec_freq in old platform infos, label VectorCoreSpec."
[DEBUG] FE(3205500,python):2025-06-19-16:18:22.482.389 [platform_info.cpp:855]3205500 AssemblePlatformInfoVector:"The platform info os soc version[Ascend910ProA] has been initialized."
[DEBUG] FE(3205500,python):2025-06-19-16:18:22.482.877 [platform_infos_lite_impl.cpp:305]3205500 InitializeSingleNormal:"Cannot find key CounterWorkspaceSize in old platform infos, label DSARandom."
[DEBUG] FE(3205500,python):2025-06-19-16:18:22.482.881 [platform_infos_lite_impl.cpp:305]3205500 InitializeSingleNormal:"Cannot find key jit_compile_mode in old platform infos, label SoftwareSpec."
[DEBUG] FE(3205500,python):2025-06-19-16:18:22.482.883 [platform_infos_lite_impl.cpp:305]3205500 InitializeSingleNormal:"Cannot find key ddr_rate in old platform infos, label VectorCoreMemoryRates."
[DEBUG] FE(3205500,python):2025-06-19-16:18:22.482.884 [platform_infos_lite_impl.cpp:305]3205500 InitializeSingleNormal:"Cannot find key vec_freq in old platform infos, label VectorCoreSpec."
[DEBUG] FE(3205500,python):2025-06-19-16:18:22.482.916 [platform_info.cpp:855]3205500 AssemblePlatformInfoVector:"The platform info os soc version[Ascend910ProB] has been initialized."
[DEBUG] FE(3205500,python):2025-06-19-16:18:22.483.896 [platform_infos_lite_impl.cpp:305]3205500 InitializeSingleNormal:"Cannot find key jit_compile_default_value in old platform infos, label SoftwareSpec."
[DEBUG] FE(3205500,python):2025-06-19-16:18:22.483.898 [platform_infos_lite_impl.cpp:305]3205500 InitializeSingleNormal:"Cannot find key jit_compile_mode in old platform infos, label SoftwareSpec."
[DEBUG] FE(3205500,python):2025-06-19-16:18:22.483.900 [platform_infos_lite_impl.cpp:305]3205500 InitializeSingleNormal:"Cannot find key ddr_rate in old platform infos, label VectorCoreMemoryRates."
[DEBUG] FE(3205500,python):2025-06-19-16:18:22.483.902 [platform_infos_lite_impl.cpp:305]3205500 InitializeSingleNormal:"Cannot find key vec_freq in old platform infos, label VectorCoreSpec."
[DEBUG] FE(3205500,python):2025-06-19-16:18:22.483.958 [platform_info.cpp:855]3205500 AssemblePlatformInfoVector:"The platform info os soc version[Ascend910B1] has been initialized."
[DEBUG] FE(3205500,python):2025-06-19-16:18:22.484.958 [platform_infos_lite_impl.cpp:305]3205500 InitializeSingleNormal:"Cannot find key jit_compile_default_value in old platform infos, label SoftwareSpec."
[DEBUG] FE(3205500,python):2025-06-19-16:18:22.484.960 [platform_infos_lite_impl.cpp:305]3205500 InitializeSingleNormal:"Cannot find key jit_compile_mode in old platform infos, label SoftwareSpec."
[DEBUG] FE(3205500,python):2025-06-19-16:18:22.484.962 [platform_infos_lite_impl.cpp:305]3205500 InitializeSingleNormal:"Cannot find key ddr_rate in old platform infos, label VectorCoreMemoryRates."
[DEBUG] FE(3205500,python):2025-06-19-16:18:22.484.964 [platform_infos_lite_impl.cpp:305]3205500 InitializeSingleNormal:"Cannot find key vec_freq in old platform infos, label VectorCoreSpec."
[DEBUG] FE(3205500,python):2025-06-19-16:18:22.485.022 [platform_info.cpp:855]3205500 AssemblePlatformInfoVector:"The platform info os soc version[Ascend910B2] has been initialized."
[DEBUG] FE(3205500,python):2025-06-19-16:18:22.485.973 [platform_infos_lite_impl.cpp:305]3205500 InitializeSingleNormal:"Cannot find key jit_compile_default_value in old platform infos, label SoftwareSpec."
[DEBUG] FE(3205500,python):2025-06-19-16:18:22.485.975 [platform_infos_lite_impl.cpp:305]3205500 InitializeSingleNormal:"Cannot find key jit_compile_mode in old platform infos, label SoftwareSpec."
[DEBUG] FE(3205500,python):2025-06-19-16:18:22.485.977 [platform_infos_lite_impl.cpp:305]3205500 InitializeSingleNormal:"Cannot find key ddr_rate in old platform infos, label VectorCoreMemoryRates."
[DEBUG] FE(3205500,python):2025-06-19-16:18:22.485.979 [platform_infos_lite_impl.cpp:305]3205500 InitializeSingleNormal:"Cannot find key vec_freq in old platform infos, label VectorCoreSpec."
[DEBUG] FE(3205500,python):2025-06-19-16:18:22.486.034 [platform_info.cpp:855]3205500 AssemblePlatformInfoVector:"The platform info os soc version[Ascend910B3] has been initialized."
[DEBUG] FE(3205500,python):2025-06-19-16:18:22.487.004 [platform_infos_lite_impl.cpp:305]3205500 InitializeSingleNormal:"Cannot find key jit_compile_default_value in old platform infos, label SoftwareSpec."
[DEBUG] FE(3205500,python):2025-06-19-16:18:22.487.006 [platform_infos_lite_impl.cpp:305]3205500 InitializeSingleNormal:"Cannot find key jit_compile_mode in old platform infos, label SoftwareSpec."
[DEBUG] FE(3205500,python):2025-06-19-16:18:22.487.008 [platform_infos_lite_impl.cpp:305]3205500 InitializeSingleNormal:"Cannot find key ddr_rate in old platform infos, label VectorCoreMemoryRates."
[DEBUG] FE(3205500,python):2025-06-19-16:18:22.487.010 [platform_infos_lite_impl.cpp:305]3205500 InitializeSingleNormal:"Cannot find key vec_freq in old platform infos, label VectorCoreSpec."
[DEBUG] FE(3205500,python):2025-06-19-16:18:22.487.067 [platform_info.cpp:855]3205500 AssemblePlatformInfoVector:"The platform info os soc version[Ascend910B4] has been initialized."
[DEBUG] FE(3205500,python):2025-06-19-16:18:22.488.039 [platform_infos_lite_impl.cpp:305]3205500 InitializeSingleNormal:"Cannot find key jit_compile_default_value in old platform infos, label SoftwareSpec."
[DEBUG] FE(3205500,python):2025-06-19-16:18:22.488.041 [platform_infos_lite_impl.cpp:305]3205500 InitializeSingleNormal:"Cannot find key jit_compile_mode in old platform infos, label SoftwareSpec."
[DEBUG] FE(3205500,python):2025-06-19-16:18:22.488.043 [platform_infos_lite_impl.cpp:305]3205500 InitializeSingleNormal:"Cannot find key ddr_rate in old platform infos, label VectorCoreMemoryRates."
[DEBUG] FE(3205500,python):2025-06-19-16:18:22.488.044 [platform_infos_lite_impl.cpp:305]3205500 InitializeSingleNormal:"Cannot find key vec_freq in old platform infos, label VectorCoreSpec."
[DEBUG] FE(3205500,python):2025-06-19-16:18:22.488.100 [platform_info.cpp:855]3205500 AssemblePlatformInfoVector:"The platform info os soc version[Ascend910B4-1] has been initialized."
[WARNING] FE(3205500,python):2025-06-19-16:18:22.489.034 [platform_info.cpp:853]3205500 AssemblePlatformInfoVector:"Can not find soc info enum by Ascend910_9361."
[DEBUG] FE(3205500,python):2025-06-19-16:18:22.489.035 [platform_info.cpp:855]3205500 AssemblePlatformInfoVector:"The platform info os soc version[Ascend910_9361] has been initialized."
[DEBUG] FE(3205500,python):2025-06-19-16:18:22.489.977 [platform_infos_lite_impl.cpp:305]3205500 InitializeSingleNormal:"Cannot find key jit_compile_default_value in old platform infos, label SoftwareSpec."
[DEBUG] FE(3205500,python):2025-06-19-16:18:22.489.979 [platform_infos_lite_impl.cpp:305]3205500 InitializeSingleNormal:"Cannot find key jit_compile_mode in old platform infos, label SoftwareSpec."
[DEBUG] FE(3205500,python):2025-06-19-16:18:22.489.981 [platform_infos_lite_impl.cpp:305]3205500 InitializeSingleNormal:"Cannot find key ddr_rate in old platform infos, label VectorCoreMemoryRates."
[DEBUG] FE(3205500,python):2025-06-19-16:18:22.489.982 [platform_infos_lite_impl.cpp:305]3205500 InitializeSingleNormal:"Cannot find key vec_freq in old platform infos, label VectorCoreSpec."
[DEBUG] FE(3205500,python):2025-06-19-16:18:22.490.039 [platform_info.cpp:855]3205500 AssemblePlatformInfoVector:"The platform info os soc version[Ascend910_9372] has been initialized."
[DEBUG] FE(3205500,python):2025-06-19-16:18:22.491.011 [platform_infos_lite_impl.cpp:305]3205500 InitializeSingleNormal:"Cannot find key jit_compile_default_value in old platform infos, label SoftwareSpec."
[DEBUG] FE(3205500,python):2025-06-19-16:18:22.491.013 [platform_infos_lite_impl.cpp:305]3205500 InitializeSingleNormal:"Cannot find key jit_compile_mode in old platform infos, label SoftwareSpec."
[DEBUG] FE(3205500,python):2025-06-19-16:18:22.491.014 [platform_infos_lite_impl.cpp:305]3205500 InitializeSingleNormal:"Cannot find key ddr_rate in old platform infos, label VectorCoreMemoryRates."
[DEBUG] FE(3205500,python):2025-06-19-16:18:22.491.016 [platform_infos_lite_impl.cpp:305]3205500 InitializeSingleNormal:"Cannot find key vec_freq in old platform infos, label VectorCoreSpec."
[DEBUG] FE(3205500,python):2025-06-19-16:18:22.491.072 [platform_info.cpp:855]3205500 AssemblePlatformInfoVector:"The platform info os soc version[Ascend910_9381] has been initialized."
[WARNING] FE(3205500,python):2025-06-19-16:18:22.492.023 [platform_info.cpp:853]3205500 AssemblePlatformInfoVector:"Can not find soc info enum by Ascend910_9382."
[DEBUG] FE(3205500,python):2025-06-19-16:18:22.492.025 [platform_info.cpp:855]3205500 AssemblePlatformInfoVector:"The platform info os soc version[Ascend910_9382] has been initialized."
[DEBUG] FE(3205500,python):2025-06-19-16:18:22.492.969 [platform_infos_lite_impl.cpp:305]3205500 InitializeSingleNormal:"Cannot find key jit_compile_default_value in old platform infos, label SoftwareSpec."
[DEBUG] FE(3205500,python):2025-06-19-16:18:22.492.971 [platform_infos_lite_impl.cpp:305]3205500 InitializeSingleNormal:"Cannot find key jit_compile_mode in old platform infos, label SoftwareSpec."
[DEBUG] FE(3205500,python):2025-06-19-16:18:22.492.973 [platform_infos_lite_impl.cpp:305]3205500 InitializeSingleNormal:"Cannot find key ddr_rate in old platform infos, label VectorCoreMemoryRates."
[DEBUG] FE(3205500,python):2025-06-19-16:18:22.492.974 [platform_infos_lite_impl.cpp:305]3205500 InitializeSingleNormal:"Cannot find key vec_freq in old platform infos, label VectorCoreSpec."
[DEBUG] FE(3205500,python):2025-06-19-16:18:22.493.033 [platform_info.cpp:855]3205500 AssemblePlatformInfoVector:"The platform info os soc version[Ascend910_9391] has been initialized."
[WARNING] FE(3205500,python):2025-06-19-16:18:22.493.986 [platform_info.cpp:853]3205500 AssemblePlatformInfoVector:"Can not find soc info enum by Ascend910_9392."
[DEBUG] FE(3205500,python):2025-06-19-16:18:22.493.988 [platform_info.cpp:855]3205500 AssemblePlatformInfoVector:"The platform info os soc version[Ascend910_9392] has been initialized."
[DEBUG] FE(3205500,python):2025-06-19-16:18:22.494.944 [platform_infos_lite_impl.cpp:305]3205500 InitializeSingleNormal:"Cannot find key jit_compile_default_value in old platform infos, label SoftwareSpec."
[DEBUG] FE(3205500,python):2025-06-19-16:18:22.494.946 [platform_infos_lite_impl.cpp:305]3205500 InitializeSingleNormal:"Cannot find key jit_compile_mode in old platform infos, label SoftwareSpec."
[DEBUG] FE(3205500,python):2025-06-19-16:18:22.494.948 [platform_infos_lite_impl.cpp:305]3205500 InitializeSingleNormal:"Cannot find key ddr_rate in old platform infos, label VectorCoreMemoryRates."
[DEBUG] FE(3205500,python):2025-06-19-16:18:22.494.950 [platform_infos_lite_impl.cpp:305]3205500 InitializeSingleNormal:"Cannot find key vec_freq in old platform infos, label VectorCoreSpec."
[DEBUG] FE(3205500,python):2025-06-19-16:18:22.495.007 [platform_info.cpp:855]3205500 AssemblePlatformInfoVector:"The platform info os soc version[Ascend910B2C] has been initialized."
[DEBUG] FE(3205500,python):2025-06-19-16:18:22.495.567 [platform_infos_lite_impl.cpp:305]3205500 InitializeSingleNormal:"Cannot find key CounterWorkspaceSize in old platform infos, label DSARandom."
[DEBUG] FE(3205500,python):2025-06-19-16:18:22.495.571 [platform_infos_lite_impl.cpp:305]3205500 InitializeSingleNormal:"Cannot find key jit_compile_mode in old platform infos, label SoftwareSpec."
[DEBUG] FE(3205500,python):2025-06-19-16:18:22.495.573 [platform_infos_lite_impl.cpp:305]3205500 InitializeSingleNormal:"Cannot find key ddr_rate in old platform infos, label VectorCoreMemoryRates."
[DEBUG] FE(3205500,python):2025-06-19-16:18:22.495.575 [platform_infos_lite_impl.cpp:305]3205500 InitializeSingleNormal:"Cannot find key vec_freq in old platform infos, label VectorCoreSpec."
[DEBUG] FE(3205500,python):2025-06-19-16:18:22.495.609 [platform_info.cpp:855]3205500 AssemblePlatformInfoVector:"The platform info os soc version[Hi3796CV300CS] has been initialized."
[DEBUG] FE(3205500,python):2025-06-19-16:18:22.496.105 [platform_infos_lite_impl.cpp:305]3205500 InitializeSingleNormal:"Cannot find key CounterWorkspaceSize in old platform infos, label DSARandom."
[DEBUG] FE(3205500,python):2025-06-19-16:18:22.496.109 [platform_infos_lite_impl.cpp:305]3205500 InitializeSingleNormal:"Cannot find key jit_compile_mode in old platform infos, label SoftwareSpec."
[DEBUG] FE(3205500,python):2025-06-19-16:18:22.496.111 [platform_infos_lite_impl.cpp:305]3205500 InitializeSingleNormal:"Cannot find key ddr_rate in old platform infos, label VectorCoreMemoryRates."
[DEBUG] FE(3205500,python):2025-06-19-16:18:22.496.113 [platform_infos_lite_impl.cpp:305]3205500 InitializeSingleNormal:"Cannot find key vec_freq in old platform infos, label VectorCoreSpec."
[DEBUG] FE(3205500,python):2025-06-19-16:18:22.496.147 [platform_info.cpp:855]3205500 AssemblePlatformInfoVector:"The platform info os soc version[Hi3796CV300ES] has been initialized."
[DEBUG] FE(3205500,python):2025-06-19-16:18:22.496.684 [platform_infos_lite_impl.cpp:305]3205500 InitializeSingleNormal:"Cannot find key CounterWorkspaceSize in old platform infos, label DSARandom."
[DEBUG] FE(3205500,python):2025-06-19-16:18:22.496.688 [platform_infos_lite_impl.cpp:305]3205500 InitializeSingleNormal:"Cannot find key jit_compile_mode in old platform infos, label SoftwareSpec."
[DEBUG] FE(3205500,python):2025-06-19-16:18:22.496.690 [platform_infos_lite_impl.cpp:305]3205500 InitializeSingleNormal:"Cannot find key ddr_rate in old platform infos, label VectorCoreMemoryRates."
[DEBUG] FE(3205500,python):2025-06-19-16:18:22.496.691 [platform_infos_lite_impl.cpp:305]3205500 InitializeSingleNormal:"Cannot find key vec_freq in old platform infos, label VectorCoreSpec."
[DEBUG] FE(3205500,python):2025-06-19-16:18:22.496.725 [platform_info.cpp:855]3205500 AssemblePlatformInfoVector:"The platform info os soc version[SD3403] has been initialized."
[INFO] TBE(3205500,python):2025-06-19-16:18:22.693.935 [../../../../../../latest/python/site-packages/tbe/common/register/fusion_pass_mgr.py:59][decorator] Fusion pass[conv2d_data_rm_build_pass] of stage[InvokeStage.STAGE_BUILD] priority[Priority.NORMAL] has been registered.
[INFO] TBE(3205500,python):2025-06-19-16:18:22.694.103 [../../../../../../latest/python/site-packages/tbe/common/register/fusion_pass_mgr.py:114][decorator] Fusion pass[trans_shape_of_conv3d] of op type[Conv3D] op pattern[None] stage[InvokeStage.STAGE_BUILD] priority[Priority.NORMAL] has been registered.
[INFO] TBE(3205500,python):2025-06-19-16:18:22.694.137 [../../../../../../latest/python/site-packages/tbe/common/register/fusion_pass_mgr.py:59][decorator] Fusion pass[trans_shape_depthwise_conv2d] of stage[InvokeStage.STAGE_BUILD] priority[Priority.NORMAL] has been registered.
[INFO] TBE(3205500,python):2025-06-19-16:18:22.694.284 [../../../../../../latest/python/site-packages/tbe/common/register/fusion_pass_mgr.py:114][decorator] Fusion pass[trans_shape_for_elemwise] of op type[None] op pattern[ElemWise] stage[InvokeStage.STAGE_BUILD] priority[Priority.NORMAL] has been registered.
[INFO] TBE(3205500,python):2025-06-19-16:18:22.694.316 [../../../../../../latest/python/site-packages/tbe/common/register/fusion_pass_mgr.py:114][decorator] Fusion pass[trans_shape_for_broadcast] of op type[None] op pattern[Broadcast] stage[InvokeStage.STAGE_BUILD] priority[Priority.NORMAL] has been registered.
[INFO] TBE(3205500,python):2025-06-19-16:18:22.694.346 [../../../../../../latest/python/site-packages/tbe/common/register/fusion_pass_mgr.py:114][decorator] Fusion pass[trans_shape_of_biasadd] of op type[BiasAdd] op pattern[None] stage[InvokeStage.STAGE_BUILD] priority[Priority.NORMAL] has been registered.
[INFO] TBE(3205500,python):2025-06-19-16:18:22.694.382 [../../../../../../latest/python/site-packages/tbe/common/register/fusion_pass_mgr.py:114][decorator] Fusion pass[trans_shape_of_requant_s16] of op type[AscendRequantS16] op pattern[None] stage[InvokeStage.STAGE_BUILD] priority[Priority.NORMAL] has been registered.
[INFO] TBE(3205500,python):2025-06-19-16:18:22.694.407 [../../../../../../latest/python/site-packages/tbe/common/register/fusion_pass_mgr.py:114][decorator] Fusion pass[trans_shape_of_bninference] of op type[BNInferenceD] op pattern[None] stage[InvokeStage.STAGE_BUILD] priority[Priority.NORMAL] has been registered.
[INFO] TBE(3205500,python):2025-06-19-16:18:22.694.525 [../../../../../../latest/python/site-packages/tbe/common/register/fusion_pass_mgr.py:114][decorator] Fusion pass[trans_shape_fully_connection] of op type[FullyConnection] op pattern[None] stage[InvokeStage.STAGE_BUILD] priority[Priority.NORMAL] has been registered.
[INFO] TBE(3205500,python):2025-06-19-16:18:22.694.555 [../../../../../../latest/python/site-packages/tbe/common/register/fusion_pass_mgr.py:114][decorator] Fusion pass[trans_shape_fully_connection_compress] of op type[FullyConnectionCompress] op pattern[None] stage[InvokeStage.STAGE_BUILD] priority[Priority.NORMAL] has been registered.
[INFO] TBE(3205500,python):2025-06-19-16:18:22.694.695 [../../../../../../latest/python/site-packages/tbe/common/register/fusion_pass_mgr.py:114][decorator] Fusion pass[trans_matmul_bias_shape] of op type[MatMulV2] op pattern[None] stage[InvokeStage.STAGE_BUILD] priority[Priority.NORMAL] has been registered.
[INFO] TBE(3205500,python):2025-06-19-16:18:22.694.724 [../../../../../../latest/python/site-packages/tbe/common/register/fusion_pass_mgr.py:114][decorator] Fusion pass[trans_matmul_bias_shape] of op type[MatMul] op pattern[None] stage[InvokeStage.STAGE_BUILD] priority[Priority.NORMAL] has been registered.
[INFO] TBE(3205500,python):2025-06-19-16:18:22.694.751 [../../../../../../latest/python/site-packages/tbe/common/register/fusion_pass_mgr.py:114][decorator] Fusion pass[trans_matmulcompress_bias_shape] of op type[MatMulV2Compress] op pattern[None] stage[InvokeStage.STAGE_BUILD] priority[Priority.NORMAL] has been registered.
[INFO] TBE(3205500,python):2025-06-19-16:18:22.694.862 [../../../../../../latest/python/site-packages/tbe/common/register/fusion_pass_mgr.py:114][decorator] Fusion pass[trans_batch_matmul_shape] of op type[BatchMatMulV2] op pattern[None] stage[InvokeStage.STAGE_BUILD] priority[Priority.NORMAL] has been registered.
[INFO] TBE(3205500,python):2025-06-19-16:18:22.694.888 [../../../../../../latest/python/site-packages/tbe/common/register/fusion_pass_mgr.py:114][decorator] Fusion pass[trans_batch_matmul_shape] of op type[BatchMatMul] op pattern[None] stage[InvokeStage.STAGE_BUILD] priority[Priority.NORMAL] has been registered.
[INFO] TBE(3205500,python):2025-06-19-16:18:22.694.914 [../../../../../../latest/python/site-packages/tbe/common/register/fusion_pass_mgr.py:114][decorator] Fusion pass[trans_shape_transdata_fixpipe] of op type[None] op pattern[BatchMatmul] stage[InvokeStage.STAGE_BUILD] priority[Priority.NORMAL] has been registered.
[WARNING] TBE(3205500,python):2025-06-19-16:18:22.737.485 [../../../../../../latest/python/site-packages/te/platform/cce_policy.py:50][OpImplPolicy] te.platform.cce_policy.OpImplPolicy is deprecated, use te_fusion.fusion_util.OpImplPolicy instead.
[DEBUG] TBE(3205500,python):2025-06-19-16:18:23.019.613 [../../../../../../latest/python/site-packages/tbe/common/rl_bank/rl_op_filter.py:287][_is_tune_all_op] RL filter info: is_tune_all_op: False
[INFO] TBE(3205500,python):2025-06-19-16:18:23.098.924 [../../../../../../latest/python/site-packages/tbe/common/rl_bank/dynamic_op_filter.py:373][_need_to_tune_all_op] Auto search dynamic filter info: tune_all_op is False.
[INFO] TBE(3205500,python):2025-06-19-16:18:23.113.659 [../../../../../../latest/python/site-packages/te_fusion/parallel_compilation.py:260][exec_compilation_task] soc_info:[('Ascend910B2C', '', '24', 'false', '0', 'false')], option:[{'op_debug_level': '0', 'op_debug_dir': '/root/jzzhou/LAPA/laq/kernel_meta/kernel_meta_11702434041262854787', 'vector_fp_ceiling': 2, 'mdl_bank_path': '', 'op_bank_path': '', 'kernel_meta_temp_dir': '/root/jzzhou/LAPA/laq/kernel_meta/kernel_meta_temp_11702434041262854787', 'device_id': '', 'ai_core_cnt': '24', 'l2_size': '201326592', 'memory_size': '65464696832', 'vector_core_cnt': '48', 'l2_mode': 0, 'enable_L1_fusion': False, 'enable_L2_fusion': False}]
[WARNING] TBE(3205500,python):2025-06-19-16:18:23.113.697 [../../../../../../latest/python/site-packages/te/platform/cce_conf.py:605][te_set_version] 'from te.platform import te_set_version' is expired, please replace it with 'from tbe.common.platform import set_current_compile_soc_info'.
[DEBUG] FE(3205500,python):2025-06-19-16:18:23.114.047 [platform_infos_def.cpp:182]3205500 SetCoreNumByCoreType:"Set PlatFormInfos::core_num_ to ai_core_cnt:[24], core_type:0."
[INFO] TBE(3205500,python):2025-06-19-16:18:23.114.078 [../../../../../../latest/python/site-packages/te_fusion/parallel_compilation.py:275][exec_compilation_task] Default compiler:None
[INFO] TBE(3205500,python):2025-06-19-16:18:23.114.101 [../../../../../../latest/python/site-packages/te_fusion/parallel_compilation.py:276][exec_compilation_task] compile_options when executing compile_task:{'op_debug_level': '0', 'op_debug_dir': '/root/jzzhou/LAPA/laq/kernel_meta/kernel_meta_11702434041262854787', 'vector_fp_ceiling': 2, 'mdl_bank_path': '', 'op_bank_path': '', 'kernel_meta_temp_dir': '/root/jzzhou/LAPA/laq/kernel_meta/kernel_meta_temp_11702434041262854787', 'device_id': '', 'ai_core_cnt': '24', 'l2_size': '201326592', 'memory_size': '65464696832', 'vector_core_cnt': '48', 'l2_mode': 0, 'enable_L1_fusion': False, 'enable_L2_fusion': False}
