[DEBUG] DRV(3205503,python):2025-06-19-16:18:22.153.127 [hdc_client.c:130][ascend][curpid:3205503,3205503][drv][hdc][drvHdcClientCreate]Create client success.
[DEBUG] FE(3205503,python):2025-06-19-16:18:22.491.266 [platform_infos_lite_impl.cpp:305]3205503 InitializeSingleNormal:"Cannot find key CounterWorkspaceSize in old platform infos, label DSARandom."
[DEBUG] FE(3205503,python):2025-06-19-16:18:22.491.276 [platform_infos_lite_impl.cpp:305]3205503 InitializeSingleNormal:"Cannot find key jit_compile_mode in old platform infos, label SoftwareSpec."
[DEBUG] FE(3205503,python):2025-06-19-16:18:22.491.362 [platform_info.cpp:855]3205503 AssemblePlatformInfoVector:"The platform info os soc version[Ascend031] has been initialized."
[DEBUG] FE(3205503,python):2025-06-19-16:18:22.491.789 [platform_infos_lite_impl.cpp:305]3205503 InitializeSingleNormal:"Cannot find key ddr_rate in old platform infos, label AICoreMemoryRates."
[DEBUG] FE(3205503,python):2025-06-19-16:18:22.491.795 [platform_infos_lite_impl.cpp:305]3205503 InitializeSingleNormal:"Cannot find key CounterWorkspaceSize in old platform infos, label DSARandom."
[DEBUG] FE(3205503,python):2025-06-19-16:18:22.491.799 [platform_infos_lite_impl.cpp:305]3205503 InitializeSingleNormal:"Cannot find key jit_compile_mode in old platform infos, label SoftwareSpec."
[DEBUG] FE(3205503,python):2025-06-19-16:18:22.491.801 [platform_infos_lite_impl.cpp:305]3205503 InitializeSingleNormal:"Cannot find key ddr_rate in old platform infos, label VectorCoreMemoryRates."
[DEBUG] FE(3205503,python):2025-06-19-16:18:22.491.803 [platform_infos_lite_impl.cpp:305]3205503 InitializeSingleNormal:"Cannot find key vec_freq in old platform infos, label VectorCoreSpec."
[DEBUG] FE(3205503,python):2025-06-19-16:18:22.491.820 [platform_info.cpp:855]3205503 AssemblePlatformInfoVector:"The platform info os soc version[Ascend035] has been initialized."
[DEBUG] FE(3205503,python):2025-06-19-16:18:22.492.239 [platform_infos_lite_impl.cpp:305]3205503 InitializeSingleNormal:"Cannot find key ddr_rate in old platform infos, label AICoreMemoryRates."
[DEBUG] FE(3205503,python):2025-06-19-16:18:22.492.245 [platform_infos_lite_impl.cpp:305]3205503 InitializeSingleNormal:"Cannot find key CounterWorkspaceSize in old platform infos, label DSARandom."
[DEBUG] FE(3205503,python):2025-06-19-16:18:22.492.248 [platform_infos_lite_impl.cpp:305]3205503 InitializeSingleNormal:"Cannot find key jit_compile_mode in old platform infos, label SoftwareSpec."
[DEBUG] FE(3205503,python):2025-06-19-16:18:22.492.250 [platform_infos_lite_impl.cpp:305]3205503 InitializeSingleNormal:"Cannot find key ddr_rate in old platform infos, label VectorCoreMemoryRates."
[DEBUG] FE(3205503,python):2025-06-19-16:18:22.492.252 [platform_infos_lite_impl.cpp:305]3205503 InitializeSingleNormal:"Cannot find key vec_freq in old platform infos, label VectorCoreSpec."
[DEBUG] FE(3205503,python):2025-06-19-16:18:22.492.269 [platform_info.cpp:855]3205503 AssemblePlatformInfoVector:"The platform info os soc version[Ascend035A] has been initialized."
[DEBUG] FE(3205503,python):2025-06-19-16:18:22.492.654 [platform_infos_lite_impl.cpp:305]3205503 InitializeSingleNormal:"Cannot find key ddr_rate in old platform infos, label AICoreMemoryRates."
[DEBUG] FE(3205503,python):2025-06-19-16:18:22.492.671 [platform_infos_lite_impl.cpp:305]3205503 InitializeSingleNormal:"Cannot find key CounterWorkspaceSize in old platform infos, label DSARandom."
[DEBUG] FE(3205503,python):2025-06-19-16:18:22.492.675 [platform_infos_lite_impl.cpp:305]3205503 InitializeSingleNormal:"Cannot find key jit_compile_mode in old platform infos, label SoftwareSpec."
[DEBUG] FE(3205503,python):2025-06-19-16:18:22.492.677 [platform_infos_lite_impl.cpp:305]3205503 InitializeSingleNormal:"Cannot find key ddr_rate in old platform infos, label VectorCoreMemoryRates."
[DEBUG] FE(3205503,python):2025-06-19-16:18:22.492.679 [platform_infos_lite_impl.cpp:305]3205503 InitializeSingleNormal:"Cannot find key vec_freq in old platform infos, label VectorCoreSpec."
[DEBUG] FE(3205503,python):2025-06-19-16:18:22.492.696 [platform_info.cpp:855]3205503 AssemblePlatformInfoVector:"The platform info os soc version[Ascend035B] has been initialized."
[DEBUG] FE(3205503,python):2025-06-19-16:18:22.493.149 [platform_infos_lite_impl.cpp:305]3205503 InitializeSingleNormal:"Cannot find key CounterWorkspaceSize in old platform infos, label DSARandom."
[DEBUG] FE(3205503,python):2025-06-19-16:18:22.493.153 [platform_infos_lite_impl.cpp:305]3205503 InitializeSingleNormal:"Cannot find key jit_compile_mode in old platform infos, label SoftwareSpec."
[DEBUG] FE(3205503,python):2025-06-19-16:18:22.493.155 [platform_infos_lite_impl.cpp:305]3205503 InitializeSingleNormal:"Cannot find key ddr_rate in old platform infos, label VectorCoreMemoryRates."
[DEBUG] FE(3205503,python):2025-06-19-16:18:22.493.157 [platform_infos_lite_impl.cpp:305]3205503 InitializeSingleNormal:"Cannot find key vec_freq in old platform infos, label VectorCoreSpec."
[DEBUG] FE(3205503,python):2025-06-19-16:18:22.493.200 [platform_info.cpp:855]3205503 AssemblePlatformInfoVector:"The platform info os soc version[Ascend310] has been initialized."
[DEBUG] FE(3205503,python):2025-06-19-16:18:22.495.537 [platform_infos_lite_impl.cpp:305]3205503 InitializeSingleNormal:"Cannot find key CounterWorkspaceSize in old platform infos, label DSARandom."
[DEBUG] FE(3205503,python):2025-06-19-16:18:22.495.543 [platform_infos_lite_impl.cpp:305]3205503 InitializeSingleNormal:"Cannot find key jit_compile_mode in old platform infos, label SoftwareSpec."
[DEBUG] FE(3205503,python):2025-06-19-16:18:22.495.646 [platform_info.cpp:855]3205503 AssemblePlatformInfoVector:"The platform info os soc version[Ascend310B1] has been initialized."
[DEBUG] FE(3205503,python):2025-06-19-16:18:22.497.971 [platform_infos_lite_impl.cpp:305]3205503 InitializeSingleNormal:"Cannot find key CounterWorkspaceSize in old platform infos, label DSARandom."
[DEBUG] FE(3205503,python):2025-06-19-16:18:22.497.977 [platform_infos_lite_impl.cpp:305]3205503 InitializeSingleNormal:"Cannot find key jit_compile_mode in old platform infos, label SoftwareSpec."
[DEBUG] FE(3205503,python):2025-06-19-16:18:22.498.078 [platform_info.cpp:855]3205503 AssemblePlatformInfoVector:"The platform info os soc version[Ascend310B2] has been initialized."
[DEBUG] FE(3205503,python):2025-06-19-16:18:22.500.535 [platform_infos_lite_impl.cpp:305]3205503 InitializeSingleNormal:"Cannot find key CounterWorkspaceSize in old platform infos, label DSARandom."
[DEBUG] FE(3205503,python):2025-06-19-16:18:22.500.543 [platform_infos_lite_impl.cpp:305]3205503 InitializeSingleNormal:"Cannot find key jit_compile_mode in old platform infos, label SoftwareSpec."
[DEBUG] FE(3205503,python):2025-06-19-16:18:22.500.648 [platform_info.cpp:855]3205503 AssemblePlatformInfoVector:"The platform info os soc version[Ascend310B3] has been initialized."
[DEBUG] FE(3205503,python):2025-06-19-16:18:22.503.085 [platform_infos_lite_impl.cpp:305]3205503 InitializeSingleNormal:"Cannot find key CounterWorkspaceSize in old platform infos, label DSARandom."
[DEBUG] FE(3205503,python):2025-06-19-16:18:22.503.091 [platform_infos_lite_impl.cpp:305]3205503 InitializeSingleNormal:"Cannot find key jit_compile_mode in old platform infos, label SoftwareSpec."
[DEBUG] FE(3205503,python):2025-06-19-16:18:22.503.195 [platform_info.cpp:855]3205503 AssemblePlatformInfoVector:"The platform info os soc version[Ascend310B4] has been initialized."
[DEBUG] FE(3205503,python):2025-06-19-16:18:22.505.575 [platform_infos_lite_impl.cpp:305]3205503 InitializeSingleNormal:"Cannot find key CounterWorkspaceSize in old platform infos, label DSARandom."
[DEBUG] FE(3205503,python):2025-06-19-16:18:22.505.581 [platform_infos_lite_impl.cpp:305]3205503 InitializeSingleNormal:"Cannot find key jit_compile_mode in old platform infos, label SoftwareSpec."
[DEBUG] FE(3205503,python):2025-06-19-16:18:22.505.685 [platform_info.cpp:855]3205503 AssemblePlatformInfoVector:"The platform info os soc version[AS31XM1X] has been initialized."
[DEBUG] FE(3205503,python):2025-06-19-16:18:22.506.894 [platform_infos_lite_impl.cpp:305]3205503 InitializeSingleNormal:"Cannot find key CounterWorkspaceSize in old platform infos, label DSARandom."
[DEBUG] FE(3205503,python):2025-06-19-16:18:22.506.900 [platform_infos_lite_impl.cpp:305]3205503 InitializeSingleNormal:"Cannot find key jit_compile_mode in old platform infos, label SoftwareSpec."
[DEBUG] FE(3205503,python):2025-06-19-16:18:22.506.966 [platform_info.cpp:855]3205503 AssemblePlatformInfoVector:"The platform info os soc version[Ascend610] has been initialized."
[DEBUG] FE(3205503,python):2025-06-19-16:18:22.508.290 [platform_infos_lite_impl.cpp:305]3205503 InitializeSingleNormal:"Cannot find key CounterWorkspaceSize in old platform infos, label DSARandom."
[DEBUG] FE(3205503,python):2025-06-19-16:18:22.508.296 [platform_infos_lite_impl.cpp:305]3205503 InitializeSingleNormal:"Cannot find key jit_compile_mode in old platform infos, label SoftwareSpec."
[DEBUG] FE(3205503,python):2025-06-19-16:18:22.508.298 [platform_infos_lite_impl.cpp:305]3205503 InitializeSingleNormal:"Cannot find key ddr_rate in old platform infos, label VectorCoreMemoryRates."
[DEBUG] FE(3205503,python):2025-06-19-16:18:22.508.300 [platform_infos_lite_impl.cpp:305]3205503 InitializeSingleNormal:"Cannot find key vec_freq in old platform infos, label VectorCoreSpec."
[DEBUG] FE(3205503,python):2025-06-19-16:18:22.508.362 [platform_info.cpp:855]3205503 AssemblePlatformInfoVector:"The platform info os soc version[Ascend610Lite] has been initialized."
[DEBUG] FE(3205503,python):2025-06-19-16:18:22.509.683 [platform_infos_lite_impl.cpp:305]3205503 InitializeSingleNormal:"Cannot find key CounterWorkspaceSize in old platform infos, label DSARandom."
[DEBUG] FE(3205503,python):2025-06-19-16:18:22.509.689 [platform_infos_lite_impl.cpp:305]3205503 InitializeSingleNormal:"Cannot find key jit_compile_mode in old platform infos, label SoftwareSpec."
[DEBUG] FE(3205503,python):2025-06-19-16:18:22.509.690 [platform_infos_lite_impl.cpp:305]3205503 InitializeSingleNormal:"Cannot find key ddr_rate in old platform infos, label VectorCoreMemoryRates."
[DEBUG] FE(3205503,python):2025-06-19-16:18:22.509.692 [platform_infos_lite_impl.cpp:305]3205503 InitializeSingleNormal:"Cannot find key vec_freq in old platform infos, label VectorCoreSpec."
[DEBUG] FE(3205503,python):2025-06-19-16:18:22.509.749 [platform_info.cpp:855]3205503 AssemblePlatformInfoVector:"The platform info os soc version[BS9SX2AA] has been initialized."
[DEBUG] FE(3205503,python):2025-06-19-16:18:22.511.073 [platform_infos_lite_impl.cpp:305]3205503 InitializeSingleNormal:"Cannot find key CounterWorkspaceSize in old platform infos, label DSARandom."
[DEBUG] FE(3205503,python):2025-06-19-16:18:22.511.078 [platform_infos_lite_impl.cpp:305]3205503 InitializeSingleNormal:"Cannot find key jit_compile_mode in old platform infos, label SoftwareSpec."
[DEBUG] FE(3205503,python):2025-06-19-16:18:22.511.080 [platform_infos_lite_impl.cpp:305]3205503 InitializeSingleNormal:"Cannot find key ddr_rate in old platform infos, label VectorCoreMemoryRates."
[DEBUG] FE(3205503,python):2025-06-19-16:18:22.511.082 [platform_infos_lite_impl.cpp:305]3205503 InitializeSingleNormal:"Cannot find key vec_freq in old platform infos, label VectorCoreSpec."
[DEBUG] FE(3205503,python):2025-06-19-16:18:22.511.140 [platform_info.cpp:855]3205503 AssemblePlatformInfoVector:"The platform info os soc version[BS9SX2AB] has been initialized."
[DEBUG] FE(3205503,python):2025-06-19-16:18:22.512.491 [platform_infos_lite_impl.cpp:305]3205503 InitializeSingleNormal:"Cannot find key CounterWorkspaceSize in old platform infos, label DSARandom."
[DEBUG] FE(3205503,python):2025-06-19-16:18:22.512.497 [platform_infos_lite_impl.cpp:305]3205503 InitializeSingleNormal:"Cannot find key jit_compile_mode in old platform infos, label SoftwareSpec."
[DEBUG] FE(3205503,python):2025-06-19-16:18:22.512.499 [platform_infos_lite_impl.cpp:305]3205503 InitializeSingleNormal:"Cannot find key ddr_rate in old platform infos, label VectorCoreMemoryRates."
[DEBUG] FE(3205503,python):2025-06-19-16:18:22.512.500 [platform_infos_lite_impl.cpp:305]3205503 InitializeSingleNormal:"Cannot find key vec_freq in old platform infos, label VectorCoreSpec."
[DEBUG] FE(3205503,python):2025-06-19-16:18:22.512.562 [platform_info.cpp:855]3205503 AssemblePlatformInfoVector:"The platform info os soc version[MC61AM21AA] has been initialized."
[DEBUG] FE(3205503,python):2025-06-19-16:18:22.513.874 [platform_infos_lite_impl.cpp:305]3205503 InitializeSingleNormal:"Cannot find key CounterWorkspaceSize in old platform infos, label DSARandom."
[DEBUG] FE(3205503,python):2025-06-19-16:18:22.513.880 [platform_infos_lite_impl.cpp:305]3205503 InitializeSingleNormal:"Cannot find key jit_compile_mode in old platform infos, label SoftwareSpec."
[DEBUG] FE(3205503,python):2025-06-19-16:18:22.513.881 [platform_infos_lite_impl.cpp:305]3205503 InitializeSingleNormal:"Cannot find key ddr_rate in old platform infos, label VectorCoreMemoryRates."
[DEBUG] FE(3205503,python):2025-06-19-16:18:22.513.883 [platform_infos_lite_impl.cpp:305]3205503 InitializeSingleNormal:"Cannot find key vec_freq in old platform infos, label VectorCoreSpec."
[DEBUG] FE(3205503,python):2025-06-19-16:18:22.513.953 [platform_info.cpp:855]3205503 AssemblePlatformInfoVector:"The platform info os soc version[MC61AM21AB] has been initialized."
[DEBUG] FE(3205503,python):2025-06-19-16:18:22.515.501 [platform_infos_lite_impl.cpp:305]3205503 InitializeSingleNormal:"Cannot find key CounterWorkspaceSize in old platform infos, label DSARandom."
[DEBUG] FE(3205503,python):2025-06-19-16:18:22.515.507 [platform_infos_lite_impl.cpp:305]3205503 InitializeSingleNormal:"Cannot find key jit_compile_mode in old platform infos, label SoftwareSpec."
[DEBUG] FE(3205503,python):2025-06-19-16:18:22.515.588 [platform_info.cpp:855]3205503 AssemblePlatformInfoVector:"The platform info os soc version[BS9SX1AA] has been initialized."
[DEBUG] FE(3205503,python):2025-06-19-16:18:22.517.120 [platform_infos_lite_impl.cpp:305]3205503 InitializeSingleNormal:"Cannot find key CounterWorkspaceSize in old platform infos, label DSARandom."
[DEBUG] FE(3205503,python):2025-06-19-16:18:22.517.126 [platform_infos_lite_impl.cpp:305]3205503 InitializeSingleNormal:"Cannot find key jit_compile_mode in old platform infos, label SoftwareSpec."
[DEBUG] FE(3205503,python):2025-06-19-16:18:22.517.205 [platform_info.cpp:855]3205503 AssemblePlatformInfoVector:"The platform info os soc version[BS9SX1AB] has been initialized."
[DEBUG] FE(3205503,python):2025-06-19-16:18:22.518.724 [platform_infos_lite_impl.cpp:305]3205503 InitializeSingleNormal:"Cannot find key CounterWorkspaceSize in old platform infos, label DSARandom."
[DEBUG] FE(3205503,python):2025-06-19-16:18:22.518.730 [platform_infos_lite_impl.cpp:305]3205503 InitializeSingleNormal:"Cannot find key jit_compile_mode in old platform infos, label SoftwareSpec."
[DEBUG] FE(3205503,python):2025-06-19-16:18:22.518.808 [platform_info.cpp:855]3205503 AssemblePlatformInfoVector:"The platform info os soc version[BS9SX1AC] has been initialized."
[DEBUG] FE(3205503,python):2025-06-19-16:18:22.520.025 [platform_infos_lite_impl.cpp:305]3205503 InitializeSingleNormal:"Cannot find key CounterWorkspaceSize in old platform infos, label DSARandom."
[DEBUG] FE(3205503,python):2025-06-19-16:18:22.520.031 [platform_infos_lite_impl.cpp:305]3205503 InitializeSingleNormal:"Cannot find key jit_compile_mode in old platform infos, label SoftwareSpec."
[DEBUG] FE(3205503,python):2025-06-19-16:18:22.520.098 [platform_info.cpp:855]3205503 AssemblePlatformInfoVector:"The platform info os soc version[Ascend310P3] has been initialized."
[DEBUG] FE(3205503,python):2025-06-19-16:18:22.521.255 [platform_infos_lite_impl.cpp:305]3205503 InitializeSingleNormal:"Cannot find key CounterWorkspaceSize in old platform infos, label DSARandom."
[DEBUG] FE(3205503,python):2025-06-19-16:18:22.521.260 [platform_infos_lite_impl.cpp:305]3205503 InitializeSingleNormal:"Cannot find key jit_compile_mode in old platform infos, label SoftwareSpec."
[DEBUG] FE(3205503,python):2025-06-19-16:18:22.521.326 [platform_info.cpp:855]3205503 AssemblePlatformInfoVector:"The platform info os soc version[Ascend310P1] has been initialized."
[DEBUG] FE(3205503,python):2025-06-19-16:18:22.521.881 [platform_infos_lite_impl.cpp:305]3205503 InitializeSingleNormal:"Cannot find key CounterWorkspaceSize in old platform infos, label DSARandom."
[DEBUG] FE(3205503,python):2025-06-19-16:18:22.521.886 [platform_infos_lite_impl.cpp:305]3205503 InitializeSingleNormal:"Cannot find key jit_compile_mode in old platform infos, label SoftwareSpec."
[DEBUG] FE(3205503,python):2025-06-19-16:18:22.521.888 [platform_infos_lite_impl.cpp:305]3205503 InitializeSingleNormal:"Cannot find key ddr_rate in old platform infos, label VectorCoreMemoryRates."
[DEBUG] FE(3205503,python):2025-06-19-16:18:22.521.890 [platform_infos_lite_impl.cpp:305]3205503 InitializeSingleNormal:"Cannot find key vec_freq in old platform infos, label VectorCoreSpec."
[DEBUG] FE(3205503,python):2025-06-19-16:18:22.521.934 [platform_info.cpp:855]3205503 AssemblePlatformInfoVector:"The platform info os soc version[Ascend910A] has been initialized."
[DEBUG] FE(3205503,python):2025-06-19-16:18:22.522.468 [platform_infos_lite_impl.cpp:305]3205503 InitializeSingleNormal:"Cannot find key CounterWorkspaceSize in old platform infos, label DSARandom."
[DEBUG] FE(3205503,python):2025-06-19-16:18:22.522.473 [platform_infos_lite_impl.cpp:305]3205503 InitializeSingleNormal:"Cannot find key jit_compile_mode in old platform infos, label SoftwareSpec."
[DEBUG] FE(3205503,python):2025-06-19-16:18:22.522.475 [platform_infos_lite_impl.cpp:305]3205503 InitializeSingleNormal:"Cannot find key ddr_rate in old platform infos, label VectorCoreMemoryRates."
[DEBUG] FE(3205503,python):2025-06-19-16:18:22.522.477 [platform_infos_lite_impl.cpp:305]3205503 InitializeSingleNormal:"Cannot find key vec_freq in old platform infos, label VectorCoreSpec."
[DEBUG] FE(3205503,python):2025-06-19-16:18:22.522.508 [platform_info.cpp:855]3205503 AssemblePlatformInfoVector:"The platform info os soc version[Ascend910B] has been initialized."
[DEBUG] FE(3205503,python):2025-06-19-16:18:22.523.024 [platform_infos_lite_impl.cpp:305]3205503 InitializeSingleNormal:"Cannot find key CounterWorkspaceSize in old platform infos, label DSARandom."
[DEBUG] FE(3205503,python):2025-06-19-16:18:22.523.028 [platform_infos_lite_impl.cpp:305]3205503 InitializeSingleNormal:"Cannot find key jit_compile_mode in old platform infos, label SoftwareSpec."
[DEBUG] FE(3205503,python):2025-06-19-16:18:22.523.030 [platform_infos_lite_impl.cpp:305]3205503 InitializeSingleNormal:"Cannot find key ddr_rate in old platform infos, label VectorCoreMemoryRates."
[DEBUG] FE(3205503,python):2025-06-19-16:18:22.523.032 [platform_infos_lite_impl.cpp:305]3205503 InitializeSingleNormal:"Cannot find key vec_freq in old platform infos, label VectorCoreSpec."
[DEBUG] FE(3205503,python):2025-06-19-16:18:22.523.064 [platform_info.cpp:855]3205503 AssemblePlatformInfoVector:"The platform info os soc version[Ascend910PremiumA] has been initialized."
[DEBUG] FE(3205503,python):2025-06-19-16:18:22.523.587 [platform_infos_lite_impl.cpp:305]3205503 InitializeSingleNormal:"Cannot find key CounterWorkspaceSize in old platform infos, label DSARandom."
[DEBUG] FE(3205503,python):2025-06-19-16:18:22.523.592 [platform_infos_lite_impl.cpp:305]3205503 InitializeSingleNormal:"Cannot find key jit_compile_mode in old platform infos, label SoftwareSpec."
[DEBUG] FE(3205503,python):2025-06-19-16:18:22.523.594 [platform_infos_lite_impl.cpp:305]3205503 InitializeSingleNormal:"Cannot find key ddr_rate in old platform infos, label VectorCoreMemoryRates."
[DEBUG] FE(3205503,python):2025-06-19-16:18:22.523.596 [platform_infos_lite_impl.cpp:305]3205503 InitializeSingleNormal:"Cannot find key vec_freq in old platform infos, label VectorCoreSpec."
[DEBUG] FE(3205503,python):2025-06-19-16:18:22.523.627 [platform_info.cpp:855]3205503 AssemblePlatformInfoVector:"The platform info os soc version[Ascend910ProA] has been initialized."
[DEBUG] FE(3205503,python):2025-06-19-16:18:22.524.134 [platform_infos_lite_impl.cpp:305]3205503 InitializeSingleNormal:"Cannot find key CounterWorkspaceSize in old platform infos, label DSARandom."
[DEBUG] FE(3205503,python):2025-06-19-16:18:22.524.140 [platform_infos_lite_impl.cpp:305]3205503 InitializeSingleNormal:"Cannot find key jit_compile_mode in old platform infos, label SoftwareSpec."
[DEBUG] FE(3205503,python):2025-06-19-16:18:22.524.143 [platform_infos_lite_impl.cpp:305]3205503 InitializeSingleNormal:"Cannot find key ddr_rate in old platform infos, label VectorCoreMemoryRates."
[DEBUG] FE(3205503,python):2025-06-19-16:18:22.524.145 [platform_infos_lite_impl.cpp:305]3205503 InitializeSingleNormal:"Cannot find key vec_freq in old platform infos, label VectorCoreSpec."
[DEBUG] FE(3205503,python):2025-06-19-16:18:22.524.177 [platform_info.cpp:855]3205503 AssemblePlatformInfoVector:"The platform info os soc version[Ascend910ProB] has been initialized."
[DEBUG] FE(3205503,python):2025-06-19-16:18:22.525.167 [platform_infos_lite_impl.cpp:305]3205503 InitializeSingleNormal:"Cannot find key jit_compile_default_value in old platform infos, label SoftwareSpec."
[DEBUG] FE(3205503,python):2025-06-19-16:18:22.525.169 [platform_infos_lite_impl.cpp:305]3205503 InitializeSingleNormal:"Cannot find key jit_compile_mode in old platform infos, label SoftwareSpec."
[DEBUG] FE(3205503,python):2025-06-19-16:18:22.525.171 [platform_infos_lite_impl.cpp:305]3205503 InitializeSingleNormal:"Cannot find key ddr_rate in old platform infos, label VectorCoreMemoryRates."
[DEBUG] FE(3205503,python):2025-06-19-16:18:22.525.173 [platform_infos_lite_impl.cpp:305]3205503 InitializeSingleNormal:"Cannot find key vec_freq in old platform infos, label VectorCoreSpec."
[DEBUG] FE(3205503,python):2025-06-19-16:18:22.525.243 [platform_info.cpp:855]3205503 AssemblePlatformInfoVector:"The platform info os soc version[Ascend910B1] has been initialized."
[DEBUG] FE(3205503,python):2025-06-19-16:18:22.526.243 [platform_infos_lite_impl.cpp:305]3205503 InitializeSingleNormal:"Cannot find key jit_compile_default_value in old platform infos, label SoftwareSpec."
[DEBUG] FE(3205503,python):2025-06-19-16:18:22.526.246 [platform_infos_lite_impl.cpp:305]3205503 InitializeSingleNormal:"Cannot find key jit_compile_mode in old platform infos, label SoftwareSpec."
[DEBUG] FE(3205503,python):2025-06-19-16:18:22.526.247 [platform_infos_lite_impl.cpp:305]3205503 InitializeSingleNormal:"Cannot find key ddr_rate in old platform infos, label VectorCoreMemoryRates."
[DEBUG] FE(3205503,python):2025-06-19-16:18:22.526.250 [platform_infos_lite_impl.cpp:305]3205503 InitializeSingleNormal:"Cannot find key vec_freq in old platform infos, label VectorCoreSpec."
[DEBUG] FE(3205503,python):2025-06-19-16:18:22.526.311 [platform_info.cpp:855]3205503 AssemblePlatformInfoVector:"The platform info os soc version[Ascend910B2] has been initialized."
[DEBUG] FE(3205503,python):2025-06-19-16:18:22.527.298 [platform_infos_lite_impl.cpp:305]3205503 InitializeSingleNormal:"Cannot find key jit_compile_default_value in old platform infos, label SoftwareSpec."
[DEBUG] FE(3205503,python):2025-06-19-16:18:22.527.300 [platform_infos_lite_impl.cpp:305]3205503 InitializeSingleNormal:"Cannot find key jit_compile_mode in old platform infos, label SoftwareSpec."
[DEBUG] FE(3205503,python):2025-06-19-16:18:22.527.302 [platform_infos_lite_impl.cpp:305]3205503 InitializeSingleNormal:"Cannot find key ddr_rate in old platform infos, label VectorCoreMemoryRates."
[DEBUG] FE(3205503,python):2025-06-19-16:18:22.527.372 [platform_infos_lite_impl.cpp:305]3205503 InitializeSingleNormal:"Cannot find key vec_freq in old platform infos, label VectorCoreSpec."
[DEBUG] FE(3205503,python):2025-06-19-16:18:22.527.432 [platform_info.cpp:855]3205503 AssemblePlatformInfoVector:"The platform info os soc version[Ascend910B3] has been initialized."
[DEBUG] FE(3205503,python):2025-06-19-16:18:22.528.790 [platform_infos_lite_impl.cpp:305]3205503 InitializeSingleNormal:"Cannot find key jit_compile_default_value in old platform infos, label SoftwareSpec."
[DEBUG] FE(3205503,python):2025-06-19-16:18:22.528.793 [platform_infos_lite_impl.cpp:305]3205503 InitializeSingleNormal:"Cannot find key jit_compile_mode in old platform infos, label SoftwareSpec."
[DEBUG] FE(3205503,python):2025-06-19-16:18:22.528.795 [platform_infos_lite_impl.cpp:305]3205503 InitializeSingleNormal:"Cannot find key ddr_rate in old platform infos, label VectorCoreMemoryRates."
[DEBUG] FE(3205503,python):2025-06-19-16:18:22.528.797 [platform_infos_lite_impl.cpp:305]3205503 InitializeSingleNormal:"Cannot find key vec_freq in old platform infos, label VectorCoreSpec."
[DEBUG] FE(3205503,python):2025-06-19-16:18:22.528.856 [platform_info.cpp:855]3205503 AssemblePlatformInfoVector:"The platform info os soc version[Ascend910B4] has been initialized."
[DEBUG] FE(3205503,python):2025-06-19-16:18:22.530.412 [platform_infos_lite_impl.cpp:305]3205503 InitializeSingleNormal:"Cannot find key jit_compile_default_value in old platform infos, label SoftwareSpec."
[DEBUG] FE(3205503,python):2025-06-19-16:18:22.530.414 [platform_infos_lite_impl.cpp:305]3205503 InitializeSingleNormal:"Cannot find key jit_compile_mode in old platform infos, label SoftwareSpec."
[DEBUG] FE(3205503,python):2025-06-19-16:18:22.530.416 [platform_infos_lite_impl.cpp:305]3205503 InitializeSingleNormal:"Cannot find key ddr_rate in old platform infos, label VectorCoreMemoryRates."
[DEBUG] FE(3205503,python):2025-06-19-16:18:22.530.418 [platform_infos_lite_impl.cpp:305]3205503 InitializeSingleNormal:"Cannot find key vec_freq in old platform infos, label VectorCoreSpec."
[DEBUG] FE(3205503,python):2025-06-19-16:18:22.530.573 [platform_info.cpp:855]3205503 AssemblePlatformInfoVector:"The platform info os soc version[Ascend910B4-1] has been initialized."
[WARNING] FE(3205503,python):2025-06-19-16:18:22.531.866 [platform_info.cpp:853]3205503 AssemblePlatformInfoVector:"Can not find soc info enum by Ascend910_9361."
[DEBUG] FE(3205503,python):2025-06-19-16:18:22.531.869 [platform_info.cpp:855]3205503 AssemblePlatformInfoVector:"The platform info os soc version[Ascend910_9361] has been initialized."
[DEBUG] FE(3205503,python):2025-06-19-16:18:22.533.757 [platform_infos_lite_impl.cpp:305]3205503 InitializeSingleNormal:"Cannot find key jit_compile_default_value in old platform infos, label SoftwareSpec."
[DEBUG] FE(3205503,python):2025-06-19-16:18:22.533.759 [platform_infos_lite_impl.cpp:305]3205503 InitializeSingleNormal:"Cannot find key jit_compile_mode in old platform infos, label SoftwareSpec."
[DEBUG] FE(3205503,python):2025-06-19-16:18:22.533.761 [platform_infos_lite_impl.cpp:305]3205503 InitializeSingleNormal:"Cannot find key ddr_rate in old platform infos, label VectorCoreMemoryRates."
[DEBUG] FE(3205503,python):2025-06-19-16:18:22.533.763 [platform_infos_lite_impl.cpp:305]3205503 InitializeSingleNormal:"Cannot find key vec_freq in old platform infos, label VectorCoreSpec."
[DEBUG] FE(3205503,python):2025-06-19-16:18:22.533.834 [platform_info.cpp:855]3205503 AssemblePlatformInfoVector:"The platform info os soc version[Ascend910_9372] has been initialized."
[DEBUG] FE(3205503,python):2025-06-19-16:18:22.535.078 [platform_infos_lite_impl.cpp:305]3205503 InitializeSingleNormal:"Cannot find key jit_compile_default_value in old platform infos, label SoftwareSpec."
[DEBUG] FE(3205503,python):2025-06-19-16:18:22.535.080 [platform_infos_lite_impl.cpp:305]3205503 InitializeSingleNormal:"Cannot find key jit_compile_mode in old platform infos, label SoftwareSpec."
[DEBUG] FE(3205503,python):2025-06-19-16:18:22.535.082 [platform_infos_lite_impl.cpp:305]3205503 InitializeSingleNormal:"Cannot find key ddr_rate in old platform infos, label VectorCoreMemoryRates."
[DEBUG] FE(3205503,python):2025-06-19-16:18:22.535.084 [platform_infos_lite_impl.cpp:305]3205503 InitializeSingleNormal:"Cannot find key vec_freq in old platform infos, label VectorCoreSpec."
[DEBUG] FE(3205503,python):2025-06-19-16:18:22.535.141 [platform_info.cpp:855]3205503 AssemblePlatformInfoVector:"The platform info os soc version[Ascend910_9381] has been initialized."
[WARNING] FE(3205503,python):2025-06-19-16:18:22.536.144 [platform_info.cpp:853]3205503 AssemblePlatformInfoVector:"Can not find soc info enum by Ascend910_9382."
[DEBUG] FE(3205503,python):2025-06-19-16:18:22.536.146 [platform_info.cpp:855]3205503 AssemblePlatformInfoVector:"The platform info os soc version[Ascend910_9382] has been initialized."
[DEBUG] FE(3205503,python):2025-06-19-16:18:22.537.130 [platform_infos_lite_impl.cpp:305]3205503 InitializeSingleNormal:"Cannot find key jit_compile_default_value in old platform infos, label SoftwareSpec."
[DEBUG] FE(3205503,python):2025-06-19-16:18:22.537.132 [platform_infos_lite_impl.cpp:305]3205503 InitializeSingleNormal:"Cannot find key jit_compile_mode in old platform infos, label SoftwareSpec."
[DEBUG] FE(3205503,python):2025-06-19-16:18:22.537.134 [platform_infos_lite_impl.cpp:305]3205503 InitializeSingleNormal:"Cannot find key ddr_rate in old platform infos, label VectorCoreMemoryRates."
[DEBUG] FE(3205503,python):2025-06-19-16:18:22.537.136 [platform_infos_lite_impl.cpp:305]3205503 InitializeSingleNormal:"Cannot find key vec_freq in old platform infos, label VectorCoreSpec."
[DEBUG] FE(3205503,python):2025-06-19-16:18:22.537.194 [platform_info.cpp:855]3205503 AssemblePlatformInfoVector:"The platform info os soc version[Ascend910_9391] has been initialized."
[WARNING] FE(3205503,python):2025-06-19-16:18:22.538.181 [platform_info.cpp:853]3205503 AssemblePlatformInfoVector:"Can not find soc info enum by Ascend910_9392."
[DEBUG] FE(3205503,python):2025-06-19-16:18:22.538.183 [platform_info.cpp:855]3205503 AssemblePlatformInfoVector:"The platform info os soc version[Ascend910_9392] has been initialized."
[DEBUG] FE(3205503,python):2025-06-19-16:18:22.539.192 [platform_infos_lite_impl.cpp:305]3205503 InitializeSingleNormal:"Cannot find key jit_compile_default_value in old platform infos, label SoftwareSpec."
[DEBUG] FE(3205503,python):2025-06-19-16:18:22.539.195 [platform_infos_lite_impl.cpp:305]3205503 InitializeSingleNormal:"Cannot find key jit_compile_mode in old platform infos, label SoftwareSpec."
[DEBUG] FE(3205503,python):2025-06-19-16:18:22.539.197 [platform_infos_lite_impl.cpp:305]3205503 InitializeSingleNormal:"Cannot find key ddr_rate in old platform infos, label VectorCoreMemoryRates."
[DEBUG] FE(3205503,python):2025-06-19-16:18:22.539.198 [platform_infos_lite_impl.cpp:305]3205503 InitializeSingleNormal:"Cannot find key vec_freq in old platform infos, label VectorCoreSpec."
[DEBUG] FE(3205503,python):2025-06-19-16:18:22.539.257 [platform_info.cpp:855]3205503 AssemblePlatformInfoVector:"The platform info os soc version[Ascend910B2C] has been initialized."
[DEBUG] FE(3205503,python):2025-06-19-16:18:22.539.839 [platform_infos_lite_impl.cpp:305]3205503 InitializeSingleNormal:"Cannot find key CounterWorkspaceSize in old platform infos, label DSARandom."
[DEBUG] FE(3205503,python):2025-06-19-16:18:22.539.843 [platform_infos_lite_impl.cpp:305]3205503 InitializeSingleNormal:"Cannot find key jit_compile_mode in old platform infos, label SoftwareSpec."
[DEBUG] FE(3205503,python):2025-06-19-16:18:22.539.845 [platform_infos_lite_impl.cpp:305]3205503 InitializeSingleNormal:"Cannot find key ddr_rate in old platform infos, label VectorCoreMemoryRates."
[DEBUG] FE(3205503,python):2025-06-19-16:18:22.539.847 [platform_infos_lite_impl.cpp:305]3205503 InitializeSingleNormal:"Cannot find key vec_freq in old platform infos, label VectorCoreSpec."
[DEBUG] FE(3205503,python):2025-06-19-16:18:22.539.881 [platform_info.cpp:855]3205503 AssemblePlatformInfoVector:"The platform info os soc version[Hi3796CV300CS] has been initialized."
[DEBUG] FE(3205503,python):2025-06-19-16:18:22.540.401 [platform_infos_lite_impl.cpp:305]3205503 InitializeSingleNormal:"Cannot find key CounterWorkspaceSize in old platform infos, label DSARandom."
[DEBUG] FE(3205503,python):2025-06-19-16:18:22.540.405 [platform_infos_lite_impl.cpp:305]3205503 InitializeSingleNormal:"Cannot find key jit_compile_mode in old platform infos, label SoftwareSpec."
[DEBUG] FE(3205503,python):2025-06-19-16:18:22.540.407 [platform_infos_lite_impl.cpp:305]3205503 InitializeSingleNormal:"Cannot find key ddr_rate in old platform infos, label VectorCoreMemoryRates."
[DEBUG] FE(3205503,python):2025-06-19-16:18:22.540.409 [platform_infos_lite_impl.cpp:305]3205503 InitializeSingleNormal:"Cannot find key vec_freq in old platform infos, label VectorCoreSpec."
[DEBUG] FE(3205503,python):2025-06-19-16:18:22.540.442 [platform_info.cpp:855]3205503 AssemblePlatformInfoVector:"The platform info os soc version[Hi3796CV300ES] has been initialized."
[DEBUG] FE(3205503,python):2025-06-19-16:18:22.541.001 [platform_infos_lite_impl.cpp:305]3205503 InitializeSingleNormal:"Cannot find key CounterWorkspaceSize in old platform infos, label DSARandom."
[DEBUG] FE(3205503,python):2025-06-19-16:18:22.541.004 [platform_infos_lite_impl.cpp:305]3205503 InitializeSingleNormal:"Cannot find key jit_compile_mode in old platform infos, label SoftwareSpec."
[DEBUG] FE(3205503,python):2025-06-19-16:18:22.541.006 [platform_infos_lite_impl.cpp:305]3205503 InitializeSingleNormal:"Cannot find key ddr_rate in old platform infos, label VectorCoreMemoryRates."
[DEBUG] FE(3205503,python):2025-06-19-16:18:22.541.008 [platform_infos_lite_impl.cpp:305]3205503 InitializeSingleNormal:"Cannot find key vec_freq in old platform infos, label VectorCoreSpec."
[DEBUG] FE(3205503,python):2025-06-19-16:18:22.541.042 [platform_info.cpp:855]3205503 AssemblePlatformInfoVector:"The platform info os soc version[SD3403] has been initialized."
[INFO] TBE(3205503,python):2025-06-19-16:18:22.762.338 [../../../../../../latest/python/site-packages/tbe/common/register/fusion_pass_mgr.py:59][decorator] Fusion pass[conv2d_data_rm_build_pass] of stage[InvokeStage.STAGE_BUILD] priority[Priority.NORMAL] has been registered.
[INFO] TBE(3205503,python):2025-06-19-16:18:22.762.516 [../../../../../../latest/python/site-packages/tbe/common/register/fusion_pass_mgr.py:114][decorator] Fusion pass[trans_shape_of_conv3d] of op type[Conv3D] op pattern[None] stage[InvokeStage.STAGE_BUILD] priority[Priority.NORMAL] has been registered.
[INFO] TBE(3205503,python):2025-06-19-16:18:22.762.551 [../../../../../../latest/python/site-packages/tbe/common/register/fusion_pass_mgr.py:59][decorator] Fusion pass[trans_shape_depthwise_conv2d] of stage[InvokeStage.STAGE_BUILD] priority[Priority.NORMAL] has been registered.
[INFO] TBE(3205503,python):2025-06-19-16:18:22.762.710 [../../../../../../latest/python/site-packages/tbe/common/register/fusion_pass_mgr.py:114][decorator] Fusion pass[trans_shape_for_elemwise] of op type[None] op pattern[ElemWise] stage[InvokeStage.STAGE_BUILD] priority[Priority.NORMAL] has been registered.
[INFO] TBE(3205503,python):2025-06-19-16:18:22.762.745 [../../../../../../latest/python/site-packages/tbe/common/register/fusion_pass_mgr.py:114][decorator] Fusion pass[trans_shape_for_broadcast] of op type[None] op pattern[Broadcast] stage[InvokeStage.STAGE_BUILD] priority[Priority.NORMAL] has been registered.
[INFO] TBE(3205503,python):2025-06-19-16:18:22.762.774 [../../../../../../latest/python/site-packages/tbe/common/register/fusion_pass_mgr.py:114][decorator] Fusion pass[trans_shape_of_biasadd] of op type[BiasAdd] op pattern[None] stage[InvokeStage.STAGE_BUILD] priority[Priority.NORMAL] has been registered.
[INFO] TBE(3205503,python):2025-06-19-16:18:22.762.801 [../../../../../../latest/python/site-packages/tbe/common/register/fusion_pass_mgr.py:114][decorator] Fusion pass[trans_shape_of_requant_s16] of op type[AscendRequantS16] op pattern[None] stage[InvokeStage.STAGE_BUILD] priority[Priority.NORMAL] has been registered.
[INFO] TBE(3205503,python):2025-06-19-16:18:22.762.827 [../../../../../../latest/python/site-packages/tbe/common/register/fusion_pass_mgr.py:114][decorator] Fusion pass[trans_shape_of_bninference] of op type[BNInferenceD] op pattern[None] stage[InvokeStage.STAGE_BUILD] priority[Priority.NORMAL] has been registered.
[INFO] TBE(3205503,python):2025-06-19-16:18:22.762.943 [../../../../../../latest/python/site-packages/tbe/common/register/fusion_pass_mgr.py:114][decorator] Fusion pass[trans_shape_fully_connection] of op type[FullyConnection] op pattern[None] stage[InvokeStage.STAGE_BUILD] priority[Priority.NORMAL] has been registered.
[INFO] TBE(3205503,python):2025-06-19-16:18:22.762.971 [../../../../../../latest/python/site-packages/tbe/common/register/fusion_pass_mgr.py:114][decorator] Fusion pass[trans_shape_fully_connection_compress] of op type[FullyConnectionCompress] op pattern[None] stage[InvokeStage.STAGE_BUILD] priority[Priority.NORMAL] has been registered.
[INFO] TBE(3205503,python):2025-06-19-16:18:22.763.109 [../../../../../../latest/python/site-packages/tbe/common/register/fusion_pass_mgr.py:114][decorator] Fusion pass[trans_matmul_bias_shape] of op type[MatMulV2] op pattern[None] stage[InvokeStage.STAGE_BUILD] priority[Priority.NORMAL] has been registered.
[INFO] TBE(3205503,python):2025-06-19-16:18:22.763.138 [../../../../../../latest/python/site-packages/tbe/common/register/fusion_pass_mgr.py:114][decorator] Fusion pass[trans_matmul_bias_shape] of op type[MatMul] op pattern[None] stage[InvokeStage.STAGE_BUILD] priority[Priority.NORMAL] has been registered.
[INFO] TBE(3205503,python):2025-06-19-16:18:22.763.164 [../../../../../../latest/python/site-packages/tbe/common/register/fusion_pass_mgr.py:114][decorator] Fusion pass[trans_matmulcompress_bias_shape] of op type[MatMulV2Compress] op pattern[None] stage[InvokeStage.STAGE_BUILD] priority[Priority.NORMAL] has been registered.
[INFO] TBE(3205503,python):2025-06-19-16:18:22.763.289 [../../../../../../latest/python/site-packages/tbe/common/register/fusion_pass_mgr.py:114][decorator] Fusion pass[trans_batch_matmul_shape] of op type[BatchMatMulV2] op pattern[None] stage[InvokeStage.STAGE_BUILD] priority[Priority.NORMAL] has been registered.
[INFO] TBE(3205503,python):2025-06-19-16:18:22.763.316 [../../../../../../latest/python/site-packages/tbe/common/register/fusion_pass_mgr.py:114][decorator] Fusion pass[trans_batch_matmul_shape] of op type[BatchMatMul] op pattern[None] stage[InvokeStage.STAGE_BUILD] priority[Priority.NORMAL] has been registered.
[INFO] TBE(3205503,python):2025-06-19-16:18:22.763.343 [../../../../../../latest/python/site-packages/tbe/common/register/fusion_pass_mgr.py:114][decorator] Fusion pass[trans_shape_transdata_fixpipe] of op type[None] op pattern[BatchMatmul] stage[InvokeStage.STAGE_BUILD] priority[Priority.NORMAL] has been registered.
[WARNING] TBE(3205503,python):2025-06-19-16:18:22.811.085 [../../../../../../latest/python/site-packages/te/platform/cce_policy.py:50][OpImplPolicy] te.platform.cce_policy.OpImplPolicy is deprecated, use te_fusion.fusion_util.OpImplPolicy instead.
[DEBUG] TBE(3205503,python):2025-06-19-16:18:23.096.815 [../../../../../../latest/python/site-packages/tbe/common/rl_bank/rl_op_filter.py:287][_is_tune_all_op] RL filter info: is_tune_all_op: False
[INFO] TBE(3205503,python):2025-06-19-16:18:23.166.531 [../../../../../../latest/python/site-packages/tbe/common/rl_bank/dynamic_op_filter.py:373][_need_to_tune_all_op] Auto search dynamic filter info: tune_all_op is False.
[INFO] TBE(3205503,python):2025-06-19-16:18:23.181.199 [../../../../../../latest/python/site-packages/te_fusion/parallel_compilation.py:260][exec_compilation_task] soc_info:[('Ascend910B2C', '', '24', 'false', '0', 'false')], option:[{'op_debug_level': '0', 'op_debug_dir': '/root/jzzhou/LAPA/laq/kernel_meta/kernel_meta_11702434041262854787', 'vector_fp_ceiling': 2, 'mdl_bank_path': '', 'op_bank_path': '', 'kernel_meta_temp_dir': '/root/jzzhou/LAPA/laq/kernel_meta/kernel_meta_temp_11702434041262854787', 'device_id': '', 'ai_core_cnt': '24', 'l2_size': '201326592', 'memory_size': '65464696832', 'vector_core_cnt': '48', 'l2_mode': 0, 'enable_L1_fusion': False, 'enable_L2_fusion': False}]
[WARNING] TBE(3205503,python):2025-06-19-16:18:23.181.235 [../../../../../../latest/python/site-packages/te/platform/cce_conf.py:605][te_set_version] 'from te.platform import te_set_version' is expired, please replace it with 'from tbe.common.platform import set_current_compile_soc_info'.
[DEBUG] FE(3205503,python):2025-06-19-16:18:23.181.584 [platform_infos_def.cpp:182]3205503 SetCoreNumByCoreType:"Set PlatFormInfos::core_num_ to ai_core_cnt:[24], core_type:0."
[INFO] TBE(3205503,python):2025-06-19-16:18:23.181.617 [../../../../../../latest/python/site-packages/te_fusion/parallel_compilation.py:275][exec_compilation_task] Default compiler:None
[INFO] TBE(3205503,python):2025-06-19-16:18:23.181.639 [../../../../../../latest/python/site-packages/te_fusion/parallel_compilation.py:276][exec_compilation_task] compile_options when executing compile_task:{'op_debug_level': '0', 'op_debug_dir': '/root/jzzhou/LAPA/laq/kernel_meta/kernel_meta_11702434041262854787', 'vector_fp_ceiling': 2, 'mdl_bank_path': '', 'op_bank_path': '', 'kernel_meta_temp_dir': '/root/jzzhou/LAPA/laq/kernel_meta/kernel_meta_temp_11702434041262854787', 'device_id': '', 'ai_core_cnt': '24', 'l2_size': '201326592', 'memory_size': '65464696832', 'vector_core_cnt': '48', 'l2_mode': 0, 'enable_L1_fusion': False, 'enable_L2_fusion': False}
