[DEBUG] DRV(3205487,python):2025-06-19-16:18:22.045.129 [hdc_client.c:130][ascend][curpid:3205487,3205487][drv][hdc][drvHdcClientCreate]Create client success.
[DEBUG] FE(3205487,python):2025-06-19-16:18:22.352.045 [platform_infos_lite_impl.cpp:305]3205487 InitializeSingleNormal:"Cannot find key CounterWorkspaceSize in old platform infos, label DSARandom."
[DEBUG] FE(3205487,python):2025-06-19-16:18:22.352.057 [platform_infos_lite_impl.cpp:305]3205487 InitializeSingleNormal:"Cannot find key jit_compile_mode in old platform infos, label SoftwareSpec."
[DEBUG] FE(3205487,python):2025-06-19-16:18:22.352.143 [platform_info.cpp:855]3205487 AssemblePlatformInfoVector:"The platform info os soc version[Ascend031] has been initialized."
[DEBUG] FE(3205487,python):2025-06-19-16:18:22.352.563 [platform_infos_lite_impl.cpp:305]3205487 InitializeSingleNormal:"Cannot find key ddr_rate in old platform infos, label AICoreMemoryRates."
[DEBUG] FE(3205487,python):2025-06-19-16:18:22.352.569 [platform_infos_lite_impl.cpp:305]3205487 InitializeSingleNormal:"Cannot find key CounterWorkspaceSize in old platform infos, label DSARandom."
[DEBUG] FE(3205487,python):2025-06-19-16:18:22.352.573 [platform_infos_lite_impl.cpp:305]3205487 InitializeSingleNormal:"Cannot find key jit_compile_mode in old platform infos, label SoftwareSpec."
[DEBUG] FE(3205487,python):2025-06-19-16:18:22.352.575 [platform_infos_lite_impl.cpp:305]3205487 InitializeSingleNormal:"Cannot find key ddr_rate in old platform infos, label VectorCoreMemoryRates."
[DEBUG] FE(3205487,python):2025-06-19-16:18:22.352.577 [platform_infos_lite_impl.cpp:305]3205487 InitializeSingleNormal:"Cannot find key vec_freq in old platform infos, label VectorCoreSpec."
[DEBUG] FE(3205487,python):2025-06-19-16:18:22.352.595 [platform_info.cpp:855]3205487 AssemblePlatformInfoVector:"The platform info os soc version[Ascend035] has been initialized."
[DEBUG] FE(3205487,python):2025-06-19-16:18:22.352.970 [platform_infos_lite_impl.cpp:305]3205487 InitializeSingleNormal:"Cannot find key ddr_rate in old platform infos, label AICoreMemoryRates."
[DEBUG] FE(3205487,python):2025-06-19-16:18:22.352.976 [platform_infos_lite_impl.cpp:305]3205487 InitializeSingleNormal:"Cannot find key CounterWorkspaceSize in old platform infos, label DSARandom."
[DEBUG] FE(3205487,python):2025-06-19-16:18:22.352.980 [platform_infos_lite_impl.cpp:305]3205487 InitializeSingleNormal:"Cannot find key jit_compile_mode in old platform infos, label SoftwareSpec."
[DEBUG] FE(3205487,python):2025-06-19-16:18:22.352.982 [platform_infos_lite_impl.cpp:305]3205487 InitializeSingleNormal:"Cannot find key ddr_rate in old platform infos, label VectorCoreMemoryRates."
[DEBUG] FE(3205487,python):2025-06-19-16:18:22.352.984 [platform_infos_lite_impl.cpp:305]3205487 InitializeSingleNormal:"Cannot find key vec_freq in old platform infos, label VectorCoreSpec."
[DEBUG] FE(3205487,python):2025-06-19-16:18:22.353.001 [platform_info.cpp:855]3205487 AssemblePlatformInfoVector:"The platform info os soc version[Ascend035A] has been initialized."
[DEBUG] FE(3205487,python):2025-06-19-16:18:22.353.380 [platform_infos_lite_impl.cpp:305]3205487 InitializeSingleNormal:"Cannot find key ddr_rate in old platform infos, label AICoreMemoryRates."
[DEBUG] FE(3205487,python):2025-06-19-16:18:22.353.385 [platform_infos_lite_impl.cpp:305]3205487 InitializeSingleNormal:"Cannot find key CounterWorkspaceSize in old platform infos, label DSARandom."
[DEBUG] FE(3205487,python):2025-06-19-16:18:22.353.389 [platform_infos_lite_impl.cpp:305]3205487 InitializeSingleNormal:"Cannot find key jit_compile_mode in old platform infos, label SoftwareSpec."
[DEBUG] FE(3205487,python):2025-06-19-16:18:22.353.390 [platform_infos_lite_impl.cpp:305]3205487 InitializeSingleNormal:"Cannot find key ddr_rate in old platform infos, label VectorCoreMemoryRates."
[DEBUG] FE(3205487,python):2025-06-19-16:18:22.353.392 [platform_infos_lite_impl.cpp:305]3205487 InitializeSingleNormal:"Cannot find key vec_freq in old platform infos, label VectorCoreSpec."
[DEBUG] FE(3205487,python):2025-06-19-16:18:22.353.409 [platform_info.cpp:855]3205487 AssemblePlatformInfoVector:"The platform info os soc version[Ascend035B] has been initialized."
[DEBUG] FE(3205487,python):2025-06-19-16:18:22.353.872 [platform_infos_lite_impl.cpp:305]3205487 InitializeSingleNormal:"Cannot find key CounterWorkspaceSize in old platform infos, label DSARandom."
[DEBUG] FE(3205487,python):2025-06-19-16:18:22.353.876 [platform_infos_lite_impl.cpp:305]3205487 InitializeSingleNormal:"Cannot find key jit_compile_mode in old platform infos, label SoftwareSpec."
[DEBUG] FE(3205487,python):2025-06-19-16:18:22.353.878 [platform_infos_lite_impl.cpp:305]3205487 InitializeSingleNormal:"Cannot find key ddr_rate in old platform infos, label VectorCoreMemoryRates."
[DEBUG] FE(3205487,python):2025-06-19-16:18:22.353.879 [platform_infos_lite_impl.cpp:305]3205487 InitializeSingleNormal:"Cannot find key vec_freq in old platform infos, label VectorCoreSpec."
[DEBUG] FE(3205487,python):2025-06-19-16:18:22.353.909 [platform_info.cpp:855]3205487 AssemblePlatformInfoVector:"The platform info os soc version[Ascend310] has been initialized."
[DEBUG] FE(3205487,python):2025-06-19-16:18:22.356.171 [platform_infos_lite_impl.cpp:305]3205487 InitializeSingleNormal:"Cannot find key CounterWorkspaceSize in old platform infos, label DSARandom."
[DEBUG] FE(3205487,python):2025-06-19-16:18:22.356.177 [platform_infos_lite_impl.cpp:305]3205487 InitializeSingleNormal:"Cannot find key jit_compile_mode in old platform infos, label SoftwareSpec."
[DEBUG] FE(3205487,python):2025-06-19-16:18:22.356.278 [platform_info.cpp:855]3205487 AssemblePlatformInfoVector:"The platform info os soc version[Ascend310B1] has been initialized."
[DEBUG] FE(3205487,python):2025-06-19-16:18:22.358.562 [platform_infos_lite_impl.cpp:305]3205487 InitializeSingleNormal:"Cannot find key CounterWorkspaceSize in old platform infos, label DSARandom."
[DEBUG] FE(3205487,python):2025-06-19-16:18:22.358.567 [platform_infos_lite_impl.cpp:305]3205487 InitializeSingleNormal:"Cannot find key jit_compile_mode in old platform infos, label SoftwareSpec."
[DEBUG] FE(3205487,python):2025-06-19-16:18:22.358.668 [platform_info.cpp:855]3205487 AssemblePlatformInfoVector:"The platform info os soc version[Ascend310B2] has been initialized."
[DEBUG] FE(3205487,python):2025-06-19-16:18:22.360.960 [platform_infos_lite_impl.cpp:305]3205487 InitializeSingleNormal:"Cannot find key CounterWorkspaceSize in old platform infos, label DSARandom."
[DEBUG] FE(3205487,python):2025-06-19-16:18:22.360.966 [platform_infos_lite_impl.cpp:305]3205487 InitializeSingleNormal:"Cannot find key jit_compile_mode in old platform infos, label SoftwareSpec."
[DEBUG] FE(3205487,python):2025-06-19-16:18:22.361.066 [platform_info.cpp:855]3205487 AssemblePlatformInfoVector:"The platform info os soc version[Ascend310B3] has been initialized."
[DEBUG] FE(3205487,python):2025-06-19-16:18:22.363.362 [platform_infos_lite_impl.cpp:305]3205487 InitializeSingleNormal:"Cannot find key CounterWorkspaceSize in old platform infos, label DSARandom."
[DEBUG] FE(3205487,python):2025-06-19-16:18:22.363.368 [platform_infos_lite_impl.cpp:305]3205487 InitializeSingleNormal:"Cannot find key jit_compile_mode in old platform infos, label SoftwareSpec."
[DEBUG] FE(3205487,python):2025-06-19-16:18:22.363.471 [platform_info.cpp:855]3205487 AssemblePlatformInfoVector:"The platform info os soc version[Ascend310B4] has been initialized."
[DEBUG] FE(3205487,python):2025-06-19-16:18:22.365.761 [platform_infos_lite_impl.cpp:305]3205487 InitializeSingleNormal:"Cannot find key CounterWorkspaceSize in old platform infos, label DSARandom."
[DEBUG] FE(3205487,python):2025-06-19-16:18:22.365.767 [platform_infos_lite_impl.cpp:305]3205487 InitializeSingleNormal:"Cannot find key jit_compile_mode in old platform infos, label SoftwareSpec."
[DEBUG] FE(3205487,python):2025-06-19-16:18:22.365.869 [platform_info.cpp:855]3205487 AssemblePlatformInfoVector:"The platform info os soc version[AS31XM1X] has been initialized."
[DEBUG] FE(3205487,python):2025-06-19-16:18:22.367.036 [platform_infos_lite_impl.cpp:305]3205487 InitializeSingleNormal:"Cannot find key CounterWorkspaceSize in old platform infos, label DSARandom."
[DEBUG] FE(3205487,python):2025-06-19-16:18:22.367.041 [platform_infos_lite_impl.cpp:305]3205487 InitializeSingleNormal:"Cannot find key jit_compile_mode in old platform infos, label SoftwareSpec."
[DEBUG] FE(3205487,python):2025-06-19-16:18:22.367.107 [platform_info.cpp:855]3205487 AssemblePlatformInfoVector:"The platform info os soc version[Ascend610] has been initialized."
[DEBUG] FE(3205487,python):2025-06-19-16:18:22.368.400 [platform_infos_lite_impl.cpp:305]3205487 InitializeSingleNormal:"Cannot find key CounterWorkspaceSize in old platform infos, label DSARandom."
[DEBUG] FE(3205487,python):2025-06-19-16:18:22.368.406 [platform_infos_lite_impl.cpp:305]3205487 InitializeSingleNormal:"Cannot find key jit_compile_mode in old platform infos, label SoftwareSpec."
[DEBUG] FE(3205487,python):2025-06-19-16:18:22.368.407 [platform_infos_lite_impl.cpp:305]3205487 InitializeSingleNormal:"Cannot find key ddr_rate in old platform infos, label VectorCoreMemoryRates."
[DEBUG] FE(3205487,python):2025-06-19-16:18:22.368.409 [platform_infos_lite_impl.cpp:305]3205487 InitializeSingleNormal:"Cannot find key vec_freq in old platform infos, label VectorCoreSpec."
[DEBUG] FE(3205487,python):2025-06-19-16:18:22.368.467 [platform_info.cpp:855]3205487 AssemblePlatformInfoVector:"The platform info os soc version[Ascend610Lite] has been initialized."
[DEBUG] FE(3205487,python):2025-06-19-16:18:22.369.744 [platform_infos_lite_impl.cpp:305]3205487 InitializeSingleNormal:"Cannot find key CounterWorkspaceSize in old platform infos, label DSARandom."
[DEBUG] FE(3205487,python):2025-06-19-16:18:22.369.749 [platform_infos_lite_impl.cpp:305]3205487 InitializeSingleNormal:"Cannot find key jit_compile_mode in old platform infos, label SoftwareSpec."
[DEBUG] FE(3205487,python):2025-06-19-16:18:22.369.751 [platform_infos_lite_impl.cpp:305]3205487 InitializeSingleNormal:"Cannot find key ddr_rate in old platform infos, label VectorCoreMemoryRates."
[DEBUG] FE(3205487,python):2025-06-19-16:18:22.369.753 [platform_infos_lite_impl.cpp:305]3205487 InitializeSingleNormal:"Cannot find key vec_freq in old platform infos, label VectorCoreSpec."
[DEBUG] FE(3205487,python):2025-06-19-16:18:22.369.810 [platform_info.cpp:855]3205487 AssemblePlatformInfoVector:"The platform info os soc version[BS9SX2AA] has been initialized."
[DEBUG] FE(3205487,python):2025-06-19-16:18:22.371.095 [platform_infos_lite_impl.cpp:305]3205487 InitializeSingleNormal:"Cannot find key CounterWorkspaceSize in old platform infos, label DSARandom."
[DEBUG] FE(3205487,python):2025-06-19-16:18:22.371.100 [platform_infos_lite_impl.cpp:305]3205487 InitializeSingleNormal:"Cannot find key jit_compile_mode in old platform infos, label SoftwareSpec."
[DEBUG] FE(3205487,python):2025-06-19-16:18:22.371.102 [platform_infos_lite_impl.cpp:305]3205487 InitializeSingleNormal:"Cannot find key ddr_rate in old platform infos, label VectorCoreMemoryRates."
[DEBUG] FE(3205487,python):2025-06-19-16:18:22.371.104 [platform_infos_lite_impl.cpp:305]3205487 InitializeSingleNormal:"Cannot find key vec_freq in old platform infos, label VectorCoreSpec."
[DEBUG] FE(3205487,python):2025-06-19-16:18:22.371.161 [platform_info.cpp:855]3205487 AssemblePlatformInfoVector:"The platform info os soc version[BS9SX2AB] has been initialized."
[DEBUG] FE(3205487,python):2025-06-19-16:18:22.372.447 [platform_infos_lite_impl.cpp:305]3205487 InitializeSingleNormal:"Cannot find key CounterWorkspaceSize in old platform infos, label DSARandom."
[DEBUG] FE(3205487,python):2025-06-19-16:18:22.372.451 [platform_infos_lite_impl.cpp:305]3205487 InitializeSingleNormal:"Cannot find key jit_compile_mode in old platform infos, label SoftwareSpec."
[DEBUG] FE(3205487,python):2025-06-19-16:18:22.372.454 [platform_infos_lite_impl.cpp:305]3205487 InitializeSingleNormal:"Cannot find key ddr_rate in old platform infos, label VectorCoreMemoryRates."
[DEBUG] FE(3205487,python):2025-06-19-16:18:22.372.455 [platform_infos_lite_impl.cpp:305]3205487 InitializeSingleNormal:"Cannot find key vec_freq in old platform infos, label VectorCoreSpec."
[DEBUG] FE(3205487,python):2025-06-19-16:18:22.372.513 [platform_info.cpp:855]3205487 AssemblePlatformInfoVector:"The platform info os soc version[MC61AM21AA] has been initialized."
[DEBUG] FE(3205487,python):2025-06-19-16:18:22.373.778 [platform_infos_lite_impl.cpp:305]3205487 InitializeSingleNormal:"Cannot find key CounterWorkspaceSize in old platform infos, label DSARandom."
[DEBUG] FE(3205487,python):2025-06-19-16:18:22.373.783 [platform_infos_lite_impl.cpp:305]3205487 InitializeSingleNormal:"Cannot find key jit_compile_mode in old platform infos, label SoftwareSpec."
[DEBUG] FE(3205487,python):2025-06-19-16:18:22.373.785 [platform_infos_lite_impl.cpp:305]3205487 InitializeSingleNormal:"Cannot find key ddr_rate in old platform infos, label VectorCoreMemoryRates."
[DEBUG] FE(3205487,python):2025-06-19-16:18:22.373.786 [platform_infos_lite_impl.cpp:305]3205487 InitializeSingleNormal:"Cannot find key vec_freq in old platform infos, label VectorCoreSpec."
[DEBUG] FE(3205487,python):2025-06-19-16:18:22.373.843 [platform_info.cpp:855]3205487 AssemblePlatformInfoVector:"The platform info os soc version[MC61AM21AB] has been initialized."
[DEBUG] FE(3205487,python):2025-06-19-16:18:22.375.317 [platform_infos_lite_impl.cpp:305]3205487 InitializeSingleNormal:"Cannot find key CounterWorkspaceSize in old platform infos, label DSARandom."
[DEBUG] FE(3205487,python):2025-06-19-16:18:22.375.322 [platform_infos_lite_impl.cpp:305]3205487 InitializeSingleNormal:"Cannot find key jit_compile_mode in old platform infos, label SoftwareSpec."
[DEBUG] FE(3205487,python):2025-06-19-16:18:22.375.397 [platform_info.cpp:855]3205487 AssemblePlatformInfoVector:"The platform info os soc version[BS9SX1AA] has been initialized."
[DEBUG] FE(3205487,python):2025-06-19-16:18:22.376.871 [platform_infos_lite_impl.cpp:305]3205487 InitializeSingleNormal:"Cannot find key CounterWorkspaceSize in old platform infos, label DSARandom."
[DEBUG] FE(3205487,python):2025-06-19-16:18:22.376.876 [platform_infos_lite_impl.cpp:305]3205487 InitializeSingleNormal:"Cannot find key jit_compile_mode in old platform infos, label SoftwareSpec."
[DEBUG] FE(3205487,python):2025-06-19-16:18:22.376.951 [platform_info.cpp:855]3205487 AssemblePlatformInfoVector:"The platform info os soc version[BS9SX1AB] has been initialized."
[DEBUG] FE(3205487,python):2025-06-19-16:18:22.378.428 [platform_infos_lite_impl.cpp:305]3205487 InitializeSingleNormal:"Cannot find key CounterWorkspaceSize in old platform infos, label DSARandom."
[DEBUG] FE(3205487,python):2025-06-19-16:18:22.378.432 [platform_infos_lite_impl.cpp:305]3205487 InitializeSingleNormal:"Cannot find key jit_compile_mode in old platform infos, label SoftwareSpec."
[DEBUG] FE(3205487,python):2025-06-19-16:18:22.378.506 [platform_info.cpp:855]3205487 AssemblePlatformInfoVector:"The platform info os soc version[BS9SX1AC] has been initialized."
[DEBUG] FE(3205487,python):2025-06-19-16:18:22.379.661 [platform_infos_lite_impl.cpp:305]3205487 InitializeSingleNormal:"Cannot find key CounterWorkspaceSize in old platform infos, label DSARandom."
[DEBUG] FE(3205487,python):2025-06-19-16:18:22.379.666 [platform_infos_lite_impl.cpp:305]3205487 InitializeSingleNormal:"Cannot find key jit_compile_mode in old platform infos, label SoftwareSpec."
[DEBUG] FE(3205487,python):2025-06-19-16:18:22.379.730 [platform_info.cpp:855]3205487 AssemblePlatformInfoVector:"The platform info os soc version[Ascend310P3] has been initialized."
[DEBUG] FE(3205487,python):2025-06-19-16:18:22.380.868 [platform_infos_lite_impl.cpp:305]3205487 InitializeSingleNormal:"Cannot find key CounterWorkspaceSize in old platform infos, label DSARandom."
[DEBUG] FE(3205487,python):2025-06-19-16:18:22.380.874 [platform_infos_lite_impl.cpp:305]3205487 InitializeSingleNormal:"Cannot find key jit_compile_mode in old platform infos, label SoftwareSpec."
[DEBUG] FE(3205487,python):2025-06-19-16:18:22.380.937 [platform_info.cpp:855]3205487 AssemblePlatformInfoVector:"The platform info os soc version[Ascend310P1] has been initialized."
[DEBUG] FE(3205487,python):2025-06-19-16:18:22.381.458 [platform_infos_lite_impl.cpp:305]3205487 InitializeSingleNormal:"Cannot find key CounterWorkspaceSize in old platform infos, label DSARandom."
[DEBUG] FE(3205487,python):2025-06-19-16:18:22.381.463 [platform_infos_lite_impl.cpp:305]3205487 InitializeSingleNormal:"Cannot find key jit_compile_mode in old platform infos, label SoftwareSpec."
[DEBUG] FE(3205487,python):2025-06-19-16:18:22.381.465 [platform_infos_lite_impl.cpp:305]3205487 InitializeSingleNormal:"Cannot find key ddr_rate in old platform infos, label VectorCoreMemoryRates."
[DEBUG] FE(3205487,python):2025-06-19-16:18:22.381.467 [platform_infos_lite_impl.cpp:305]3205487 InitializeSingleNormal:"Cannot find key vec_freq in old platform infos, label VectorCoreSpec."
[DEBUG] FE(3205487,python):2025-06-19-16:18:22.381.501 [platform_info.cpp:855]3205487 AssemblePlatformInfoVector:"The platform info os soc version[Ascend910A] has been initialized."
[DEBUG] FE(3205487,python):2025-06-19-16:18:22.381.994 [platform_infos_lite_impl.cpp:305]3205487 InitializeSingleNormal:"Cannot find key CounterWorkspaceSize in old platform infos, label DSARandom."
[DEBUG] FE(3205487,python):2025-06-19-16:18:22.381.999 [platform_infos_lite_impl.cpp:305]3205487 InitializeSingleNormal:"Cannot find key jit_compile_mode in old platform infos, label SoftwareSpec."
[DEBUG] FE(3205487,python):2025-06-19-16:18:22.382.000 [platform_infos_lite_impl.cpp:305]3205487 InitializeSingleNormal:"Cannot find key ddr_rate in old platform infos, label VectorCoreMemoryRates."
[DEBUG] FE(3205487,python):2025-06-19-16:18:22.382.002 [platform_infos_lite_impl.cpp:305]3205487 InitializeSingleNormal:"Cannot find key vec_freq in old platform infos, label VectorCoreSpec."
[DEBUG] FE(3205487,python):2025-06-19-16:18:22.382.034 [platform_info.cpp:855]3205487 AssemblePlatformInfoVector:"The platform info os soc version[Ascend910B] has been initialized."
[DEBUG] FE(3205487,python):2025-06-19-16:18:22.382.543 [platform_infos_lite_impl.cpp:305]3205487 InitializeSingleNormal:"Cannot find key CounterWorkspaceSize in old platform infos, label DSARandom."
[DEBUG] FE(3205487,python):2025-06-19-16:18:22.382.548 [platform_infos_lite_impl.cpp:305]3205487 InitializeSingleNormal:"Cannot find key jit_compile_mode in old platform infos, label SoftwareSpec."
[DEBUG] FE(3205487,python):2025-06-19-16:18:22.382.550 [platform_infos_lite_impl.cpp:305]3205487 InitializeSingleNormal:"Cannot find key ddr_rate in old platform infos, label VectorCoreMemoryRates."
[DEBUG] FE(3205487,python):2025-06-19-16:18:22.382.551 [platform_infos_lite_impl.cpp:305]3205487 InitializeSingleNormal:"Cannot find key vec_freq in old platform infos, label VectorCoreSpec."
[DEBUG] FE(3205487,python):2025-06-19-16:18:22.382.581 [platform_info.cpp:855]3205487 AssemblePlatformInfoVector:"The platform info os soc version[Ascend910PremiumA] has been initialized."
[DEBUG] FE(3205487,python):2025-06-19-16:18:22.383.071 [platform_infos_lite_impl.cpp:305]3205487 InitializeSingleNormal:"Cannot find key CounterWorkspaceSize in old platform infos, label DSARandom."
[DEBUG] FE(3205487,python):2025-06-19-16:18:22.383.075 [platform_infos_lite_impl.cpp:305]3205487 InitializeSingleNormal:"Cannot find key jit_compile_mode in old platform infos, label SoftwareSpec."
[DEBUG] FE(3205487,python):2025-06-19-16:18:22.383.077 [platform_infos_lite_impl.cpp:305]3205487 InitializeSingleNormal:"Cannot find key ddr_rate in old platform infos, label VectorCoreMemoryRates."
[DEBUG] FE(3205487,python):2025-06-19-16:18:22.383.079 [platform_infos_lite_impl.cpp:305]3205487 InitializeSingleNormal:"Cannot find key vec_freq in old platform infos, label VectorCoreSpec."
[DEBUG] FE(3205487,python):2025-06-19-16:18:22.383.109 [platform_info.cpp:855]3205487 AssemblePlatformInfoVector:"The platform info os soc version[Ascend910ProA] has been initialized."
[DEBUG] FE(3205487,python):2025-06-19-16:18:22.383.592 [platform_infos_lite_impl.cpp:305]3205487 InitializeSingleNormal:"Cannot find key CounterWorkspaceSize in old platform infos, label DSARandom."
[DEBUG] FE(3205487,python):2025-06-19-16:18:22.383.597 [platform_infos_lite_impl.cpp:305]3205487 InitializeSingleNormal:"Cannot find key jit_compile_mode in old platform infos, label SoftwareSpec."
[DEBUG] FE(3205487,python):2025-06-19-16:18:22.383.599 [platform_infos_lite_impl.cpp:305]3205487 InitializeSingleNormal:"Cannot find key ddr_rate in old platform infos, label VectorCoreMemoryRates."
[DEBUG] FE(3205487,python):2025-06-19-16:18:22.383.600 [platform_infos_lite_impl.cpp:305]3205487 InitializeSingleNormal:"Cannot find key vec_freq in old platform infos, label VectorCoreSpec."
[DEBUG] FE(3205487,python):2025-06-19-16:18:22.383.630 [platform_info.cpp:855]3205487 AssemblePlatformInfoVector:"The platform info os soc version[Ascend910ProB] has been initialized."
[DEBUG] FE(3205487,python):2025-06-19-16:18:22.384.608 [platform_infos_lite_impl.cpp:305]3205487 InitializeSingleNormal:"Cannot find key jit_compile_default_value in old platform infos, label SoftwareSpec."
[DEBUG] FE(3205487,python):2025-06-19-16:18:22.384.610 [platform_infos_lite_impl.cpp:305]3205487 InitializeSingleNormal:"Cannot find key jit_compile_mode in old platform infos, label SoftwareSpec."
[DEBUG] FE(3205487,python):2025-06-19-16:18:22.384.612 [platform_infos_lite_impl.cpp:305]3205487 InitializeSingleNormal:"Cannot find key ddr_rate in old platform infos, label VectorCoreMemoryRates."
[DEBUG] FE(3205487,python):2025-06-19-16:18:22.384.614 [platform_infos_lite_impl.cpp:305]3205487 InitializeSingleNormal:"Cannot find key vec_freq in old platform infos, label VectorCoreSpec."
[DEBUG] FE(3205487,python):2025-06-19-16:18:22.384.672 [platform_info.cpp:855]3205487 AssemblePlatformInfoVector:"The platform info os soc version[Ascend910B1] has been initialized."
[DEBUG] FE(3205487,python):2025-06-19-16:18:22.385.639 [platform_infos_lite_impl.cpp:305]3205487 InitializeSingleNormal:"Cannot find key jit_compile_default_value in old platform infos, label SoftwareSpec."
[DEBUG] FE(3205487,python):2025-06-19-16:18:22.385.641 [platform_infos_lite_impl.cpp:305]3205487 InitializeSingleNormal:"Cannot find key jit_compile_mode in old platform infos, label SoftwareSpec."
[DEBUG] FE(3205487,python):2025-06-19-16:18:22.385.643 [platform_infos_lite_impl.cpp:305]3205487 InitializeSingleNormal:"Cannot find key ddr_rate in old platform infos, label VectorCoreMemoryRates."
[DEBUG] FE(3205487,python):2025-06-19-16:18:22.385.644 [platform_infos_lite_impl.cpp:305]3205487 InitializeSingleNormal:"Cannot find key vec_freq in old platform infos, label VectorCoreSpec."
[DEBUG] FE(3205487,python):2025-06-19-16:18:22.385.700 [platform_info.cpp:855]3205487 AssemblePlatformInfoVector:"The platform info os soc version[Ascend910B2] has been initialized."
[DEBUG] FE(3205487,python):2025-06-19-16:18:22.386.668 [platform_infos_lite_impl.cpp:305]3205487 InitializeSingleNormal:"Cannot find key jit_compile_default_value in old platform infos, label SoftwareSpec."
[DEBUG] FE(3205487,python):2025-06-19-16:18:22.386.670 [platform_infos_lite_impl.cpp:305]3205487 InitializeSingleNormal:"Cannot find key jit_compile_mode in old platform infos, label SoftwareSpec."
[DEBUG] FE(3205487,python):2025-06-19-16:18:22.386.672 [platform_infos_lite_impl.cpp:305]3205487 InitializeSingleNormal:"Cannot find key ddr_rate in old platform infos, label VectorCoreMemoryRates."
[DEBUG] FE(3205487,python):2025-06-19-16:18:22.386.673 [platform_infos_lite_impl.cpp:305]3205487 InitializeSingleNormal:"Cannot find key vec_freq in old platform infos, label VectorCoreSpec."
[DEBUG] FE(3205487,python):2025-06-19-16:18:22.386.731 [platform_info.cpp:855]3205487 AssemblePlatformInfoVector:"The platform info os soc version[Ascend910B3] has been initialized."
[DEBUG] FE(3205487,python):2025-06-19-16:18:22.387.672 [platform_infos_lite_impl.cpp:305]3205487 InitializeSingleNormal:"Cannot find key jit_compile_default_value in old platform infos, label SoftwareSpec."
[DEBUG] FE(3205487,python):2025-06-19-16:18:22.387.674 [platform_infos_lite_impl.cpp:305]3205487 InitializeSingleNormal:"Cannot find key jit_compile_mode in old platform infos, label SoftwareSpec."
[DEBUG] FE(3205487,python):2025-06-19-16:18:22.387.676 [platform_infos_lite_impl.cpp:305]3205487 InitializeSingleNormal:"Cannot find key ddr_rate in old platform infos, label VectorCoreMemoryRates."
[DEBUG] FE(3205487,python):2025-06-19-16:18:22.387.678 [platform_infos_lite_impl.cpp:305]3205487 InitializeSingleNormal:"Cannot find key vec_freq in old platform infos, label VectorCoreSpec."
[DEBUG] FE(3205487,python):2025-06-19-16:18:22.387.733 [platform_info.cpp:855]3205487 AssemblePlatformInfoVector:"The platform info os soc version[Ascend910B4] has been initialized."
[DEBUG] FE(3205487,python):2025-06-19-16:18:22.388.694 [platform_infos_lite_impl.cpp:305]3205487 InitializeSingleNormal:"Cannot find key jit_compile_default_value in old platform infos, label SoftwareSpec."
[DEBUG] FE(3205487,python):2025-06-19-16:18:22.388.696 [platform_infos_lite_impl.cpp:305]3205487 InitializeSingleNormal:"Cannot find key jit_compile_mode in old platform infos, label SoftwareSpec."
[DEBUG] FE(3205487,python):2025-06-19-16:18:22.388.698 [platform_infos_lite_impl.cpp:305]3205487 InitializeSingleNormal:"Cannot find key ddr_rate in old platform infos, label VectorCoreMemoryRates."
[DEBUG] FE(3205487,python):2025-06-19-16:18:22.388.699 [platform_infos_lite_impl.cpp:305]3205487 InitializeSingleNormal:"Cannot find key vec_freq in old platform infos, label VectorCoreSpec."
[DEBUG] FE(3205487,python):2025-06-19-16:18:22.388.756 [platform_info.cpp:855]3205487 AssemblePlatformInfoVector:"The platform info os soc version[Ascend910B4-1] has been initialized."
[WARNING] FE(3205487,python):2025-06-19-16:18:22.389.705 [platform_info.cpp:853]3205487 AssemblePlatformInfoVector:"Can not find soc info enum by Ascend910_9361."
[DEBUG] FE(3205487,python):2025-06-19-16:18:22.389.707 [platform_info.cpp:855]3205487 AssemblePlatformInfoVector:"The platform info os soc version[Ascend910_9361] has been initialized."
[DEBUG] FE(3205487,python):2025-06-19-16:18:22.390.671 [platform_infos_lite_impl.cpp:305]3205487 InitializeSingleNormal:"Cannot find key jit_compile_default_value in old platform infos, label SoftwareSpec."
[DEBUG] FE(3205487,python):2025-06-19-16:18:22.390.673 [platform_infos_lite_impl.cpp:305]3205487 InitializeSingleNormal:"Cannot find key jit_compile_mode in old platform infos, label SoftwareSpec."
[DEBUG] FE(3205487,python):2025-06-19-16:18:22.390.675 [platform_infos_lite_impl.cpp:305]3205487 InitializeSingleNormal:"Cannot find key ddr_rate in old platform infos, label VectorCoreMemoryRates."
[DEBUG] FE(3205487,python):2025-06-19-16:18:22.390.677 [platform_infos_lite_impl.cpp:305]3205487 InitializeSingleNormal:"Cannot find key vec_freq in old platform infos, label VectorCoreSpec."
[DEBUG] FE(3205487,python):2025-06-19-16:18:22.390.734 [platform_info.cpp:855]3205487 AssemblePlatformInfoVector:"The platform info os soc version[Ascend910_9372] has been initialized."
[DEBUG] FE(3205487,python):2025-06-19-16:18:22.391.672 [platform_infos_lite_impl.cpp:305]3205487 InitializeSingleNormal:"Cannot find key jit_compile_default_value in old platform infos, label SoftwareSpec."
[DEBUG] FE(3205487,python):2025-06-19-16:18:22.391.674 [platform_infos_lite_impl.cpp:305]3205487 InitializeSingleNormal:"Cannot find key jit_compile_mode in old platform infos, label SoftwareSpec."
[DEBUG] FE(3205487,python):2025-06-19-16:18:22.391.676 [platform_infos_lite_impl.cpp:305]3205487 InitializeSingleNormal:"Cannot find key ddr_rate in old platform infos, label VectorCoreMemoryRates."
[DEBUG] FE(3205487,python):2025-06-19-16:18:22.391.677 [platform_infos_lite_impl.cpp:305]3205487 InitializeSingleNormal:"Cannot find key vec_freq in old platform infos, label VectorCoreSpec."
[DEBUG] FE(3205487,python):2025-06-19-16:18:22.391.733 [platform_info.cpp:855]3205487 AssemblePlatformInfoVector:"The platform info os soc version[Ascend910_9381] has been initialized."
[WARNING] FE(3205487,python):2025-06-19-16:18:22.392.679 [platform_info.cpp:853]3205487 AssemblePlatformInfoVector:"Can not find soc info enum by Ascend910_9382."
[DEBUG] FE(3205487,python):2025-06-19-16:18:22.392.681 [platform_info.cpp:855]3205487 AssemblePlatformInfoVector:"The platform info os soc version[Ascend910_9382] has been initialized."
[DEBUG] FE(3205487,python):2025-06-19-16:18:22.393.622 [platform_infos_lite_impl.cpp:305]3205487 InitializeSingleNormal:"Cannot find key jit_compile_default_value in old platform infos, label SoftwareSpec."
[DEBUG] FE(3205487,python):2025-06-19-16:18:22.393.624 [platform_infos_lite_impl.cpp:305]3205487 InitializeSingleNormal:"Cannot find key jit_compile_mode in old platform infos, label SoftwareSpec."
[DEBUG] FE(3205487,python):2025-06-19-16:18:22.393.626 [platform_infos_lite_impl.cpp:305]3205487 InitializeSingleNormal:"Cannot find key ddr_rate in old platform infos, label VectorCoreMemoryRates."
[DEBUG] FE(3205487,python):2025-06-19-16:18:22.393.628 [platform_infos_lite_impl.cpp:305]3205487 InitializeSingleNormal:"Cannot find key vec_freq in old platform infos, label VectorCoreSpec."
[DEBUG] FE(3205487,python):2025-06-19-16:18:22.393.685 [platform_info.cpp:855]3205487 AssemblePlatformInfoVector:"The platform info os soc version[Ascend910_9391] has been initialized."
[WARNING] FE(3205487,python):2025-06-19-16:18:22.394.643 [platform_info.cpp:853]3205487 AssemblePlatformInfoVector:"Can not find soc info enum by Ascend910_9392."
[DEBUG] FE(3205487,python):2025-06-19-16:18:22.394.645 [platform_info.cpp:855]3205487 AssemblePlatformInfoVector:"The platform info os soc version[Ascend910_9392] has been initialized."
[DEBUG] FE(3205487,python):2025-06-19-16:18:22.395.616 [platform_infos_lite_impl.cpp:305]3205487 InitializeSingleNormal:"Cannot find key jit_compile_default_value in old platform infos, label SoftwareSpec."
[DEBUG] FE(3205487,python):2025-06-19-16:18:22.395.618 [platform_infos_lite_impl.cpp:305]3205487 InitializeSingleNormal:"Cannot find key jit_compile_mode in old platform infos, label SoftwareSpec."
[DEBUG] FE(3205487,python):2025-06-19-16:18:22.395.620 [platform_infos_lite_impl.cpp:305]3205487 InitializeSingleNormal:"Cannot find key ddr_rate in old platform infos, label VectorCoreMemoryRates."
[DEBUG] FE(3205487,python):2025-06-19-16:18:22.395.622 [platform_infos_lite_impl.cpp:305]3205487 InitializeSingleNormal:"Cannot find key vec_freq in old platform infos, label VectorCoreSpec."
[DEBUG] FE(3205487,python):2025-06-19-16:18:22.395.679 [platform_info.cpp:855]3205487 AssemblePlatformInfoVector:"The platform info os soc version[Ascend910B2C] has been initialized."
[DEBUG] FE(3205487,python):2025-06-19-16:18:22.396.238 [platform_infos_lite_impl.cpp:305]3205487 InitializeSingleNormal:"Cannot find key CounterWorkspaceSize in old platform infos, label DSARandom."
[DEBUG] FE(3205487,python):2025-06-19-16:18:22.396.242 [platform_infos_lite_impl.cpp:305]3205487 InitializeSingleNormal:"Cannot find key jit_compile_mode in old platform infos, label SoftwareSpec."
[DEBUG] FE(3205487,python):2025-06-19-16:18:22.396.243 [platform_infos_lite_impl.cpp:305]3205487 InitializeSingleNormal:"Cannot find key ddr_rate in old platform infos, label VectorCoreMemoryRates."
[DEBUG] FE(3205487,python):2025-06-19-16:18:22.396.245 [platform_infos_lite_impl.cpp:305]3205487 InitializeSingleNormal:"Cannot find key vec_freq in old platform infos, label VectorCoreSpec."
[DEBUG] FE(3205487,python):2025-06-19-16:18:22.396.280 [platform_info.cpp:855]3205487 AssemblePlatformInfoVector:"The platform info os soc version[Hi3796CV300CS] has been initialized."
[DEBUG] FE(3205487,python):2025-06-19-16:18:22.396.788 [platform_infos_lite_impl.cpp:305]3205487 InitializeSingleNormal:"Cannot find key CounterWorkspaceSize in old platform infos, label DSARandom."
[DEBUG] FE(3205487,python):2025-06-19-16:18:22.396.792 [platform_infos_lite_impl.cpp:305]3205487 InitializeSingleNormal:"Cannot find key jit_compile_mode in old platform infos, label SoftwareSpec."
[DEBUG] FE(3205487,python):2025-06-19-16:18:22.396.794 [platform_infos_lite_impl.cpp:305]3205487 InitializeSingleNormal:"Cannot find key ddr_rate in old platform infos, label VectorCoreMemoryRates."
[DEBUG] FE(3205487,python):2025-06-19-16:18:22.396.796 [platform_infos_lite_impl.cpp:305]3205487 InitializeSingleNormal:"Cannot find key vec_freq in old platform infos, label VectorCoreSpec."
[DEBUG] FE(3205487,python):2025-06-19-16:18:22.396.827 [platform_info.cpp:855]3205487 AssemblePlatformInfoVector:"The platform info os soc version[Hi3796CV300ES] has been initialized."
[DEBUG] FE(3205487,python):2025-06-19-16:18:22.397.359 [platform_infos_lite_impl.cpp:305]3205487 InitializeSingleNormal:"Cannot find key CounterWorkspaceSize in old platform infos, label DSARandom."
[DEBUG] FE(3205487,python):2025-06-19-16:18:22.397.363 [platform_infos_lite_impl.cpp:305]3205487 InitializeSingleNormal:"Cannot find key jit_compile_mode in old platform infos, label SoftwareSpec."
[DEBUG] FE(3205487,python):2025-06-19-16:18:22.397.365 [platform_infos_lite_impl.cpp:305]3205487 InitializeSingleNormal:"Cannot find key ddr_rate in old platform infos, label VectorCoreMemoryRates."
[DEBUG] FE(3205487,python):2025-06-19-16:18:22.397.367 [platform_infos_lite_impl.cpp:305]3205487 InitializeSingleNormal:"Cannot find key vec_freq in old platform infos, label VectorCoreSpec."
[DEBUG] FE(3205487,python):2025-06-19-16:18:22.397.402 [platform_info.cpp:855]3205487 AssemblePlatformInfoVector:"The platform info os soc version[SD3403] has been initialized."
[INFO] TBE(3205487,python):2025-06-19-16:18:22.594.610 [../../../../../../latest/python/site-packages/tbe/common/register/fusion_pass_mgr.py:59][decorator] Fusion pass[conv2d_data_rm_build_pass] of stage[InvokeStage.STAGE_BUILD] priority[Priority.NORMAL] has been registered.
[INFO] TBE(3205487,python):2025-06-19-16:18:22.594.777 [../../../../../../latest/python/site-packages/tbe/common/register/fusion_pass_mgr.py:114][decorator] Fusion pass[trans_shape_of_conv3d] of op type[Conv3D] op pattern[None] stage[InvokeStage.STAGE_BUILD] priority[Priority.NORMAL] has been registered.
[INFO] TBE(3205487,python):2025-06-19-16:18:22.594.815 [../../../../../../latest/python/site-packages/tbe/common/register/fusion_pass_mgr.py:59][decorator] Fusion pass[trans_shape_depthwise_conv2d] of stage[InvokeStage.STAGE_BUILD] priority[Priority.NORMAL] has been registered.
[INFO] TBE(3205487,python):2025-06-19-16:18:22.594.956 [../../../../../../latest/python/site-packages/tbe/common/register/fusion_pass_mgr.py:114][decorator] Fusion pass[trans_shape_for_elemwise] of op type[None] op pattern[ElemWise] stage[InvokeStage.STAGE_BUILD] priority[Priority.NORMAL] has been registered.
[INFO] TBE(3205487,python):2025-06-19-16:18:22.594.989 [../../../../../../latest/python/site-packages/tbe/common/register/fusion_pass_mgr.py:114][decorator] Fusion pass[trans_shape_for_broadcast] of op type[None] op pattern[Broadcast] stage[InvokeStage.STAGE_BUILD] priority[Priority.NORMAL] has been registered.
[INFO] TBE(3205487,python):2025-06-19-16:18:22.595.016 [../../../../../../latest/python/site-packages/tbe/common/register/fusion_pass_mgr.py:114][decorator] Fusion pass[trans_shape_of_biasadd] of op type[BiasAdd] op pattern[None] stage[InvokeStage.STAGE_BUILD] priority[Priority.NORMAL] has been registered.
[INFO] TBE(3205487,python):2025-06-19-16:18:22.595.042 [../../../../../../latest/python/site-packages/tbe/common/register/fusion_pass_mgr.py:114][decorator] Fusion pass[trans_shape_of_requant_s16] of op type[AscendRequantS16] op pattern[None] stage[InvokeStage.STAGE_BUILD] priority[Priority.NORMAL] has been registered.
[INFO] TBE(3205487,python):2025-06-19-16:18:22.595.067 [../../../../../../latest/python/site-packages/tbe/common/register/fusion_pass_mgr.py:114][decorator] Fusion pass[trans_shape_of_bninference] of op type[BNInferenceD] op pattern[None] stage[InvokeStage.STAGE_BUILD] priority[Priority.NORMAL] has been registered.
[INFO] TBE(3205487,python):2025-06-19-16:18:22.595.286 [../../../../../../latest/python/site-packages/tbe/common/register/fusion_pass_mgr.py:114][decorator] Fusion pass[trans_shape_fully_connection] of op type[FullyConnection] op pattern[None] stage[InvokeStage.STAGE_BUILD] priority[Priority.NORMAL] has been registered.
[INFO] TBE(3205487,python):2025-06-19-16:18:22.595.320 [../../../../../../latest/python/site-packages/tbe/common/register/fusion_pass_mgr.py:114][decorator] Fusion pass[trans_shape_fully_connection_compress] of op type[FullyConnectionCompress] op pattern[None] stage[InvokeStage.STAGE_BUILD] priority[Priority.NORMAL] has been registered.
[INFO] TBE(3205487,python):2025-06-19-16:18:22.595.466 [../../../../../../latest/python/site-packages/tbe/common/register/fusion_pass_mgr.py:114][decorator] Fusion pass[trans_matmul_bias_shape] of op type[MatMulV2] op pattern[None] stage[InvokeStage.STAGE_BUILD] priority[Priority.NORMAL] has been registered.
[INFO] TBE(3205487,python):2025-06-19-16:18:22.595.496 [../../../../../../latest/python/site-packages/tbe/common/register/fusion_pass_mgr.py:114][decorator] Fusion pass[trans_matmul_bias_shape] of op type[MatMul] op pattern[None] stage[InvokeStage.STAGE_BUILD] priority[Priority.NORMAL] has been registered.
[INFO] TBE(3205487,python):2025-06-19-16:18:22.595.525 [../../../../../../latest/python/site-packages/tbe/common/register/fusion_pass_mgr.py:114][decorator] Fusion pass[trans_matmulcompress_bias_shape] of op type[MatMulV2Compress] op pattern[None] stage[InvokeStage.STAGE_BUILD] priority[Priority.NORMAL] has been registered.
[INFO] TBE(3205487,python):2025-06-19-16:18:22.595.551 [../../../../../../latest/python/site-packages/tbe/common/register/fusion_pass_mgr.py:114][decorator] Fusion pass[trans_batch_matmul_shape] of op type[BatchMatMulV2] op pattern[None] stage[InvokeStage.STAGE_BUILD] priority[Priority.NORMAL] has been registered.
[INFO] TBE(3205487,python):2025-06-19-16:18:22.595.577 [../../../../../../latest/python/site-packages/tbe/common/register/fusion_pass_mgr.py:114][decorator] Fusion pass[trans_batch_matmul_shape] of op type[BatchMatMul] op pattern[None] stage[InvokeStage.STAGE_BUILD] priority[Priority.NORMAL] has been registered.
[INFO] TBE(3205487,python):2025-06-19-16:18:22.595.604 [../../../../../../latest/python/site-packages/tbe/common/register/fusion_pass_mgr.py:114][decorator] Fusion pass[trans_shape_transdata_fixpipe] of op type[None] op pattern[BatchMatmul] stage[InvokeStage.STAGE_BUILD] priority[Priority.NORMAL] has been registered.
[WARNING] TBE(3205487,python):2025-06-19-16:18:22.638.856 [../../../../../../latest/python/site-packages/te/platform/cce_policy.py:50][OpImplPolicy] te.platform.cce_policy.OpImplPolicy is deprecated, use te_fusion.fusion_util.OpImplPolicy instead.
[DEBUG] TBE(3205487,python):2025-06-19-16:18:22.922.502 [../../../../../../latest/python/site-packages/tbe/common/rl_bank/rl_op_filter.py:287][_is_tune_all_op] RL filter info: is_tune_all_op: False
[INFO] TBE(3205487,python):2025-06-19-16:18:23.002.715 [../../../../../../latest/python/site-packages/tbe/common/rl_bank/dynamic_op_filter.py:373][_need_to_tune_all_op] Auto search dynamic filter info: tune_all_op is False.
[INFO] TBE(3205487,python):2025-06-19-16:18:23.035.813 [../../../../../../latest/python/site-packages/tbe/common/repository_manager/utils/repository_manager_log.py:30][log] [../../../../../../latest/python/site-packages/tbe/common/repository_manager/route.py:266][repository_manager] task_distribute process[3205487] running!
