[DEBUG] DRV(3205499,python):2025-06-19-16:18:22.145.255 [hdc_client.c:130][ascend][curpid:3205499,3205499][drv][hdc][drvHdcClientCreate]Create client success.
[DEBUG] FE(3205499,python):2025-06-19-16:18:22.451.273 [platform_infos_lite_impl.cpp:305]3205499 InitializeSingleNormal:"Cannot find key CounterWorkspaceSize in old platform infos, label DSARandom."
[DEBUG] FE(3205499,python):2025-06-19-16:18:22.451.284 [platform_infos_lite_impl.cpp:305]3205499 InitializeSingleNormal:"Cannot find key jit_compile_mode in old platform infos, label SoftwareSpec."
[DEBUG] FE(3205499,python):2025-06-19-16:18:22.451.373 [platform_info.cpp:855]3205499 AssemblePlatformInfoVector:"The platform info os soc version[Ascend031] has been initialized."
[DEBUG] FE(3205499,python):2025-06-19-16:18:22.451.784 [platform_infos_lite_impl.cpp:305]3205499 InitializeSingleNormal:"Cannot find key ddr_rate in old platform infos, label AICoreMemoryRates."
[DEBUG] FE(3205499,python):2025-06-19-16:18:22.451.790 [platform_infos_lite_impl.cpp:305]3205499 InitializeSingleNormal:"Cannot find key CounterWorkspaceSize in old platform infos, label DSARandom."
[DEBUG] FE(3205499,python):2025-06-19-16:18:22.451.794 [platform_infos_lite_impl.cpp:305]3205499 InitializeSingleNormal:"Cannot find key jit_compile_mode in old platform infos, label SoftwareSpec."
[DEBUG] FE(3205499,python):2025-06-19-16:18:22.451.796 [platform_infos_lite_impl.cpp:305]3205499 InitializeSingleNormal:"Cannot find key ddr_rate in old platform infos, label VectorCoreMemoryRates."
[DEBUG] FE(3205499,python):2025-06-19-16:18:22.451.798 [platform_infos_lite_impl.cpp:305]3205499 InitializeSingleNormal:"Cannot find key vec_freq in old platform infos, label VectorCoreSpec."
[DEBUG] FE(3205499,python):2025-06-19-16:18:22.451.815 [platform_info.cpp:855]3205499 AssemblePlatformInfoVector:"The platform info os soc version[Ascend035] has been initialized."
[DEBUG] FE(3205499,python):2025-06-19-16:18:22.452.191 [platform_infos_lite_impl.cpp:305]3205499 InitializeSingleNormal:"Cannot find key ddr_rate in old platform infos, label AICoreMemoryRates."
[DEBUG] FE(3205499,python):2025-06-19-16:18:22.452.198 [platform_infos_lite_impl.cpp:305]3205499 InitializeSingleNormal:"Cannot find key CounterWorkspaceSize in old platform infos, label DSARandom."
[DEBUG] FE(3205499,python):2025-06-19-16:18:22.452.201 [platform_infos_lite_impl.cpp:305]3205499 InitializeSingleNormal:"Cannot find key jit_compile_mode in old platform infos, label SoftwareSpec."
[DEBUG] FE(3205499,python):2025-06-19-16:18:22.452.203 [platform_infos_lite_impl.cpp:305]3205499 InitializeSingleNormal:"Cannot find key ddr_rate in old platform infos, label VectorCoreMemoryRates."
[DEBUG] FE(3205499,python):2025-06-19-16:18:22.452.205 [platform_infos_lite_impl.cpp:305]3205499 InitializeSingleNormal:"Cannot find key vec_freq in old platform infos, label VectorCoreSpec."
[DEBUG] FE(3205499,python):2025-06-19-16:18:22.452.222 [platform_info.cpp:855]3205499 AssemblePlatformInfoVector:"The platform info os soc version[Ascend035A] has been initialized."
[DEBUG] FE(3205499,python):2025-06-19-16:18:22.452.602 [platform_infos_lite_impl.cpp:305]3205499 InitializeSingleNormal:"Cannot find key ddr_rate in old platform infos, label AICoreMemoryRates."
[DEBUG] FE(3205499,python):2025-06-19-16:18:22.452.607 [platform_infos_lite_impl.cpp:305]3205499 InitializeSingleNormal:"Cannot find key CounterWorkspaceSize in old platform infos, label DSARandom."
[DEBUG] FE(3205499,python):2025-06-19-16:18:22.452.611 [platform_infos_lite_impl.cpp:305]3205499 InitializeSingleNormal:"Cannot find key jit_compile_mode in old platform infos, label SoftwareSpec."
[DEBUG] FE(3205499,python):2025-06-19-16:18:22.452.613 [platform_infos_lite_impl.cpp:305]3205499 InitializeSingleNormal:"Cannot find key ddr_rate in old platform infos, label VectorCoreMemoryRates."
[DEBUG] FE(3205499,python):2025-06-19-16:18:22.452.614 [platform_infos_lite_impl.cpp:305]3205499 InitializeSingleNormal:"Cannot find key vec_freq in old platform infos, label VectorCoreSpec."
[DEBUG] FE(3205499,python):2025-06-19-16:18:22.452.631 [platform_info.cpp:855]3205499 AssemblePlatformInfoVector:"The platform info os soc version[Ascend035B] has been initialized."
[DEBUG] FE(3205499,python):2025-06-19-16:18:22.453.083 [platform_infos_lite_impl.cpp:305]3205499 InitializeSingleNormal:"Cannot find key CounterWorkspaceSize in old platform infos, label DSARandom."
[DEBUG] FE(3205499,python):2025-06-19-16:18:22.453.088 [platform_infos_lite_impl.cpp:305]3205499 InitializeSingleNormal:"Cannot find key jit_compile_mode in old platform infos, label SoftwareSpec."
[DEBUG] FE(3205499,python):2025-06-19-16:18:22.453.089 [platform_infos_lite_impl.cpp:305]3205499 InitializeSingleNormal:"Cannot find key ddr_rate in old platform infos, label VectorCoreMemoryRates."
[DEBUG] FE(3205499,python):2025-06-19-16:18:22.453.091 [platform_infos_lite_impl.cpp:305]3205499 InitializeSingleNormal:"Cannot find key vec_freq in old platform infos, label VectorCoreSpec."
[DEBUG] FE(3205499,python):2025-06-19-16:18:22.453.121 [platform_info.cpp:855]3205499 AssemblePlatformInfoVector:"The platform info os soc version[Ascend310] has been initialized."
[DEBUG] FE(3205499,python):2025-06-19-16:18:22.455.404 [platform_infos_lite_impl.cpp:305]3205499 InitializeSingleNormal:"Cannot find key CounterWorkspaceSize in old platform infos, label DSARandom."
[DEBUG] FE(3205499,python):2025-06-19-16:18:22.455.410 [platform_infos_lite_impl.cpp:305]3205499 InitializeSingleNormal:"Cannot find key jit_compile_mode in old platform infos, label SoftwareSpec."
[DEBUG] FE(3205499,python):2025-06-19-16:18:22.455.512 [platform_info.cpp:855]3205499 AssemblePlatformInfoVector:"The platform info os soc version[Ascend310B1] has been initialized."
[DEBUG] FE(3205499,python):2025-06-19-16:18:22.457.810 [platform_infos_lite_impl.cpp:305]3205499 InitializeSingleNormal:"Cannot find key CounterWorkspaceSize in old platform infos, label DSARandom."
[DEBUG] FE(3205499,python):2025-06-19-16:18:22.457.817 [platform_infos_lite_impl.cpp:305]3205499 InitializeSingleNormal:"Cannot find key jit_compile_mode in old platform infos, label SoftwareSpec."
[DEBUG] FE(3205499,python):2025-06-19-16:18:22.457.919 [platform_info.cpp:855]3205499 AssemblePlatformInfoVector:"The platform info os soc version[Ascend310B2] has been initialized."
[DEBUG] FE(3205499,python):2025-06-19-16:18:22.460.211 [platform_infos_lite_impl.cpp:305]3205499 InitializeSingleNormal:"Cannot find key CounterWorkspaceSize in old platform infos, label DSARandom."
[DEBUG] FE(3205499,python):2025-06-19-16:18:22.460.217 [platform_infos_lite_impl.cpp:305]3205499 InitializeSingleNormal:"Cannot find key jit_compile_mode in old platform infos, label SoftwareSpec."
[DEBUG] FE(3205499,python):2025-06-19-16:18:22.460.318 [platform_info.cpp:855]3205499 AssemblePlatformInfoVector:"The platform info os soc version[Ascend310B3] has been initialized."
[DEBUG] FE(3205499,python):2025-06-19-16:18:22.462.623 [platform_infos_lite_impl.cpp:305]3205499 InitializeSingleNormal:"Cannot find key CounterWorkspaceSize in old platform infos, label DSARandom."
[DEBUG] FE(3205499,python):2025-06-19-16:18:22.462.629 [platform_infos_lite_impl.cpp:305]3205499 InitializeSingleNormal:"Cannot find key jit_compile_mode in old platform infos, label SoftwareSpec."
[DEBUG] FE(3205499,python):2025-06-19-16:18:22.462.730 [platform_info.cpp:855]3205499 AssemblePlatformInfoVector:"The platform info os soc version[Ascend310B4] has been initialized."
[DEBUG] FE(3205499,python):2025-06-19-16:18:22.465.040 [platform_infos_lite_impl.cpp:305]3205499 InitializeSingleNormal:"Cannot find key CounterWorkspaceSize in old platform infos, label DSARandom."
[DEBUG] FE(3205499,python):2025-06-19-16:18:22.465.046 [platform_infos_lite_impl.cpp:305]3205499 InitializeSingleNormal:"Cannot find key jit_compile_mode in old platform infos, label SoftwareSpec."
[DEBUG] FE(3205499,python):2025-06-19-16:18:22.465.146 [platform_info.cpp:855]3205499 AssemblePlatformInfoVector:"The platform info os soc version[AS31XM1X] has been initialized."
[DEBUG] FE(3205499,python):2025-06-19-16:18:22.466.299 [platform_infos_lite_impl.cpp:305]3205499 InitializeSingleNormal:"Cannot find key CounterWorkspaceSize in old platform infos, label DSARandom."
[DEBUG] FE(3205499,python):2025-06-19-16:18:22.466.304 [platform_infos_lite_impl.cpp:305]3205499 InitializeSingleNormal:"Cannot find key jit_compile_mode in old platform infos, label SoftwareSpec."
[DEBUG] FE(3205499,python):2025-06-19-16:18:22.466.375 [platform_info.cpp:855]3205499 AssemblePlatformInfoVector:"The platform info os soc version[Ascend610] has been initialized."
[DEBUG] FE(3205499,python):2025-06-19-16:18:22.467.672 [platform_infos_lite_impl.cpp:305]3205499 InitializeSingleNormal:"Cannot find key CounterWorkspaceSize in old platform infos, label DSARandom."
[DEBUG] FE(3205499,python):2025-06-19-16:18:22.467.677 [platform_infos_lite_impl.cpp:305]3205499 InitializeSingleNormal:"Cannot find key jit_compile_mode in old platform infos, label SoftwareSpec."
[DEBUG] FE(3205499,python):2025-06-19-16:18:22.467.679 [platform_infos_lite_impl.cpp:305]3205499 InitializeSingleNormal:"Cannot find key ddr_rate in old platform infos, label VectorCoreMemoryRates."
[DEBUG] FE(3205499,python):2025-06-19-16:18:22.467.680 [platform_infos_lite_impl.cpp:305]3205499 InitializeSingleNormal:"Cannot find key vec_freq in old platform infos, label VectorCoreSpec."
[DEBUG] FE(3205499,python):2025-06-19-16:18:22.467.738 [platform_info.cpp:855]3205499 AssemblePlatformInfoVector:"The platform info os soc version[Ascend610Lite] has been initialized."
[DEBUG] FE(3205499,python):2025-06-19-16:18:22.469.014 [platform_infos_lite_impl.cpp:305]3205499 InitializeSingleNormal:"Cannot find key CounterWorkspaceSize in old platform infos, label DSARandom."
[DEBUG] FE(3205499,python):2025-06-19-16:18:22.469.018 [platform_infos_lite_impl.cpp:305]3205499 InitializeSingleNormal:"Cannot find key jit_compile_mode in old platform infos, label SoftwareSpec."
[DEBUG] FE(3205499,python):2025-06-19-16:18:22.469.021 [platform_infos_lite_impl.cpp:305]3205499 InitializeSingleNormal:"Cannot find key ddr_rate in old platform infos, label VectorCoreMemoryRates."
[DEBUG] FE(3205499,python):2025-06-19-16:18:22.469.022 [platform_infos_lite_impl.cpp:305]3205499 InitializeSingleNormal:"Cannot find key vec_freq in old platform infos, label VectorCoreSpec."
[DEBUG] FE(3205499,python):2025-06-19-16:18:22.469.080 [platform_info.cpp:855]3205499 AssemblePlatformInfoVector:"The platform info os soc version[BS9SX2AA] has been initialized."
[DEBUG] FE(3205499,python):2025-06-19-16:18:22.470.349 [platform_infos_lite_impl.cpp:305]3205499 InitializeSingleNormal:"Cannot find key CounterWorkspaceSize in old platform infos, label DSARandom."
[DEBUG] FE(3205499,python):2025-06-19-16:18:22.470.354 [platform_infos_lite_impl.cpp:305]3205499 InitializeSingleNormal:"Cannot find key jit_compile_mode in old platform infos, label SoftwareSpec."
[DEBUG] FE(3205499,python):2025-06-19-16:18:22.470.361 [platform_infos_lite_impl.cpp:305]3205499 InitializeSingleNormal:"Cannot find key ddr_rate in old platform infos, label VectorCoreMemoryRates."
[DEBUG] FE(3205499,python):2025-06-19-16:18:22.470.363 [platform_infos_lite_impl.cpp:305]3205499 InitializeSingleNormal:"Cannot find key vec_freq in old platform infos, label VectorCoreSpec."
[DEBUG] FE(3205499,python):2025-06-19-16:18:22.470.421 [platform_info.cpp:855]3205499 AssemblePlatformInfoVector:"The platform info os soc version[BS9SX2AB] has been initialized."
[DEBUG] FE(3205499,python):2025-06-19-16:18:22.471.699 [platform_infos_lite_impl.cpp:305]3205499 InitializeSingleNormal:"Cannot find key CounterWorkspaceSize in old platform infos, label DSARandom."
[DEBUG] FE(3205499,python):2025-06-19-16:18:22.471.704 [platform_infos_lite_impl.cpp:305]3205499 InitializeSingleNormal:"Cannot find key jit_compile_mode in old platform infos, label SoftwareSpec."
[DEBUG] FE(3205499,python):2025-06-19-16:18:22.471.705 [platform_infos_lite_impl.cpp:305]3205499 InitializeSingleNormal:"Cannot find key ddr_rate in old platform infos, label VectorCoreMemoryRates."
[DEBUG] FE(3205499,python):2025-06-19-16:18:22.471.707 [platform_infos_lite_impl.cpp:305]3205499 InitializeSingleNormal:"Cannot find key vec_freq in old platform infos, label VectorCoreSpec."
[DEBUG] FE(3205499,python):2025-06-19-16:18:22.471.765 [platform_info.cpp:855]3205499 AssemblePlatformInfoVector:"The platform info os soc version[MC61AM21AA] has been initialized."
[DEBUG] FE(3205499,python):2025-06-19-16:18:22.473.050 [platform_infos_lite_impl.cpp:305]3205499 InitializeSingleNormal:"Cannot find key CounterWorkspaceSize in old platform infos, label DSARandom."
[DEBUG] FE(3205499,python):2025-06-19-16:18:22.473.055 [platform_infos_lite_impl.cpp:305]3205499 InitializeSingleNormal:"Cannot find key jit_compile_mode in old platform infos, label SoftwareSpec."
[DEBUG] FE(3205499,python):2025-06-19-16:18:22.473.057 [platform_infos_lite_impl.cpp:305]3205499 InitializeSingleNormal:"Cannot find key ddr_rate in old platform infos, label VectorCoreMemoryRates."
[DEBUG] FE(3205499,python):2025-06-19-16:18:22.473.058 [platform_infos_lite_impl.cpp:305]3205499 InitializeSingleNormal:"Cannot find key vec_freq in old platform infos, label VectorCoreSpec."
[DEBUG] FE(3205499,python):2025-06-19-16:18:22.473.116 [platform_info.cpp:855]3205499 AssemblePlatformInfoVector:"The platform info os soc version[MC61AM21AB] has been initialized."
[DEBUG] FE(3205499,python):2025-06-19-16:18:22.474.605 [platform_infos_lite_impl.cpp:305]3205499 InitializeSingleNormal:"Cannot find key CounterWorkspaceSize in old platform infos, label DSARandom."
[DEBUG] FE(3205499,python):2025-06-19-16:18:22.474.609 [platform_infos_lite_impl.cpp:305]3205499 InitializeSingleNormal:"Cannot find key jit_compile_mode in old platform infos, label SoftwareSpec."
[DEBUG] FE(3205499,python):2025-06-19-16:18:22.474.685 [platform_info.cpp:855]3205499 AssemblePlatformInfoVector:"The platform info os soc version[BS9SX1AA] has been initialized."
[DEBUG] FE(3205499,python):2025-06-19-16:18:22.476.153 [platform_infos_lite_impl.cpp:305]3205499 InitializeSingleNormal:"Cannot find key CounterWorkspaceSize in old platform infos, label DSARandom."
[DEBUG] FE(3205499,python):2025-06-19-16:18:22.476.158 [platform_infos_lite_impl.cpp:305]3205499 InitializeSingleNormal:"Cannot find key jit_compile_mode in old platform infos, label SoftwareSpec."
[DEBUG] FE(3205499,python):2025-06-19-16:18:22.476.233 [platform_info.cpp:855]3205499 AssemblePlatformInfoVector:"The platform info os soc version[BS9SX1AB] has been initialized."
[DEBUG] FE(3205499,python):2025-06-19-16:18:22.477.698 [platform_infos_lite_impl.cpp:305]3205499 InitializeSingleNormal:"Cannot find key CounterWorkspaceSize in old platform infos, label DSARandom."
[DEBUG] FE(3205499,python):2025-06-19-16:18:22.477.703 [platform_infos_lite_impl.cpp:305]3205499 InitializeSingleNormal:"Cannot find key jit_compile_mode in old platform infos, label SoftwareSpec."
[DEBUG] FE(3205499,python):2025-06-19-16:18:22.477.779 [platform_info.cpp:855]3205499 AssemblePlatformInfoVector:"The platform info os soc version[BS9SX1AC] has been initialized."
[DEBUG] FE(3205499,python):2025-06-19-16:18:22.478.937 [platform_infos_lite_impl.cpp:305]3205499 InitializeSingleNormal:"Cannot find key CounterWorkspaceSize in old platform infos, label DSARandom."
[DEBUG] FE(3205499,python):2025-06-19-16:18:22.478.942 [platform_infos_lite_impl.cpp:305]3205499 InitializeSingleNormal:"Cannot find key jit_compile_mode in old platform infos, label SoftwareSpec."
[DEBUG] FE(3205499,python):2025-06-19-16:18:22.479.006 [platform_info.cpp:855]3205499 AssemblePlatformInfoVector:"The platform info os soc version[Ascend310P3] has been initialized."
[DEBUG] FE(3205499,python):2025-06-19-16:18:22.480.124 [platform_infos_lite_impl.cpp:305]3205499 InitializeSingleNormal:"Cannot find key CounterWorkspaceSize in old platform infos, label DSARandom."
[DEBUG] FE(3205499,python):2025-06-19-16:18:22.480.129 [platform_infos_lite_impl.cpp:305]3205499 InitializeSingleNormal:"Cannot find key jit_compile_mode in old platform infos, label SoftwareSpec."
[DEBUG] FE(3205499,python):2025-06-19-16:18:22.480.193 [platform_info.cpp:855]3205499 AssemblePlatformInfoVector:"The platform info os soc version[Ascend310P1] has been initialized."
[DEBUG] FE(3205499,python):2025-06-19-16:18:22.480.720 [platform_infos_lite_impl.cpp:305]3205499 InitializeSingleNormal:"Cannot find key CounterWorkspaceSize in old platform infos, label DSARandom."
[DEBUG] FE(3205499,python):2025-06-19-16:18:22.480.725 [platform_infos_lite_impl.cpp:305]3205499 InitializeSingleNormal:"Cannot find key jit_compile_mode in old platform infos, label SoftwareSpec."
[DEBUG] FE(3205499,python):2025-06-19-16:18:22.480.727 [platform_infos_lite_impl.cpp:305]3205499 InitializeSingleNormal:"Cannot find key ddr_rate in old platform infos, label VectorCoreMemoryRates."
[DEBUG] FE(3205499,python):2025-06-19-16:18:22.480.729 [platform_infos_lite_impl.cpp:305]3205499 InitializeSingleNormal:"Cannot find key vec_freq in old platform infos, label VectorCoreSpec."
[DEBUG] FE(3205499,python):2025-06-19-16:18:22.480.760 [platform_info.cpp:855]3205499 AssemblePlatformInfoVector:"The platform info os soc version[Ascend910A] has been initialized."
[DEBUG] FE(3205499,python):2025-06-19-16:18:22.481.256 [platform_infos_lite_impl.cpp:305]3205499 InitializeSingleNormal:"Cannot find key CounterWorkspaceSize in old platform infos, label DSARandom."
[DEBUG] FE(3205499,python):2025-06-19-16:18:22.481.260 [platform_infos_lite_impl.cpp:305]3205499 InitializeSingleNormal:"Cannot find key jit_compile_mode in old platform infos, label SoftwareSpec."
[DEBUG] FE(3205499,python):2025-06-19-16:18:22.481.262 [platform_infos_lite_impl.cpp:305]3205499 InitializeSingleNormal:"Cannot find key ddr_rate in old platform infos, label VectorCoreMemoryRates."
[DEBUG] FE(3205499,python):2025-06-19-16:18:22.481.264 [platform_infos_lite_impl.cpp:305]3205499 InitializeSingleNormal:"Cannot find key vec_freq in old platform infos, label VectorCoreSpec."
[DEBUG] FE(3205499,python):2025-06-19-16:18:22.481.294 [platform_info.cpp:855]3205499 AssemblePlatformInfoVector:"The platform info os soc version[Ascend910B] has been initialized."
[DEBUG] FE(3205499,python):2025-06-19-16:18:22.481.795 [platform_infos_lite_impl.cpp:305]3205499 InitializeSingleNormal:"Cannot find key CounterWorkspaceSize in old platform infos, label DSARandom."
[DEBUG] FE(3205499,python):2025-06-19-16:18:22.481.800 [platform_infos_lite_impl.cpp:305]3205499 InitializeSingleNormal:"Cannot find key jit_compile_mode in old platform infos, label SoftwareSpec."
[DEBUG] FE(3205499,python):2025-06-19-16:18:22.481.802 [platform_infos_lite_impl.cpp:305]3205499 InitializeSingleNormal:"Cannot find key ddr_rate in old platform infos, label VectorCoreMemoryRates."
[DEBUG] FE(3205499,python):2025-06-19-16:18:22.481.803 [platform_infos_lite_impl.cpp:305]3205499 InitializeSingleNormal:"Cannot find key vec_freq in old platform infos, label VectorCoreSpec."
[DEBUG] FE(3205499,python):2025-06-19-16:18:22.481.834 [platform_info.cpp:855]3205499 AssemblePlatformInfoVector:"The platform info os soc version[Ascend910PremiumA] has been initialized."
[DEBUG] FE(3205499,python):2025-06-19-16:18:22.482.315 [platform_infos_lite_impl.cpp:305]3205499 InitializeSingleNormal:"Cannot find key CounterWorkspaceSize in old platform infos, label DSARandom."
[DEBUG] FE(3205499,python):2025-06-19-16:18:22.482.319 [platform_infos_lite_impl.cpp:305]3205499 InitializeSingleNormal:"Cannot find key jit_compile_mode in old platform infos, label SoftwareSpec."
[DEBUG] FE(3205499,python):2025-06-19-16:18:22.482.321 [platform_infos_lite_impl.cpp:305]3205499 InitializeSingleNormal:"Cannot find key ddr_rate in old platform infos, label VectorCoreMemoryRates."
[DEBUG] FE(3205499,python):2025-06-19-16:18:22.482.323 [platform_infos_lite_impl.cpp:305]3205499 InitializeSingleNormal:"Cannot find key vec_freq in old platform infos, label VectorCoreSpec."
[DEBUG] FE(3205499,python):2025-06-19-16:18:22.482.353 [platform_info.cpp:855]3205499 AssemblePlatformInfoVector:"The platform info os soc version[Ascend910ProA] has been initialized."
[DEBUG] FE(3205499,python):2025-06-19-16:18:22.482.852 [platform_infos_lite_impl.cpp:305]3205499 InitializeSingleNormal:"Cannot find key CounterWorkspaceSize in old platform infos, label DSARandom."
[DEBUG] FE(3205499,python):2025-06-19-16:18:22.482.856 [platform_infos_lite_impl.cpp:305]3205499 InitializeSingleNormal:"Cannot find key jit_compile_mode in old platform infos, label SoftwareSpec."
[DEBUG] FE(3205499,python):2025-06-19-16:18:22.482.858 [platform_infos_lite_impl.cpp:305]3205499 InitializeSingleNormal:"Cannot find key ddr_rate in old platform infos, label VectorCoreMemoryRates."
[DEBUG] FE(3205499,python):2025-06-19-16:18:22.482.860 [platform_infos_lite_impl.cpp:305]3205499 InitializeSingleNormal:"Cannot find key vec_freq in old platform infos, label VectorCoreSpec."
[DEBUG] FE(3205499,python):2025-06-19-16:18:22.482.892 [platform_info.cpp:855]3205499 AssemblePlatformInfoVector:"The platform info os soc version[Ascend910ProB] has been initialized."
[DEBUG] FE(3205499,python):2025-06-19-16:18:22.483.873 [platform_infos_lite_impl.cpp:305]3205499 InitializeSingleNormal:"Cannot find key jit_compile_default_value in old platform infos, label SoftwareSpec."
[DEBUG] FE(3205499,python):2025-06-19-16:18:22.483.874 [platform_infos_lite_impl.cpp:305]3205499 InitializeSingleNormal:"Cannot find key jit_compile_mode in old platform infos, label SoftwareSpec."
[DEBUG] FE(3205499,python):2025-06-19-16:18:22.483.876 [platform_infos_lite_impl.cpp:305]3205499 InitializeSingleNormal:"Cannot find key ddr_rate in old platform infos, label VectorCoreMemoryRates."
[DEBUG] FE(3205499,python):2025-06-19-16:18:22.483.878 [platform_infos_lite_impl.cpp:305]3205499 InitializeSingleNormal:"Cannot find key vec_freq in old platform infos, label VectorCoreSpec."
[DEBUG] FE(3205499,python):2025-06-19-16:18:22.483.936 [platform_info.cpp:855]3205499 AssemblePlatformInfoVector:"The platform info os soc version[Ascend910B1] has been initialized."
[DEBUG] FE(3205499,python):2025-06-19-16:18:22.484.922 [platform_infos_lite_impl.cpp:305]3205499 InitializeSingleNormal:"Cannot find key jit_compile_default_value in old platform infos, label SoftwareSpec."
[DEBUG] FE(3205499,python):2025-06-19-16:18:22.484.924 [platform_infos_lite_impl.cpp:305]3205499 InitializeSingleNormal:"Cannot find key jit_compile_mode in old platform infos, label SoftwareSpec."
[DEBUG] FE(3205499,python):2025-06-19-16:18:22.484.926 [platform_infos_lite_impl.cpp:305]3205499 InitializeSingleNormal:"Cannot find key ddr_rate in old platform infos, label VectorCoreMemoryRates."
[DEBUG] FE(3205499,python):2025-06-19-16:18:22.484.927 [platform_infos_lite_impl.cpp:305]3205499 InitializeSingleNormal:"Cannot find key vec_freq in old platform infos, label VectorCoreSpec."
[DEBUG] FE(3205499,python):2025-06-19-16:18:22.484.986 [platform_info.cpp:855]3205499 AssemblePlatformInfoVector:"The platform info os soc version[Ascend910B2] has been initialized."
[DEBUG] FE(3205499,python):2025-06-19-16:18:22.485.942 [platform_infos_lite_impl.cpp:305]3205499 InitializeSingleNormal:"Cannot find key jit_compile_default_value in old platform infos, label SoftwareSpec."
[DEBUG] FE(3205499,python):2025-06-19-16:18:22.485.944 [platform_infos_lite_impl.cpp:305]3205499 InitializeSingleNormal:"Cannot find key jit_compile_mode in old platform infos, label SoftwareSpec."
[DEBUG] FE(3205499,python):2025-06-19-16:18:22.485.946 [platform_infos_lite_impl.cpp:305]3205499 InitializeSingleNormal:"Cannot find key ddr_rate in old platform infos, label VectorCoreMemoryRates."
[DEBUG] FE(3205499,python):2025-06-19-16:18:22.485.948 [platform_infos_lite_impl.cpp:305]3205499 InitializeSingleNormal:"Cannot find key vec_freq in old platform infos, label VectorCoreSpec."
[DEBUG] FE(3205499,python):2025-06-19-16:18:22.486.003 [platform_info.cpp:855]3205499 AssemblePlatformInfoVector:"The platform info os soc version[Ascend910B3] has been initialized."
[DEBUG] FE(3205499,python):2025-06-19-16:18:22.486.978 [platform_infos_lite_impl.cpp:305]3205499 InitializeSingleNormal:"Cannot find key jit_compile_default_value in old platform infos, label SoftwareSpec."
[DEBUG] FE(3205499,python):2025-06-19-16:18:22.486.980 [platform_infos_lite_impl.cpp:305]3205499 InitializeSingleNormal:"Cannot find key jit_compile_mode in old platform infos, label SoftwareSpec."
[DEBUG] FE(3205499,python):2025-06-19-16:18:22.486.982 [platform_infos_lite_impl.cpp:305]3205499 InitializeSingleNormal:"Cannot find key ddr_rate in old platform infos, label VectorCoreMemoryRates."
[DEBUG] FE(3205499,python):2025-06-19-16:18:22.486.984 [platform_infos_lite_impl.cpp:305]3205499 InitializeSingleNormal:"Cannot find key vec_freq in old platform infos, label VectorCoreSpec."
[DEBUG] FE(3205499,python):2025-06-19-16:18:22.487.042 [platform_info.cpp:855]3205499 AssemblePlatformInfoVector:"The platform info os soc version[Ascend910B4] has been initialized."
[DEBUG] FE(3205499,python):2025-06-19-16:18:22.488.004 [platform_infos_lite_impl.cpp:305]3205499 InitializeSingleNormal:"Cannot find key jit_compile_default_value in old platform infos, label SoftwareSpec."
[DEBUG] FE(3205499,python):2025-06-19-16:18:22.488.006 [platform_infos_lite_impl.cpp:305]3205499 InitializeSingleNormal:"Cannot find key jit_compile_mode in old platform infos, label SoftwareSpec."
[DEBUG] FE(3205499,python):2025-06-19-16:18:22.488.008 [platform_infos_lite_impl.cpp:305]3205499 InitializeSingleNormal:"Cannot find key ddr_rate in old platform infos, label VectorCoreMemoryRates."
[DEBUG] FE(3205499,python):2025-06-19-16:18:22.488.010 [platform_infos_lite_impl.cpp:305]3205499 InitializeSingleNormal:"Cannot find key vec_freq in old platform infos, label VectorCoreSpec."
[DEBUG] FE(3205499,python):2025-06-19-16:18:22.488.066 [platform_info.cpp:855]3205499 AssemblePlatformInfoVector:"The platform info os soc version[Ascend910B4-1] has been initialized."
[WARNING] FE(3205499,python):2025-06-19-16:18:22.489.020 [platform_info.cpp:853]3205499 AssemblePlatformInfoVector:"Can not find soc info enum by Ascend910_9361."
[DEBUG] FE(3205499,python):2025-06-19-16:18:22.489.022 [platform_info.cpp:855]3205499 AssemblePlatformInfoVector:"The platform info os soc version[Ascend910_9361] has been initialized."
[DEBUG] FE(3205499,python):2025-06-19-16:18:22.489.961 [platform_infos_lite_impl.cpp:305]3205499 InitializeSingleNormal:"Cannot find key jit_compile_default_value in old platform infos, label SoftwareSpec."
[DEBUG] FE(3205499,python):2025-06-19-16:18:22.489.963 [platform_infos_lite_impl.cpp:305]3205499 InitializeSingleNormal:"Cannot find key jit_compile_mode in old platform infos, label SoftwareSpec."
[DEBUG] FE(3205499,python):2025-06-19-16:18:22.489.965 [platform_infos_lite_impl.cpp:305]3205499 InitializeSingleNormal:"Cannot find key ddr_rate in old platform infos, label VectorCoreMemoryRates."
[DEBUG] FE(3205499,python):2025-06-19-16:18:22.489.966 [platform_infos_lite_impl.cpp:305]3205499 InitializeSingleNormal:"Cannot find key vec_freq in old platform infos, label VectorCoreSpec."
[DEBUG] FE(3205499,python):2025-06-19-16:18:22.490.025 [platform_info.cpp:855]3205499 AssemblePlatformInfoVector:"The platform info os soc version[Ascend910_9372] has been initialized."
[DEBUG] FE(3205499,python):2025-06-19-16:18:22.490.998 [platform_infos_lite_impl.cpp:305]3205499 InitializeSingleNormal:"Cannot find key jit_compile_default_value in old platform infos, label SoftwareSpec."
[DEBUG] FE(3205499,python):2025-06-19-16:18:22.491.000 [platform_infos_lite_impl.cpp:305]3205499 InitializeSingleNormal:"Cannot find key jit_compile_mode in old platform infos, label SoftwareSpec."
[DEBUG] FE(3205499,python):2025-06-19-16:18:22.491.002 [platform_infos_lite_impl.cpp:305]3205499 InitializeSingleNormal:"Cannot find key ddr_rate in old platform infos, label VectorCoreMemoryRates."
[DEBUG] FE(3205499,python):2025-06-19-16:18:22.491.004 [platform_infos_lite_impl.cpp:305]3205499 InitializeSingleNormal:"Cannot find key vec_freq in old platform infos, label VectorCoreSpec."
[DEBUG] FE(3205499,python):2025-06-19-16:18:22.491.059 [platform_info.cpp:855]3205499 AssemblePlatformInfoVector:"The platform info os soc version[Ascend910_9381] has been initialized."
[WARNING] FE(3205499,python):2025-06-19-16:18:22.492.009 [platform_info.cpp:853]3205499 AssemblePlatformInfoVector:"Can not find soc info enum by Ascend910_9382."
[DEBUG] FE(3205499,python):2025-06-19-16:18:22.492.011 [platform_info.cpp:855]3205499 AssemblePlatformInfoVector:"The platform info os soc version[Ascend910_9382] has been initialized."
[DEBUG] FE(3205499,python):2025-06-19-16:18:22.492.957 [platform_infos_lite_impl.cpp:305]3205499 InitializeSingleNormal:"Cannot find key jit_compile_default_value in old platform infos, label SoftwareSpec."
[DEBUG] FE(3205499,python):2025-06-19-16:18:22.492.958 [platform_infos_lite_impl.cpp:305]3205499 InitializeSingleNormal:"Cannot find key jit_compile_mode in old platform infos, label SoftwareSpec."
[DEBUG] FE(3205499,python):2025-06-19-16:18:22.492.960 [platform_infos_lite_impl.cpp:305]3205499 InitializeSingleNormal:"Cannot find key ddr_rate in old platform infos, label VectorCoreMemoryRates."
[DEBUG] FE(3205499,python):2025-06-19-16:18:22.492.962 [platform_infos_lite_impl.cpp:305]3205499 InitializeSingleNormal:"Cannot find key vec_freq in old platform infos, label VectorCoreSpec."
[DEBUG] FE(3205499,python):2025-06-19-16:18:22.493.020 [platform_info.cpp:855]3205499 AssemblePlatformInfoVector:"The platform info os soc version[Ascend910_9391] has been initialized."
[WARNING] FE(3205499,python):2025-06-19-16:18:22.493.984 [platform_info.cpp:853]3205499 AssemblePlatformInfoVector:"Can not find soc info enum by Ascend910_9392."
[DEBUG] FE(3205499,python):2025-06-19-16:18:22.493.986 [platform_info.cpp:855]3205499 AssemblePlatformInfoVector:"The platform info os soc version[Ascend910_9392] has been initialized."
[DEBUG] FE(3205499,python):2025-06-19-16:18:22.494.947 [platform_infos_lite_impl.cpp:305]3205499 InitializeSingleNormal:"Cannot find key jit_compile_default_value in old platform infos, label SoftwareSpec."
[DEBUG] FE(3205499,python):2025-06-19-16:18:22.494.949 [platform_infos_lite_impl.cpp:305]3205499 InitializeSingleNormal:"Cannot find key jit_compile_mode in old platform infos, label SoftwareSpec."
[DEBUG] FE(3205499,python):2025-06-19-16:18:22.494.951 [platform_infos_lite_impl.cpp:305]3205499 InitializeSingleNormal:"Cannot find key ddr_rate in old platform infos, label VectorCoreMemoryRates."
[DEBUG] FE(3205499,python):2025-06-19-16:18:22.494.953 [platform_infos_lite_impl.cpp:305]3205499 InitializeSingleNormal:"Cannot find key vec_freq in old platform infos, label VectorCoreSpec."
[DEBUG] FE(3205499,python):2025-06-19-16:18:22.495.009 [platform_info.cpp:855]3205499 AssemblePlatformInfoVector:"The platform info os soc version[Ascend910B2C] has been initialized."
[DEBUG] FE(3205499,python):2025-06-19-16:18:22.495.567 [platform_infos_lite_impl.cpp:305]3205499 InitializeSingleNormal:"Cannot find key CounterWorkspaceSize in old platform infos, label DSARandom."
[DEBUG] FE(3205499,python):2025-06-19-16:18:22.495.571 [platform_infos_lite_impl.cpp:305]3205499 InitializeSingleNormal:"Cannot find key jit_compile_mode in old platform infos, label SoftwareSpec."
[DEBUG] FE(3205499,python):2025-06-19-16:18:22.495.573 [platform_infos_lite_impl.cpp:305]3205499 InitializeSingleNormal:"Cannot find key ddr_rate in old platform infos, label VectorCoreMemoryRates."
[DEBUG] FE(3205499,python):2025-06-19-16:18:22.495.575 [platform_infos_lite_impl.cpp:305]3205499 InitializeSingleNormal:"Cannot find key vec_freq in old platform infos, label VectorCoreSpec."
[DEBUG] FE(3205499,python):2025-06-19-16:18:22.495.609 [platform_info.cpp:855]3205499 AssemblePlatformInfoVector:"The platform info os soc version[Hi3796CV300CS] has been initialized."
[DEBUG] FE(3205499,python):2025-06-19-16:18:22.496.106 [platform_infos_lite_impl.cpp:305]3205499 InitializeSingleNormal:"Cannot find key CounterWorkspaceSize in old platform infos, label DSARandom."
[DEBUG] FE(3205499,python):2025-06-19-16:18:22.496.110 [platform_infos_lite_impl.cpp:305]3205499 InitializeSingleNormal:"Cannot find key jit_compile_mode in old platform infos, label SoftwareSpec."
[DEBUG] FE(3205499,python):2025-06-19-16:18:22.496.112 [platform_infos_lite_impl.cpp:305]3205499 InitializeSingleNormal:"Cannot find key ddr_rate in old platform infos, label VectorCoreMemoryRates."
[DEBUG] FE(3205499,python):2025-06-19-16:18:22.496.114 [platform_infos_lite_impl.cpp:305]3205499 InitializeSingleNormal:"Cannot find key vec_freq in old platform infos, label VectorCoreSpec."
[DEBUG] FE(3205499,python):2025-06-19-16:18:22.496.146 [platform_info.cpp:855]3205499 AssemblePlatformInfoVector:"The platform info os soc version[Hi3796CV300ES] has been initialized."
[DEBUG] FE(3205499,python):2025-06-19-16:18:22.496.696 [platform_infos_lite_impl.cpp:305]3205499 InitializeSingleNormal:"Cannot find key CounterWorkspaceSize in old platform infos, label DSARandom."
[DEBUG] FE(3205499,python):2025-06-19-16:18:22.496.699 [platform_infos_lite_impl.cpp:305]3205499 InitializeSingleNormal:"Cannot find key jit_compile_mode in old platform infos, label SoftwareSpec."
[DEBUG] FE(3205499,python):2025-06-19-16:18:22.496.701 [platform_infos_lite_impl.cpp:305]3205499 InitializeSingleNormal:"Cannot find key ddr_rate in old platform infos, label VectorCoreMemoryRates."
[DEBUG] FE(3205499,python):2025-06-19-16:18:22.496.703 [platform_infos_lite_impl.cpp:305]3205499 InitializeSingleNormal:"Cannot find key vec_freq in old platform infos, label VectorCoreSpec."
[DEBUG] FE(3205499,python):2025-06-19-16:18:22.496.736 [platform_info.cpp:855]3205499 AssemblePlatformInfoVector:"The platform info os soc version[SD3403] has been initialized."
[INFO] TBE(3205499,python):2025-06-19-16:18:22.693.946 [../../../../../../latest/python/site-packages/tbe/common/register/fusion_pass_mgr.py:59][decorator] Fusion pass[conv2d_data_rm_build_pass] of stage[InvokeStage.STAGE_BUILD] priority[Priority.NORMAL] has been registered.
[INFO] TBE(3205499,python):2025-06-19-16:18:22.694.114 [../../../../../../latest/python/site-packages/tbe/common/register/fusion_pass_mgr.py:114][decorator] Fusion pass[trans_shape_of_conv3d] of op type[Conv3D] op pattern[None] stage[InvokeStage.STAGE_BUILD] priority[Priority.NORMAL] has been registered.
[INFO] TBE(3205499,python):2025-06-19-16:18:22.694.148 [../../../../../../latest/python/site-packages/tbe/common/register/fusion_pass_mgr.py:59][decorator] Fusion pass[trans_shape_depthwise_conv2d] of stage[InvokeStage.STAGE_BUILD] priority[Priority.NORMAL] has been registered.
[INFO] TBE(3205499,python):2025-06-19-16:18:22.694.295 [../../../../../../latest/python/site-packages/tbe/common/register/fusion_pass_mgr.py:114][decorator] Fusion pass[trans_shape_for_elemwise] of op type[None] op pattern[ElemWise] stage[InvokeStage.STAGE_BUILD] priority[Priority.NORMAL] has been registered.
[INFO] TBE(3205499,python):2025-06-19-16:18:22.694.326 [../../../../../../latest/python/site-packages/tbe/common/register/fusion_pass_mgr.py:114][decorator] Fusion pass[trans_shape_for_broadcast] of op type[None] op pattern[Broadcast] stage[InvokeStage.STAGE_BUILD] priority[Priority.NORMAL] has been registered.
[INFO] TBE(3205499,python):2025-06-19-16:18:22.694.362 [../../../../../../latest/python/site-packages/tbe/common/register/fusion_pass_mgr.py:114][decorator] Fusion pass[trans_shape_of_biasadd] of op type[BiasAdd] op pattern[None] stage[InvokeStage.STAGE_BUILD] priority[Priority.NORMAL] has been registered.
[INFO] TBE(3205499,python):2025-06-19-16:18:22.694.388 [../../../../../../latest/python/site-packages/tbe/common/register/fusion_pass_mgr.py:114][decorator] Fusion pass[trans_shape_of_requant_s16] of op type[AscendRequantS16] op pattern[None] stage[InvokeStage.STAGE_BUILD] priority[Priority.NORMAL] has been registered.
[INFO] TBE(3205499,python):2025-06-19-16:18:22.694.413 [../../../../../../latest/python/site-packages/tbe/common/register/fusion_pass_mgr.py:114][decorator] Fusion pass[trans_shape_of_bninference] of op type[BNInferenceD] op pattern[None] stage[InvokeStage.STAGE_BUILD] priority[Priority.NORMAL] has been registered.
[INFO] TBE(3205499,python):2025-06-19-16:18:22.694.531 [../../../../../../latest/python/site-packages/tbe/common/register/fusion_pass_mgr.py:114][decorator] Fusion pass[trans_shape_fully_connection] of op type[FullyConnection] op pattern[None] stage[InvokeStage.STAGE_BUILD] priority[Priority.NORMAL] has been registered.
[INFO] TBE(3205499,python):2025-06-19-16:18:22.694.560 [../../../../../../latest/python/site-packages/tbe/common/register/fusion_pass_mgr.py:114][decorator] Fusion pass[trans_shape_fully_connection_compress] of op type[FullyConnectionCompress] op pattern[None] stage[InvokeStage.STAGE_BUILD] priority[Priority.NORMAL] has been registered.
[INFO] TBE(3205499,python):2025-06-19-16:18:22.694.694 [../../../../../../latest/python/site-packages/tbe/common/register/fusion_pass_mgr.py:114][decorator] Fusion pass[trans_matmul_bias_shape] of op type[MatMulV2] op pattern[None] stage[InvokeStage.STAGE_BUILD] priority[Priority.NORMAL] has been registered.
[INFO] TBE(3205499,python):2025-06-19-16:18:22.694.723 [../../../../../../latest/python/site-packages/tbe/common/register/fusion_pass_mgr.py:114][decorator] Fusion pass[trans_matmul_bias_shape] of op type[MatMul] op pattern[None] stage[InvokeStage.STAGE_BUILD] priority[Priority.NORMAL] has been registered.
[INFO] TBE(3205499,python):2025-06-19-16:18:22.694.749 [../../../../../../latest/python/site-packages/tbe/common/register/fusion_pass_mgr.py:114][decorator] Fusion pass[trans_matmulcompress_bias_shape] of op type[MatMulV2Compress] op pattern[None] stage[InvokeStage.STAGE_BUILD] priority[Priority.NORMAL] has been registered.
[INFO] TBE(3205499,python):2025-06-19-16:18:22.694.864 [../../../../../../latest/python/site-packages/tbe/common/register/fusion_pass_mgr.py:114][decorator] Fusion pass[trans_batch_matmul_shape] of op type[BatchMatMulV2] op pattern[None] stage[InvokeStage.STAGE_BUILD] priority[Priority.NORMAL] has been registered.
[INFO] TBE(3205499,python):2025-06-19-16:18:22.694.895 [../../../../../../latest/python/site-packages/tbe/common/register/fusion_pass_mgr.py:114][decorator] Fusion pass[trans_batch_matmul_shape] of op type[BatchMatMul] op pattern[None] stage[InvokeStage.STAGE_BUILD] priority[Priority.NORMAL] has been registered.
[INFO] TBE(3205499,python):2025-06-19-16:18:22.694.923 [../../../../../../latest/python/site-packages/tbe/common/register/fusion_pass_mgr.py:114][decorator] Fusion pass[trans_shape_transdata_fixpipe] of op type[None] op pattern[BatchMatmul] stage[InvokeStage.STAGE_BUILD] priority[Priority.NORMAL] has been registered.
[WARNING] TBE(3205499,python):2025-06-19-16:18:22.737.488 [../../../../../../latest/python/site-packages/te/platform/cce_policy.py:50][OpImplPolicy] te.platform.cce_policy.OpImplPolicy is deprecated, use te_fusion.fusion_util.OpImplPolicy instead.
[DEBUG] TBE(3205499,python):2025-06-19-16:18:23.019.487 [../../../../../../latest/python/site-packages/tbe/common/rl_bank/rl_op_filter.py:287][_is_tune_all_op] RL filter info: is_tune_all_op: False
[INFO] TBE(3205499,python):2025-06-19-16:18:23.098.608 [../../../../../../latest/python/site-packages/tbe/common/rl_bank/dynamic_op_filter.py:373][_need_to_tune_all_op] Auto search dynamic filter info: tune_all_op is False.
[INFO] TBE(3205499,python):2025-06-19-16:18:23.113.412 [../../../../../../latest/python/site-packages/te_fusion/parallel_compilation.py:260][exec_compilation_task] soc_info:[('Ascend910B2C', '', '24', 'false', '0', 'false')], option:[{'op_debug_level': '0', 'op_debug_dir': '/root/jzzhou/LAPA/laq/kernel_meta/kernel_meta_11702434041262854787', 'vector_fp_ceiling': 2, 'mdl_bank_path': '', 'op_bank_path': '', 'kernel_meta_temp_dir': '/root/jzzhou/LAPA/laq/kernel_meta/kernel_meta_temp_11702434041262854787', 'device_id': '', 'ai_core_cnt': '24', 'l2_size': '201326592', 'memory_size': '65464696832', 'vector_core_cnt': '48', 'l2_mode': 0, 'enable_L1_fusion': False, 'enable_L2_fusion': False}]
[WARNING] TBE(3205499,python):2025-06-19-16:18:23.113.450 [../../../../../../latest/python/site-packages/te/platform/cce_conf.py:605][te_set_version] 'from te.platform import te_set_version' is expired, please replace it with 'from tbe.common.platform import set_current_compile_soc_info'.
[DEBUG] FE(3205499,python):2025-06-19-16:18:23.113.820 [platform_infos_def.cpp:182]3205499 SetCoreNumByCoreType:"Set PlatFormInfos::core_num_ to ai_core_cnt:[24], core_type:0."
[INFO] TBE(3205499,python):2025-06-19-16:18:23.113.853 [../../../../../../latest/python/site-packages/te_fusion/parallel_compilation.py:275][exec_compilation_task] Default compiler:None
[INFO] TBE(3205499,python):2025-06-19-16:18:23.113.876 [../../../../../../latest/python/site-packages/te_fusion/parallel_compilation.py:276][exec_compilation_task] compile_options when executing compile_task:{'op_debug_level': '0', 'op_debug_dir': '/root/jzzhou/LAPA/laq/kernel_meta/kernel_meta_11702434041262854787', 'vector_fp_ceiling': 2, 'mdl_bank_path': '', 'op_bank_path': '', 'kernel_meta_temp_dir': '/root/jzzhou/LAPA/laq/kernel_meta/kernel_meta_temp_11702434041262854787', 'device_id': '', 'ai_core_cnt': '24', 'l2_size': '201326592', 'memory_size': '65464696832', 'vector_core_cnt': '48', 'l2_mode': 0, 'enable_L1_fusion': False, 'enable_L2_fusion': False}
