[DEBUG] DRV(3205489,python):2025-06-19-16:18:22.044.758 [hdc_client.c:130][ascend][curpid:3205489,3205489][drv][hdc][drvHdcClientCreate]Create client success.
[DEBUG] FE(3205489,python):2025-06-19-16:18:22.352.279 [platform_infos_lite_impl.cpp:305]3205489 InitializeSingleNormal:"Cannot find key CounterWorkspaceSize in old platform infos, label DSARandom."
[DEBUG] FE(3205489,python):2025-06-19-16:18:22.352.289 [platform_infos_lite_impl.cpp:305]3205489 InitializeSingleNormal:"Cannot find key jit_compile_mode in old platform infos, label SoftwareSpec."
[DEBUG] FE(3205489,python):2025-06-19-16:18:22.352.375 [platform_info.cpp:855]3205489 AssemblePlatformInfoVector:"The platform info os soc version[Ascend031] has been initialized."
[DEBUG] FE(3205489,python):2025-06-19-16:18:22.352.785 [platform_infos_lite_impl.cpp:305]3205489 InitializeSingleNormal:"Cannot find key ddr_rate in old platform infos, label AICoreMemoryRates."
[DEBUG] FE(3205489,python):2025-06-19-16:18:22.352.792 [platform_infos_lite_impl.cpp:305]3205489 InitializeSingleNormal:"Cannot find key CounterWorkspaceSize in old platform infos, label DSARandom."
[DEBUG] FE(3205489,python):2025-06-19-16:18:22.352.796 [platform_infos_lite_impl.cpp:305]3205489 InitializeSingleNormal:"Cannot find key jit_compile_mode in old platform infos, label SoftwareSpec."
[DEBUG] FE(3205489,python):2025-06-19-16:18:22.352.797 [platform_infos_lite_impl.cpp:305]3205489 InitializeSingleNormal:"Cannot find key ddr_rate in old platform infos, label VectorCoreMemoryRates."
[DEBUG] FE(3205489,python):2025-06-19-16:18:22.352.799 [platform_infos_lite_impl.cpp:305]3205489 InitializeSingleNormal:"Cannot find key vec_freq in old platform infos, label VectorCoreSpec."
[DEBUG] FE(3205489,python):2025-06-19-16:18:22.352.816 [platform_info.cpp:855]3205489 AssemblePlatformInfoVector:"The platform info os soc version[Ascend035] has been initialized."
[DEBUG] FE(3205489,python):2025-06-19-16:18:22.353.189 [platform_infos_lite_impl.cpp:305]3205489 InitializeSingleNormal:"Cannot find key ddr_rate in old platform infos, label AICoreMemoryRates."
[DEBUG] FE(3205489,python):2025-06-19-16:18:22.353.195 [platform_infos_lite_impl.cpp:305]3205489 InitializeSingleNormal:"Cannot find key CounterWorkspaceSize in old platform infos, label DSARandom."
[DEBUG] FE(3205489,python):2025-06-19-16:18:22.353.199 [platform_infos_lite_impl.cpp:305]3205489 InitializeSingleNormal:"Cannot find key jit_compile_mode in old platform infos, label SoftwareSpec."
[DEBUG] FE(3205489,python):2025-06-19-16:18:22.353.200 [platform_infos_lite_impl.cpp:305]3205489 InitializeSingleNormal:"Cannot find key ddr_rate in old platform infos, label VectorCoreMemoryRates."
[DEBUG] FE(3205489,python):2025-06-19-16:18:22.353.202 [platform_infos_lite_impl.cpp:305]3205489 InitializeSingleNormal:"Cannot find key vec_freq in old platform infos, label VectorCoreSpec."
[DEBUG] FE(3205489,python):2025-06-19-16:18:22.353.220 [platform_info.cpp:855]3205489 AssemblePlatformInfoVector:"The platform info os soc version[Ascend035A] has been initialized."
[DEBUG] FE(3205489,python):2025-06-19-16:18:22.353.601 [platform_infos_lite_impl.cpp:305]3205489 InitializeSingleNormal:"Cannot find key ddr_rate in old platform infos, label AICoreMemoryRates."
[DEBUG] FE(3205489,python):2025-06-19-16:18:22.353.606 [platform_infos_lite_impl.cpp:305]3205489 InitializeSingleNormal:"Cannot find key CounterWorkspaceSize in old platform infos, label DSARandom."
[DEBUG] FE(3205489,python):2025-06-19-16:18:22.353.610 [platform_infos_lite_impl.cpp:305]3205489 InitializeSingleNormal:"Cannot find key jit_compile_mode in old platform infos, label SoftwareSpec."
[DEBUG] FE(3205489,python):2025-06-19-16:18:22.353.612 [platform_infos_lite_impl.cpp:305]3205489 InitializeSingleNormal:"Cannot find key ddr_rate in old platform infos, label VectorCoreMemoryRates."
[DEBUG] FE(3205489,python):2025-06-19-16:18:22.353.613 [platform_infos_lite_impl.cpp:305]3205489 InitializeSingleNormal:"Cannot find key vec_freq in old platform infos, label VectorCoreSpec."
[DEBUG] FE(3205489,python):2025-06-19-16:18:22.353.630 [platform_info.cpp:855]3205489 AssemblePlatformInfoVector:"The platform info os soc version[Ascend035B] has been initialized."
[DEBUG] FE(3205489,python):2025-06-19-16:18:22.354.092 [platform_infos_lite_impl.cpp:305]3205489 InitializeSingleNormal:"Cannot find key CounterWorkspaceSize in old platform infos, label DSARandom."
[DEBUG] FE(3205489,python):2025-06-19-16:18:22.354.097 [platform_infos_lite_impl.cpp:305]3205489 InitializeSingleNormal:"Cannot find key jit_compile_mode in old platform infos, label SoftwareSpec."
[DEBUG] FE(3205489,python):2025-06-19-16:18:22.354.099 [platform_infos_lite_impl.cpp:305]3205489 InitializeSingleNormal:"Cannot find key ddr_rate in old platform infos, label VectorCoreMemoryRates."
[DEBUG] FE(3205489,python):2025-06-19-16:18:22.354.100 [platform_infos_lite_impl.cpp:305]3205489 InitializeSingleNormal:"Cannot find key vec_freq in old platform infos, label VectorCoreSpec."
[DEBUG] FE(3205489,python):2025-06-19-16:18:22.354.130 [platform_info.cpp:855]3205489 AssemblePlatformInfoVector:"The platform info os soc version[Ascend310] has been initialized."
[DEBUG] FE(3205489,python):2025-06-19-16:18:22.356.387 [platform_infos_lite_impl.cpp:305]3205489 InitializeSingleNormal:"Cannot find key CounterWorkspaceSize in old platform infos, label DSARandom."
[DEBUG] FE(3205489,python):2025-06-19-16:18:22.356.393 [platform_infos_lite_impl.cpp:305]3205489 InitializeSingleNormal:"Cannot find key jit_compile_mode in old platform infos, label SoftwareSpec."
[DEBUG] FE(3205489,python):2025-06-19-16:18:22.356.495 [platform_info.cpp:855]3205489 AssemblePlatformInfoVector:"The platform info os soc version[Ascend310B1] has been initialized."
[DEBUG] FE(3205489,python):2025-06-19-16:18:22.358.767 [platform_infos_lite_impl.cpp:305]3205489 InitializeSingleNormal:"Cannot find key CounterWorkspaceSize in old platform infos, label DSARandom."
[DEBUG] FE(3205489,python):2025-06-19-16:18:22.358.773 [platform_infos_lite_impl.cpp:305]3205489 InitializeSingleNormal:"Cannot find key jit_compile_mode in old platform infos, label SoftwareSpec."
[DEBUG] FE(3205489,python):2025-06-19-16:18:22.358.873 [platform_info.cpp:855]3205489 AssemblePlatformInfoVector:"The platform info os soc version[Ascend310B2] has been initialized."
[DEBUG] FE(3205489,python):2025-06-19-16:18:22.361.174 [platform_infos_lite_impl.cpp:305]3205489 InitializeSingleNormal:"Cannot find key CounterWorkspaceSize in old platform infos, label DSARandom."
[DEBUG] FE(3205489,python):2025-06-19-16:18:22.361.179 [platform_infos_lite_impl.cpp:305]3205489 InitializeSingleNormal:"Cannot find key jit_compile_mode in old platform infos, label SoftwareSpec."
[DEBUG] FE(3205489,python):2025-06-19-16:18:22.361.280 [platform_info.cpp:855]3205489 AssemblePlatformInfoVector:"The platform info os soc version[Ascend310B3] has been initialized."
[DEBUG] FE(3205489,python):2025-06-19-16:18:22.363.568 [platform_infos_lite_impl.cpp:305]3205489 InitializeSingleNormal:"Cannot find key CounterWorkspaceSize in old platform infos, label DSARandom."
[DEBUG] FE(3205489,python):2025-06-19-16:18:22.363.574 [platform_infos_lite_impl.cpp:305]3205489 InitializeSingleNormal:"Cannot find key jit_compile_mode in old platform infos, label SoftwareSpec."
[DEBUG] FE(3205489,python):2025-06-19-16:18:22.363.676 [platform_info.cpp:855]3205489 AssemblePlatformInfoVector:"The platform info os soc version[Ascend310B4] has been initialized."
[DEBUG] FE(3205489,python):2025-06-19-16:18:22.365.960 [platform_infos_lite_impl.cpp:305]3205489 InitializeSingleNormal:"Cannot find key CounterWorkspaceSize in old platform infos, label DSARandom."
[DEBUG] FE(3205489,python):2025-06-19-16:18:22.365.966 [platform_infos_lite_impl.cpp:305]3205489 InitializeSingleNormal:"Cannot find key jit_compile_mode in old platform infos, label SoftwareSpec."
[DEBUG] FE(3205489,python):2025-06-19-16:18:22.366.067 [platform_info.cpp:855]3205489 AssemblePlatformInfoVector:"The platform info os soc version[AS31XM1X] has been initialized."
[DEBUG] FE(3205489,python):2025-06-19-16:18:22.367.224 [platform_infos_lite_impl.cpp:305]3205489 InitializeSingleNormal:"Cannot find key CounterWorkspaceSize in old platform infos, label DSARandom."
[DEBUG] FE(3205489,python):2025-06-19-16:18:22.367.229 [platform_infos_lite_impl.cpp:305]3205489 InitializeSingleNormal:"Cannot find key jit_compile_mode in old platform infos, label SoftwareSpec."
[DEBUG] FE(3205489,python):2025-06-19-16:18:22.367.294 [platform_info.cpp:855]3205489 AssemblePlatformInfoVector:"The platform info os soc version[Ascend610] has been initialized."
[DEBUG] FE(3205489,python):2025-06-19-16:18:22.368.582 [platform_infos_lite_impl.cpp:305]3205489 InitializeSingleNormal:"Cannot find key CounterWorkspaceSize in old platform infos, label DSARandom."
[DEBUG] FE(3205489,python):2025-06-19-16:18:22.368.588 [platform_infos_lite_impl.cpp:305]3205489 InitializeSingleNormal:"Cannot find key jit_compile_mode in old platform infos, label SoftwareSpec."
[DEBUG] FE(3205489,python):2025-06-19-16:18:22.368.590 [platform_infos_lite_impl.cpp:305]3205489 InitializeSingleNormal:"Cannot find key ddr_rate in old platform infos, label VectorCoreMemoryRates."
[DEBUG] FE(3205489,python):2025-06-19-16:18:22.368.592 [platform_infos_lite_impl.cpp:305]3205489 InitializeSingleNormal:"Cannot find key vec_freq in old platform infos, label VectorCoreSpec."
[DEBUG] FE(3205489,python):2025-06-19-16:18:22.368.650 [platform_info.cpp:855]3205489 AssemblePlatformInfoVector:"The platform info os soc version[Ascend610Lite] has been initialized."
[DEBUG] FE(3205489,python):2025-06-19-16:18:22.369.941 [platform_infos_lite_impl.cpp:305]3205489 InitializeSingleNormal:"Cannot find key CounterWorkspaceSize in old platform infos, label DSARandom."
[DEBUG] FE(3205489,python):2025-06-19-16:18:22.369.946 [platform_infos_lite_impl.cpp:305]3205489 InitializeSingleNormal:"Cannot find key jit_compile_mode in old platform infos, label SoftwareSpec."
[DEBUG] FE(3205489,python):2025-06-19-16:18:22.369.948 [platform_infos_lite_impl.cpp:305]3205489 InitializeSingleNormal:"Cannot find key ddr_rate in old platform infos, label VectorCoreMemoryRates."
[DEBUG] FE(3205489,python):2025-06-19-16:18:22.369.950 [platform_infos_lite_impl.cpp:305]3205489 InitializeSingleNormal:"Cannot find key vec_freq in old platform infos, label VectorCoreSpec."
[DEBUG] FE(3205489,python):2025-06-19-16:18:22.370.008 [platform_info.cpp:855]3205489 AssemblePlatformInfoVector:"The platform info os soc version[BS9SX2AA] has been initialized."
[DEBUG] FE(3205489,python):2025-06-19-16:18:22.371.286 [platform_infos_lite_impl.cpp:305]3205489 InitializeSingleNormal:"Cannot find key CounterWorkspaceSize in old platform infos, label DSARandom."
[DEBUG] FE(3205489,python):2025-06-19-16:18:22.371.291 [platform_infos_lite_impl.cpp:305]3205489 InitializeSingleNormal:"Cannot find key jit_compile_mode in old platform infos, label SoftwareSpec."
[DEBUG] FE(3205489,python):2025-06-19-16:18:22.371.293 [platform_infos_lite_impl.cpp:305]3205489 InitializeSingleNormal:"Cannot find key ddr_rate in old platform infos, label VectorCoreMemoryRates."
[DEBUG] FE(3205489,python):2025-06-19-16:18:22.371.295 [platform_infos_lite_impl.cpp:305]3205489 InitializeSingleNormal:"Cannot find key vec_freq in old platform infos, label VectorCoreSpec."
[DEBUG] FE(3205489,python):2025-06-19-16:18:22.371.352 [platform_info.cpp:855]3205489 AssemblePlatformInfoVector:"The platform info os soc version[BS9SX2AB] has been initialized."
[DEBUG] FE(3205489,python):2025-06-19-16:18:22.372.630 [platform_infos_lite_impl.cpp:305]3205489 InitializeSingleNormal:"Cannot find key CounterWorkspaceSize in old platform infos, label DSARandom."
[DEBUG] FE(3205489,python):2025-06-19-16:18:22.372.634 [platform_infos_lite_impl.cpp:305]3205489 InitializeSingleNormal:"Cannot find key jit_compile_mode in old platform infos, label SoftwareSpec."
[DEBUG] FE(3205489,python):2025-06-19-16:18:22.372.636 [platform_infos_lite_impl.cpp:305]3205489 InitializeSingleNormal:"Cannot find key ddr_rate in old platform infos, label VectorCoreMemoryRates."
[DEBUG] FE(3205489,python):2025-06-19-16:18:22.372.638 [platform_infos_lite_impl.cpp:305]3205489 InitializeSingleNormal:"Cannot find key vec_freq in old platform infos, label VectorCoreSpec."
[DEBUG] FE(3205489,python):2025-06-19-16:18:22.372.696 [platform_info.cpp:855]3205489 AssemblePlatformInfoVector:"The platform info os soc version[MC61AM21AA] has been initialized."
[DEBUG] FE(3205489,python):2025-06-19-16:18:22.373.981 [platform_infos_lite_impl.cpp:305]3205489 InitializeSingleNormal:"Cannot find key CounterWorkspaceSize in old platform infos, label DSARandom."
[DEBUG] FE(3205489,python):2025-06-19-16:18:22.373.986 [platform_infos_lite_impl.cpp:305]3205489 InitializeSingleNormal:"Cannot find key jit_compile_mode in old platform infos, label SoftwareSpec."
[DEBUG] FE(3205489,python):2025-06-19-16:18:22.373.988 [platform_infos_lite_impl.cpp:305]3205489 InitializeSingleNormal:"Cannot find key ddr_rate in old platform infos, label VectorCoreMemoryRates."
[DEBUG] FE(3205489,python):2025-06-19-16:18:22.373.990 [platform_infos_lite_impl.cpp:305]3205489 InitializeSingleNormal:"Cannot find key vec_freq in old platform infos, label VectorCoreSpec."
[DEBUG] FE(3205489,python):2025-06-19-16:18:22.374.047 [platform_info.cpp:855]3205489 AssemblePlatformInfoVector:"The platform info os soc version[MC61AM21AB] has been initialized."
[DEBUG] FE(3205489,python):2025-06-19-16:18:22.375.529 [platform_infos_lite_impl.cpp:305]3205489 InitializeSingleNormal:"Cannot find key CounterWorkspaceSize in old platform infos, label DSARandom."
[DEBUG] FE(3205489,python):2025-06-19-16:18:22.375.534 [platform_infos_lite_impl.cpp:305]3205489 InitializeSingleNormal:"Cannot find key jit_compile_mode in old platform infos, label SoftwareSpec."
[DEBUG] FE(3205489,python):2025-06-19-16:18:22.375.610 [platform_info.cpp:855]3205489 AssemblePlatformInfoVector:"The platform info os soc version[BS9SX1AA] has been initialized."
[DEBUG] FE(3205489,python):2025-06-19-16:18:22.377.087 [platform_infos_lite_impl.cpp:305]3205489 InitializeSingleNormal:"Cannot find key CounterWorkspaceSize in old platform infos, label DSARandom."
[DEBUG] FE(3205489,python):2025-06-19-16:18:22.377.092 [platform_infos_lite_impl.cpp:305]3205489 InitializeSingleNormal:"Cannot find key jit_compile_mode in old platform infos, label SoftwareSpec."
[DEBUG] FE(3205489,python):2025-06-19-16:18:22.377.169 [platform_info.cpp:855]3205489 AssemblePlatformInfoVector:"The platform info os soc version[BS9SX1AB] has been initialized."
[DEBUG] FE(3205489,python):2025-06-19-16:18:22.378.646 [platform_infos_lite_impl.cpp:305]3205489 InitializeSingleNormal:"Cannot find key CounterWorkspaceSize in old platform infos, label DSARandom."
[DEBUG] FE(3205489,python):2025-06-19-16:18:22.378.651 [platform_infos_lite_impl.cpp:305]3205489 InitializeSingleNormal:"Cannot find key jit_compile_mode in old platform infos, label SoftwareSpec."
[DEBUG] FE(3205489,python):2025-06-19-16:18:22.378.726 [platform_info.cpp:855]3205489 AssemblePlatformInfoVector:"The platform info os soc version[BS9SX1AC] has been initialized."
[DEBUG] FE(3205489,python):2025-06-19-16:18:22.379.884 [platform_infos_lite_impl.cpp:305]3205489 InitializeSingleNormal:"Cannot find key CounterWorkspaceSize in old platform infos, label DSARandom."
[DEBUG] FE(3205489,python):2025-06-19-16:18:22.379.889 [platform_infos_lite_impl.cpp:305]3205489 InitializeSingleNormal:"Cannot find key jit_compile_mode in old platform infos, label SoftwareSpec."
[DEBUG] FE(3205489,python):2025-06-19-16:18:22.379.953 [platform_info.cpp:855]3205489 AssemblePlatformInfoVector:"The platform info os soc version[Ascend310P3] has been initialized."
[DEBUG] FE(3205489,python):2025-06-19-16:18:22.381.097 [platform_infos_lite_impl.cpp:305]3205489 InitializeSingleNormal:"Cannot find key CounterWorkspaceSize in old platform infos, label DSARandom."
[DEBUG] FE(3205489,python):2025-06-19-16:18:22.381.102 [platform_infos_lite_impl.cpp:305]3205489 InitializeSingleNormal:"Cannot find key jit_compile_mode in old platform infos, label SoftwareSpec."
[DEBUG] FE(3205489,python):2025-06-19-16:18:22.381.167 [platform_info.cpp:855]3205489 AssemblePlatformInfoVector:"The platform info os soc version[Ascend310P1] has been initialized."
[DEBUG] FE(3205489,python):2025-06-19-16:18:22.381.695 [platform_infos_lite_impl.cpp:305]3205489 InitializeSingleNormal:"Cannot find key CounterWorkspaceSize in old platform infos, label DSARandom."
[DEBUG] FE(3205489,python):2025-06-19-16:18:22.381.699 [platform_infos_lite_impl.cpp:305]3205489 InitializeSingleNormal:"Cannot find key jit_compile_mode in old platform infos, label SoftwareSpec."
[DEBUG] FE(3205489,python):2025-06-19-16:18:22.381.701 [platform_infos_lite_impl.cpp:305]3205489 InitializeSingleNormal:"Cannot find key ddr_rate in old platform infos, label VectorCoreMemoryRates."
[DEBUG] FE(3205489,python):2025-06-19-16:18:22.381.703 [platform_infos_lite_impl.cpp:305]3205489 InitializeSingleNormal:"Cannot find key vec_freq in old platform infos, label VectorCoreSpec."
[DEBUG] FE(3205489,python):2025-06-19-16:18:22.381.735 [platform_info.cpp:855]3205489 AssemblePlatformInfoVector:"The platform info os soc version[Ascend910A] has been initialized."
[DEBUG] FE(3205489,python):2025-06-19-16:18:22.382.241 [platform_infos_lite_impl.cpp:305]3205489 InitializeSingleNormal:"Cannot find key CounterWorkspaceSize in old platform infos, label DSARandom."
[DEBUG] FE(3205489,python):2025-06-19-16:18:22.382.245 [platform_infos_lite_impl.cpp:305]3205489 InitializeSingleNormal:"Cannot find key jit_compile_mode in old platform infos, label SoftwareSpec."
[DEBUG] FE(3205489,python):2025-06-19-16:18:22.382.247 [platform_infos_lite_impl.cpp:305]3205489 InitializeSingleNormal:"Cannot find key ddr_rate in old platform infos, label VectorCoreMemoryRates."
[DEBUG] FE(3205489,python):2025-06-19-16:18:22.382.248 [platform_infos_lite_impl.cpp:305]3205489 InitializeSingleNormal:"Cannot find key vec_freq in old platform infos, label VectorCoreSpec."
[DEBUG] FE(3205489,python):2025-06-19-16:18:22.382.279 [platform_info.cpp:855]3205489 AssemblePlatformInfoVector:"The platform info os soc version[Ascend910B] has been initialized."
[DEBUG] FE(3205489,python):2025-06-19-16:18:22.382.784 [platform_infos_lite_impl.cpp:305]3205489 InitializeSingleNormal:"Cannot find key CounterWorkspaceSize in old platform infos, label DSARandom."
[DEBUG] FE(3205489,python):2025-06-19-16:18:22.382.789 [platform_infos_lite_impl.cpp:305]3205489 InitializeSingleNormal:"Cannot find key jit_compile_mode in old platform infos, label SoftwareSpec."
[DEBUG] FE(3205489,python):2025-06-19-16:18:22.382.791 [platform_infos_lite_impl.cpp:305]3205489 InitializeSingleNormal:"Cannot find key ddr_rate in old platform infos, label VectorCoreMemoryRates."
[DEBUG] FE(3205489,python):2025-06-19-16:18:22.382.793 [platform_infos_lite_impl.cpp:305]3205489 InitializeSingleNormal:"Cannot find key vec_freq in old platform infos, label VectorCoreSpec."
[DEBUG] FE(3205489,python):2025-06-19-16:18:22.382.823 [platform_info.cpp:855]3205489 AssemblePlatformInfoVector:"The platform info os soc version[Ascend910PremiumA] has been initialized."
[DEBUG] FE(3205489,python):2025-06-19-16:18:22.383.307 [platform_infos_lite_impl.cpp:305]3205489 InitializeSingleNormal:"Cannot find key CounterWorkspaceSize in old platform infos, label DSARandom."
[DEBUG] FE(3205489,python):2025-06-19-16:18:22.383.311 [platform_infos_lite_impl.cpp:305]3205489 InitializeSingleNormal:"Cannot find key jit_compile_mode in old platform infos, label SoftwareSpec."
[DEBUG] FE(3205489,python):2025-06-19-16:18:22.383.313 [platform_infos_lite_impl.cpp:305]3205489 InitializeSingleNormal:"Cannot find key ddr_rate in old platform infos, label VectorCoreMemoryRates."
[DEBUG] FE(3205489,python):2025-06-19-16:18:22.383.315 [platform_infos_lite_impl.cpp:305]3205489 InitializeSingleNormal:"Cannot find key vec_freq in old platform infos, label VectorCoreSpec."
[DEBUG] FE(3205489,python):2025-06-19-16:18:22.383.345 [platform_info.cpp:855]3205489 AssemblePlatformInfoVector:"The platform info os soc version[Ascend910ProA] has been initialized."
[DEBUG] FE(3205489,python):2025-06-19-16:18:22.383.845 [platform_infos_lite_impl.cpp:305]3205489 InitializeSingleNormal:"Cannot find key CounterWorkspaceSize in old platform infos, label DSARandom."
[DEBUG] FE(3205489,python):2025-06-19-16:18:22.383.849 [platform_infos_lite_impl.cpp:305]3205489 InitializeSingleNormal:"Cannot find key jit_compile_mode in old platform infos, label SoftwareSpec."
[DEBUG] FE(3205489,python):2025-06-19-16:18:22.383.851 [platform_infos_lite_impl.cpp:305]3205489 InitializeSingleNormal:"Cannot find key ddr_rate in old platform infos, label VectorCoreMemoryRates."
[DEBUG] FE(3205489,python):2025-06-19-16:18:22.383.853 [platform_infos_lite_impl.cpp:305]3205489 InitializeSingleNormal:"Cannot find key vec_freq in old platform infos, label VectorCoreSpec."
[DEBUG] FE(3205489,python):2025-06-19-16:18:22.383.884 [platform_info.cpp:855]3205489 AssemblePlatformInfoVector:"The platform info os soc version[Ascend910ProB] has been initialized."
[DEBUG] FE(3205489,python):2025-06-19-16:18:22.384.847 [platform_infos_lite_impl.cpp:305]3205489 InitializeSingleNormal:"Cannot find key jit_compile_default_value in old platform infos, label SoftwareSpec."
[DEBUG] FE(3205489,python):2025-06-19-16:18:22.384.849 [platform_infos_lite_impl.cpp:305]3205489 InitializeSingleNormal:"Cannot find key jit_compile_mode in old platform infos, label SoftwareSpec."
[DEBUG] FE(3205489,python):2025-06-19-16:18:22.384.850 [platform_infos_lite_impl.cpp:305]3205489 InitializeSingleNormal:"Cannot find key ddr_rate in old platform infos, label VectorCoreMemoryRates."
[DEBUG] FE(3205489,python):2025-06-19-16:18:22.384.852 [platform_infos_lite_impl.cpp:305]3205489 InitializeSingleNormal:"Cannot find key vec_freq in old platform infos, label VectorCoreSpec."
[DEBUG] FE(3205489,python):2025-06-19-16:18:22.384.909 [platform_info.cpp:855]3205489 AssemblePlatformInfoVector:"The platform info os soc version[Ascend910B1] has been initialized."
[DEBUG] FE(3205489,python):2025-06-19-16:18:22.385.895 [platform_infos_lite_impl.cpp:305]3205489 InitializeSingleNormal:"Cannot find key jit_compile_default_value in old platform infos, label SoftwareSpec."
[DEBUG] FE(3205489,python):2025-06-19-16:18:22.385.896 [platform_infos_lite_impl.cpp:305]3205489 InitializeSingleNormal:"Cannot find key jit_compile_mode in old platform infos, label SoftwareSpec."
[DEBUG] FE(3205489,python):2025-06-19-16:18:22.385.898 [platform_infos_lite_impl.cpp:305]3205489 InitializeSingleNormal:"Cannot find key ddr_rate in old platform infos, label VectorCoreMemoryRates."
[DEBUG] FE(3205489,python):2025-06-19-16:18:22.385.900 [platform_infos_lite_impl.cpp:305]3205489 InitializeSingleNormal:"Cannot find key vec_freq in old platform infos, label VectorCoreSpec."
[DEBUG] FE(3205489,python):2025-06-19-16:18:22.385.957 [platform_info.cpp:855]3205489 AssemblePlatformInfoVector:"The platform info os soc version[Ascend910B2] has been initialized."
[DEBUG] FE(3205489,python):2025-06-19-16:18:22.386.953 [platform_infos_lite_impl.cpp:305]3205489 InitializeSingleNormal:"Cannot find key jit_compile_default_value in old platform infos, label SoftwareSpec."
[DEBUG] FE(3205489,python):2025-06-19-16:18:22.386.956 [platform_infos_lite_impl.cpp:305]3205489 InitializeSingleNormal:"Cannot find key jit_compile_mode in old platform infos, label SoftwareSpec."
[DEBUG] FE(3205489,python):2025-06-19-16:18:22.386.958 [platform_infos_lite_impl.cpp:305]3205489 InitializeSingleNormal:"Cannot find key ddr_rate in old platform infos, label VectorCoreMemoryRates."
[DEBUG] FE(3205489,python):2025-06-19-16:18:22.386.959 [platform_infos_lite_impl.cpp:305]3205489 InitializeSingleNormal:"Cannot find key vec_freq in old platform infos, label VectorCoreSpec."
[DEBUG] FE(3205489,python):2025-06-19-16:18:22.387.016 [platform_info.cpp:855]3205489 AssemblePlatformInfoVector:"The platform info os soc version[Ascend910B3] has been initialized."
[DEBUG] FE(3205489,python):2025-06-19-16:18:22.387.993 [platform_infos_lite_impl.cpp:305]3205489 InitializeSingleNormal:"Cannot find key jit_compile_default_value in old platform infos, label SoftwareSpec."
[DEBUG] FE(3205489,python):2025-06-19-16:18:22.387.995 [platform_infos_lite_impl.cpp:305]3205489 InitializeSingleNormal:"Cannot find key jit_compile_mode in old platform infos, label SoftwareSpec."
[DEBUG] FE(3205489,python):2025-06-19-16:18:22.387.997 [platform_infos_lite_impl.cpp:305]3205489 InitializeSingleNormal:"Cannot find key ddr_rate in old platform infos, label VectorCoreMemoryRates."
[DEBUG] FE(3205489,python):2025-06-19-16:18:22.387.998 [platform_infos_lite_impl.cpp:305]3205489 InitializeSingleNormal:"Cannot find key vec_freq in old platform infos, label VectorCoreSpec."
[DEBUG] FE(3205489,python):2025-06-19-16:18:22.388.057 [platform_info.cpp:855]3205489 AssemblePlatformInfoVector:"The platform info os soc version[Ascend910B4] has been initialized."
[DEBUG] FE(3205489,python):2025-06-19-16:18:22.389.005 [platform_infos_lite_impl.cpp:305]3205489 InitializeSingleNormal:"Cannot find key jit_compile_default_value in old platform infos, label SoftwareSpec."
[DEBUG] FE(3205489,python):2025-06-19-16:18:22.389.006 [platform_infos_lite_impl.cpp:305]3205489 InitializeSingleNormal:"Cannot find key jit_compile_mode in old platform infos, label SoftwareSpec."
[DEBUG] FE(3205489,python):2025-06-19-16:18:22.389.009 [platform_infos_lite_impl.cpp:305]3205489 InitializeSingleNormal:"Cannot find key ddr_rate in old platform infos, label VectorCoreMemoryRates."
[DEBUG] FE(3205489,python):2025-06-19-16:18:22.389.010 [platform_infos_lite_impl.cpp:305]3205489 InitializeSingleNormal:"Cannot find key vec_freq in old platform infos, label VectorCoreSpec."
[DEBUG] FE(3205489,python):2025-06-19-16:18:22.389.067 [platform_info.cpp:855]3205489 AssemblePlatformInfoVector:"The platform info os soc version[Ascend910B4-1] has been initialized."
[WARNING] FE(3205489,python):2025-06-19-16:18:22.390.026 [platform_info.cpp:853]3205489 AssemblePlatformInfoVector:"Can not find soc info enum by Ascend910_9361."
[DEBUG] FE(3205489,python):2025-06-19-16:18:22.390.028 [platform_info.cpp:855]3205489 AssemblePlatformInfoVector:"The platform info os soc version[Ascend910_9361] has been initialized."
[DEBUG] FE(3205489,python):2025-06-19-16:18:22.391.055 [platform_infos_lite_impl.cpp:305]3205489 InitializeSingleNormal:"Cannot find key jit_compile_default_value in old platform infos, label SoftwareSpec."
[DEBUG] FE(3205489,python):2025-06-19-16:18:22.391.057 [platform_infos_lite_impl.cpp:305]3205489 InitializeSingleNormal:"Cannot find key jit_compile_mode in old platform infos, label SoftwareSpec."
[DEBUG] FE(3205489,python):2025-06-19-16:18:22.391.059 [platform_infos_lite_impl.cpp:305]3205489 InitializeSingleNormal:"Cannot find key ddr_rate in old platform infos, label VectorCoreMemoryRates."
[DEBUG] FE(3205489,python):2025-06-19-16:18:22.391.060 [platform_infos_lite_impl.cpp:305]3205489 InitializeSingleNormal:"Cannot find key vec_freq in old platform infos, label VectorCoreSpec."
[DEBUG] FE(3205489,python):2025-06-19-16:18:22.391.120 [platform_info.cpp:855]3205489 AssemblePlatformInfoVector:"The platform info os soc version[Ascend910_9372] has been initialized."
[DEBUG] FE(3205489,python):2025-06-19-16:18:22.392.119 [platform_infos_lite_impl.cpp:305]3205489 InitializeSingleNormal:"Cannot find key jit_compile_default_value in old platform infos, label SoftwareSpec."
[DEBUG] FE(3205489,python):2025-06-19-16:18:22.392.121 [platform_infos_lite_impl.cpp:305]3205489 InitializeSingleNormal:"Cannot find key jit_compile_mode in old platform infos, label SoftwareSpec."
[DEBUG] FE(3205489,python):2025-06-19-16:18:22.392.123 [platform_infos_lite_impl.cpp:305]3205489 InitializeSingleNormal:"Cannot find key ddr_rate in old platform infos, label VectorCoreMemoryRates."
[DEBUG] FE(3205489,python):2025-06-19-16:18:22.392.125 [platform_infos_lite_impl.cpp:305]3205489 InitializeSingleNormal:"Cannot find key vec_freq in old platform infos, label VectorCoreSpec."
[DEBUG] FE(3205489,python):2025-06-19-16:18:22.392.189 [platform_info.cpp:855]3205489 AssemblePlatformInfoVector:"The platform info os soc version[Ascend910_9381] has been initialized."
[WARNING] FE(3205489,python):2025-06-19-16:18:22.393.180 [platform_info.cpp:853]3205489 AssemblePlatformInfoVector:"Can not find soc info enum by Ascend910_9382."
[DEBUG] FE(3205489,python):2025-06-19-16:18:22.393.182 [platform_info.cpp:855]3205489 AssemblePlatformInfoVector:"The platform info os soc version[Ascend910_9382] has been initialized."
[DEBUG] FE(3205489,python):2025-06-19-16:18:22.394.178 [platform_infos_lite_impl.cpp:305]3205489 InitializeSingleNormal:"Cannot find key jit_compile_default_value in old platform infos, label SoftwareSpec."
[DEBUG] FE(3205489,python):2025-06-19-16:18:22.394.180 [platform_infos_lite_impl.cpp:305]3205489 InitializeSingleNormal:"Cannot find key jit_compile_mode in old platform infos, label SoftwareSpec."
[DEBUG] FE(3205489,python):2025-06-19-16:18:22.394.183 [platform_infos_lite_impl.cpp:305]3205489 InitializeSingleNormal:"Cannot find key ddr_rate in old platform infos, label VectorCoreMemoryRates."
[DEBUG] FE(3205489,python):2025-06-19-16:18:22.394.185 [platform_infos_lite_impl.cpp:305]3205489 InitializeSingleNormal:"Cannot find key vec_freq in old platform infos, label VectorCoreSpec."
[DEBUG] FE(3205489,python):2025-06-19-16:18:22.394.247 [platform_info.cpp:855]3205489 AssemblePlatformInfoVector:"The platform info os soc version[Ascend910_9391] has been initialized."
[WARNING] FE(3205489,python):2025-06-19-16:18:22.395.223 [platform_info.cpp:853]3205489 AssemblePlatformInfoVector:"Can not find soc info enum by Ascend910_9392."
[DEBUG] FE(3205489,python):2025-06-19-16:18:22.395.225 [platform_info.cpp:855]3205489 AssemblePlatformInfoVector:"The platform info os soc version[Ascend910_9392] has been initialized."
[DEBUG] FE(3205489,python):2025-06-19-16:18:22.396.223 [platform_infos_lite_impl.cpp:305]3205489 InitializeSingleNormal:"Cannot find key jit_compile_default_value in old platform infos, label SoftwareSpec."
[DEBUG] FE(3205489,python):2025-06-19-16:18:22.396.225 [platform_infos_lite_impl.cpp:305]3205489 InitializeSingleNormal:"Cannot find key jit_compile_mode in old platform infos, label SoftwareSpec."
[DEBUG] FE(3205489,python):2025-06-19-16:18:22.396.227 [platform_infos_lite_impl.cpp:305]3205489 InitializeSingleNormal:"Cannot find key ddr_rate in old platform infos, label VectorCoreMemoryRates."
[DEBUG] FE(3205489,python):2025-06-19-16:18:22.396.229 [platform_infos_lite_impl.cpp:305]3205489 InitializeSingleNormal:"Cannot find key vec_freq in old platform infos, label VectorCoreSpec."
[DEBUG] FE(3205489,python):2025-06-19-16:18:22.396.288 [platform_info.cpp:855]3205489 AssemblePlatformInfoVector:"The platform info os soc version[Ascend910B2C] has been initialized."
[DEBUG] FE(3205489,python):2025-06-19-16:18:22.396.846 [platform_infos_lite_impl.cpp:305]3205489 InitializeSingleNormal:"Cannot find key CounterWorkspaceSize in old platform infos, label DSARandom."
[DEBUG] FE(3205489,python):2025-06-19-16:18:22.396.850 [platform_infos_lite_impl.cpp:305]3205489 InitializeSingleNormal:"Cannot find key jit_compile_mode in old platform infos, label SoftwareSpec."
[DEBUG] FE(3205489,python):2025-06-19-16:18:22.396.852 [platform_infos_lite_impl.cpp:305]3205489 InitializeSingleNormal:"Cannot find key ddr_rate in old platform infos, label VectorCoreMemoryRates."
[DEBUG] FE(3205489,python):2025-06-19-16:18:22.396.853 [platform_infos_lite_impl.cpp:305]3205489 InitializeSingleNormal:"Cannot find key vec_freq in old platform infos, label VectorCoreSpec."
[DEBUG] FE(3205489,python):2025-06-19-16:18:22.396.887 [platform_info.cpp:855]3205489 AssemblePlatformInfoVector:"The platform info os soc version[Hi3796CV300CS] has been initialized."
[DEBUG] FE(3205489,python):2025-06-19-16:18:22.397.396 [platform_infos_lite_impl.cpp:305]3205489 InitializeSingleNormal:"Cannot find key CounterWorkspaceSize in old platform infos, label DSARandom."
[DEBUG] FE(3205489,python):2025-06-19-16:18:22.397.400 [platform_infos_lite_impl.cpp:305]3205489 InitializeSingleNormal:"Cannot find key jit_compile_mode in old platform infos, label SoftwareSpec."
[DEBUG] FE(3205489,python):2025-06-19-16:18:22.397.401 [platform_infos_lite_impl.cpp:305]3205489 InitializeSingleNormal:"Cannot find key ddr_rate in old platform infos, label VectorCoreMemoryRates."
[DEBUG] FE(3205489,python):2025-06-19-16:18:22.397.403 [platform_infos_lite_impl.cpp:305]3205489 InitializeSingleNormal:"Cannot find key vec_freq in old platform infos, label VectorCoreSpec."
[DEBUG] FE(3205489,python):2025-06-19-16:18:22.397.437 [platform_info.cpp:855]3205489 AssemblePlatformInfoVector:"The platform info os soc version[Hi3796CV300ES] has been initialized."
[DEBUG] FE(3205489,python):2025-06-19-16:18:22.397.968 [platform_infos_lite_impl.cpp:305]3205489 InitializeSingleNormal:"Cannot find key CounterWorkspaceSize in old platform infos, label DSARandom."
[DEBUG] FE(3205489,python):2025-06-19-16:18:22.397.972 [platform_infos_lite_impl.cpp:305]3205489 InitializeSingleNormal:"Cannot find key jit_compile_mode in old platform infos, label SoftwareSpec."
[DEBUG] FE(3205489,python):2025-06-19-16:18:22.397.973 [platform_infos_lite_impl.cpp:305]3205489 InitializeSingleNormal:"Cannot find key ddr_rate in old platform infos, label VectorCoreMemoryRates."
[DEBUG] FE(3205489,python):2025-06-19-16:18:22.397.975 [platform_infos_lite_impl.cpp:305]3205489 InitializeSingleNormal:"Cannot find key vec_freq in old platform infos, label VectorCoreSpec."
[DEBUG] FE(3205489,python):2025-06-19-16:18:22.398.009 [platform_info.cpp:855]3205489 AssemblePlatformInfoVector:"The platform info os soc version[SD3403] has been initialized."
[INFO] TBE(3205489,python):2025-06-19-16:18:22.594.750 [../../../../../../latest/python/site-packages/tbe/common/register/fusion_pass_mgr.py:59][decorator] Fusion pass[conv2d_data_rm_build_pass] of stage[InvokeStage.STAGE_BUILD] priority[Priority.NORMAL] has been registered.
[INFO] TBE(3205489,python):2025-06-19-16:18:22.594.913 [../../../../../../latest/python/site-packages/tbe/common/register/fusion_pass_mgr.py:114][decorator] Fusion pass[trans_shape_of_conv3d] of op type[Conv3D] op pattern[None] stage[InvokeStage.STAGE_BUILD] priority[Priority.NORMAL] has been registered.
[INFO] TBE(3205489,python):2025-06-19-16:18:22.594.951 [../../../../../../latest/python/site-packages/tbe/common/register/fusion_pass_mgr.py:59][decorator] Fusion pass[trans_shape_depthwise_conv2d] of stage[InvokeStage.STAGE_BUILD] priority[Priority.NORMAL] has been registered.
[INFO] TBE(3205489,python):2025-06-19-16:18:22.595.097 [../../../../../../latest/python/site-packages/tbe/common/register/fusion_pass_mgr.py:114][decorator] Fusion pass[trans_shape_for_elemwise] of op type[None] op pattern[ElemWise] stage[InvokeStage.STAGE_BUILD] priority[Priority.NORMAL] has been registered.
[INFO] TBE(3205489,python):2025-06-19-16:18:22.595.129 [../../../../../../latest/python/site-packages/tbe/common/register/fusion_pass_mgr.py:114][decorator] Fusion pass[trans_shape_for_broadcast] of op type[None] op pattern[Broadcast] stage[InvokeStage.STAGE_BUILD] priority[Priority.NORMAL] has been registered.
[INFO] TBE(3205489,python):2025-06-19-16:18:22.595.156 [../../../../../../latest/python/site-packages/tbe/common/register/fusion_pass_mgr.py:114][decorator] Fusion pass[trans_shape_of_biasadd] of op type[BiasAdd] op pattern[None] stage[InvokeStage.STAGE_BUILD] priority[Priority.NORMAL] has been registered.
[INFO] TBE(3205489,python):2025-06-19-16:18:22.595.181 [../../../../../../latest/python/site-packages/tbe/common/register/fusion_pass_mgr.py:114][decorator] Fusion pass[trans_shape_of_requant_s16] of op type[AscendRequantS16] op pattern[None] stage[InvokeStage.STAGE_BUILD] priority[Priority.NORMAL] has been registered.
[INFO] TBE(3205489,python):2025-06-19-16:18:22.595.206 [../../../../../../latest/python/site-packages/tbe/common/register/fusion_pass_mgr.py:114][decorator] Fusion pass[trans_shape_of_bninference] of op type[BNInferenceD] op pattern[None] stage[InvokeStage.STAGE_BUILD] priority[Priority.NORMAL] has been registered.
[INFO] TBE(3205489,python):2025-06-19-16:18:22.595.418 [../../../../../../latest/python/site-packages/tbe/common/register/fusion_pass_mgr.py:114][decorator] Fusion pass[trans_shape_fully_connection] of op type[FullyConnection] op pattern[None] stage[InvokeStage.STAGE_BUILD] priority[Priority.NORMAL] has been registered.
[INFO] TBE(3205489,python):2025-06-19-16:18:22.595.449 [../../../../../../latest/python/site-packages/tbe/common/register/fusion_pass_mgr.py:114][decorator] Fusion pass[trans_shape_fully_connection_compress] of op type[FullyConnectionCompress] op pattern[None] stage[InvokeStage.STAGE_BUILD] priority[Priority.NORMAL] has been registered.
[INFO] TBE(3205489,python):2025-06-19-16:18:22.595.593 [../../../../../../latest/python/site-packages/tbe/common/register/fusion_pass_mgr.py:114][decorator] Fusion pass[trans_matmul_bias_shape] of op type[MatMulV2] op pattern[None] stage[InvokeStage.STAGE_BUILD] priority[Priority.NORMAL] has been registered.
[INFO] TBE(3205489,python):2025-06-19-16:18:22.595.623 [../../../../../../latest/python/site-packages/tbe/common/register/fusion_pass_mgr.py:114][decorator] Fusion pass[trans_matmul_bias_shape] of op type[MatMul] op pattern[None] stage[InvokeStage.STAGE_BUILD] priority[Priority.NORMAL] has been registered.
[INFO] TBE(3205489,python):2025-06-19-16:18:22.595.649 [../../../../../../latest/python/site-packages/tbe/common/register/fusion_pass_mgr.py:114][decorator] Fusion pass[trans_matmulcompress_bias_shape] of op type[MatMulV2Compress] op pattern[None] stage[InvokeStage.STAGE_BUILD] priority[Priority.NORMAL] has been registered.
[INFO] TBE(3205489,python):2025-06-19-16:18:22.595.675 [../../../../../../latest/python/site-packages/tbe/common/register/fusion_pass_mgr.py:114][decorator] Fusion pass[trans_batch_matmul_shape] of op type[BatchMatMulV2] op pattern[None] stage[InvokeStage.STAGE_BUILD] priority[Priority.NORMAL] has been registered.
[INFO] TBE(3205489,python):2025-06-19-16:18:22.595.702 [../../../../../../latest/python/site-packages/tbe/common/register/fusion_pass_mgr.py:114][decorator] Fusion pass[trans_batch_matmul_shape] of op type[BatchMatMul] op pattern[None] stage[InvokeStage.STAGE_BUILD] priority[Priority.NORMAL] has been registered.
[INFO] TBE(3205489,python):2025-06-19-16:18:22.595.728 [../../../../../../latest/python/site-packages/tbe/common/register/fusion_pass_mgr.py:114][decorator] Fusion pass[trans_shape_transdata_fixpipe] of op type[None] op pattern[BatchMatmul] stage[InvokeStage.STAGE_BUILD] priority[Priority.NORMAL] has been registered.
[WARNING] TBE(3205489,python):2025-06-19-16:18:22.639.132 [../../../../../../latest/python/site-packages/te/platform/cce_policy.py:50][OpImplPolicy] te.platform.cce_policy.OpImplPolicy is deprecated, use te_fusion.fusion_util.OpImplPolicy instead.
[DEBUG] TBE(3205489,python):2025-06-19-16:18:22.922.534 [../../../../../../latest/python/site-packages/tbe/common/rl_bank/rl_op_filter.py:287][_is_tune_all_op] RL filter info: is_tune_all_op: False
[INFO] TBE(3205489,python):2025-06-19-16:18:23.002.770 [../../../../../../latest/python/site-packages/tbe/common/rl_bank/dynamic_op_filter.py:373][_need_to_tune_all_op] Auto search dynamic filter info: tune_all_op is False.
[INFO] TBE(3205489,python):2025-06-19-16:18:23.020.349 [../../../../../../latest/python/site-packages/tbe/common/repository_manager/utils/repository_manager_log.py:30][log] [../../../../../../latest/python/site-packages/tbe/common/repository_manager/utils/common.py:104][repository_manager] Daemon process start!ppid: 3204813
