[DEBUG] DRV(3205504,python):2025-06-19-16:18:22.145.859 [hdc_client.c:130][ascend][curpid:3205504,3205504][drv][hdc][drvHdcClientCreate]Create client success.
[DEBUG] FE(3205504,python):2025-06-19-16:18:22.451.272 [platform_infos_lite_impl.cpp:305]3205504 InitializeSingleNormal:"Cannot find key CounterWorkspaceSize in old platform infos, label DSARandom."
[DEBUG] FE(3205504,python):2025-06-19-16:18:22.451.283 [platform_infos_lite_impl.cpp:305]3205504 InitializeSingleNormal:"Cannot find key jit_compile_mode in old platform infos, label SoftwareSpec."
[DEBUG] FE(3205504,python):2025-06-19-16:18:22.451.369 [platform_info.cpp:855]3205504 AssemblePlatformInfoVector:"The platform info os soc version[Ascend031] has been initialized."
[DEBUG] FE(3205504,python):2025-06-19-16:18:22.451.781 [platform_infos_lite_impl.cpp:305]3205504 InitializeSingleNormal:"Cannot find key ddr_rate in old platform infos, label AICoreMemoryRates."
[DEBUG] FE(3205504,python):2025-06-19-16:18:22.451.788 [platform_infos_lite_impl.cpp:305]3205504 InitializeSingleNormal:"Cannot find key CounterWorkspaceSize in old platform infos, label DSARandom."
[DEBUG] FE(3205504,python):2025-06-19-16:18:22.451.792 [platform_infos_lite_impl.cpp:305]3205504 InitializeSingleNormal:"Cannot find key jit_compile_mode in old platform infos, label SoftwareSpec."
[DEBUG] FE(3205504,python):2025-06-19-16:18:22.451.794 [platform_infos_lite_impl.cpp:305]3205504 InitializeSingleNormal:"Cannot find key ddr_rate in old platform infos, label VectorCoreMemoryRates."
[DEBUG] FE(3205504,python):2025-06-19-16:18:22.451.795 [platform_infos_lite_impl.cpp:305]3205504 InitializeSingleNormal:"Cannot find key vec_freq in old platform infos, label VectorCoreSpec."
[DEBUG] FE(3205504,python):2025-06-19-16:18:22.451.812 [platform_info.cpp:855]3205504 AssemblePlatformInfoVector:"The platform info os soc version[Ascend035] has been initialized."
[DEBUG] FE(3205504,python):2025-06-19-16:18:22.452.192 [platform_infos_lite_impl.cpp:305]3205504 InitializeSingleNormal:"Cannot find key ddr_rate in old platform infos, label AICoreMemoryRates."
[DEBUG] FE(3205504,python):2025-06-19-16:18:22.452.198 [platform_infos_lite_impl.cpp:305]3205504 InitializeSingleNormal:"Cannot find key CounterWorkspaceSize in old platform infos, label DSARandom."
[DEBUG] FE(3205504,python):2025-06-19-16:18:22.452.202 [platform_infos_lite_impl.cpp:305]3205504 InitializeSingleNormal:"Cannot find key jit_compile_mode in old platform infos, label SoftwareSpec."
[DEBUG] FE(3205504,python):2025-06-19-16:18:22.452.203 [platform_infos_lite_impl.cpp:305]3205504 InitializeSingleNormal:"Cannot find key ddr_rate in old platform infos, label VectorCoreMemoryRates."
[DEBUG] FE(3205504,python):2025-06-19-16:18:22.452.205 [platform_infos_lite_impl.cpp:305]3205504 InitializeSingleNormal:"Cannot find key vec_freq in old platform infos, label VectorCoreSpec."
[DEBUG] FE(3205504,python):2025-06-19-16:18:22.452.223 [platform_info.cpp:855]3205504 AssemblePlatformInfoVector:"The platform info os soc version[Ascend035A] has been initialized."
[DEBUG] FE(3205504,python):2025-06-19-16:18:22.452.600 [platform_infos_lite_impl.cpp:305]3205504 InitializeSingleNormal:"Cannot find key ddr_rate in old platform infos, label AICoreMemoryRates."
[DEBUG] FE(3205504,python):2025-06-19-16:18:22.452.606 [platform_infos_lite_impl.cpp:305]3205504 InitializeSingleNormal:"Cannot find key CounterWorkspaceSize in old platform infos, label DSARandom."
[DEBUG] FE(3205504,python):2025-06-19-16:18:22.452.609 [platform_infos_lite_impl.cpp:305]3205504 InitializeSingleNormal:"Cannot find key jit_compile_mode in old platform infos, label SoftwareSpec."
[DEBUG] FE(3205504,python):2025-06-19-16:18:22.452.611 [platform_infos_lite_impl.cpp:305]3205504 InitializeSingleNormal:"Cannot find key ddr_rate in old platform infos, label VectorCoreMemoryRates."
[DEBUG] FE(3205504,python):2025-06-19-16:18:22.452.613 [platform_infos_lite_impl.cpp:305]3205504 InitializeSingleNormal:"Cannot find key vec_freq in old platform infos, label VectorCoreSpec."
[DEBUG] FE(3205504,python):2025-06-19-16:18:22.452.630 [platform_info.cpp:855]3205504 AssemblePlatformInfoVector:"The platform info os soc version[Ascend035B] has been initialized."
[DEBUG] FE(3205504,python):2025-06-19-16:18:22.453.079 [platform_infos_lite_impl.cpp:305]3205504 InitializeSingleNormal:"Cannot find key CounterWorkspaceSize in old platform infos, label DSARandom."
[DEBUG] FE(3205504,python):2025-06-19-16:18:22.453.084 [platform_infos_lite_impl.cpp:305]3205504 InitializeSingleNormal:"Cannot find key jit_compile_mode in old platform infos, label SoftwareSpec."
[DEBUG] FE(3205504,python):2025-06-19-16:18:22.453.086 [platform_infos_lite_impl.cpp:305]3205504 InitializeSingleNormal:"Cannot find key ddr_rate in old platform infos, label VectorCoreMemoryRates."
[DEBUG] FE(3205504,python):2025-06-19-16:18:22.453.088 [platform_infos_lite_impl.cpp:305]3205504 InitializeSingleNormal:"Cannot find key vec_freq in old platform infos, label VectorCoreSpec."
[DEBUG] FE(3205504,python):2025-06-19-16:18:22.453.129 [platform_info.cpp:855]3205504 AssemblePlatformInfoVector:"The platform info os soc version[Ascend310] has been initialized."
[DEBUG] FE(3205504,python):2025-06-19-16:18:22.455.402 [platform_infos_lite_impl.cpp:305]3205504 InitializeSingleNormal:"Cannot find key CounterWorkspaceSize in old platform infos, label DSARandom."
[DEBUG] FE(3205504,python):2025-06-19-16:18:22.455.409 [platform_infos_lite_impl.cpp:305]3205504 InitializeSingleNormal:"Cannot find key jit_compile_mode in old platform infos, label SoftwareSpec."
[DEBUG] FE(3205504,python):2025-06-19-16:18:22.455.511 [platform_info.cpp:855]3205504 AssemblePlatformInfoVector:"The platform info os soc version[Ascend310B1] has been initialized."
[DEBUG] FE(3205504,python):2025-06-19-16:18:22.457.795 [platform_infos_lite_impl.cpp:305]3205504 InitializeSingleNormal:"Cannot find key CounterWorkspaceSize in old platform infos, label DSARandom."
[DEBUG] FE(3205504,python):2025-06-19-16:18:22.457.801 [platform_infos_lite_impl.cpp:305]3205504 InitializeSingleNormal:"Cannot find key jit_compile_mode in old platform infos, label SoftwareSpec."
[DEBUG] FE(3205504,python):2025-06-19-16:18:22.457.903 [platform_info.cpp:855]3205504 AssemblePlatformInfoVector:"The platform info os soc version[Ascend310B2] has been initialized."
[DEBUG] FE(3205504,python):2025-06-19-16:18:22.460.237 [platform_infos_lite_impl.cpp:305]3205504 InitializeSingleNormal:"Cannot find key CounterWorkspaceSize in old platform infos, label DSARandom."
[DEBUG] FE(3205504,python):2025-06-19-16:18:22.460.243 [platform_infos_lite_impl.cpp:305]3205504 InitializeSingleNormal:"Cannot find key jit_compile_mode in old platform infos, label SoftwareSpec."
[DEBUG] FE(3205504,python):2025-06-19-16:18:22.460.343 [platform_info.cpp:855]3205504 AssemblePlatformInfoVector:"The platform info os soc version[Ascend310B3] has been initialized."
[DEBUG] FE(3205504,python):2025-06-19-16:18:22.462.612 [platform_infos_lite_impl.cpp:305]3205504 InitializeSingleNormal:"Cannot find key CounterWorkspaceSize in old platform infos, label DSARandom."
[DEBUG] FE(3205504,python):2025-06-19-16:18:22.462.618 [platform_infos_lite_impl.cpp:305]3205504 InitializeSingleNormal:"Cannot find key jit_compile_mode in old platform infos, label SoftwareSpec."
[DEBUG] FE(3205504,python):2025-06-19-16:18:22.462.721 [platform_info.cpp:855]3205504 AssemblePlatformInfoVector:"The platform info os soc version[Ascend310B4] has been initialized."
[DEBUG] FE(3205504,python):2025-06-19-16:18:22.465.017 [platform_infos_lite_impl.cpp:305]3205504 InitializeSingleNormal:"Cannot find key CounterWorkspaceSize in old platform infos, label DSARandom."
[DEBUG] FE(3205504,python):2025-06-19-16:18:22.465.022 [platform_infos_lite_impl.cpp:305]3205504 InitializeSingleNormal:"Cannot find key jit_compile_mode in old platform infos, label SoftwareSpec."
[DEBUG] FE(3205504,python):2025-06-19-16:18:22.465.126 [platform_info.cpp:855]3205504 AssemblePlatformInfoVector:"The platform info os soc version[AS31XM1X] has been initialized."
[DEBUG] FE(3205504,python):2025-06-19-16:18:22.466.280 [platform_infos_lite_impl.cpp:305]3205504 InitializeSingleNormal:"Cannot find key CounterWorkspaceSize in old platform infos, label DSARandom."
[DEBUG] FE(3205504,python):2025-06-19-16:18:22.466.285 [platform_infos_lite_impl.cpp:305]3205504 InitializeSingleNormal:"Cannot find key jit_compile_mode in old platform infos, label SoftwareSpec."
[DEBUG] FE(3205504,python):2025-06-19-16:18:22.466.352 [platform_info.cpp:855]3205504 AssemblePlatformInfoVector:"The platform info os soc version[Ascend610] has been initialized."
[DEBUG] FE(3205504,python):2025-06-19-16:18:22.467.645 [platform_infos_lite_impl.cpp:305]3205504 InitializeSingleNormal:"Cannot find key CounterWorkspaceSize in old platform infos, label DSARandom."
[DEBUG] FE(3205504,python):2025-06-19-16:18:22.467.651 [platform_infos_lite_impl.cpp:305]3205504 InitializeSingleNormal:"Cannot find key jit_compile_mode in old platform infos, label SoftwareSpec."
[DEBUG] FE(3205504,python):2025-06-19-16:18:22.467.653 [platform_infos_lite_impl.cpp:305]3205504 InitializeSingleNormal:"Cannot find key ddr_rate in old platform infos, label VectorCoreMemoryRates."
[DEBUG] FE(3205504,python):2025-06-19-16:18:22.467.655 [platform_infos_lite_impl.cpp:305]3205504 InitializeSingleNormal:"Cannot find key vec_freq in old platform infos, label VectorCoreSpec."
[DEBUG] FE(3205504,python):2025-06-19-16:18:22.467.713 [platform_info.cpp:855]3205504 AssemblePlatformInfoVector:"The platform info os soc version[Ascend610Lite] has been initialized."
[DEBUG] FE(3205504,python):2025-06-19-16:18:22.468.983 [platform_infos_lite_impl.cpp:305]3205504 InitializeSingleNormal:"Cannot find key CounterWorkspaceSize in old platform infos, label DSARandom."
[DEBUG] FE(3205504,python):2025-06-19-16:18:22.468.988 [platform_infos_lite_impl.cpp:305]3205504 InitializeSingleNormal:"Cannot find key jit_compile_mode in old platform infos, label SoftwareSpec."
[DEBUG] FE(3205504,python):2025-06-19-16:18:22.468.990 [platform_infos_lite_impl.cpp:305]3205504 InitializeSingleNormal:"Cannot find key ddr_rate in old platform infos, label VectorCoreMemoryRates."
[DEBUG] FE(3205504,python):2025-06-19-16:18:22.468.991 [platform_infos_lite_impl.cpp:305]3205504 InitializeSingleNormal:"Cannot find key vec_freq in old platform infos, label VectorCoreSpec."
[DEBUG] FE(3205504,python):2025-06-19-16:18:22.469.048 [platform_info.cpp:855]3205504 AssemblePlatformInfoVector:"The platform info os soc version[BS9SX2AA] has been initialized."
[DEBUG] FE(3205504,python):2025-06-19-16:18:22.470.315 [platform_infos_lite_impl.cpp:305]3205504 InitializeSingleNormal:"Cannot find key CounterWorkspaceSize in old platform infos, label DSARandom."
[DEBUG] FE(3205504,python):2025-06-19-16:18:22.470.319 [platform_infos_lite_impl.cpp:305]3205504 InitializeSingleNormal:"Cannot find key jit_compile_mode in old platform infos, label SoftwareSpec."
[DEBUG] FE(3205504,python):2025-06-19-16:18:22.470.321 [platform_infos_lite_impl.cpp:305]3205504 InitializeSingleNormal:"Cannot find key ddr_rate in old platform infos, label VectorCoreMemoryRates."
[DEBUG] FE(3205504,python):2025-06-19-16:18:22.470.323 [platform_infos_lite_impl.cpp:305]3205504 InitializeSingleNormal:"Cannot find key vec_freq in old platform infos, label VectorCoreSpec."
[DEBUG] FE(3205504,python):2025-06-19-16:18:22.470.385 [platform_info.cpp:855]3205504 AssemblePlatformInfoVector:"The platform info os soc version[BS9SX2AB] has been initialized."
[DEBUG] FE(3205504,python):2025-06-19-16:18:22.471.662 [platform_infos_lite_impl.cpp:305]3205504 InitializeSingleNormal:"Cannot find key CounterWorkspaceSize in old platform infos, label DSARandom."
[DEBUG] FE(3205504,python):2025-06-19-16:18:22.471.666 [platform_infos_lite_impl.cpp:305]3205504 InitializeSingleNormal:"Cannot find key jit_compile_mode in old platform infos, label SoftwareSpec."
[DEBUG] FE(3205504,python):2025-06-19-16:18:22.471.668 [platform_infos_lite_impl.cpp:305]3205504 InitializeSingleNormal:"Cannot find key ddr_rate in old platform infos, label VectorCoreMemoryRates."
[DEBUG] FE(3205504,python):2025-06-19-16:18:22.471.669 [platform_infos_lite_impl.cpp:305]3205504 InitializeSingleNormal:"Cannot find key vec_freq in old platform infos, label VectorCoreSpec."
[DEBUG] FE(3205504,python):2025-06-19-16:18:22.471.726 [platform_info.cpp:855]3205504 AssemblePlatformInfoVector:"The platform info os soc version[MC61AM21AA] has been initialized."
[DEBUG] FE(3205504,python):2025-06-19-16:18:22.473.004 [platform_infos_lite_impl.cpp:305]3205504 InitializeSingleNormal:"Cannot find key CounterWorkspaceSize in old platform infos, label DSARandom."
[DEBUG] FE(3205504,python):2025-06-19-16:18:22.473.009 [platform_infos_lite_impl.cpp:305]3205504 InitializeSingleNormal:"Cannot find key jit_compile_mode in old platform infos, label SoftwareSpec."
[DEBUG] FE(3205504,python):2025-06-19-16:18:22.473.010 [platform_infos_lite_impl.cpp:305]3205504 InitializeSingleNormal:"Cannot find key ddr_rate in old platform infos, label VectorCoreMemoryRates."
[DEBUG] FE(3205504,python):2025-06-19-16:18:22.473.012 [platform_infos_lite_impl.cpp:305]3205504 InitializeSingleNormal:"Cannot find key vec_freq in old platform infos, label VectorCoreSpec."
[DEBUG] FE(3205504,python):2025-06-19-16:18:22.473.068 [platform_info.cpp:855]3205504 AssemblePlatformInfoVector:"The platform info os soc version[MC61AM21AB] has been initialized."
[DEBUG] FE(3205504,python):2025-06-19-16:18:22.474.564 [platform_infos_lite_impl.cpp:305]3205504 InitializeSingleNormal:"Cannot find key CounterWorkspaceSize in old platform infos, label DSARandom."
[DEBUG] FE(3205504,python):2025-06-19-16:18:22.474.569 [platform_infos_lite_impl.cpp:305]3205504 InitializeSingleNormal:"Cannot find key jit_compile_mode in old platform infos, label SoftwareSpec."
[DEBUG] FE(3205504,python):2025-06-19-16:18:22.474.647 [platform_info.cpp:855]3205504 AssemblePlatformInfoVector:"The platform info os soc version[BS9SX1AA] has been initialized."
[DEBUG] FE(3205504,python):2025-06-19-16:18:22.476.128 [platform_infos_lite_impl.cpp:305]3205504 InitializeSingleNormal:"Cannot find key CounterWorkspaceSize in old platform infos, label DSARandom."
[DEBUG] FE(3205504,python):2025-06-19-16:18:22.476.133 [platform_infos_lite_impl.cpp:305]3205504 InitializeSingleNormal:"Cannot find key jit_compile_mode in old platform infos, label SoftwareSpec."
[DEBUG] FE(3205504,python):2025-06-19-16:18:22.476.210 [platform_info.cpp:855]3205504 AssemblePlatformInfoVector:"The platform info os soc version[BS9SX1AB] has been initialized."
[DEBUG] FE(3205504,python):2025-06-19-16:18:22.477.685 [platform_infos_lite_impl.cpp:305]3205504 InitializeSingleNormal:"Cannot find key CounterWorkspaceSize in old platform infos, label DSARandom."
[DEBUG] FE(3205504,python):2025-06-19-16:18:22.477.690 [platform_infos_lite_impl.cpp:305]3205504 InitializeSingleNormal:"Cannot find key jit_compile_mode in old platform infos, label SoftwareSpec."
[DEBUG] FE(3205504,python):2025-06-19-16:18:22.477.766 [platform_info.cpp:855]3205504 AssemblePlatformInfoVector:"The platform info os soc version[BS9SX1AC] has been initialized."
[DEBUG] FE(3205504,python):2025-06-19-16:18:22.478.929 [platform_infos_lite_impl.cpp:305]3205504 InitializeSingleNormal:"Cannot find key CounterWorkspaceSize in old platform infos, label DSARandom."
[DEBUG] FE(3205504,python):2025-06-19-16:18:22.478.934 [platform_infos_lite_impl.cpp:305]3205504 InitializeSingleNormal:"Cannot find key jit_compile_mode in old platform infos, label SoftwareSpec."
[DEBUG] FE(3205504,python):2025-06-19-16:18:22.478.998 [platform_info.cpp:855]3205504 AssemblePlatformInfoVector:"The platform info os soc version[Ascend310P3] has been initialized."
[DEBUG] FE(3205504,python):2025-06-19-16:18:22.480.132 [platform_infos_lite_impl.cpp:305]3205504 InitializeSingleNormal:"Cannot find key CounterWorkspaceSize in old platform infos, label DSARandom."
[DEBUG] FE(3205504,python):2025-06-19-16:18:22.480.137 [platform_infos_lite_impl.cpp:305]3205504 InitializeSingleNormal:"Cannot find key jit_compile_mode in old platform infos, label SoftwareSpec."
[DEBUG] FE(3205504,python):2025-06-19-16:18:22.480.201 [platform_info.cpp:855]3205504 AssemblePlatformInfoVector:"The platform info os soc version[Ascend310P1] has been initialized."
[DEBUG] FE(3205504,python):2025-06-19-16:18:22.480.722 [platform_infos_lite_impl.cpp:305]3205504 InitializeSingleNormal:"Cannot find key CounterWorkspaceSize in old platform infos, label DSARandom."
[DEBUG] FE(3205504,python):2025-06-19-16:18:22.480.727 [platform_infos_lite_impl.cpp:305]3205504 InitializeSingleNormal:"Cannot find key jit_compile_mode in old platform infos, label SoftwareSpec."
[DEBUG] FE(3205504,python):2025-06-19-16:18:22.480.729 [platform_infos_lite_impl.cpp:305]3205504 InitializeSingleNormal:"Cannot find key ddr_rate in old platform infos, label VectorCoreMemoryRates."
[DEBUG] FE(3205504,python):2025-06-19-16:18:22.480.730 [platform_infos_lite_impl.cpp:305]3205504 InitializeSingleNormal:"Cannot find key vec_freq in old platform infos, label VectorCoreSpec."
[DEBUG] FE(3205504,python):2025-06-19-16:18:22.480.763 [platform_info.cpp:855]3205504 AssemblePlatformInfoVector:"The platform info os soc version[Ascend910A] has been initialized."
[DEBUG] FE(3205504,python):2025-06-19-16:18:22.481.258 [platform_infos_lite_impl.cpp:305]3205504 InitializeSingleNormal:"Cannot find key CounterWorkspaceSize in old platform infos, label DSARandom."
[DEBUG] FE(3205504,python):2025-06-19-16:18:22.481.263 [platform_infos_lite_impl.cpp:305]3205504 InitializeSingleNormal:"Cannot find key jit_compile_mode in old platform infos, label SoftwareSpec."
[DEBUG] FE(3205504,python):2025-06-19-16:18:22.481.264 [platform_infos_lite_impl.cpp:305]3205504 InitializeSingleNormal:"Cannot find key ddr_rate in old platform infos, label VectorCoreMemoryRates."
[DEBUG] FE(3205504,python):2025-06-19-16:18:22.481.266 [platform_infos_lite_impl.cpp:305]3205504 InitializeSingleNormal:"Cannot find key vec_freq in old platform infos, label VectorCoreSpec."
[DEBUG] FE(3205504,python):2025-06-19-16:18:22.481.296 [platform_info.cpp:855]3205504 AssemblePlatformInfoVector:"The platform info os soc version[Ascend910B] has been initialized."
[DEBUG] FE(3205504,python):2025-06-19-16:18:22.481.799 [platform_infos_lite_impl.cpp:305]3205504 InitializeSingleNormal:"Cannot find key CounterWorkspaceSize in old platform infos, label DSARandom."
[DEBUG] FE(3205504,python):2025-06-19-16:18:22.481.804 [platform_infos_lite_impl.cpp:305]3205504 InitializeSingleNormal:"Cannot find key jit_compile_mode in old platform infos, label SoftwareSpec."
[DEBUG] FE(3205504,python):2025-06-19-16:18:22.481.806 [platform_infos_lite_impl.cpp:305]3205504 InitializeSingleNormal:"Cannot find key ddr_rate in old platform infos, label VectorCoreMemoryRates."
[DEBUG] FE(3205504,python):2025-06-19-16:18:22.481.808 [platform_infos_lite_impl.cpp:305]3205504 InitializeSingleNormal:"Cannot find key vec_freq in old platform infos, label VectorCoreSpec."
[DEBUG] FE(3205504,python):2025-06-19-16:18:22.481.838 [platform_info.cpp:855]3205504 AssemblePlatformInfoVector:"The platform info os soc version[Ascend910PremiumA] has been initialized."
[DEBUG] FE(3205504,python):2025-06-19-16:18:22.482.328 [platform_infos_lite_impl.cpp:305]3205504 InitializeSingleNormal:"Cannot find key CounterWorkspaceSize in old platform infos, label DSARandom."
[DEBUG] FE(3205504,python):2025-06-19-16:18:22.482.333 [platform_infos_lite_impl.cpp:305]3205504 InitializeSingleNormal:"Cannot find key jit_compile_mode in old platform infos, label SoftwareSpec."
[DEBUG] FE(3205504,python):2025-06-19-16:18:22.482.335 [platform_infos_lite_impl.cpp:305]3205504 InitializeSingleNormal:"Cannot find key ddr_rate in old platform infos, label VectorCoreMemoryRates."
[DEBUG] FE(3205504,python):2025-06-19-16:18:22.482.336 [platform_infos_lite_impl.cpp:305]3205504 InitializeSingleNormal:"Cannot find key vec_freq in old platform infos, label VectorCoreSpec."
[DEBUG] FE(3205504,python):2025-06-19-16:18:22.482.370 [platform_info.cpp:855]3205504 AssemblePlatformInfoVector:"The platform info os soc version[Ascend910ProA] has been initialized."
[DEBUG] FE(3205504,python):2025-06-19-16:18:22.482.855 [platform_infos_lite_impl.cpp:305]3205504 InitializeSingleNormal:"Cannot find key CounterWorkspaceSize in old platform infos, label DSARandom."
[DEBUG] FE(3205504,python):2025-06-19-16:18:22.482.860 [platform_infos_lite_impl.cpp:305]3205504 InitializeSingleNormal:"Cannot find key jit_compile_mode in old platform infos, label SoftwareSpec."
[DEBUG] FE(3205504,python):2025-06-19-16:18:22.482.861 [platform_infos_lite_impl.cpp:305]3205504 InitializeSingleNormal:"Cannot find key ddr_rate in old platform infos, label VectorCoreMemoryRates."
[DEBUG] FE(3205504,python):2025-06-19-16:18:22.482.863 [platform_infos_lite_impl.cpp:305]3205504 InitializeSingleNormal:"Cannot find key vec_freq in old platform infos, label VectorCoreSpec."
[DEBUG] FE(3205504,python):2025-06-19-16:18:22.482.895 [platform_info.cpp:855]3205504 AssemblePlatformInfoVector:"The platform info os soc version[Ascend910ProB] has been initialized."
[DEBUG] FE(3205504,python):2025-06-19-16:18:22.483.869 [platform_infos_lite_impl.cpp:305]3205504 InitializeSingleNormal:"Cannot find key jit_compile_default_value in old platform infos, label SoftwareSpec."
[DEBUG] FE(3205504,python):2025-06-19-16:18:22.483.871 [platform_infos_lite_impl.cpp:305]3205504 InitializeSingleNormal:"Cannot find key jit_compile_mode in old platform infos, label SoftwareSpec."
[DEBUG] FE(3205504,python):2025-06-19-16:18:22.483.873 [platform_infos_lite_impl.cpp:305]3205504 InitializeSingleNormal:"Cannot find key ddr_rate in old platform infos, label VectorCoreMemoryRates."
[DEBUG] FE(3205504,python):2025-06-19-16:18:22.483.875 [platform_infos_lite_impl.cpp:305]3205504 InitializeSingleNormal:"Cannot find key vec_freq in old platform infos, label VectorCoreSpec."
[DEBUG] FE(3205504,python):2025-06-19-16:18:22.483.932 [platform_info.cpp:855]3205504 AssemblePlatformInfoVector:"The platform info os soc version[Ascend910B1] has been initialized."
[DEBUG] FE(3205504,python):2025-06-19-16:18:22.484.920 [platform_infos_lite_impl.cpp:305]3205504 InitializeSingleNormal:"Cannot find key jit_compile_default_value in old platform infos, label SoftwareSpec."
[DEBUG] FE(3205504,python):2025-06-19-16:18:22.484.921 [platform_infos_lite_impl.cpp:305]3205504 InitializeSingleNormal:"Cannot find key jit_compile_mode in old platform infos, label SoftwareSpec."
[DEBUG] FE(3205504,python):2025-06-19-16:18:22.484.923 [platform_infos_lite_impl.cpp:305]3205504 InitializeSingleNormal:"Cannot find key ddr_rate in old platform infos, label VectorCoreMemoryRates."
[DEBUG] FE(3205504,python):2025-06-19-16:18:22.484.925 [platform_infos_lite_impl.cpp:305]3205504 InitializeSingleNormal:"Cannot find key vec_freq in old platform infos, label VectorCoreSpec."
[DEBUG] FE(3205504,python):2025-06-19-16:18:22.484.987 [platform_info.cpp:855]3205504 AssemblePlatformInfoVector:"The platform info os soc version[Ascend910B2] has been initialized."
[DEBUG] FE(3205504,python):2025-06-19-16:18:22.485.953 [platform_infos_lite_impl.cpp:305]3205504 InitializeSingleNormal:"Cannot find key jit_compile_default_value in old platform infos, label SoftwareSpec."
[DEBUG] FE(3205504,python):2025-06-19-16:18:22.485.955 [platform_infos_lite_impl.cpp:305]3205504 InitializeSingleNormal:"Cannot find key jit_compile_mode in old platform infos, label SoftwareSpec."
[DEBUG] FE(3205504,python):2025-06-19-16:18:22.485.957 [platform_infos_lite_impl.cpp:305]3205504 InitializeSingleNormal:"Cannot find key ddr_rate in old platform infos, label VectorCoreMemoryRates."
[DEBUG] FE(3205504,python):2025-06-19-16:18:22.485.958 [platform_infos_lite_impl.cpp:305]3205504 InitializeSingleNormal:"Cannot find key vec_freq in old platform infos, label VectorCoreSpec."
[DEBUG] FE(3205504,python):2025-06-19-16:18:22.486.013 [platform_info.cpp:855]3205504 AssemblePlatformInfoVector:"The platform info os soc version[Ascend910B3] has been initialized."
[DEBUG] FE(3205504,python):2025-06-19-16:18:22.486.969 [platform_infos_lite_impl.cpp:305]3205504 InitializeSingleNormal:"Cannot find key jit_compile_default_value in old platform infos, label SoftwareSpec."
[DEBUG] FE(3205504,python):2025-06-19-16:18:22.486.971 [platform_infos_lite_impl.cpp:305]3205504 InitializeSingleNormal:"Cannot find key jit_compile_mode in old platform infos, label SoftwareSpec."
[DEBUG] FE(3205504,python):2025-06-19-16:18:22.486.973 [platform_infos_lite_impl.cpp:305]3205504 InitializeSingleNormal:"Cannot find key ddr_rate in old platform infos, label VectorCoreMemoryRates."
[DEBUG] FE(3205504,python):2025-06-19-16:18:22.486.974 [platform_infos_lite_impl.cpp:305]3205504 InitializeSingleNormal:"Cannot find key vec_freq in old platform infos, label VectorCoreSpec."
[DEBUG] FE(3205504,python):2025-06-19-16:18:22.487.032 [platform_info.cpp:855]3205504 AssemblePlatformInfoVector:"The platform info os soc version[Ascend910B4] has been initialized."
[DEBUG] FE(3205504,python):2025-06-19-16:18:22.487.986 [platform_infos_lite_impl.cpp:305]3205504 InitializeSingleNormal:"Cannot find key jit_compile_default_value in old platform infos, label SoftwareSpec."
[DEBUG] FE(3205504,python):2025-06-19-16:18:22.487.989 [platform_infos_lite_impl.cpp:305]3205504 InitializeSingleNormal:"Cannot find key jit_compile_mode in old platform infos, label SoftwareSpec."
[DEBUG] FE(3205504,python):2025-06-19-16:18:22.487.990 [platform_infos_lite_impl.cpp:305]3205504 InitializeSingleNormal:"Cannot find key ddr_rate in old platform infos, label VectorCoreMemoryRates."
[DEBUG] FE(3205504,python):2025-06-19-16:18:22.487.992 [platform_infos_lite_impl.cpp:305]3205504 InitializeSingleNormal:"Cannot find key vec_freq in old platform infos, label VectorCoreSpec."
[DEBUG] FE(3205504,python):2025-06-19-16:18:22.488.049 [platform_info.cpp:855]3205504 AssemblePlatformInfoVector:"The platform info os soc version[Ascend910B4-1] has been initialized."
[WARNING] FE(3205504,python):2025-06-19-16:18:22.488.993 [platform_info.cpp:853]3205504 AssemblePlatformInfoVector:"Can not find soc info enum by Ascend910_9361."
[DEBUG] FE(3205504,python):2025-06-19-16:18:22.488.994 [platform_info.cpp:855]3205504 AssemblePlatformInfoVector:"The platform info os soc version[Ascend910_9361] has been initialized."
[DEBUG] FE(3205504,python):2025-06-19-16:18:22.489.940 [platform_infos_lite_impl.cpp:305]3205504 InitializeSingleNormal:"Cannot find key jit_compile_default_value in old platform infos, label SoftwareSpec."
[DEBUG] FE(3205504,python):2025-06-19-16:18:22.489.942 [platform_infos_lite_impl.cpp:305]3205504 InitializeSingleNormal:"Cannot find key jit_compile_mode in old platform infos, label SoftwareSpec."
[DEBUG] FE(3205504,python):2025-06-19-16:18:22.489.944 [platform_infos_lite_impl.cpp:305]3205504 InitializeSingleNormal:"Cannot find key ddr_rate in old platform infos, label VectorCoreMemoryRates."
[DEBUG] FE(3205504,python):2025-06-19-16:18:22.489.946 [platform_infos_lite_impl.cpp:305]3205504 InitializeSingleNormal:"Cannot find key vec_freq in old platform infos, label VectorCoreSpec."
[DEBUG] FE(3205504,python):2025-06-19-16:18:22.490.004 [platform_info.cpp:855]3205504 AssemblePlatformInfoVector:"The platform info os soc version[Ascend910_9372] has been initialized."
[DEBUG] FE(3205504,python):2025-06-19-16:18:22.490.959 [platform_infos_lite_impl.cpp:305]3205504 InitializeSingleNormal:"Cannot find key jit_compile_default_value in old platform infos, label SoftwareSpec."
[DEBUG] FE(3205504,python):2025-06-19-16:18:22.490.961 [platform_infos_lite_impl.cpp:305]3205504 InitializeSingleNormal:"Cannot find key jit_compile_mode in old platform infos, label SoftwareSpec."
[DEBUG] FE(3205504,python):2025-06-19-16:18:22.490.963 [platform_infos_lite_impl.cpp:305]3205504 InitializeSingleNormal:"Cannot find key ddr_rate in old platform infos, label VectorCoreMemoryRates."
[DEBUG] FE(3205504,python):2025-06-19-16:18:22.490.965 [platform_infos_lite_impl.cpp:305]3205504 InitializeSingleNormal:"Cannot find key vec_freq in old platform infos, label VectorCoreSpec."
[DEBUG] FE(3205504,python):2025-06-19-16:18:22.491.021 [platform_info.cpp:855]3205504 AssemblePlatformInfoVector:"The platform info os soc version[Ascend910_9381] has been initialized."
[WARNING] FE(3205504,python):2025-06-19-16:18:22.491.967 [platform_info.cpp:853]3205504 AssemblePlatformInfoVector:"Can not find soc info enum by Ascend910_9382."
[DEBUG] FE(3205504,python):2025-06-19-16:18:22.491.968 [platform_info.cpp:855]3205504 AssemblePlatformInfoVector:"The platform info os soc version[Ascend910_9382] has been initialized."
[DEBUG] FE(3205504,python):2025-06-19-16:18:22.492.928 [platform_infos_lite_impl.cpp:305]3205504 InitializeSingleNormal:"Cannot find key jit_compile_default_value in old platform infos, label SoftwareSpec."
[DEBUG] FE(3205504,python):2025-06-19-16:18:22.492.929 [platform_infos_lite_impl.cpp:305]3205504 InitializeSingleNormal:"Cannot find key jit_compile_mode in old platform infos, label SoftwareSpec."
[DEBUG] FE(3205504,python):2025-06-19-16:18:22.492.931 [platform_infos_lite_impl.cpp:305]3205504 InitializeSingleNormal:"Cannot find key ddr_rate in old platform infos, label VectorCoreMemoryRates."
[DEBUG] FE(3205504,python):2025-06-19-16:18:22.492.933 [platform_infos_lite_impl.cpp:305]3205504 InitializeSingleNormal:"Cannot find key vec_freq in old platform infos, label VectorCoreSpec."
[DEBUG] FE(3205504,python):2025-06-19-16:18:22.492.990 [platform_info.cpp:855]3205504 AssemblePlatformInfoVector:"The platform info os soc version[Ascend910_9391] has been initialized."
[WARNING] FE(3205504,python):2025-06-19-16:18:22.493.921 [platform_info.cpp:853]3205504 AssemblePlatformInfoVector:"Can not find soc info enum by Ascend910_9392."
[DEBUG] FE(3205504,python):2025-06-19-16:18:22.493.922 [platform_info.cpp:855]3205504 AssemblePlatformInfoVector:"The platform info os soc version[Ascend910_9392] has been initialized."
[DEBUG] FE(3205504,python):2025-06-19-16:18:22.494.907 [platform_infos_lite_impl.cpp:305]3205504 InitializeSingleNormal:"Cannot find key jit_compile_default_value in old platform infos, label SoftwareSpec."
[DEBUG] FE(3205504,python):2025-06-19-16:18:22.494.909 [platform_infos_lite_impl.cpp:305]3205504 InitializeSingleNormal:"Cannot find key jit_compile_mode in old platform infos, label SoftwareSpec."
[DEBUG] FE(3205504,python):2025-06-19-16:18:22.494.910 [platform_infos_lite_impl.cpp:305]3205504 InitializeSingleNormal:"Cannot find key ddr_rate in old platform infos, label VectorCoreMemoryRates."
[DEBUG] FE(3205504,python):2025-06-19-16:18:22.494.912 [platform_infos_lite_impl.cpp:305]3205504 InitializeSingleNormal:"Cannot find key vec_freq in old platform infos, label VectorCoreSpec."
[DEBUG] FE(3205504,python):2025-06-19-16:18:22.494.970 [platform_info.cpp:855]3205504 AssemblePlatformInfoVector:"The platform info os soc version[Ascend910B2C] has been initialized."
[DEBUG] FE(3205504,python):2025-06-19-16:18:22.495.529 [platform_infos_lite_impl.cpp:305]3205504 InitializeSingleNormal:"Cannot find key CounterWorkspaceSize in old platform infos, label DSARandom."
[DEBUG] FE(3205504,python):2025-06-19-16:18:22.495.533 [platform_infos_lite_impl.cpp:305]3205504 InitializeSingleNormal:"Cannot find key jit_compile_mode in old platform infos, label SoftwareSpec."
[DEBUG] FE(3205504,python):2025-06-19-16:18:22.495.535 [platform_infos_lite_impl.cpp:305]3205504 InitializeSingleNormal:"Cannot find key ddr_rate in old platform infos, label VectorCoreMemoryRates."
[DEBUG] FE(3205504,python):2025-06-19-16:18:22.495.537 [platform_infos_lite_impl.cpp:305]3205504 InitializeSingleNormal:"Cannot find key vec_freq in old platform infos, label VectorCoreSpec."
[DEBUG] FE(3205504,python):2025-06-19-16:18:22.495.571 [platform_info.cpp:855]3205504 AssemblePlatformInfoVector:"The platform info os soc version[Hi3796CV300CS] has been initialized."
[DEBUG] FE(3205504,python):2025-06-19-16:18:22.496.081 [platform_infos_lite_impl.cpp:305]3205504 InitializeSingleNormal:"Cannot find key CounterWorkspaceSize in old platform infos, label DSARandom."
[DEBUG] FE(3205504,python):2025-06-19-16:18:22.496.085 [platform_infos_lite_impl.cpp:305]3205504 InitializeSingleNormal:"Cannot find key jit_compile_mode in old platform infos, label SoftwareSpec."
[DEBUG] FE(3205504,python):2025-06-19-16:18:22.496.087 [platform_infos_lite_impl.cpp:305]3205504 InitializeSingleNormal:"Cannot find key ddr_rate in old platform infos, label VectorCoreMemoryRates."
[DEBUG] FE(3205504,python):2025-06-19-16:18:22.496.088 [platform_infos_lite_impl.cpp:305]3205504 InitializeSingleNormal:"Cannot find key vec_freq in old platform infos, label VectorCoreSpec."
[DEBUG] FE(3205504,python):2025-06-19-16:18:22.496.122 [platform_info.cpp:855]3205504 AssemblePlatformInfoVector:"The platform info os soc version[Hi3796CV300ES] has been initialized."
[DEBUG] FE(3205504,python):2025-06-19-16:18:22.496.649 [platform_infos_lite_impl.cpp:305]3205504 InitializeSingleNormal:"Cannot find key CounterWorkspaceSize in old platform infos, label DSARandom."
[DEBUG] FE(3205504,python):2025-06-19-16:18:22.496.653 [platform_infos_lite_impl.cpp:305]3205504 InitializeSingleNormal:"Cannot find key jit_compile_mode in old platform infos, label SoftwareSpec."
[DEBUG] FE(3205504,python):2025-06-19-16:18:22.496.655 [platform_infos_lite_impl.cpp:305]3205504 InitializeSingleNormal:"Cannot find key ddr_rate in old platform infos, label VectorCoreMemoryRates."
[DEBUG] FE(3205504,python):2025-06-19-16:18:22.496.657 [platform_infos_lite_impl.cpp:305]3205504 InitializeSingleNormal:"Cannot find key vec_freq in old platform infos, label VectorCoreSpec."
[DEBUG] FE(3205504,python):2025-06-19-16:18:22.496.690 [platform_info.cpp:855]3205504 AssemblePlatformInfoVector:"The platform info os soc version[SD3403] has been initialized."
[INFO] TBE(3205504,python):2025-06-19-16:18:22.693.933 [../../../../../../latest/python/site-packages/tbe/common/register/fusion_pass_mgr.py:59][decorator] Fusion pass[conv2d_data_rm_build_pass] of stage[InvokeStage.STAGE_BUILD] priority[Priority.NORMAL] has been registered.
[INFO] TBE(3205504,python):2025-06-19-16:18:22.694.105 [../../../../../../latest/python/site-packages/tbe/common/register/fusion_pass_mgr.py:114][decorator] Fusion pass[trans_shape_of_conv3d] of op type[Conv3D] op pattern[None] stage[InvokeStage.STAGE_BUILD] priority[Priority.NORMAL] has been registered.
[INFO] TBE(3205504,python):2025-06-19-16:18:22.694.139 [../../../../../../latest/python/site-packages/tbe/common/register/fusion_pass_mgr.py:59][decorator] Fusion pass[trans_shape_depthwise_conv2d] of stage[InvokeStage.STAGE_BUILD] priority[Priority.NORMAL] has been registered.
[INFO] TBE(3205504,python):2025-06-19-16:18:22.694.288 [../../../../../../latest/python/site-packages/tbe/common/register/fusion_pass_mgr.py:114][decorator] Fusion pass[trans_shape_for_elemwise] of op type[None] op pattern[ElemWise] stage[InvokeStage.STAGE_BUILD] priority[Priority.NORMAL] has been registered.
[INFO] TBE(3205504,python):2025-06-19-16:18:22.694.321 [../../../../../../latest/python/site-packages/tbe/common/register/fusion_pass_mgr.py:114][decorator] Fusion pass[trans_shape_for_broadcast] of op type[None] op pattern[Broadcast] stage[InvokeStage.STAGE_BUILD] priority[Priority.NORMAL] has been registered.
[INFO] TBE(3205504,python):2025-06-19-16:18:22.694.351 [../../../../../../latest/python/site-packages/tbe/common/register/fusion_pass_mgr.py:114][decorator] Fusion pass[trans_shape_of_biasadd] of op type[BiasAdd] op pattern[None] stage[InvokeStage.STAGE_BUILD] priority[Priority.NORMAL] has been registered.
[INFO] TBE(3205504,python):2025-06-19-16:18:22.694.389 [../../../../../../latest/python/site-packages/tbe/common/register/fusion_pass_mgr.py:114][decorator] Fusion pass[trans_shape_of_requant_s16] of op type[AscendRequantS16] op pattern[None] stage[InvokeStage.STAGE_BUILD] priority[Priority.NORMAL] has been registered.
[INFO] TBE(3205504,python):2025-06-19-16:18:22.694.415 [../../../../../../latest/python/site-packages/tbe/common/register/fusion_pass_mgr.py:114][decorator] Fusion pass[trans_shape_of_bninference] of op type[BNInferenceD] op pattern[None] stage[InvokeStage.STAGE_BUILD] priority[Priority.NORMAL] has been registered.
[INFO] TBE(3205504,python):2025-06-19-16:18:22.694.537 [../../../../../../latest/python/site-packages/tbe/common/register/fusion_pass_mgr.py:114][decorator] Fusion pass[trans_shape_fully_connection] of op type[FullyConnection] op pattern[None] stage[InvokeStage.STAGE_BUILD] priority[Priority.NORMAL] has been registered.
[INFO] TBE(3205504,python):2025-06-19-16:18:22.694.565 [../../../../../../latest/python/site-packages/tbe/common/register/fusion_pass_mgr.py:114][decorator] Fusion pass[trans_shape_fully_connection_compress] of op type[FullyConnectionCompress] op pattern[None] stage[InvokeStage.STAGE_BUILD] priority[Priority.NORMAL] has been registered.
[INFO] TBE(3205504,python):2025-06-19-16:18:22.694.701 [../../../../../../latest/python/site-packages/tbe/common/register/fusion_pass_mgr.py:114][decorator] Fusion pass[trans_matmul_bias_shape] of op type[MatMulV2] op pattern[None] stage[InvokeStage.STAGE_BUILD] priority[Priority.NORMAL] has been registered.
[INFO] TBE(3205504,python):2025-06-19-16:18:22.694.730 [../../../../../../latest/python/site-packages/tbe/common/register/fusion_pass_mgr.py:114][decorator] Fusion pass[trans_matmul_bias_shape] of op type[MatMul] op pattern[None] stage[InvokeStage.STAGE_BUILD] priority[Priority.NORMAL] has been registered.
[INFO] TBE(3205504,python):2025-06-19-16:18:22.694.756 [../../../../../../latest/python/site-packages/tbe/common/register/fusion_pass_mgr.py:114][decorator] Fusion pass[trans_matmulcompress_bias_shape] of op type[MatMulV2Compress] op pattern[None] stage[InvokeStage.STAGE_BUILD] priority[Priority.NORMAL] has been registered.
[INFO] TBE(3205504,python):2025-06-19-16:18:22.694.866 [../../../../../../latest/python/site-packages/tbe/common/register/fusion_pass_mgr.py:114][decorator] Fusion pass[trans_batch_matmul_shape] of op type[BatchMatMulV2] op pattern[None] stage[InvokeStage.STAGE_BUILD] priority[Priority.NORMAL] has been registered.
[INFO] TBE(3205504,python):2025-06-19-16:18:22.694.895 [../../../../../../latest/python/site-packages/tbe/common/register/fusion_pass_mgr.py:114][decorator] Fusion pass[trans_batch_matmul_shape] of op type[BatchMatMul] op pattern[None] stage[InvokeStage.STAGE_BUILD] priority[Priority.NORMAL] has been registered.
[INFO] TBE(3205504,python):2025-06-19-16:18:22.694.922 [../../../../../../latest/python/site-packages/tbe/common/register/fusion_pass_mgr.py:114][decorator] Fusion pass[trans_shape_transdata_fixpipe] of op type[None] op pattern[BatchMatmul] stage[InvokeStage.STAGE_BUILD] priority[Priority.NORMAL] has been registered.
[WARNING] TBE(3205504,python):2025-06-19-16:18:22.737.691 [../../../../../../latest/python/site-packages/te/platform/cce_policy.py:50][OpImplPolicy] te.platform.cce_policy.OpImplPolicy is deprecated, use te_fusion.fusion_util.OpImplPolicy instead.
[DEBUG] TBE(3205504,python):2025-06-19-16:18:23.019.502 [../../../../../../latest/python/site-packages/tbe/common/rl_bank/rl_op_filter.py:287][_is_tune_all_op] RL filter info: is_tune_all_op: False
[INFO] TBE(3205504,python):2025-06-19-16:18:23.098.607 [../../../../../../latest/python/site-packages/tbe/common/rl_bank/dynamic_op_filter.py:373][_need_to_tune_all_op] Auto search dynamic filter info: tune_all_op is False.
[INFO] TBE(3205504,python):2025-06-19-16:18:23.113.563 [../../../../../../latest/python/site-packages/te_fusion/parallel_compilation.py:260][exec_compilation_task] soc_info:[('Ascend910B2C', '', '24', 'false', '0', 'false')], option:[{'op_debug_level': '0', 'op_debug_dir': '/root/jzzhou/LAPA/laq/kernel_meta/kernel_meta_11702434041262854787', 'vector_fp_ceiling': 2, 'mdl_bank_path': '', 'op_bank_path': '', 'kernel_meta_temp_dir': '/root/jzzhou/LAPA/laq/kernel_meta/kernel_meta_temp_11702434041262854787', 'device_id': '', 'ai_core_cnt': '24', 'l2_size': '201326592', 'memory_size': '65464696832', 'vector_core_cnt': '48', 'l2_mode': 0, 'enable_L1_fusion': False, 'enable_L2_fusion': False}]
[WARNING] TBE(3205504,python):2025-06-19-16:18:23.113.602 [../../../../../../latest/python/site-packages/te/platform/cce_conf.py:605][te_set_version] 'from te.platform import te_set_version' is expired, please replace it with 'from tbe.common.platform import set_current_compile_soc_info'.
[DEBUG] FE(3205504,python):2025-06-19-16:18:23.113.960 [platform_infos_def.cpp:182]3205504 SetCoreNumByCoreType:"Set PlatFormInfos::core_num_ to ai_core_cnt:[24], core_type:0."
[INFO] TBE(3205504,python):2025-06-19-16:18:23.113.995 [../../../../../../latest/python/site-packages/te_fusion/parallel_compilation.py:275][exec_compilation_task] Default compiler:None
[INFO] TBE(3205504,python):2025-06-19-16:18:23.114.020 [../../../../../../latest/python/site-packages/te_fusion/parallel_compilation.py:276][exec_compilation_task] compile_options when executing compile_task:{'op_debug_level': '0', 'op_debug_dir': '/root/jzzhou/LAPA/laq/kernel_meta/kernel_meta_11702434041262854787', 'vector_fp_ceiling': 2, 'mdl_bank_path': '', 'op_bank_path': '', 'kernel_meta_temp_dir': '/root/jzzhou/LAPA/laq/kernel_meta/kernel_meta_temp_11702434041262854787', 'device_id': '', 'ai_core_cnt': '24', 'l2_size': '201326592', 'memory_size': '65464696832', 'vector_core_cnt': '48', 'l2_mode': 0, 'enable_L1_fusion': False, 'enable_L2_fusion': False}
