[DEBUG] DRV(3205486,python):2025-06-19-16:18:22.044.966 [hdc_client.c:130][ascend][curpid:3205486,3205486][drv][hdc][drvHdcClientCreate]Create client success.
[DEBUG] FE(3205486,python):2025-06-19-16:18:22.352.045 [platform_infos_lite_impl.cpp:305]3205486 InitializeSingleNormal:"Cannot find key CounterWorkspaceSize in old platform infos, label DSARandom."
[DEBUG] FE(3205486,python):2025-06-19-16:18:22.352.057 [platform_infos_lite_impl.cpp:305]3205486 InitializeSingleNormal:"Cannot find key jit_compile_mode in old platform infos, label SoftwareSpec."
[DEBUG] FE(3205486,python):2025-06-19-16:18:22.352.143 [platform_info.cpp:855]3205486 AssemblePlatformInfoVector:"The platform info os soc version[Ascend031] has been initialized."
[DEBUG] FE(3205486,python):2025-06-19-16:18:22.352.555 [platform_infos_lite_impl.cpp:305]3205486 InitializeSingleNormal:"Cannot find key ddr_rate in old platform infos, label AICoreMemoryRates."
[DEBUG] FE(3205486,python):2025-06-19-16:18:22.352.561 [platform_infos_lite_impl.cpp:305]3205486 InitializeSingleNormal:"Cannot find key CounterWorkspaceSize in old platform infos, label DSARandom."
[DEBUG] FE(3205486,python):2025-06-19-16:18:22.352.565 [platform_infos_lite_impl.cpp:305]3205486 InitializeSingleNormal:"Cannot find key jit_compile_mode in old platform infos, label SoftwareSpec."
[DEBUG] FE(3205486,python):2025-06-19-16:18:22.352.567 [platform_infos_lite_impl.cpp:305]3205486 InitializeSingleNormal:"Cannot find key ddr_rate in old platform infos, label VectorCoreMemoryRates."
[DEBUG] FE(3205486,python):2025-06-19-16:18:22.352.568 [platform_infos_lite_impl.cpp:305]3205486 InitializeSingleNormal:"Cannot find key vec_freq in old platform infos, label VectorCoreSpec."
[DEBUG] FE(3205486,python):2025-06-19-16:18:22.352.586 [platform_info.cpp:855]3205486 AssemblePlatformInfoVector:"The platform info os soc version[Ascend035] has been initialized."
[DEBUG] FE(3205486,python):2025-06-19-16:18:22.352.962 [platform_infos_lite_impl.cpp:305]3205486 InitializeSingleNormal:"Cannot find key ddr_rate in old platform infos, label AICoreMemoryRates."
[DEBUG] FE(3205486,python):2025-06-19-16:18:22.352.968 [platform_infos_lite_impl.cpp:305]3205486 InitializeSingleNormal:"Cannot find key CounterWorkspaceSize in old platform infos, label DSARandom."
[DEBUG] FE(3205486,python):2025-06-19-16:18:22.352.972 [platform_infos_lite_impl.cpp:305]3205486 InitializeSingleNormal:"Cannot find key jit_compile_mode in old platform infos, label SoftwareSpec."
[DEBUG] FE(3205486,python):2025-06-19-16:18:22.352.974 [platform_infos_lite_impl.cpp:305]3205486 InitializeSingleNormal:"Cannot find key ddr_rate in old platform infos, label VectorCoreMemoryRates."
[DEBUG] FE(3205486,python):2025-06-19-16:18:22.352.975 [platform_infos_lite_impl.cpp:305]3205486 InitializeSingleNormal:"Cannot find key vec_freq in old platform infos, label VectorCoreSpec."
[DEBUG] FE(3205486,python):2025-06-19-16:18:22.352.992 [platform_info.cpp:855]3205486 AssemblePlatformInfoVector:"The platform info os soc version[Ascend035A] has been initialized."
[DEBUG] FE(3205486,python):2025-06-19-16:18:22.353.397 [platform_infos_lite_impl.cpp:305]3205486 InitializeSingleNormal:"Cannot find key ddr_rate in old platform infos, label AICoreMemoryRates."
[DEBUG] FE(3205486,python):2025-06-19-16:18:22.353.402 [platform_infos_lite_impl.cpp:305]3205486 InitializeSingleNormal:"Cannot find key CounterWorkspaceSize in old platform infos, label DSARandom."
[DEBUG] FE(3205486,python):2025-06-19-16:18:22.353.406 [platform_infos_lite_impl.cpp:305]3205486 InitializeSingleNormal:"Cannot find key jit_compile_mode in old platform infos, label SoftwareSpec."
[DEBUG] FE(3205486,python):2025-06-19-16:18:22.353.408 [platform_infos_lite_impl.cpp:305]3205486 InitializeSingleNormal:"Cannot find key ddr_rate in old platform infos, label VectorCoreMemoryRates."
[DEBUG] FE(3205486,python):2025-06-19-16:18:22.353.410 [platform_infos_lite_impl.cpp:305]3205486 InitializeSingleNormal:"Cannot find key vec_freq in old platform infos, label VectorCoreSpec."
[DEBUG] FE(3205486,python):2025-06-19-16:18:22.353.426 [platform_info.cpp:855]3205486 AssemblePlatformInfoVector:"The platform info os soc version[Ascend035B] has been initialized."
[DEBUG] FE(3205486,python):2025-06-19-16:18:22.353.885 [platform_infos_lite_impl.cpp:305]3205486 InitializeSingleNormal:"Cannot find key CounterWorkspaceSize in old platform infos, label DSARandom."
[DEBUG] FE(3205486,python):2025-06-19-16:18:22.353.890 [platform_infos_lite_impl.cpp:305]3205486 InitializeSingleNormal:"Cannot find key jit_compile_mode in old platform infos, label SoftwareSpec."
[DEBUG] FE(3205486,python):2025-06-19-16:18:22.353.892 [platform_infos_lite_impl.cpp:305]3205486 InitializeSingleNormal:"Cannot find key ddr_rate in old platform infos, label VectorCoreMemoryRates."
[DEBUG] FE(3205486,python):2025-06-19-16:18:22.353.893 [platform_infos_lite_impl.cpp:305]3205486 InitializeSingleNormal:"Cannot find key vec_freq in old platform infos, label VectorCoreSpec."
[DEBUG] FE(3205486,python):2025-06-19-16:18:22.353.925 [platform_info.cpp:855]3205486 AssemblePlatformInfoVector:"The platform info os soc version[Ascend310] has been initialized."
[DEBUG] FE(3205486,python):2025-06-19-16:18:22.356.181 [platform_infos_lite_impl.cpp:305]3205486 InitializeSingleNormal:"Cannot find key CounterWorkspaceSize in old platform infos, label DSARandom."
[DEBUG] FE(3205486,python):2025-06-19-16:18:22.356.186 [platform_infos_lite_impl.cpp:305]3205486 InitializeSingleNormal:"Cannot find key jit_compile_mode in old platform infos, label SoftwareSpec."
[DEBUG] FE(3205486,python):2025-06-19-16:18:22.356.287 [platform_info.cpp:855]3205486 AssemblePlatformInfoVector:"The platform info os soc version[Ascend310B1] has been initialized."
[DEBUG] FE(3205486,python):2025-06-19-16:18:22.358.574 [platform_infos_lite_impl.cpp:305]3205486 InitializeSingleNormal:"Cannot find key CounterWorkspaceSize in old platform infos, label DSARandom."
[DEBUG] FE(3205486,python):2025-06-19-16:18:22.358.579 [platform_infos_lite_impl.cpp:305]3205486 InitializeSingleNormal:"Cannot find key jit_compile_mode in old platform infos, label SoftwareSpec."
[DEBUG] FE(3205486,python):2025-06-19-16:18:22.358.680 [platform_info.cpp:855]3205486 AssemblePlatformInfoVector:"The platform info os soc version[Ascend310B2] has been initialized."
[DEBUG] FE(3205486,python):2025-06-19-16:18:22.360.967 [platform_infos_lite_impl.cpp:305]3205486 InitializeSingleNormal:"Cannot find key CounterWorkspaceSize in old platform infos, label DSARandom."
[DEBUG] FE(3205486,python):2025-06-19-16:18:22.360.972 [platform_infos_lite_impl.cpp:305]3205486 InitializeSingleNormal:"Cannot find key jit_compile_mode in old platform infos, label SoftwareSpec."
[DEBUG] FE(3205486,python):2025-06-19-16:18:22.361.074 [platform_info.cpp:855]3205486 AssemblePlatformInfoVector:"The platform info os soc version[Ascend310B3] has been initialized."
[DEBUG] FE(3205486,python):2025-06-19-16:18:22.363.420 [platform_infos_lite_impl.cpp:305]3205486 InitializeSingleNormal:"Cannot find key CounterWorkspaceSize in old platform infos, label DSARandom."
[DEBUG] FE(3205486,python):2025-06-19-16:18:22.363.426 [platform_infos_lite_impl.cpp:305]3205486 InitializeSingleNormal:"Cannot find key jit_compile_mode in old platform infos, label SoftwareSpec."
[DEBUG] FE(3205486,python):2025-06-19-16:18:22.363.530 [platform_info.cpp:855]3205486 AssemblePlatformInfoVector:"The platform info os soc version[Ascend310B4] has been initialized."
[DEBUG] FE(3205486,python):2025-06-19-16:18:22.365.821 [platform_infos_lite_impl.cpp:305]3205486 InitializeSingleNormal:"Cannot find key CounterWorkspaceSize in old platform infos, label DSARandom."
[DEBUG] FE(3205486,python):2025-06-19-16:18:22.365.827 [platform_infos_lite_impl.cpp:305]3205486 InitializeSingleNormal:"Cannot find key jit_compile_mode in old platform infos, label SoftwareSpec."
[DEBUG] FE(3205486,python):2025-06-19-16:18:22.365.929 [platform_info.cpp:855]3205486 AssemblePlatformInfoVector:"The platform info os soc version[AS31XM1X] has been initialized."
[DEBUG] FE(3205486,python):2025-06-19-16:18:22.367.082 [platform_infos_lite_impl.cpp:305]3205486 InitializeSingleNormal:"Cannot find key CounterWorkspaceSize in old platform infos, label DSARandom."
[DEBUG] FE(3205486,python):2025-06-19-16:18:22.367.086 [platform_infos_lite_impl.cpp:305]3205486 InitializeSingleNormal:"Cannot find key jit_compile_mode in old platform infos, label SoftwareSpec."
[DEBUG] FE(3205486,python):2025-06-19-16:18:22.367.152 [platform_info.cpp:855]3205486 AssemblePlatformInfoVector:"The platform info os soc version[Ascend610] has been initialized."
[DEBUG] FE(3205486,python):2025-06-19-16:18:22.368.439 [platform_infos_lite_impl.cpp:305]3205486 InitializeSingleNormal:"Cannot find key CounterWorkspaceSize in old platform infos, label DSARandom."
[DEBUG] FE(3205486,python):2025-06-19-16:18:22.368.444 [platform_infos_lite_impl.cpp:305]3205486 InitializeSingleNormal:"Cannot find key jit_compile_mode in old platform infos, label SoftwareSpec."
[DEBUG] FE(3205486,python):2025-06-19-16:18:22.368.446 [platform_infos_lite_impl.cpp:305]3205486 InitializeSingleNormal:"Cannot find key ddr_rate in old platform infos, label VectorCoreMemoryRates."
[DEBUG] FE(3205486,python):2025-06-19-16:18:22.368.448 [platform_infos_lite_impl.cpp:305]3205486 InitializeSingleNormal:"Cannot find key vec_freq in old platform infos, label VectorCoreSpec."
[DEBUG] FE(3205486,python):2025-06-19-16:18:22.368.505 [platform_info.cpp:855]3205486 AssemblePlatformInfoVector:"The platform info os soc version[Ascend610Lite] has been initialized."
[DEBUG] FE(3205486,python):2025-06-19-16:18:22.369.786 [platform_infos_lite_impl.cpp:305]3205486 InitializeSingleNormal:"Cannot find key CounterWorkspaceSize in old platform infos, label DSARandom."
[DEBUG] FE(3205486,python):2025-06-19-16:18:22.369.791 [platform_infos_lite_impl.cpp:305]3205486 InitializeSingleNormal:"Cannot find key jit_compile_mode in old platform infos, label SoftwareSpec."
[DEBUG] FE(3205486,python):2025-06-19-16:18:22.369.793 [platform_infos_lite_impl.cpp:305]3205486 InitializeSingleNormal:"Cannot find key ddr_rate in old platform infos, label VectorCoreMemoryRates."
[DEBUG] FE(3205486,python):2025-06-19-16:18:22.369.795 [platform_infos_lite_impl.cpp:305]3205486 InitializeSingleNormal:"Cannot find key vec_freq in old platform infos, label VectorCoreSpec."
[DEBUG] FE(3205486,python):2025-06-19-16:18:22.369.852 [platform_info.cpp:855]3205486 AssemblePlatformInfoVector:"The platform info os soc version[BS9SX2AA] has been initialized."
[DEBUG] FE(3205486,python):2025-06-19-16:18:22.371.127 [platform_infos_lite_impl.cpp:305]3205486 InitializeSingleNormal:"Cannot find key CounterWorkspaceSize in old platform infos, label DSARandom."
[DEBUG] FE(3205486,python):2025-06-19-16:18:22.371.131 [platform_infos_lite_impl.cpp:305]3205486 InitializeSingleNormal:"Cannot find key jit_compile_mode in old platform infos, label SoftwareSpec."
[DEBUG] FE(3205486,python):2025-06-19-16:18:22.371.133 [platform_infos_lite_impl.cpp:305]3205486 InitializeSingleNormal:"Cannot find key ddr_rate in old platform infos, label VectorCoreMemoryRates."
[DEBUG] FE(3205486,python):2025-06-19-16:18:22.371.135 [platform_infos_lite_impl.cpp:305]3205486 InitializeSingleNormal:"Cannot find key vec_freq in old platform infos, label VectorCoreSpec."
[DEBUG] FE(3205486,python):2025-06-19-16:18:22.371.192 [platform_info.cpp:855]3205486 AssemblePlatformInfoVector:"The platform info os soc version[BS9SX2AB] has been initialized."
[DEBUG] FE(3205486,python):2025-06-19-16:18:22.372.473 [platform_infos_lite_impl.cpp:305]3205486 InitializeSingleNormal:"Cannot find key CounterWorkspaceSize in old platform infos, label DSARandom."
[DEBUG] FE(3205486,python):2025-06-19-16:18:22.372.477 [platform_infos_lite_impl.cpp:305]3205486 InitializeSingleNormal:"Cannot find key jit_compile_mode in old platform infos, label SoftwareSpec."
[DEBUG] FE(3205486,python):2025-06-19-16:18:22.372.480 [platform_infos_lite_impl.cpp:305]3205486 InitializeSingleNormal:"Cannot find key ddr_rate in old platform infos, label VectorCoreMemoryRates."
[DEBUG] FE(3205486,python):2025-06-19-16:18:22.372.481 [platform_infos_lite_impl.cpp:305]3205486 InitializeSingleNormal:"Cannot find key vec_freq in old platform infos, label VectorCoreSpec."
[DEBUG] FE(3205486,python):2025-06-19-16:18:22.372.539 [platform_info.cpp:855]3205486 AssemblePlatformInfoVector:"The platform info os soc version[MC61AM21AA] has been initialized."
[DEBUG] FE(3205486,python):2025-06-19-16:18:22.373.800 [platform_infos_lite_impl.cpp:305]3205486 InitializeSingleNormal:"Cannot find key CounterWorkspaceSize in old platform infos, label DSARandom."
[DEBUG] FE(3205486,python):2025-06-19-16:18:22.373.804 [platform_infos_lite_impl.cpp:305]3205486 InitializeSingleNormal:"Cannot find key jit_compile_mode in old platform infos, label SoftwareSpec."
[DEBUG] FE(3205486,python):2025-06-19-16:18:22.373.806 [platform_infos_lite_impl.cpp:305]3205486 InitializeSingleNormal:"Cannot find key ddr_rate in old platform infos, label VectorCoreMemoryRates."
[DEBUG] FE(3205486,python):2025-06-19-16:18:22.373.808 [platform_infos_lite_impl.cpp:305]3205486 InitializeSingleNormal:"Cannot find key vec_freq in old platform infos, label VectorCoreSpec."
[DEBUG] FE(3205486,python):2025-06-19-16:18:22.373.864 [platform_info.cpp:855]3205486 AssemblePlatformInfoVector:"The platform info os soc version[MC61AM21AB] has been initialized."
[DEBUG] FE(3205486,python):2025-06-19-16:18:22.375.345 [platform_infos_lite_impl.cpp:305]3205486 InitializeSingleNormal:"Cannot find key CounterWorkspaceSize in old platform infos, label DSARandom."
[DEBUG] FE(3205486,python):2025-06-19-16:18:22.375.350 [platform_infos_lite_impl.cpp:305]3205486 InitializeSingleNormal:"Cannot find key jit_compile_mode in old platform infos, label SoftwareSpec."
[DEBUG] FE(3205486,python):2025-06-19-16:18:22.375.427 [platform_info.cpp:855]3205486 AssemblePlatformInfoVector:"The platform info os soc version[BS9SX1AA] has been initialized."
[DEBUG] FE(3205486,python):2025-06-19-16:18:22.376.892 [platform_infos_lite_impl.cpp:305]3205486 InitializeSingleNormal:"Cannot find key CounterWorkspaceSize in old platform infos, label DSARandom."
[DEBUG] FE(3205486,python):2025-06-19-16:18:22.376.897 [platform_infos_lite_impl.cpp:305]3205486 InitializeSingleNormal:"Cannot find key jit_compile_mode in old platform infos, label SoftwareSpec."
[DEBUG] FE(3205486,python):2025-06-19-16:18:22.376.971 [platform_info.cpp:855]3205486 AssemblePlatformInfoVector:"The platform info os soc version[BS9SX1AB] has been initialized."
[DEBUG] FE(3205486,python):2025-06-19-16:18:22.378.458 [platform_infos_lite_impl.cpp:305]3205486 InitializeSingleNormal:"Cannot find key CounterWorkspaceSize in old platform infos, label DSARandom."
[DEBUG] FE(3205486,python):2025-06-19-16:18:22.378.463 [platform_infos_lite_impl.cpp:305]3205486 InitializeSingleNormal:"Cannot find key jit_compile_mode in old platform infos, label SoftwareSpec."
[DEBUG] FE(3205486,python):2025-06-19-16:18:22.378.538 [platform_info.cpp:855]3205486 AssemblePlatformInfoVector:"The platform info os soc version[BS9SX1AC] has been initialized."
[DEBUG] FE(3205486,python):2025-06-19-16:18:22.379.675 [platform_infos_lite_impl.cpp:305]3205486 InitializeSingleNormal:"Cannot find key CounterWorkspaceSize in old platform infos, label DSARandom."
[DEBUG] FE(3205486,python):2025-06-19-16:18:22.379.680 [platform_infos_lite_impl.cpp:305]3205486 InitializeSingleNormal:"Cannot find key jit_compile_mode in old platform infos, label SoftwareSpec."
[DEBUG] FE(3205486,python):2025-06-19-16:18:22.379.743 [platform_info.cpp:855]3205486 AssemblePlatformInfoVector:"The platform info os soc version[Ascend310P3] has been initialized."
[DEBUG] FE(3205486,python):2025-06-19-16:18:22.380.867 [platform_infos_lite_impl.cpp:305]3205486 InitializeSingleNormal:"Cannot find key CounterWorkspaceSize in old platform infos, label DSARandom."
[DEBUG] FE(3205486,python):2025-06-19-16:18:22.380.873 [platform_infos_lite_impl.cpp:305]3205486 InitializeSingleNormal:"Cannot find key jit_compile_mode in old platform infos, label SoftwareSpec."
[DEBUG] FE(3205486,python):2025-06-19-16:18:22.380.937 [platform_info.cpp:855]3205486 AssemblePlatformInfoVector:"The platform info os soc version[Ascend310P1] has been initialized."
[DEBUG] FE(3205486,python):2025-06-19-16:18:22.381.463 [platform_infos_lite_impl.cpp:305]3205486 InitializeSingleNormal:"Cannot find key CounterWorkspaceSize in old platform infos, label DSARandom."
[DEBUG] FE(3205486,python):2025-06-19-16:18:22.381.468 [platform_infos_lite_impl.cpp:305]3205486 InitializeSingleNormal:"Cannot find key jit_compile_mode in old platform infos, label SoftwareSpec."
[DEBUG] FE(3205486,python):2025-06-19-16:18:22.381.470 [platform_infos_lite_impl.cpp:305]3205486 InitializeSingleNormal:"Cannot find key ddr_rate in old platform infos, label VectorCoreMemoryRates."
[DEBUG] FE(3205486,python):2025-06-19-16:18:22.381.472 [platform_infos_lite_impl.cpp:305]3205486 InitializeSingleNormal:"Cannot find key vec_freq in old platform infos, label VectorCoreSpec."
[DEBUG] FE(3205486,python):2025-06-19-16:18:22.381.505 [platform_info.cpp:855]3205486 AssemblePlatformInfoVector:"The platform info os soc version[Ascend910A] has been initialized."
[DEBUG] FE(3205486,python):2025-06-19-16:18:22.382.013 [platform_infos_lite_impl.cpp:305]3205486 InitializeSingleNormal:"Cannot find key CounterWorkspaceSize in old platform infos, label DSARandom."
[DEBUG] FE(3205486,python):2025-06-19-16:18:22.382.017 [platform_infos_lite_impl.cpp:305]3205486 InitializeSingleNormal:"Cannot find key jit_compile_mode in old platform infos, label SoftwareSpec."
[DEBUG] FE(3205486,python):2025-06-19-16:18:22.382.019 [platform_infos_lite_impl.cpp:305]3205486 InitializeSingleNormal:"Cannot find key ddr_rate in old platform infos, label VectorCoreMemoryRates."
[DEBUG] FE(3205486,python):2025-06-19-16:18:22.382.021 [platform_infos_lite_impl.cpp:305]3205486 InitializeSingleNormal:"Cannot find key vec_freq in old platform infos, label VectorCoreSpec."
[DEBUG] FE(3205486,python):2025-06-19-16:18:22.382.053 [platform_info.cpp:855]3205486 AssemblePlatformInfoVector:"The platform info os soc version[Ascend910B] has been initialized."
[DEBUG] FE(3205486,python):2025-06-19-16:18:22.382.546 [platform_infos_lite_impl.cpp:305]3205486 InitializeSingleNormal:"Cannot find key CounterWorkspaceSize in old platform infos, label DSARandom."
[DEBUG] FE(3205486,python):2025-06-19-16:18:22.382.550 [platform_infos_lite_impl.cpp:305]3205486 InitializeSingleNormal:"Cannot find key jit_compile_mode in old platform infos, label SoftwareSpec."
[DEBUG] FE(3205486,python):2025-06-19-16:18:22.382.552 [platform_infos_lite_impl.cpp:305]3205486 InitializeSingleNormal:"Cannot find key ddr_rate in old platform infos, label VectorCoreMemoryRates."
[DEBUG] FE(3205486,python):2025-06-19-16:18:22.382.554 [platform_infos_lite_impl.cpp:305]3205486 InitializeSingleNormal:"Cannot find key vec_freq in old platform infos, label VectorCoreSpec."
[DEBUG] FE(3205486,python):2025-06-19-16:18:22.382.584 [platform_info.cpp:855]3205486 AssemblePlatformInfoVector:"The platform info os soc version[Ascend910PremiumA] has been initialized."
[DEBUG] FE(3205486,python):2025-06-19-16:18:22.383.066 [platform_infos_lite_impl.cpp:305]3205486 InitializeSingleNormal:"Cannot find key CounterWorkspaceSize in old platform infos, label DSARandom."
[DEBUG] FE(3205486,python):2025-06-19-16:18:22.383.070 [platform_infos_lite_impl.cpp:305]3205486 InitializeSingleNormal:"Cannot find key jit_compile_mode in old platform infos, label SoftwareSpec."
[DEBUG] FE(3205486,python):2025-06-19-16:18:22.383.072 [platform_infos_lite_impl.cpp:305]3205486 InitializeSingleNormal:"Cannot find key ddr_rate in old platform infos, label VectorCoreMemoryRates."
[DEBUG] FE(3205486,python):2025-06-19-16:18:22.383.074 [platform_infos_lite_impl.cpp:305]3205486 InitializeSingleNormal:"Cannot find key vec_freq in old platform infos, label VectorCoreSpec."
[DEBUG] FE(3205486,python):2025-06-19-16:18:22.383.103 [platform_info.cpp:855]3205486 AssemblePlatformInfoVector:"The platform info os soc version[Ascend910ProA] has been initialized."
[DEBUG] FE(3205486,python):2025-06-19-16:18:22.383.592 [platform_infos_lite_impl.cpp:305]3205486 InitializeSingleNormal:"Cannot find key CounterWorkspaceSize in old platform infos, label DSARandom."
[DEBUG] FE(3205486,python):2025-06-19-16:18:22.383.596 [platform_infos_lite_impl.cpp:305]3205486 InitializeSingleNormal:"Cannot find key jit_compile_mode in old platform infos, label SoftwareSpec."
[DEBUG] FE(3205486,python):2025-06-19-16:18:22.383.598 [platform_infos_lite_impl.cpp:305]3205486 InitializeSingleNormal:"Cannot find key ddr_rate in old platform infos, label VectorCoreMemoryRates."
[DEBUG] FE(3205486,python):2025-06-19-16:18:22.383.600 [platform_infos_lite_impl.cpp:305]3205486 InitializeSingleNormal:"Cannot find key vec_freq in old platform infos, label VectorCoreSpec."
[DEBUG] FE(3205486,python):2025-06-19-16:18:22.383.629 [platform_info.cpp:855]3205486 AssemblePlatformInfoVector:"The platform info os soc version[Ascend910ProB] has been initialized."
[DEBUG] FE(3205486,python):2025-06-19-16:18:22.384.634 [platform_infos_lite_impl.cpp:305]3205486 InitializeSingleNormal:"Cannot find key jit_compile_default_value in old platform infos, label SoftwareSpec."
[DEBUG] FE(3205486,python):2025-06-19-16:18:22.384.637 [platform_infos_lite_impl.cpp:305]3205486 InitializeSingleNormal:"Cannot find key jit_compile_mode in old platform infos, label SoftwareSpec."
[DEBUG] FE(3205486,python):2025-06-19-16:18:22.384.639 [platform_infos_lite_impl.cpp:305]3205486 InitializeSingleNormal:"Cannot find key ddr_rate in old platform infos, label VectorCoreMemoryRates."
[DEBUG] FE(3205486,python):2025-06-19-16:18:22.384.641 [platform_infos_lite_impl.cpp:305]3205486 InitializeSingleNormal:"Cannot find key vec_freq in old platform infos, label VectorCoreSpec."
[DEBUG] FE(3205486,python):2025-06-19-16:18:22.384.701 [platform_info.cpp:855]3205486 AssemblePlatformInfoVector:"The platform info os soc version[Ascend910B1] has been initialized."
[DEBUG] FE(3205486,python):2025-06-19-16:18:22.385.668 [platform_infos_lite_impl.cpp:305]3205486 InitializeSingleNormal:"Cannot find key jit_compile_default_value in old platform infos, label SoftwareSpec."
[DEBUG] FE(3205486,python):2025-06-19-16:18:22.385.670 [platform_infos_lite_impl.cpp:305]3205486 InitializeSingleNormal:"Cannot find key jit_compile_mode in old platform infos, label SoftwareSpec."
[DEBUG] FE(3205486,python):2025-06-19-16:18:22.385.671 [platform_infos_lite_impl.cpp:305]3205486 InitializeSingleNormal:"Cannot find key ddr_rate in old platform infos, label VectorCoreMemoryRates."
[DEBUG] FE(3205486,python):2025-06-19-16:18:22.385.673 [platform_infos_lite_impl.cpp:305]3205486 InitializeSingleNormal:"Cannot find key vec_freq in old platform infos, label VectorCoreSpec."
[DEBUG] FE(3205486,python):2025-06-19-16:18:22.385.730 [platform_info.cpp:855]3205486 AssemblePlatformInfoVector:"The platform info os soc version[Ascend910B2] has been initialized."
[DEBUG] FE(3205486,python):2025-06-19-16:18:22.386.700 [platform_infos_lite_impl.cpp:305]3205486 InitializeSingleNormal:"Cannot find key jit_compile_default_value in old platform infos, label SoftwareSpec."
[DEBUG] FE(3205486,python):2025-06-19-16:18:22.386.702 [platform_infos_lite_impl.cpp:305]3205486 InitializeSingleNormal:"Cannot find key jit_compile_mode in old platform infos, label SoftwareSpec."
[DEBUG] FE(3205486,python):2025-06-19-16:18:22.386.703 [platform_infos_lite_impl.cpp:305]3205486 InitializeSingleNormal:"Cannot find key ddr_rate in old platform infos, label VectorCoreMemoryRates."
[DEBUG] FE(3205486,python):2025-06-19-16:18:22.386.705 [platform_infos_lite_impl.cpp:305]3205486 InitializeSingleNormal:"Cannot find key vec_freq in old platform infos, label VectorCoreSpec."
[DEBUG] FE(3205486,python):2025-06-19-16:18:22.386.762 [platform_info.cpp:855]3205486 AssemblePlatformInfoVector:"The platform info os soc version[Ascend910B3] has been initialized."
[DEBUG] FE(3205486,python):2025-06-19-16:18:22.387.724 [platform_infos_lite_impl.cpp:305]3205486 InitializeSingleNormal:"Cannot find key jit_compile_default_value in old platform infos, label SoftwareSpec."
[DEBUG] FE(3205486,python):2025-06-19-16:18:22.387.725 [platform_infos_lite_impl.cpp:305]3205486 InitializeSingleNormal:"Cannot find key jit_compile_mode in old platform infos, label SoftwareSpec."
[DEBUG] FE(3205486,python):2025-06-19-16:18:22.387.727 [platform_infos_lite_impl.cpp:305]3205486 InitializeSingleNormal:"Cannot find key ddr_rate in old platform infos, label VectorCoreMemoryRates."
[DEBUG] FE(3205486,python):2025-06-19-16:18:22.387.729 [platform_infos_lite_impl.cpp:305]3205486 InitializeSingleNormal:"Cannot find key vec_freq in old platform infos, label VectorCoreSpec."
[DEBUG] FE(3205486,python):2025-06-19-16:18:22.387.786 [platform_info.cpp:855]3205486 AssemblePlatformInfoVector:"The platform info os soc version[Ascend910B4] has been initialized."
[DEBUG] FE(3205486,python):2025-06-19-16:18:22.388.739 [platform_infos_lite_impl.cpp:305]3205486 InitializeSingleNormal:"Cannot find key jit_compile_default_value in old platform infos, label SoftwareSpec."
[DEBUG] FE(3205486,python):2025-06-19-16:18:22.388.740 [platform_infos_lite_impl.cpp:305]3205486 InitializeSingleNormal:"Cannot find key jit_compile_mode in old platform infos, label SoftwareSpec."
[DEBUG] FE(3205486,python):2025-06-19-16:18:22.388.742 [platform_infos_lite_impl.cpp:305]3205486 InitializeSingleNormal:"Cannot find key ddr_rate in old platform infos, label VectorCoreMemoryRates."
[DEBUG] FE(3205486,python):2025-06-19-16:18:22.388.744 [platform_infos_lite_impl.cpp:305]3205486 InitializeSingleNormal:"Cannot find key vec_freq in old platform infos, label VectorCoreSpec."
[DEBUG] FE(3205486,python):2025-06-19-16:18:22.388.799 [platform_info.cpp:855]3205486 AssemblePlatformInfoVector:"The platform info os soc version[Ascend910B4-1] has been initialized."
[WARNING] FE(3205486,python):2025-06-19-16:18:22.389.753 [platform_info.cpp:853]3205486 AssemblePlatformInfoVector:"Can not find soc info enum by Ascend910_9361."
[DEBUG] FE(3205486,python):2025-06-19-16:18:22.389.754 [platform_info.cpp:855]3205486 AssemblePlatformInfoVector:"The platform info os soc version[Ascend910_9361] has been initialized."
[DEBUG] FE(3205486,python):2025-06-19-16:18:22.390.717 [platform_infos_lite_impl.cpp:305]3205486 InitializeSingleNormal:"Cannot find key jit_compile_default_value in old platform infos, label SoftwareSpec."
[DEBUG] FE(3205486,python):2025-06-19-16:18:22.390.718 [platform_infos_lite_impl.cpp:305]3205486 InitializeSingleNormal:"Cannot find key jit_compile_mode in old platform infos, label SoftwareSpec."
[DEBUG] FE(3205486,python):2025-06-19-16:18:22.390.720 [platform_infos_lite_impl.cpp:305]3205486 InitializeSingleNormal:"Cannot find key ddr_rate in old platform infos, label VectorCoreMemoryRates."
[DEBUG] FE(3205486,python):2025-06-19-16:18:22.390.722 [platform_infos_lite_impl.cpp:305]3205486 InitializeSingleNormal:"Cannot find key vec_freq in old platform infos, label VectorCoreSpec."
[DEBUG] FE(3205486,python):2025-06-19-16:18:22.390.779 [platform_info.cpp:855]3205486 AssemblePlatformInfoVector:"The platform info os soc version[Ascend910_9372] has been initialized."
[DEBUG] FE(3205486,python):2025-06-19-16:18:22.391.734 [platform_infos_lite_impl.cpp:305]3205486 InitializeSingleNormal:"Cannot find key jit_compile_default_value in old platform infos, label SoftwareSpec."
[DEBUG] FE(3205486,python):2025-06-19-16:18:22.391.736 [platform_infos_lite_impl.cpp:305]3205486 InitializeSingleNormal:"Cannot find key jit_compile_mode in old platform infos, label SoftwareSpec."
[DEBUG] FE(3205486,python):2025-06-19-16:18:22.391.737 [platform_infos_lite_impl.cpp:305]3205486 InitializeSingleNormal:"Cannot find key ddr_rate in old platform infos, label VectorCoreMemoryRates."
[DEBUG] FE(3205486,python):2025-06-19-16:18:22.391.739 [platform_infos_lite_impl.cpp:305]3205486 InitializeSingleNormal:"Cannot find key vec_freq in old platform infos, label VectorCoreSpec."
[DEBUG] FE(3205486,python):2025-06-19-16:18:22.391.795 [platform_info.cpp:855]3205486 AssemblePlatformInfoVector:"The platform info os soc version[Ascend910_9381] has been initialized."
[WARNING] FE(3205486,python):2025-06-19-16:18:22.392.724 [platform_info.cpp:853]3205486 AssemblePlatformInfoVector:"Can not find soc info enum by Ascend910_9382."
[DEBUG] FE(3205486,python):2025-06-19-16:18:22.392.725 [platform_info.cpp:855]3205486 AssemblePlatformInfoVector:"The platform info os soc version[Ascend910_9382] has been initialized."
[DEBUG] FE(3205486,python):2025-06-19-16:18:22.393.675 [platform_infos_lite_impl.cpp:305]3205486 InitializeSingleNormal:"Cannot find key jit_compile_default_value in old platform infos, label SoftwareSpec."
[DEBUG] FE(3205486,python):2025-06-19-16:18:22.393.677 [platform_infos_lite_impl.cpp:305]3205486 InitializeSingleNormal:"Cannot find key jit_compile_mode in old platform infos, label SoftwareSpec."
[DEBUG] FE(3205486,python):2025-06-19-16:18:22.393.678 [platform_infos_lite_impl.cpp:305]3205486 InitializeSingleNormal:"Cannot find key ddr_rate in old platform infos, label VectorCoreMemoryRates."
[DEBUG] FE(3205486,python):2025-06-19-16:18:22.393.680 [platform_infos_lite_impl.cpp:305]3205486 InitializeSingleNormal:"Cannot find key vec_freq in old platform infos, label VectorCoreSpec."
[DEBUG] FE(3205486,python):2025-06-19-16:18:22.393.737 [platform_info.cpp:855]3205486 AssemblePlatformInfoVector:"The platform info os soc version[Ascend910_9391] has been initialized."
[WARNING] FE(3205486,python):2025-06-19-16:18:22.394.688 [platform_info.cpp:853]3205486 AssemblePlatformInfoVector:"Can not find soc info enum by Ascend910_9392."
[DEBUG] FE(3205486,python):2025-06-19-16:18:22.394.690 [platform_info.cpp:855]3205486 AssemblePlatformInfoVector:"The platform info os soc version[Ascend910_9392] has been initialized."
[DEBUG] FE(3205486,python):2025-06-19-16:18:22.395.632 [platform_infos_lite_impl.cpp:305]3205486 InitializeSingleNormal:"Cannot find key jit_compile_default_value in old platform infos, label SoftwareSpec."
[DEBUG] FE(3205486,python):2025-06-19-16:18:22.395.634 [platform_infos_lite_impl.cpp:305]3205486 InitializeSingleNormal:"Cannot find key jit_compile_mode in old platform infos, label SoftwareSpec."
[DEBUG] FE(3205486,python):2025-06-19-16:18:22.395.636 [platform_infos_lite_impl.cpp:305]3205486 InitializeSingleNormal:"Cannot find key ddr_rate in old platform infos, label VectorCoreMemoryRates."
[DEBUG] FE(3205486,python):2025-06-19-16:18:22.395.638 [platform_infos_lite_impl.cpp:305]3205486 InitializeSingleNormal:"Cannot find key vec_freq in old platform infos, label VectorCoreSpec."
[DEBUG] FE(3205486,python):2025-06-19-16:18:22.395.694 [platform_info.cpp:855]3205486 AssemblePlatformInfoVector:"The platform info os soc version[Ascend910B2C] has been initialized."
[DEBUG] FE(3205486,python):2025-06-19-16:18:22.396.258 [platform_infos_lite_impl.cpp:305]3205486 InitializeSingleNormal:"Cannot find key CounterWorkspaceSize in old platform infos, label DSARandom."
[DEBUG] FE(3205486,python):2025-06-19-16:18:22.396.262 [platform_infos_lite_impl.cpp:305]3205486 InitializeSingleNormal:"Cannot find key jit_compile_mode in old platform infos, label SoftwareSpec."
[DEBUG] FE(3205486,python):2025-06-19-16:18:22.396.264 [platform_infos_lite_impl.cpp:305]3205486 InitializeSingleNormal:"Cannot find key ddr_rate in old platform infos, label VectorCoreMemoryRates."
[DEBUG] FE(3205486,python):2025-06-19-16:18:22.396.266 [platform_infos_lite_impl.cpp:305]3205486 InitializeSingleNormal:"Cannot find key vec_freq in old platform infos, label VectorCoreSpec."
[DEBUG] FE(3205486,python):2025-06-19-16:18:22.396.301 [platform_info.cpp:855]3205486 AssemblePlatformInfoVector:"The platform info os soc version[Hi3796CV300CS] has been initialized."
[DEBUG] FE(3205486,python):2025-06-19-16:18:22.396.794 [platform_infos_lite_impl.cpp:305]3205486 InitializeSingleNormal:"Cannot find key CounterWorkspaceSize in old platform infos, label DSARandom."
[DEBUG] FE(3205486,python):2025-06-19-16:18:22.396.798 [platform_infos_lite_impl.cpp:305]3205486 InitializeSingleNormal:"Cannot find key jit_compile_mode in old platform infos, label SoftwareSpec."
[DEBUG] FE(3205486,python):2025-06-19-16:18:22.396.800 [platform_infos_lite_impl.cpp:305]3205486 InitializeSingleNormal:"Cannot find key ddr_rate in old platform infos, label VectorCoreMemoryRates."
[DEBUG] FE(3205486,python):2025-06-19-16:18:22.396.802 [platform_infos_lite_impl.cpp:305]3205486 InitializeSingleNormal:"Cannot find key vec_freq in old platform infos, label VectorCoreSpec."
[DEBUG] FE(3205486,python):2025-06-19-16:18:22.396.834 [platform_info.cpp:855]3205486 AssemblePlatformInfoVector:"The platform info os soc version[Hi3796CV300ES] has been initialized."
[DEBUG] FE(3205486,python):2025-06-19-16:18:22.397.360 [platform_infos_lite_impl.cpp:305]3205486 InitializeSingleNormal:"Cannot find key CounterWorkspaceSize in old platform infos, label DSARandom."
[DEBUG] FE(3205486,python):2025-06-19-16:18:22.397.364 [platform_infos_lite_impl.cpp:305]3205486 InitializeSingleNormal:"Cannot find key jit_compile_mode in old platform infos, label SoftwareSpec."
[DEBUG] FE(3205486,python):2025-06-19-16:18:22.397.365 [platform_infos_lite_impl.cpp:305]3205486 InitializeSingleNormal:"Cannot find key ddr_rate in old platform infos, label VectorCoreMemoryRates."
[DEBUG] FE(3205486,python):2025-06-19-16:18:22.397.367 [platform_infos_lite_impl.cpp:305]3205486 InitializeSingleNormal:"Cannot find key vec_freq in old platform infos, label VectorCoreSpec."
[DEBUG] FE(3205486,python):2025-06-19-16:18:22.397.402 [platform_info.cpp:855]3205486 AssemblePlatformInfoVector:"The platform info os soc version[SD3403] has been initialized."
[INFO] TBE(3205486,python):2025-06-19-16:18:22.594.649 [../../../../../../latest/python/site-packages/tbe/common/register/fusion_pass_mgr.py:59][decorator] Fusion pass[conv2d_data_rm_build_pass] of stage[InvokeStage.STAGE_BUILD] priority[Priority.NORMAL] has been registered.
[INFO] TBE(3205486,python):2025-06-19-16:18:22.594.824 [../../../../../../latest/python/site-packages/tbe/common/register/fusion_pass_mgr.py:114][decorator] Fusion pass[trans_shape_of_conv3d] of op type[Conv3D] op pattern[None] stage[InvokeStage.STAGE_BUILD] priority[Priority.NORMAL] has been registered.
[INFO] TBE(3205486,python):2025-06-19-16:18:22.594.863 [../../../../../../latest/python/site-packages/tbe/common/register/fusion_pass_mgr.py:59][decorator] Fusion pass[trans_shape_depthwise_conv2d] of stage[InvokeStage.STAGE_BUILD] priority[Priority.NORMAL] has been registered.
[INFO] TBE(3205486,python):2025-06-19-16:18:22.595.014 [../../../../../../latest/python/site-packages/tbe/common/register/fusion_pass_mgr.py:114][decorator] Fusion pass[trans_shape_for_elemwise] of op type[None] op pattern[ElemWise] stage[InvokeStage.STAGE_BUILD] priority[Priority.NORMAL] has been registered.
[INFO] TBE(3205486,python):2025-06-19-16:18:22.595.048 [../../../../../../latest/python/site-packages/tbe/common/register/fusion_pass_mgr.py:114][decorator] Fusion pass[trans_shape_for_broadcast] of op type[None] op pattern[Broadcast] stage[InvokeStage.STAGE_BUILD] priority[Priority.NORMAL] has been registered.
[INFO] TBE(3205486,python):2025-06-19-16:18:22.595.076 [../../../../../../latest/python/site-packages/tbe/common/register/fusion_pass_mgr.py:114][decorator] Fusion pass[trans_shape_of_biasadd] of op type[BiasAdd] op pattern[None] stage[InvokeStage.STAGE_BUILD] priority[Priority.NORMAL] has been registered.
[INFO] TBE(3205486,python):2025-06-19-16:18:22.595.102 [../../../../../../latest/python/site-packages/tbe/common/register/fusion_pass_mgr.py:114][decorator] Fusion pass[trans_shape_of_requant_s16] of op type[AscendRequantS16] op pattern[None] stage[InvokeStage.STAGE_BUILD] priority[Priority.NORMAL] has been registered.
[INFO] TBE(3205486,python):2025-06-19-16:18:22.595.126 [../../../../../../latest/python/site-packages/tbe/common/register/fusion_pass_mgr.py:114][decorator] Fusion pass[trans_shape_of_bninference] of op type[BNInferenceD] op pattern[None] stage[InvokeStage.STAGE_BUILD] priority[Priority.NORMAL] has been registered.
[INFO] TBE(3205486,python):2025-06-19-16:18:22.595.343 [../../../../../../latest/python/site-packages/tbe/common/register/fusion_pass_mgr.py:114][decorator] Fusion pass[trans_shape_fully_connection] of op type[FullyConnection] op pattern[None] stage[InvokeStage.STAGE_BUILD] priority[Priority.NORMAL] has been registered.
[INFO] TBE(3205486,python):2025-06-19-16:18:22.595.374 [../../../../../../latest/python/site-packages/tbe/common/register/fusion_pass_mgr.py:114][decorator] Fusion pass[trans_shape_fully_connection_compress] of op type[FullyConnectionCompress] op pattern[None] stage[InvokeStage.STAGE_BUILD] priority[Priority.NORMAL] has been registered.
[INFO] TBE(3205486,python):2025-06-19-16:18:22.595.514 [../../../../../../latest/python/site-packages/tbe/common/register/fusion_pass_mgr.py:114][decorator] Fusion pass[trans_matmul_bias_shape] of op type[MatMulV2] op pattern[None] stage[InvokeStage.STAGE_BUILD] priority[Priority.NORMAL] has been registered.
[INFO] TBE(3205486,python):2025-06-19-16:18:22.595.543 [../../../../../../latest/python/site-packages/tbe/common/register/fusion_pass_mgr.py:114][decorator] Fusion pass[trans_matmul_bias_shape] of op type[MatMul] op pattern[None] stage[InvokeStage.STAGE_BUILD] priority[Priority.NORMAL] has been registered.
[INFO] TBE(3205486,python):2025-06-19-16:18:22.595.571 [../../../../../../latest/python/site-packages/tbe/common/register/fusion_pass_mgr.py:114][decorator] Fusion pass[trans_matmulcompress_bias_shape] of op type[MatMulV2Compress] op pattern[None] stage[InvokeStage.STAGE_BUILD] priority[Priority.NORMAL] has been registered.
[INFO] TBE(3205486,python):2025-06-19-16:18:22.595.596 [../../../../../../latest/python/site-packages/tbe/common/register/fusion_pass_mgr.py:114][decorator] Fusion pass[trans_batch_matmul_shape] of op type[BatchMatMulV2] op pattern[None] stage[InvokeStage.STAGE_BUILD] priority[Priority.NORMAL] has been registered.
[INFO] TBE(3205486,python):2025-06-19-16:18:22.595.622 [../../../../../../latest/python/site-packages/tbe/common/register/fusion_pass_mgr.py:114][decorator] Fusion pass[trans_batch_matmul_shape] of op type[BatchMatMul] op pattern[None] stage[InvokeStage.STAGE_BUILD] priority[Priority.NORMAL] has been registered.
[INFO] TBE(3205486,python):2025-06-19-16:18:22.595.649 [../../../../../../latest/python/site-packages/tbe/common/register/fusion_pass_mgr.py:114][decorator] Fusion pass[trans_shape_transdata_fixpipe] of op type[None] op pattern[BatchMatmul] stage[InvokeStage.STAGE_BUILD] priority[Priority.NORMAL] has been registered.
[WARNING] TBE(3205486,python):2025-06-19-16:18:22.638.925 [../../../../../../latest/python/site-packages/te/platform/cce_policy.py:50][OpImplPolicy] te.platform.cce_policy.OpImplPolicy is deprecated, use te_fusion.fusion_util.OpImplPolicy instead.
[DEBUG] TBE(3205486,python):2025-06-19-16:18:22.922.493 [../../../../../../latest/python/site-packages/tbe/common/rl_bank/rl_op_filter.py:287][_is_tune_all_op] RL filter info: is_tune_all_op: False
[INFO] TBE(3205486,python):2025-06-19-16:18:23.002.769 [../../../../../../latest/python/site-packages/tbe/common/rl_bank/dynamic_op_filter.py:373][_need_to_tune_all_op] Auto search dynamic filter info: tune_all_op is False.
[INFO] TBE(3205486,python):2025-06-19-16:18:23.035.568 [../../../../../../latest/python/site-packages/tbe/common/repository_manager/utils/repository_manager_log.py:30][log] [../../../../../../latest/python/site-packages/tbe/common/repository_manager/route.py:266][repository_manager] task_distribute process[3205486] running!
