[DEBUG] DRV(3205485,python):2025-06-19-16:18:22.045.184 [hdc_client.c:130][ascend][curpid:3205485,3205485][drv][hdc][drvHdcClientCreate]Create client success.
[DEBUG] FE(3205485,python):2025-06-19-16:18:22.385.119 [platform_infos_lite_impl.cpp:305]3205485 InitializeSingleNormal:"Cannot find key CounterWorkspaceSize in old platform infos, label DSARandom."
[DEBUG] FE(3205485,python):2025-06-19-16:18:22.385.130 [platform_infos_lite_impl.cpp:305]3205485 InitializeSingleNormal:"Cannot find key jit_compile_mode in old platform infos, label SoftwareSpec."
[DEBUG] FE(3205485,python):2025-06-19-16:18:22.385.216 [platform_info.cpp:855]3205485 AssemblePlatformInfoVector:"The platform info os soc version[Ascend031] has been initialized."
[DEBUG] FE(3205485,python):2025-06-19-16:18:22.385.635 [platform_infos_lite_impl.cpp:305]3205485 InitializeSingleNormal:"Cannot find key ddr_rate in old platform infos, label AICoreMemoryRates."
[DEBUG] FE(3205485,python):2025-06-19-16:18:22.385.642 [platform_infos_lite_impl.cpp:305]3205485 InitializeSingleNormal:"Cannot find key CounterWorkspaceSize in old platform infos, label DSARandom."
[DEBUG] FE(3205485,python):2025-06-19-16:18:22.385.646 [platform_infos_lite_impl.cpp:305]3205485 InitializeSingleNormal:"Cannot find key jit_compile_mode in old platform infos, label SoftwareSpec."
[DEBUG] FE(3205485,python):2025-06-19-16:18:22.385.648 [platform_infos_lite_impl.cpp:305]3205485 InitializeSingleNormal:"Cannot find key ddr_rate in old platform infos, label VectorCoreMemoryRates."
[DEBUG] FE(3205485,python):2025-06-19-16:18:22.385.650 [platform_infos_lite_impl.cpp:305]3205485 InitializeSingleNormal:"Cannot find key vec_freq in old platform infos, label VectorCoreSpec."
[DEBUG] FE(3205485,python):2025-06-19-16:18:22.385.667 [platform_info.cpp:855]3205485 AssemblePlatformInfoVector:"The platform info os soc version[Ascend035] has been initialized."
[DEBUG] FE(3205485,python):2025-06-19-16:18:22.386.051 [platform_infos_lite_impl.cpp:305]3205485 InitializeSingleNormal:"Cannot find key ddr_rate in old platform infos, label AICoreMemoryRates."
[DEBUG] FE(3205485,python):2025-06-19-16:18:22.386.056 [platform_infos_lite_impl.cpp:305]3205485 InitializeSingleNormal:"Cannot find key CounterWorkspaceSize in old platform infos, label DSARandom."
[DEBUG] FE(3205485,python):2025-06-19-16:18:22.386.060 [platform_infos_lite_impl.cpp:305]3205485 InitializeSingleNormal:"Cannot find key jit_compile_mode in old platform infos, label SoftwareSpec."
[DEBUG] FE(3205485,python):2025-06-19-16:18:22.386.062 [platform_infos_lite_impl.cpp:305]3205485 InitializeSingleNormal:"Cannot find key ddr_rate in old platform infos, label VectorCoreMemoryRates."
[DEBUG] FE(3205485,python):2025-06-19-16:18:22.386.063 [platform_infos_lite_impl.cpp:305]3205485 InitializeSingleNormal:"Cannot find key vec_freq in old platform infos, label VectorCoreSpec."
[DEBUG] FE(3205485,python):2025-06-19-16:18:22.386.081 [platform_info.cpp:855]3205485 AssemblePlatformInfoVector:"The platform info os soc version[Ascend035A] has been initialized."
[DEBUG] FE(3205485,python):2025-06-19-16:18:22.386.489 [platform_infos_lite_impl.cpp:305]3205485 InitializeSingleNormal:"Cannot find key ddr_rate in old platform infos, label AICoreMemoryRates."
[DEBUG] FE(3205485,python):2025-06-19-16:18:22.386.495 [platform_infos_lite_impl.cpp:305]3205485 InitializeSingleNormal:"Cannot find key CounterWorkspaceSize in old platform infos, label DSARandom."
[DEBUG] FE(3205485,python):2025-06-19-16:18:22.386.499 [platform_infos_lite_impl.cpp:305]3205485 InitializeSingleNormal:"Cannot find key jit_compile_mode in old platform infos, label SoftwareSpec."
[DEBUG] FE(3205485,python):2025-06-19-16:18:22.386.501 [platform_infos_lite_impl.cpp:305]3205485 InitializeSingleNormal:"Cannot find key ddr_rate in old platform infos, label VectorCoreMemoryRates."
[DEBUG] FE(3205485,python):2025-06-19-16:18:22.386.502 [platform_infos_lite_impl.cpp:305]3205485 InitializeSingleNormal:"Cannot find key vec_freq in old platform infos, label VectorCoreSpec."
[DEBUG] FE(3205485,python):2025-06-19-16:18:22.386.520 [platform_info.cpp:855]3205485 AssemblePlatformInfoVector:"The platform info os soc version[Ascend035B] has been initialized."
[DEBUG] FE(3205485,python):2025-06-19-16:18:22.386.996 [platform_infos_lite_impl.cpp:305]3205485 InitializeSingleNormal:"Cannot find key CounterWorkspaceSize in old platform infos, label DSARandom."
[DEBUG] FE(3205485,python):2025-06-19-16:18:22.387.000 [platform_infos_lite_impl.cpp:305]3205485 InitializeSingleNormal:"Cannot find key jit_compile_mode in old platform infos, label SoftwareSpec."
[DEBUG] FE(3205485,python):2025-06-19-16:18:22.387.002 [platform_infos_lite_impl.cpp:305]3205485 InitializeSingleNormal:"Cannot find key ddr_rate in old platform infos, label VectorCoreMemoryRates."
[DEBUG] FE(3205485,python):2025-06-19-16:18:22.387.004 [platform_infos_lite_impl.cpp:305]3205485 InitializeSingleNormal:"Cannot find key vec_freq in old platform infos, label VectorCoreSpec."
[DEBUG] FE(3205485,python):2025-06-19-16:18:22.387.035 [platform_info.cpp:855]3205485 AssemblePlatformInfoVector:"The platform info os soc version[Ascend310] has been initialized."
[DEBUG] FE(3205485,python):2025-06-19-16:18:22.389.331 [platform_infos_lite_impl.cpp:305]3205485 InitializeSingleNormal:"Cannot find key CounterWorkspaceSize in old platform infos, label DSARandom."
[DEBUG] FE(3205485,python):2025-06-19-16:18:22.389.336 [platform_infos_lite_impl.cpp:305]3205485 InitializeSingleNormal:"Cannot find key jit_compile_mode in old platform infos, label SoftwareSpec."
[DEBUG] FE(3205485,python):2025-06-19-16:18:22.389.437 [platform_info.cpp:855]3205485 AssemblePlatformInfoVector:"The platform info os soc version[Ascend310B1] has been initialized."
[DEBUG] FE(3205485,python):2025-06-19-16:18:22.391.775 [platform_infos_lite_impl.cpp:305]3205485 InitializeSingleNormal:"Cannot find key CounterWorkspaceSize in old platform infos, label DSARandom."
[DEBUG] FE(3205485,python):2025-06-19-16:18:22.391.781 [platform_infos_lite_impl.cpp:305]3205485 InitializeSingleNormal:"Cannot find key jit_compile_mode in old platform infos, label SoftwareSpec."
[DEBUG] FE(3205485,python):2025-06-19-16:18:22.391.882 [platform_info.cpp:855]3205485 AssemblePlatformInfoVector:"The platform info os soc version[Ascend310B2] has been initialized."
[DEBUG] FE(3205485,python):2025-06-19-16:18:22.394.211 [platform_infos_lite_impl.cpp:305]3205485 InitializeSingleNormal:"Cannot find key CounterWorkspaceSize in old platform infos, label DSARandom."
[DEBUG] FE(3205485,python):2025-06-19-16:18:22.394.217 [platform_infos_lite_impl.cpp:305]3205485 InitializeSingleNormal:"Cannot find key jit_compile_mode in old platform infos, label SoftwareSpec."
[DEBUG] FE(3205485,python):2025-06-19-16:18:22.394.329 [platform_info.cpp:855]3205485 AssemblePlatformInfoVector:"The platform info os soc version[Ascend310B3] has been initialized."
[DEBUG] FE(3205485,python):2025-06-19-16:18:22.396.614 [platform_infos_lite_impl.cpp:305]3205485 InitializeSingleNormal:"Cannot find key CounterWorkspaceSize in old platform infos, label DSARandom."
[DEBUG] FE(3205485,python):2025-06-19-16:18:22.396.619 [platform_infos_lite_impl.cpp:305]3205485 InitializeSingleNormal:"Cannot find key jit_compile_mode in old platform infos, label SoftwareSpec."
[DEBUG] FE(3205485,python):2025-06-19-16:18:22.396.721 [platform_info.cpp:855]3205485 AssemblePlatformInfoVector:"The platform info os soc version[Ascend310B4] has been initialized."
[DEBUG] FE(3205485,python):2025-06-19-16:18:22.399.776 [platform_infos_lite_impl.cpp:305]3205485 InitializeSingleNormal:"Cannot find key CounterWorkspaceSize in old platform infos, label DSARandom."
[DEBUG] FE(3205485,python):2025-06-19-16:18:22.399.786 [platform_infos_lite_impl.cpp:305]3205485 InitializeSingleNormal:"Cannot find key jit_compile_mode in old platform infos, label SoftwareSpec."
[DEBUG] FE(3205485,python):2025-06-19-16:18:22.399.900 [platform_info.cpp:855]3205485 AssemblePlatformInfoVector:"The platform info os soc version[AS31XM1X] has been initialized."
[DEBUG] FE(3205485,python):2025-06-19-16:18:22.401.670 [platform_infos_lite_impl.cpp:305]3205485 InitializeSingleNormal:"Cannot find key CounterWorkspaceSize in old platform infos, label DSARandom."
[DEBUG] FE(3205485,python):2025-06-19-16:18:22.401.679 [platform_infos_lite_impl.cpp:305]3205485 InitializeSingleNormal:"Cannot find key jit_compile_mode in old platform infos, label SoftwareSpec."
[DEBUG] FE(3205485,python):2025-06-19-16:18:22.401.760 [platform_info.cpp:855]3205485 AssemblePlatformInfoVector:"The platform info os soc version[Ascend610] has been initialized."
[DEBUG] FE(3205485,python):2025-06-19-16:18:22.403.694 [platform_infos_lite_impl.cpp:305]3205485 InitializeSingleNormal:"Cannot find key CounterWorkspaceSize in old platform infos, label DSARandom."
[DEBUG] FE(3205485,python):2025-06-19-16:18:22.403.704 [platform_infos_lite_impl.cpp:305]3205485 InitializeSingleNormal:"Cannot find key jit_compile_mode in old platform infos, label SoftwareSpec."
[DEBUG] FE(3205485,python):2025-06-19-16:18:22.403.707 [platform_infos_lite_impl.cpp:305]3205485 InitializeSingleNormal:"Cannot find key ddr_rate in old platform infos, label VectorCoreMemoryRates."
[DEBUG] FE(3205485,python):2025-06-19-16:18:22.403.709 [platform_infos_lite_impl.cpp:305]3205485 InitializeSingleNormal:"Cannot find key vec_freq in old platform infos, label VectorCoreSpec."
[DEBUG] FE(3205485,python):2025-06-19-16:18:22.403.789 [platform_info.cpp:855]3205485 AssemblePlatformInfoVector:"The platform info os soc version[Ascend610Lite] has been initialized."
[DEBUG] FE(3205485,python):2025-06-19-16:18:22.405.727 [platform_infos_lite_impl.cpp:305]3205485 InitializeSingleNormal:"Cannot find key CounterWorkspaceSize in old platform infos, label DSARandom."
[DEBUG] FE(3205485,python):2025-06-19-16:18:22.405.734 [platform_infos_lite_impl.cpp:305]3205485 InitializeSingleNormal:"Cannot find key jit_compile_mode in old platform infos, label SoftwareSpec."
[DEBUG] FE(3205485,python):2025-06-19-16:18:22.405.736 [platform_infos_lite_impl.cpp:305]3205485 InitializeSingleNormal:"Cannot find key ddr_rate in old platform infos, label VectorCoreMemoryRates."
[DEBUG] FE(3205485,python):2025-06-19-16:18:22.405.738 [platform_infos_lite_impl.cpp:305]3205485 InitializeSingleNormal:"Cannot find key vec_freq in old platform infos, label VectorCoreSpec."
[DEBUG] FE(3205485,python):2025-06-19-16:18:22.405.814 [platform_info.cpp:855]3205485 AssemblePlatformInfoVector:"The platform info os soc version[BS9SX2AA] has been initialized."
[DEBUG] FE(3205485,python):2025-06-19-16:18:22.407.751 [platform_infos_lite_impl.cpp:305]3205485 InitializeSingleNormal:"Cannot find key CounterWorkspaceSize in old platform infos, label DSARandom."
[DEBUG] FE(3205485,python):2025-06-19-16:18:22.407.760 [platform_infos_lite_impl.cpp:305]3205485 InitializeSingleNormal:"Cannot find key jit_compile_mode in old platform infos, label SoftwareSpec."
[DEBUG] FE(3205485,python):2025-06-19-16:18:22.407.763 [platform_infos_lite_impl.cpp:305]3205485 InitializeSingleNormal:"Cannot find key ddr_rate in old platform infos, label VectorCoreMemoryRates."
[DEBUG] FE(3205485,python):2025-06-19-16:18:22.407.766 [platform_infos_lite_impl.cpp:305]3205485 InitializeSingleNormal:"Cannot find key vec_freq in old platform infos, label VectorCoreSpec."
[DEBUG] FE(3205485,python):2025-06-19-16:18:22.407.863 [platform_info.cpp:855]3205485 AssemblePlatformInfoVector:"The platform info os soc version[BS9SX2AB] has been initialized."
[DEBUG] FE(3205485,python):2025-06-19-16:18:22.410.012 [platform_infos_lite_impl.cpp:305]3205485 InitializeSingleNormal:"Cannot find key CounterWorkspaceSize in old platform infos, label DSARandom."
[DEBUG] FE(3205485,python):2025-06-19-16:18:22.410.021 [platform_infos_lite_impl.cpp:305]3205485 InitializeSingleNormal:"Cannot find key jit_compile_mode in old platform infos, label SoftwareSpec."
[DEBUG] FE(3205485,python):2025-06-19-16:18:22.410.024 [platform_infos_lite_impl.cpp:305]3205485 InitializeSingleNormal:"Cannot find key ddr_rate in old platform infos, label VectorCoreMemoryRates."
[DEBUG] FE(3205485,python):2025-06-19-16:18:22.410.026 [platform_infos_lite_impl.cpp:305]3205485 InitializeSingleNormal:"Cannot find key vec_freq in old platform infos, label VectorCoreSpec."
[DEBUG] FE(3205485,python):2025-06-19-16:18:22.410.107 [platform_info.cpp:855]3205485 AssemblePlatformInfoVector:"The platform info os soc version[MC61AM21AA] has been initialized."
[DEBUG] FE(3205485,python):2025-06-19-16:18:22.412.174 [platform_infos_lite_impl.cpp:305]3205485 InitializeSingleNormal:"Cannot find key CounterWorkspaceSize in old platform infos, label DSARandom."
[DEBUG] FE(3205485,python):2025-06-19-16:18:22.412.182 [platform_infos_lite_impl.cpp:305]3205485 InitializeSingleNormal:"Cannot find key jit_compile_mode in old platform infos, label SoftwareSpec."
[DEBUG] FE(3205485,python):2025-06-19-16:18:22.412.185 [platform_infos_lite_impl.cpp:305]3205485 InitializeSingleNormal:"Cannot find key ddr_rate in old platform infos, label VectorCoreMemoryRates."
[DEBUG] FE(3205485,python):2025-06-19-16:18:22.412.187 [platform_infos_lite_impl.cpp:305]3205485 InitializeSingleNormal:"Cannot find key vec_freq in old platform infos, label VectorCoreSpec."
[DEBUG] FE(3205485,python):2025-06-19-16:18:22.412.263 [platform_info.cpp:855]3205485 AssemblePlatformInfoVector:"The platform info os soc version[MC61AM21AB] has been initialized."
[DEBUG] FE(3205485,python):2025-06-19-16:18:22.413.854 [platform_infos_lite_impl.cpp:305]3205485 InitializeSingleNormal:"Cannot find key CounterWorkspaceSize in old platform infos, label DSARandom."
[DEBUG] FE(3205485,python):2025-06-19-16:18:22.413.859 [platform_infos_lite_impl.cpp:305]3205485 InitializeSingleNormal:"Cannot find key jit_compile_mode in old platform infos, label SoftwareSpec."
[DEBUG] FE(3205485,python):2025-06-19-16:18:22.413.937 [platform_info.cpp:855]3205485 AssemblePlatformInfoVector:"The platform info os soc version[BS9SX1AA] has been initialized."
[DEBUG] FE(3205485,python):2025-06-19-16:18:22.415.479 [platform_infos_lite_impl.cpp:305]3205485 InitializeSingleNormal:"Cannot find key CounterWorkspaceSize in old platform infos, label DSARandom."
[DEBUG] FE(3205485,python):2025-06-19-16:18:22.415.484 [platform_infos_lite_impl.cpp:305]3205485 InitializeSingleNormal:"Cannot find key jit_compile_mode in old platform infos, label SoftwareSpec."
[DEBUG] FE(3205485,python):2025-06-19-16:18:22.415.560 [platform_info.cpp:855]3205485 AssemblePlatformInfoVector:"The platform info os soc version[BS9SX1AB] has been initialized."
[DEBUG] FE(3205485,python):2025-06-19-16:18:22.417.065 [platform_infos_lite_impl.cpp:305]3205485 InitializeSingleNormal:"Cannot find key CounterWorkspaceSize in old platform infos, label DSARandom."
[DEBUG] FE(3205485,python):2025-06-19-16:18:22.417.070 [platform_infos_lite_impl.cpp:305]3205485 InitializeSingleNormal:"Cannot find key jit_compile_mode in old platform infos, label SoftwareSpec."
[DEBUG] FE(3205485,python):2025-06-19-16:18:22.417.146 [platform_info.cpp:855]3205485 AssemblePlatformInfoVector:"The platform info os soc version[BS9SX1AC] has been initialized."
[DEBUG] FE(3205485,python):2025-06-19-16:18:22.418.315 [platform_infos_lite_impl.cpp:305]3205485 InitializeSingleNormal:"Cannot find key CounterWorkspaceSize in old platform infos, label DSARandom."
[DEBUG] FE(3205485,python):2025-06-19-16:18:22.418.320 [platform_infos_lite_impl.cpp:305]3205485 InitializeSingleNormal:"Cannot find key jit_compile_mode in old platform infos, label SoftwareSpec."
[DEBUG] FE(3205485,python):2025-06-19-16:18:22.418.411 [platform_info.cpp:855]3205485 AssemblePlatformInfoVector:"The platform info os soc version[Ascend310P3] has been initialized."
[DEBUG] FE(3205485,python):2025-06-19-16:18:22.419.557 [platform_infos_lite_impl.cpp:305]3205485 InitializeSingleNormal:"Cannot find key CounterWorkspaceSize in old platform infos, label DSARandom."
[DEBUG] FE(3205485,python):2025-06-19-16:18:22.419.562 [platform_infos_lite_impl.cpp:305]3205485 InitializeSingleNormal:"Cannot find key jit_compile_mode in old platform infos, label SoftwareSpec."
[DEBUG] FE(3205485,python):2025-06-19-16:18:22.419.626 [platform_info.cpp:855]3205485 AssemblePlatformInfoVector:"The platform info os soc version[Ascend310P1] has been initialized."
[DEBUG] FE(3205485,python):2025-06-19-16:18:22.420.161 [platform_infos_lite_impl.cpp:305]3205485 InitializeSingleNormal:"Cannot find key CounterWorkspaceSize in old platform infos, label DSARandom."
[DEBUG] FE(3205485,python):2025-06-19-16:18:22.420.166 [platform_infos_lite_impl.cpp:305]3205485 InitializeSingleNormal:"Cannot find key jit_compile_mode in old platform infos, label SoftwareSpec."
[DEBUG] FE(3205485,python):2025-06-19-16:18:22.420.168 [platform_infos_lite_impl.cpp:305]3205485 InitializeSingleNormal:"Cannot find key ddr_rate in old platform infos, label VectorCoreMemoryRates."
[DEBUG] FE(3205485,python):2025-06-19-16:18:22.420.169 [platform_infos_lite_impl.cpp:305]3205485 InitializeSingleNormal:"Cannot find key vec_freq in old platform infos, label VectorCoreSpec."
[DEBUG] FE(3205485,python):2025-06-19-16:18:22.420.202 [platform_info.cpp:855]3205485 AssemblePlatformInfoVector:"The platform info os soc version[Ascend910A] has been initialized."
[DEBUG] FE(3205485,python):2025-06-19-16:18:22.420.708 [platform_infos_lite_impl.cpp:305]3205485 InitializeSingleNormal:"Cannot find key CounterWorkspaceSize in old platform infos, label DSARandom."
[DEBUG] FE(3205485,python):2025-06-19-16:18:22.420.713 [platform_infos_lite_impl.cpp:305]3205485 InitializeSingleNormal:"Cannot find key jit_compile_mode in old platform infos, label SoftwareSpec."
[DEBUG] FE(3205485,python):2025-06-19-16:18:22.420.715 [platform_infos_lite_impl.cpp:305]3205485 InitializeSingleNormal:"Cannot find key ddr_rate in old platform infos, label VectorCoreMemoryRates."
[DEBUG] FE(3205485,python):2025-06-19-16:18:22.420.716 [platform_infos_lite_impl.cpp:305]3205485 InitializeSingleNormal:"Cannot find key vec_freq in old platform infos, label VectorCoreSpec."
[DEBUG] FE(3205485,python):2025-06-19-16:18:22.420.750 [platform_info.cpp:855]3205485 AssemblePlatformInfoVector:"The platform info os soc version[Ascend910B] has been initialized."
[DEBUG] FE(3205485,python):2025-06-19-16:18:22.421.264 [platform_infos_lite_impl.cpp:305]3205485 InitializeSingleNormal:"Cannot find key CounterWorkspaceSize in old platform infos, label DSARandom."
[DEBUG] FE(3205485,python):2025-06-19-16:18:22.421.268 [platform_infos_lite_impl.cpp:305]3205485 InitializeSingleNormal:"Cannot find key jit_compile_mode in old platform infos, label SoftwareSpec."
[DEBUG] FE(3205485,python):2025-06-19-16:18:22.421.270 [platform_infos_lite_impl.cpp:305]3205485 InitializeSingleNormal:"Cannot find key ddr_rate in old platform infos, label VectorCoreMemoryRates."
[DEBUG] FE(3205485,python):2025-06-19-16:18:22.421.272 [platform_infos_lite_impl.cpp:305]3205485 InitializeSingleNormal:"Cannot find key vec_freq in old platform infos, label VectorCoreSpec."
[DEBUG] FE(3205485,python):2025-06-19-16:18:22.421.302 [platform_info.cpp:855]3205485 AssemblePlatformInfoVector:"The platform info os soc version[Ascend910PremiumA] has been initialized."
[DEBUG] FE(3205485,python):2025-06-19-16:18:22.421.800 [platform_infos_lite_impl.cpp:305]3205485 InitializeSingleNormal:"Cannot find key CounterWorkspaceSize in old platform infos, label DSARandom."
[DEBUG] FE(3205485,python):2025-06-19-16:18:22.421.804 [platform_infos_lite_impl.cpp:305]3205485 InitializeSingleNormal:"Cannot find key jit_compile_mode in old platform infos, label SoftwareSpec."
[DEBUG] FE(3205485,python):2025-06-19-16:18:22.421.806 [platform_infos_lite_impl.cpp:305]3205485 InitializeSingleNormal:"Cannot find key ddr_rate in old platform infos, label VectorCoreMemoryRates."
[DEBUG] FE(3205485,python):2025-06-19-16:18:22.421.808 [platform_infos_lite_impl.cpp:305]3205485 InitializeSingleNormal:"Cannot find key vec_freq in old platform infos, label VectorCoreSpec."
[DEBUG] FE(3205485,python):2025-06-19-16:18:22.421.839 [platform_info.cpp:855]3205485 AssemblePlatformInfoVector:"The platform info os soc version[Ascend910ProA] has been initialized."
[DEBUG] FE(3205485,python):2025-06-19-16:18:22.422.333 [platform_infos_lite_impl.cpp:305]3205485 InitializeSingleNormal:"Cannot find key CounterWorkspaceSize in old platform infos, label DSARandom."
[DEBUG] FE(3205485,python):2025-06-19-16:18:22.422.337 [platform_infos_lite_impl.cpp:305]3205485 InitializeSingleNormal:"Cannot find key jit_compile_mode in old platform infos, label SoftwareSpec."
[DEBUG] FE(3205485,python):2025-06-19-16:18:22.422.339 [platform_infos_lite_impl.cpp:305]3205485 InitializeSingleNormal:"Cannot find key ddr_rate in old platform infos, label VectorCoreMemoryRates."
[DEBUG] FE(3205485,python):2025-06-19-16:18:22.422.341 [platform_infos_lite_impl.cpp:305]3205485 InitializeSingleNormal:"Cannot find key vec_freq in old platform infos, label VectorCoreSpec."
[DEBUG] FE(3205485,python):2025-06-19-16:18:22.422.381 [platform_info.cpp:855]3205485 AssemblePlatformInfoVector:"The platform info os soc version[Ascend910ProB] has been initialized."
[DEBUG] FE(3205485,python):2025-06-19-16:18:22.423.384 [platform_infos_lite_impl.cpp:305]3205485 InitializeSingleNormal:"Cannot find key jit_compile_default_value in old platform infos, label SoftwareSpec."
[DEBUG] FE(3205485,python):2025-06-19-16:18:22.423.386 [platform_infos_lite_impl.cpp:305]3205485 InitializeSingleNormal:"Cannot find key jit_compile_mode in old platform infos, label SoftwareSpec."
[DEBUG] FE(3205485,python):2025-06-19-16:18:22.423.388 [platform_infos_lite_impl.cpp:305]3205485 InitializeSingleNormal:"Cannot find key ddr_rate in old platform infos, label VectorCoreMemoryRates."
[DEBUG] FE(3205485,python):2025-06-19-16:18:22.423.390 [platform_infos_lite_impl.cpp:305]3205485 InitializeSingleNormal:"Cannot find key vec_freq in old platform infos, label VectorCoreSpec."
[DEBUG] FE(3205485,python):2025-06-19-16:18:22.423.461 [platform_info.cpp:855]3205485 AssemblePlatformInfoVector:"The platform info os soc version[Ascend910B1] has been initialized."
[DEBUG] FE(3205485,python):2025-06-19-16:18:22.424.450 [platform_infos_lite_impl.cpp:305]3205485 InitializeSingleNormal:"Cannot find key jit_compile_default_value in old platform infos, label SoftwareSpec."
[DEBUG] FE(3205485,python):2025-06-19-16:18:22.424.452 [platform_infos_lite_impl.cpp:305]3205485 InitializeSingleNormal:"Cannot find key jit_compile_mode in old platform infos, label SoftwareSpec."
[DEBUG] FE(3205485,python):2025-06-19-16:18:22.424.454 [platform_infos_lite_impl.cpp:305]3205485 InitializeSingleNormal:"Cannot find key ddr_rate in old platform infos, label VectorCoreMemoryRates."
[DEBUG] FE(3205485,python):2025-06-19-16:18:22.424.456 [platform_infos_lite_impl.cpp:305]3205485 InitializeSingleNormal:"Cannot find key vec_freq in old platform infos, label VectorCoreSpec."
[DEBUG] FE(3205485,python):2025-06-19-16:18:22.424.512 [platform_info.cpp:855]3205485 AssemblePlatformInfoVector:"The platform info os soc version[Ascend910B2] has been initialized."
[DEBUG] FE(3205485,python):2025-06-19-16:18:22.425.498 [platform_infos_lite_impl.cpp:305]3205485 InitializeSingleNormal:"Cannot find key jit_compile_default_value in old platform infos, label SoftwareSpec."
[DEBUG] FE(3205485,python):2025-06-19-16:18:22.425.500 [platform_infos_lite_impl.cpp:305]3205485 InitializeSingleNormal:"Cannot find key jit_compile_mode in old platform infos, label SoftwareSpec."
[DEBUG] FE(3205485,python):2025-06-19-16:18:22.425.501 [platform_infos_lite_impl.cpp:305]3205485 InitializeSingleNormal:"Cannot find key ddr_rate in old platform infos, label VectorCoreMemoryRates."
[DEBUG] FE(3205485,python):2025-06-19-16:18:22.425.503 [platform_infos_lite_impl.cpp:305]3205485 InitializeSingleNormal:"Cannot find key vec_freq in old platform infos, label VectorCoreSpec."
[DEBUG] FE(3205485,python):2025-06-19-16:18:22.425.562 [platform_info.cpp:855]3205485 AssemblePlatformInfoVector:"The platform info os soc version[Ascend910B3] has been initialized."
[DEBUG] FE(3205485,python):2025-06-19-16:18:22.426.547 [platform_infos_lite_impl.cpp:305]3205485 InitializeSingleNormal:"Cannot find key jit_compile_default_value in old platform infos, label SoftwareSpec."
[DEBUG] FE(3205485,python):2025-06-19-16:18:22.426.549 [platform_infos_lite_impl.cpp:305]3205485 InitializeSingleNormal:"Cannot find key jit_compile_mode in old platform infos, label SoftwareSpec."
[DEBUG] FE(3205485,python):2025-06-19-16:18:22.426.551 [platform_infos_lite_impl.cpp:305]3205485 InitializeSingleNormal:"Cannot find key ddr_rate in old platform infos, label VectorCoreMemoryRates."
[DEBUG] FE(3205485,python):2025-06-19-16:18:22.426.553 [platform_infos_lite_impl.cpp:305]3205485 InitializeSingleNormal:"Cannot find key vec_freq in old platform infos, label VectorCoreSpec."
[DEBUG] FE(3205485,python):2025-06-19-16:18:22.426.610 [platform_info.cpp:855]3205485 AssemblePlatformInfoVector:"The platform info os soc version[Ascend910B4] has been initialized."
[DEBUG] FE(3205485,python):2025-06-19-16:18:22.427.596 [platform_infos_lite_impl.cpp:305]3205485 InitializeSingleNormal:"Cannot find key jit_compile_default_value in old platform infos, label SoftwareSpec."
[DEBUG] FE(3205485,python):2025-06-19-16:18:22.427.598 [platform_infos_lite_impl.cpp:305]3205485 InitializeSingleNormal:"Cannot find key jit_compile_mode in old platform infos, label SoftwareSpec."
[DEBUG] FE(3205485,python):2025-06-19-16:18:22.427.599 [platform_infos_lite_impl.cpp:305]3205485 InitializeSingleNormal:"Cannot find key ddr_rate in old platform infos, label VectorCoreMemoryRates."
[DEBUG] FE(3205485,python):2025-06-19-16:18:22.427.601 [platform_infos_lite_impl.cpp:305]3205485 InitializeSingleNormal:"Cannot find key vec_freq in old platform infos, label VectorCoreSpec."
[DEBUG] FE(3205485,python):2025-06-19-16:18:22.427.657 [platform_info.cpp:855]3205485 AssemblePlatformInfoVector:"The platform info os soc version[Ascend910B4-1] has been initialized."
[WARNING] FE(3205485,python):2025-06-19-16:18:22.428.640 [platform_info.cpp:853]3205485 AssemblePlatformInfoVector:"Can not find soc info enum by Ascend910_9361."
[DEBUG] FE(3205485,python):2025-06-19-16:18:22.428.641 [platform_info.cpp:855]3205485 AssemblePlatformInfoVector:"The platform info os soc version[Ascend910_9361] has been initialized."
[DEBUG] FE(3205485,python):2025-06-19-16:18:22.429.616 [platform_infos_lite_impl.cpp:305]3205485 InitializeSingleNormal:"Cannot find key jit_compile_default_value in old platform infos, label SoftwareSpec."
[DEBUG] FE(3205485,python):2025-06-19-16:18:22.429.618 [platform_infos_lite_impl.cpp:305]3205485 InitializeSingleNormal:"Cannot find key jit_compile_mode in old platform infos, label SoftwareSpec."
[DEBUG] FE(3205485,python):2025-06-19-16:18:22.429.620 [platform_infos_lite_impl.cpp:305]3205485 InitializeSingleNormal:"Cannot find key ddr_rate in old platform infos, label VectorCoreMemoryRates."
[DEBUG] FE(3205485,python):2025-06-19-16:18:22.429.622 [platform_infos_lite_impl.cpp:305]3205485 InitializeSingleNormal:"Cannot find key vec_freq in old platform infos, label VectorCoreSpec."
[DEBUG] FE(3205485,python):2025-06-19-16:18:22.429.680 [platform_info.cpp:855]3205485 AssemblePlatformInfoVector:"The platform info os soc version[Ascend910_9372] has been initialized."
[DEBUG] FE(3205485,python):2025-06-19-16:18:22.430.679 [platform_infos_lite_impl.cpp:305]3205485 InitializeSingleNormal:"Cannot find key jit_compile_default_value in old platform infos, label SoftwareSpec."
[DEBUG] FE(3205485,python):2025-06-19-16:18:22.430.681 [platform_infos_lite_impl.cpp:305]3205485 InitializeSingleNormal:"Cannot find key jit_compile_mode in old platform infos, label SoftwareSpec."
[DEBUG] FE(3205485,python):2025-06-19-16:18:22.430.683 [platform_infos_lite_impl.cpp:305]3205485 InitializeSingleNormal:"Cannot find key ddr_rate in old platform infos, label VectorCoreMemoryRates."
[DEBUG] FE(3205485,python):2025-06-19-16:18:22.430.684 [platform_infos_lite_impl.cpp:305]3205485 InitializeSingleNormal:"Cannot find key vec_freq in old platform infos, label VectorCoreSpec."
[DEBUG] FE(3205485,python):2025-06-19-16:18:22.430.741 [platform_info.cpp:855]3205485 AssemblePlatformInfoVector:"The platform info os soc version[Ascend910_9381] has been initialized."
[WARNING] FE(3205485,python):2025-06-19-16:18:22.431.717 [platform_info.cpp:853]3205485 AssemblePlatformInfoVector:"Can not find soc info enum by Ascend910_9382."
[DEBUG] FE(3205485,python):2025-06-19-16:18:22.431.719 [platform_info.cpp:855]3205485 AssemblePlatformInfoVector:"The platform info os soc version[Ascend910_9382] has been initialized."
[DEBUG] FE(3205485,python):2025-06-19-16:18:22.432.701 [platform_infos_lite_impl.cpp:305]3205485 InitializeSingleNormal:"Cannot find key jit_compile_default_value in old platform infos, label SoftwareSpec."
[DEBUG] FE(3205485,python):2025-06-19-16:18:22.432.703 [platform_infos_lite_impl.cpp:305]3205485 InitializeSingleNormal:"Cannot find key jit_compile_mode in old platform infos, label SoftwareSpec."
[DEBUG] FE(3205485,python):2025-06-19-16:18:22.432.705 [platform_infos_lite_impl.cpp:305]3205485 InitializeSingleNormal:"Cannot find key ddr_rate in old platform infos, label VectorCoreMemoryRates."
[DEBUG] FE(3205485,python):2025-06-19-16:18:22.432.707 [platform_infos_lite_impl.cpp:305]3205485 InitializeSingleNormal:"Cannot find key vec_freq in old platform infos, label VectorCoreSpec."
[DEBUG] FE(3205485,python):2025-06-19-16:18:22.432.765 [platform_info.cpp:855]3205485 AssemblePlatformInfoVector:"The platform info os soc version[Ascend910_9391] has been initialized."
[WARNING] FE(3205485,python):2025-06-19-16:18:22.433.734 [platform_info.cpp:853]3205485 AssemblePlatformInfoVector:"Can not find soc info enum by Ascend910_9392."
[DEBUG] FE(3205485,python):2025-06-19-16:18:22.433.736 [platform_info.cpp:855]3205485 AssemblePlatformInfoVector:"The platform info os soc version[Ascend910_9392] has been initialized."
[DEBUG] FE(3205485,python):2025-06-19-16:18:22.434.729 [platform_infos_lite_impl.cpp:305]3205485 InitializeSingleNormal:"Cannot find key jit_compile_default_value in old platform infos, label SoftwareSpec."
[DEBUG] FE(3205485,python):2025-06-19-16:18:22.434.732 [platform_infos_lite_impl.cpp:305]3205485 InitializeSingleNormal:"Cannot find key jit_compile_mode in old platform infos, label SoftwareSpec."
[DEBUG] FE(3205485,python):2025-06-19-16:18:22.434.734 [platform_infos_lite_impl.cpp:305]3205485 InitializeSingleNormal:"Cannot find key ddr_rate in old platform infos, label VectorCoreMemoryRates."
[DEBUG] FE(3205485,python):2025-06-19-16:18:22.434.735 [platform_infos_lite_impl.cpp:305]3205485 InitializeSingleNormal:"Cannot find key vec_freq in old platform infos, label VectorCoreSpec."
[DEBUG] FE(3205485,python):2025-06-19-16:18:22.434.793 [platform_info.cpp:855]3205485 AssemblePlatformInfoVector:"The platform info os soc version[Ascend910B2C] has been initialized."
[DEBUG] FE(3205485,python):2025-06-19-16:18:22.435.369 [platform_infos_lite_impl.cpp:305]3205485 InitializeSingleNormal:"Cannot find key CounterWorkspaceSize in old platform infos, label DSARandom."
[DEBUG] FE(3205485,python):2025-06-19-16:18:22.435.374 [platform_infos_lite_impl.cpp:305]3205485 InitializeSingleNormal:"Cannot find key jit_compile_mode in old platform infos, label SoftwareSpec."
[DEBUG] FE(3205485,python):2025-06-19-16:18:22.435.376 [platform_infos_lite_impl.cpp:305]3205485 InitializeSingleNormal:"Cannot find key ddr_rate in old platform infos, label VectorCoreMemoryRates."
[DEBUG] FE(3205485,python):2025-06-19-16:18:22.435.377 [platform_infos_lite_impl.cpp:305]3205485 InitializeSingleNormal:"Cannot find key vec_freq in old platform infos, label VectorCoreSpec."
[DEBUG] FE(3205485,python):2025-06-19-16:18:22.435.413 [platform_info.cpp:855]3205485 AssemblePlatformInfoVector:"The platform info os soc version[Hi3796CV300CS] has been initialized."
[DEBUG] FE(3205485,python):2025-06-19-16:18:22.435.947 [platform_infos_lite_impl.cpp:305]3205485 InitializeSingleNormal:"Cannot find key CounterWorkspaceSize in old platform infos, label DSARandom."
[DEBUG] FE(3205485,python):2025-06-19-16:18:22.435.951 [platform_infos_lite_impl.cpp:305]3205485 InitializeSingleNormal:"Cannot find key jit_compile_mode in old platform infos, label SoftwareSpec."
[DEBUG] FE(3205485,python):2025-06-19-16:18:22.435.953 [platform_infos_lite_impl.cpp:305]3205485 InitializeSingleNormal:"Cannot find key ddr_rate in old platform infos, label VectorCoreMemoryRates."
[DEBUG] FE(3205485,python):2025-06-19-16:18:22.435.954 [platform_infos_lite_impl.cpp:305]3205485 InitializeSingleNormal:"Cannot find key vec_freq in old platform infos, label VectorCoreSpec."
[DEBUG] FE(3205485,python):2025-06-19-16:18:22.435.988 [platform_info.cpp:855]3205485 AssemblePlatformInfoVector:"The platform info os soc version[Hi3796CV300ES] has been initialized."
[DEBUG] FE(3205485,python):2025-06-19-16:18:22.436.529 [platform_infos_lite_impl.cpp:305]3205485 InitializeSingleNormal:"Cannot find key CounterWorkspaceSize in old platform infos, label DSARandom."
[DEBUG] FE(3205485,python):2025-06-19-16:18:22.436.533 [platform_infos_lite_impl.cpp:305]3205485 InitializeSingleNormal:"Cannot find key jit_compile_mode in old platform infos, label SoftwareSpec."
[DEBUG] FE(3205485,python):2025-06-19-16:18:22.436.535 [platform_infos_lite_impl.cpp:305]3205485 InitializeSingleNormal:"Cannot find key ddr_rate in old platform infos, label VectorCoreMemoryRates."
[DEBUG] FE(3205485,python):2025-06-19-16:18:22.436.536 [platform_infos_lite_impl.cpp:305]3205485 InitializeSingleNormal:"Cannot find key vec_freq in old platform infos, label VectorCoreSpec."
[DEBUG] FE(3205485,python):2025-06-19-16:18:22.436.572 [platform_info.cpp:855]3205485 AssemblePlatformInfoVector:"The platform info os soc version[SD3403] has been initialized."
[INFO] TBE(3205485,python):2025-06-19-16:18:22.665.403 [../../../../../../latest/python/site-packages/tbe/common/register/fusion_pass_mgr.py:59][decorator] Fusion pass[conv2d_data_rm_build_pass] of stage[InvokeStage.STAGE_BUILD] priority[Priority.NORMAL] has been registered.
[INFO] TBE(3205485,python):2025-06-19-16:18:22.665.700 [../../../../../../latest/python/site-packages/tbe/common/register/fusion_pass_mgr.py:114][decorator] Fusion pass[trans_shape_of_conv3d] of op type[Conv3D] op pattern[None] stage[InvokeStage.STAGE_BUILD] priority[Priority.NORMAL] has been registered.
[INFO] TBE(3205485,python):2025-06-19-16:18:22.665.761 [../../../../../../latest/python/site-packages/tbe/common/register/fusion_pass_mgr.py:59][decorator] Fusion pass[trans_shape_depthwise_conv2d] of stage[InvokeStage.STAGE_BUILD] priority[Priority.NORMAL] has been registered.
[INFO] TBE(3205485,python):2025-06-19-16:18:22.666.015 [../../../../../../latest/python/site-packages/tbe/common/register/fusion_pass_mgr.py:114][decorator] Fusion pass[trans_shape_for_elemwise] of op type[None] op pattern[ElemWise] stage[InvokeStage.STAGE_BUILD] priority[Priority.NORMAL] has been registered.
[INFO] TBE(3205485,python):2025-06-19-16:18:22.666.072 [../../../../../../latest/python/site-packages/tbe/common/register/fusion_pass_mgr.py:114][decorator] Fusion pass[trans_shape_for_broadcast] of op type[None] op pattern[Broadcast] stage[InvokeStage.STAGE_BUILD] priority[Priority.NORMAL] has been registered.
[INFO] TBE(3205485,python):2025-06-19-16:18:22.666.117 [../../../../../../latest/python/site-packages/tbe/common/register/fusion_pass_mgr.py:114][decorator] Fusion pass[trans_shape_of_biasadd] of op type[BiasAdd] op pattern[None] stage[InvokeStage.STAGE_BUILD] priority[Priority.NORMAL] has been registered.
[INFO] TBE(3205485,python):2025-06-19-16:18:22.666.159 [../../../../../../latest/python/site-packages/tbe/common/register/fusion_pass_mgr.py:114][decorator] Fusion pass[trans_shape_of_requant_s16] of op type[AscendRequantS16] op pattern[None] stage[InvokeStage.STAGE_BUILD] priority[Priority.NORMAL] has been registered.
[INFO] TBE(3205485,python):2025-06-19-16:18:22.666.198 [../../../../../../latest/python/site-packages/tbe/common/register/fusion_pass_mgr.py:114][decorator] Fusion pass[trans_shape_of_bninference] of op type[BNInferenceD] op pattern[None] stage[InvokeStage.STAGE_BUILD] priority[Priority.NORMAL] has been registered.
[INFO] TBE(3205485,python):2025-06-19-16:18:22.666.545 [../../../../../../latest/python/site-packages/tbe/common/register/fusion_pass_mgr.py:114][decorator] Fusion pass[trans_shape_fully_connection] of op type[FullyConnection] op pattern[None] stage[InvokeStage.STAGE_BUILD] priority[Priority.NORMAL] has been registered.
[INFO] TBE(3205485,python):2025-06-19-16:18:22.666.592 [../../../../../../latest/python/site-packages/tbe/common/register/fusion_pass_mgr.py:114][decorator] Fusion pass[trans_shape_fully_connection_compress] of op type[FullyConnectionCompress] op pattern[None] stage[InvokeStage.STAGE_BUILD] priority[Priority.NORMAL] has been registered.
[INFO] TBE(3205485,python):2025-06-19-16:18:22.666.814 [../../../../../../latest/python/site-packages/tbe/common/register/fusion_pass_mgr.py:114][decorator] Fusion pass[trans_matmul_bias_shape] of op type[MatMulV2] op pattern[None] stage[InvokeStage.STAGE_BUILD] priority[Priority.NORMAL] has been registered.
[INFO] TBE(3205485,python):2025-06-19-16:18:22.666.857 [../../../../../../latest/python/site-packages/tbe/common/register/fusion_pass_mgr.py:114][decorator] Fusion pass[trans_matmul_bias_shape] of op type[MatMul] op pattern[None] stage[InvokeStage.STAGE_BUILD] priority[Priority.NORMAL] has been registered.
[INFO] TBE(3205485,python):2025-06-19-16:18:22.666.937 [../../../../../../latest/python/site-packages/tbe/common/register/fusion_pass_mgr.py:114][decorator] Fusion pass[trans_matmulcompress_bias_shape] of op type[MatMulV2Compress] op pattern[None] stage[InvokeStage.STAGE_BUILD] priority[Priority.NORMAL] has been registered.
[INFO] TBE(3205485,python):2025-06-19-16:18:22.666.979 [../../../../../../latest/python/site-packages/tbe/common/register/fusion_pass_mgr.py:114][decorator] Fusion pass[trans_batch_matmul_shape] of op type[BatchMatMulV2] op pattern[None] stage[InvokeStage.STAGE_BUILD] priority[Priority.NORMAL] has been registered.
[INFO] TBE(3205485,python):2025-06-19-16:18:22.667.053 [../../../../../../latest/python/site-packages/tbe/common/register/fusion_pass_mgr.py:114][decorator] Fusion pass[trans_batch_matmul_shape] of op type[BatchMatMul] op pattern[None] stage[InvokeStage.STAGE_BUILD] priority[Priority.NORMAL] has been registered.
[INFO] TBE(3205485,python):2025-06-19-16:18:22.667.096 [../../../../../../latest/python/site-packages/tbe/common/register/fusion_pass_mgr.py:114][decorator] Fusion pass[trans_shape_transdata_fixpipe] of op type[None] op pattern[BatchMatmul] stage[InvokeStage.STAGE_BUILD] priority[Priority.NORMAL] has been registered.
[WARNING] TBE(3205485,python):2025-06-19-16:18:22.719.078 [../../../../../../latest/python/site-packages/te/platform/cce_policy.py:50][OpImplPolicy] te.platform.cce_policy.OpImplPolicy is deprecated, use te_fusion.fusion_util.OpImplPolicy instead.
[DEBUG] TBE(3205485,python):2025-06-19-16:18:23.025.592 [../../../../../../latest/python/site-packages/tbe/common/rl_bank/rl_op_filter.py:287][_is_tune_all_op] RL filter info: is_tune_all_op: False
[INFO] TBE(3205485,python):2025-06-19-16:18:23.103.102 [../../../../../../latest/python/site-packages/tbe/common/rl_bank/dynamic_op_filter.py:373][_need_to_tune_all_op] Auto search dynamic filter info: tune_all_op is False.
[INFO] TBE(3205485,python):2025-06-19-16:18:23.121.805 [../../../../../../latest/python/site-packages/tbe/common/repository_manager/utils/repository_manager_log.py:30][log] [../../../../../../latest/python/site-packages/tbe/common/repository_manager/route.py:266][repository_manager] task_distribute process[3205485] running!
