[DEBUG] DRV(3205484,python):2025-06-19-16:18:22.045.175 [hdc_client.c:130][ascend][curpid:3205484,3205484][drv][hdc][drvHdcClientCreate]Create client success.
[DEBUG] FE(3205484,python):2025-06-19-16:18:22.361.421 [platform_infos_lite_impl.cpp:305]3205484 InitializeSingleNormal:"Cannot find key CounterWorkspaceSize in old platform infos, label DSARandom."
[DEBUG] FE(3205484,python):2025-06-19-16:18:22.361.431 [platform_infos_lite_impl.cpp:305]3205484 InitializeSingleNormal:"Cannot find key jit_compile_mode in old platform infos, label SoftwareSpec."
[DEBUG] FE(3205484,python):2025-06-19-16:18:22.361.523 [platform_info.cpp:855]3205484 AssemblePlatformInfoVector:"The platform info os soc version[Ascend031] has been initialized."
[DEBUG] FE(3205484,python):2025-06-19-16:18:22.361.961 [platform_infos_lite_impl.cpp:305]3205484 InitializeSingleNormal:"Cannot find key ddr_rate in old platform infos, label AICoreMemoryRates."
[DEBUG] FE(3205484,python):2025-06-19-16:18:22.361.967 [platform_infos_lite_impl.cpp:305]3205484 InitializeSingleNormal:"Cannot find key CounterWorkspaceSize in old platform infos, label DSARandom."
[DEBUG] FE(3205484,python):2025-06-19-16:18:22.361.972 [platform_infos_lite_impl.cpp:305]3205484 InitializeSingleNormal:"Cannot find key jit_compile_mode in old platform infos, label SoftwareSpec."
[DEBUG] FE(3205484,python):2025-06-19-16:18:22.361.974 [platform_infos_lite_impl.cpp:305]3205484 InitializeSingleNormal:"Cannot find key ddr_rate in old platform infos, label VectorCoreMemoryRates."
[DEBUG] FE(3205484,python):2025-06-19-16:18:22.361.975 [platform_infos_lite_impl.cpp:305]3205484 InitializeSingleNormal:"Cannot find key vec_freq in old platform infos, label VectorCoreSpec."
[DEBUG] FE(3205484,python):2025-06-19-16:18:22.361.992 [platform_info.cpp:855]3205484 AssemblePlatformInfoVector:"The platform info os soc version[Ascend035] has been initialized."
[DEBUG] FE(3205484,python):2025-06-19-16:18:22.362.431 [platform_infos_lite_impl.cpp:305]3205484 InitializeSingleNormal:"Cannot find key ddr_rate in old platform infos, label AICoreMemoryRates."
[DEBUG] FE(3205484,python):2025-06-19-16:18:22.362.437 [platform_infos_lite_impl.cpp:305]3205484 InitializeSingleNormal:"Cannot find key CounterWorkspaceSize in old platform infos, label DSARandom."
[DEBUG] FE(3205484,python):2025-06-19-16:18:22.362.441 [platform_infos_lite_impl.cpp:305]3205484 InitializeSingleNormal:"Cannot find key jit_compile_mode in old platform infos, label SoftwareSpec."
[DEBUG] FE(3205484,python):2025-06-19-16:18:22.362.443 [platform_infos_lite_impl.cpp:305]3205484 InitializeSingleNormal:"Cannot find key ddr_rate in old platform infos, label VectorCoreMemoryRates."
[DEBUG] FE(3205484,python):2025-06-19-16:18:22.362.445 [platform_infos_lite_impl.cpp:305]3205484 InitializeSingleNormal:"Cannot find key vec_freq in old platform infos, label VectorCoreSpec."
[DEBUG] FE(3205484,python):2025-06-19-16:18:22.362.465 [platform_info.cpp:855]3205484 AssemblePlatformInfoVector:"The platform info os soc version[Ascend035A] has been initialized."
[DEBUG] FE(3205484,python):2025-06-19-16:18:22.362.867 [platform_infos_lite_impl.cpp:305]3205484 InitializeSingleNormal:"Cannot find key ddr_rate in old platform infos, label AICoreMemoryRates."
[DEBUG] FE(3205484,python):2025-06-19-16:18:22.362.872 [platform_infos_lite_impl.cpp:305]3205484 InitializeSingleNormal:"Cannot find key CounterWorkspaceSize in old platform infos, label DSARandom."
[DEBUG] FE(3205484,python):2025-06-19-16:18:22.362.876 [platform_infos_lite_impl.cpp:305]3205484 InitializeSingleNormal:"Cannot find key jit_compile_mode in old platform infos, label SoftwareSpec."
[DEBUG] FE(3205484,python):2025-06-19-16:18:22.362.877 [platform_infos_lite_impl.cpp:305]3205484 InitializeSingleNormal:"Cannot find key ddr_rate in old platform infos, label VectorCoreMemoryRates."
[DEBUG] FE(3205484,python):2025-06-19-16:18:22.362.879 [platform_infos_lite_impl.cpp:305]3205484 InitializeSingleNormal:"Cannot find key vec_freq in old platform infos, label VectorCoreSpec."
[DEBUG] FE(3205484,python):2025-06-19-16:18:22.362.897 [platform_info.cpp:855]3205484 AssemblePlatformInfoVector:"The platform info os soc version[Ascend035B] has been initialized."
[DEBUG] FE(3205484,python):2025-06-19-16:18:22.363.370 [platform_infos_lite_impl.cpp:305]3205484 InitializeSingleNormal:"Cannot find key CounterWorkspaceSize in old platform infos, label DSARandom."
[DEBUG] FE(3205484,python):2025-06-19-16:18:22.363.374 [platform_infos_lite_impl.cpp:305]3205484 InitializeSingleNormal:"Cannot find key jit_compile_mode in old platform infos, label SoftwareSpec."
[DEBUG] FE(3205484,python):2025-06-19-16:18:22.363.376 [platform_infos_lite_impl.cpp:305]3205484 InitializeSingleNormal:"Cannot find key ddr_rate in old platform infos, label VectorCoreMemoryRates."
[DEBUG] FE(3205484,python):2025-06-19-16:18:22.363.377 [platform_infos_lite_impl.cpp:305]3205484 InitializeSingleNormal:"Cannot find key vec_freq in old platform infos, label VectorCoreSpec."
[DEBUG] FE(3205484,python):2025-06-19-16:18:22.363.411 [platform_info.cpp:855]3205484 AssemblePlatformInfoVector:"The platform info os soc version[Ascend310] has been initialized."
[DEBUG] FE(3205484,python):2025-06-19-16:18:22.365.788 [platform_infos_lite_impl.cpp:305]3205484 InitializeSingleNormal:"Cannot find key CounterWorkspaceSize in old platform infos, label DSARandom."
[DEBUG] FE(3205484,python):2025-06-19-16:18:22.365.794 [platform_infos_lite_impl.cpp:305]3205484 InitializeSingleNormal:"Cannot find key jit_compile_mode in old platform infos, label SoftwareSpec."
[DEBUG] FE(3205484,python):2025-06-19-16:18:22.365.900 [platform_info.cpp:855]3205484 AssemblePlatformInfoVector:"The platform info os soc version[Ascend310B1] has been initialized."
[DEBUG] FE(3205484,python):2025-06-19-16:18:22.368.299 [platform_infos_lite_impl.cpp:305]3205484 InitializeSingleNormal:"Cannot find key CounterWorkspaceSize in old platform infos, label DSARandom."
[DEBUG] FE(3205484,python):2025-06-19-16:18:22.368.305 [platform_infos_lite_impl.cpp:305]3205484 InitializeSingleNormal:"Cannot find key jit_compile_mode in old platform infos, label SoftwareSpec."
[DEBUG] FE(3205484,python):2025-06-19-16:18:22.368.410 [platform_info.cpp:855]3205484 AssemblePlatformInfoVector:"The platform info os soc version[Ascend310B2] has been initialized."
[DEBUG] FE(3205484,python):2025-06-19-16:18:22.370.825 [platform_infos_lite_impl.cpp:305]3205484 InitializeSingleNormal:"Cannot find key CounterWorkspaceSize in old platform infos, label DSARandom."
[DEBUG] FE(3205484,python):2025-06-19-16:18:22.370.830 [platform_infos_lite_impl.cpp:305]3205484 InitializeSingleNormal:"Cannot find key jit_compile_mode in old platform infos, label SoftwareSpec."
[DEBUG] FE(3205484,python):2025-06-19-16:18:22.370.938 [platform_info.cpp:855]3205484 AssemblePlatformInfoVector:"The platform info os soc version[Ascend310B3] has been initialized."
[DEBUG] FE(3205484,python):2025-06-19-16:18:22.373.348 [platform_infos_lite_impl.cpp:305]3205484 InitializeSingleNormal:"Cannot find key CounterWorkspaceSize in old platform infos, label DSARandom."
[DEBUG] FE(3205484,python):2025-06-19-16:18:22.373.356 [platform_infos_lite_impl.cpp:305]3205484 InitializeSingleNormal:"Cannot find key jit_compile_mode in old platform infos, label SoftwareSpec."
[DEBUG] FE(3205484,python):2025-06-19-16:18:22.373.464 [platform_info.cpp:855]3205484 AssemblePlatformInfoVector:"The platform info os soc version[Ascend310B4] has been initialized."
[DEBUG] FE(3205484,python):2025-06-19-16:18:22.375.880 [platform_infos_lite_impl.cpp:305]3205484 InitializeSingleNormal:"Cannot find key CounterWorkspaceSize in old platform infos, label DSARandom."
[DEBUG] FE(3205484,python):2025-06-19-16:18:22.375.886 [platform_infos_lite_impl.cpp:305]3205484 InitializeSingleNormal:"Cannot find key jit_compile_mode in old platform infos, label SoftwareSpec."
[DEBUG] FE(3205484,python):2025-06-19-16:18:22.375.993 [platform_info.cpp:855]3205484 AssemblePlatformInfoVector:"The platform info os soc version[AS31XM1X] has been initialized."
[DEBUG] FE(3205484,python):2025-06-19-16:18:22.377.205 [platform_infos_lite_impl.cpp:305]3205484 InitializeSingleNormal:"Cannot find key CounterWorkspaceSize in old platform infos, label DSARandom."
[DEBUG] FE(3205484,python):2025-06-19-16:18:22.377.210 [platform_infos_lite_impl.cpp:305]3205484 InitializeSingleNormal:"Cannot find key jit_compile_mode in old platform infos, label SoftwareSpec."
[DEBUG] FE(3205484,python):2025-06-19-16:18:22.377.279 [platform_info.cpp:855]3205484 AssemblePlatformInfoVector:"The platform info os soc version[Ascend610] has been initialized."
[DEBUG] FE(3205484,python):2025-06-19-16:18:22.378.657 [platform_infos_lite_impl.cpp:305]3205484 InitializeSingleNormal:"Cannot find key CounterWorkspaceSize in old platform infos, label DSARandom."
[DEBUG] FE(3205484,python):2025-06-19-16:18:22.378.663 [platform_infos_lite_impl.cpp:305]3205484 InitializeSingleNormal:"Cannot find key jit_compile_mode in old platform infos, label SoftwareSpec."
[DEBUG] FE(3205484,python):2025-06-19-16:18:22.378.665 [platform_infos_lite_impl.cpp:305]3205484 InitializeSingleNormal:"Cannot find key ddr_rate in old platform infos, label VectorCoreMemoryRates."
[DEBUG] FE(3205484,python):2025-06-19-16:18:22.378.667 [platform_infos_lite_impl.cpp:305]3205484 InitializeSingleNormal:"Cannot find key vec_freq in old platform infos, label VectorCoreSpec."
[DEBUG] FE(3205484,python):2025-06-19-16:18:22.378.728 [platform_info.cpp:855]3205484 AssemblePlatformInfoVector:"The platform info os soc version[Ascend610Lite] has been initialized."
[DEBUG] FE(3205484,python):2025-06-19-16:18:22.380.073 [platform_infos_lite_impl.cpp:305]3205484 InitializeSingleNormal:"Cannot find key CounterWorkspaceSize in old platform infos, label DSARandom."
[DEBUG] FE(3205484,python):2025-06-19-16:18:22.380.079 [platform_infos_lite_impl.cpp:305]3205484 InitializeSingleNormal:"Cannot find key jit_compile_mode in old platform infos, label SoftwareSpec."
[DEBUG] FE(3205484,python):2025-06-19-16:18:22.380.081 [platform_infos_lite_impl.cpp:305]3205484 InitializeSingleNormal:"Cannot find key ddr_rate in old platform infos, label VectorCoreMemoryRates."
[DEBUG] FE(3205484,python):2025-06-19-16:18:22.380.083 [platform_infos_lite_impl.cpp:305]3205484 InitializeSingleNormal:"Cannot find key vec_freq in old platform infos, label VectorCoreSpec."
[DEBUG] FE(3205484,python):2025-06-19-16:18:22.380.142 [platform_info.cpp:855]3205484 AssemblePlatformInfoVector:"The platform info os soc version[BS9SX2AA] has been initialized."
[DEBUG] FE(3205484,python):2025-06-19-16:18:22.381.480 [platform_infos_lite_impl.cpp:305]3205484 InitializeSingleNormal:"Cannot find key CounterWorkspaceSize in old platform infos, label DSARandom."
[DEBUG] FE(3205484,python):2025-06-19-16:18:22.381.485 [platform_infos_lite_impl.cpp:305]3205484 InitializeSingleNormal:"Cannot find key jit_compile_mode in old platform infos, label SoftwareSpec."
[DEBUG] FE(3205484,python):2025-06-19-16:18:22.381.487 [platform_infos_lite_impl.cpp:305]3205484 InitializeSingleNormal:"Cannot find key ddr_rate in old platform infos, label VectorCoreMemoryRates."
[DEBUG] FE(3205484,python):2025-06-19-16:18:22.381.489 [platform_infos_lite_impl.cpp:305]3205484 InitializeSingleNormal:"Cannot find key vec_freq in old platform infos, label VectorCoreSpec."
[DEBUG] FE(3205484,python):2025-06-19-16:18:22.381.549 [platform_info.cpp:855]3205484 AssemblePlatformInfoVector:"The platform info os soc version[BS9SX2AB] has been initialized."
[DEBUG] FE(3205484,python):2025-06-19-16:18:22.382.900 [platform_infos_lite_impl.cpp:305]3205484 InitializeSingleNormal:"Cannot find key CounterWorkspaceSize in old platform infos, label DSARandom."
[DEBUG] FE(3205484,python):2025-06-19-16:18:22.382.905 [platform_infos_lite_impl.cpp:305]3205484 InitializeSingleNormal:"Cannot find key jit_compile_mode in old platform infos, label SoftwareSpec."
[DEBUG] FE(3205484,python):2025-06-19-16:18:22.382.908 [platform_infos_lite_impl.cpp:305]3205484 InitializeSingleNormal:"Cannot find key ddr_rate in old platform infos, label VectorCoreMemoryRates."
[DEBUG] FE(3205484,python):2025-06-19-16:18:22.382.910 [platform_infos_lite_impl.cpp:305]3205484 InitializeSingleNormal:"Cannot find key vec_freq in old platform infos, label VectorCoreSpec."
[DEBUG] FE(3205484,python):2025-06-19-16:18:22.382.969 [platform_info.cpp:855]3205484 AssemblePlatformInfoVector:"The platform info os soc version[MC61AM21AA] has been initialized."
[DEBUG] FE(3205484,python):2025-06-19-16:18:22.384.312 [platform_infos_lite_impl.cpp:305]3205484 InitializeSingleNormal:"Cannot find key CounterWorkspaceSize in old platform infos, label DSARandom."
[DEBUG] FE(3205484,python):2025-06-19-16:18:22.384.317 [platform_infos_lite_impl.cpp:305]3205484 InitializeSingleNormal:"Cannot find key jit_compile_mode in old platform infos, label SoftwareSpec."
[DEBUG] FE(3205484,python):2025-06-19-16:18:22.384.319 [platform_infos_lite_impl.cpp:305]3205484 InitializeSingleNormal:"Cannot find key ddr_rate in old platform infos, label VectorCoreMemoryRates."
[DEBUG] FE(3205484,python):2025-06-19-16:18:22.384.321 [platform_infos_lite_impl.cpp:305]3205484 InitializeSingleNormal:"Cannot find key vec_freq in old platform infos, label VectorCoreSpec."
[DEBUG] FE(3205484,python):2025-06-19-16:18:22.384.380 [platform_info.cpp:855]3205484 AssemblePlatformInfoVector:"The platform info os soc version[MC61AM21AB] has been initialized."
[DEBUG] FE(3205484,python):2025-06-19-16:18:22.385.940 [platform_infos_lite_impl.cpp:305]3205484 InitializeSingleNormal:"Cannot find key CounterWorkspaceSize in old platform infos, label DSARandom."
[DEBUG] FE(3205484,python):2025-06-19-16:18:22.385.944 [platform_infos_lite_impl.cpp:305]3205484 InitializeSingleNormal:"Cannot find key jit_compile_mode in old platform infos, label SoftwareSpec."
[DEBUG] FE(3205484,python):2025-06-19-16:18:22.386.028 [platform_info.cpp:855]3205484 AssemblePlatformInfoVector:"The platform info os soc version[BS9SX1AA] has been initialized."
[DEBUG] FE(3205484,python):2025-06-19-16:18:22.387.582 [platform_infos_lite_impl.cpp:305]3205484 InitializeSingleNormal:"Cannot find key CounterWorkspaceSize in old platform infos, label DSARandom."
[DEBUG] FE(3205484,python):2025-06-19-16:18:22.387.587 [platform_infos_lite_impl.cpp:305]3205484 InitializeSingleNormal:"Cannot find key jit_compile_mode in old platform infos, label SoftwareSpec."
[DEBUG] FE(3205484,python):2025-06-19-16:18:22.387.666 [platform_info.cpp:855]3205484 AssemblePlatformInfoVector:"The platform info os soc version[BS9SX1AB] has been initialized."
[DEBUG] FE(3205484,python):2025-06-19-16:18:22.389.216 [platform_infos_lite_impl.cpp:305]3205484 InitializeSingleNormal:"Cannot find key CounterWorkspaceSize in old platform infos, label DSARandom."
[DEBUG] FE(3205484,python):2025-06-19-16:18:22.389.221 [platform_infos_lite_impl.cpp:305]3205484 InitializeSingleNormal:"Cannot find key jit_compile_mode in old platform infos, label SoftwareSpec."
[DEBUG] FE(3205484,python):2025-06-19-16:18:22.389.303 [platform_info.cpp:855]3205484 AssemblePlatformInfoVector:"The platform info os soc version[BS9SX1AC] has been initialized."
[DEBUG] FE(3205484,python):2025-06-19-16:18:22.390.519 [platform_infos_lite_impl.cpp:305]3205484 InitializeSingleNormal:"Cannot find key CounterWorkspaceSize in old platform infos, label DSARandom."
[DEBUG] FE(3205484,python):2025-06-19-16:18:22.390.524 [platform_infos_lite_impl.cpp:305]3205484 InitializeSingleNormal:"Cannot find key jit_compile_mode in old platform infos, label SoftwareSpec."
[DEBUG] FE(3205484,python):2025-06-19-16:18:22.390.590 [platform_info.cpp:855]3205484 AssemblePlatformInfoVector:"The platform info os soc version[Ascend310P3] has been initialized."
[DEBUG] FE(3205484,python):2025-06-19-16:18:22.391.771 [platform_infos_lite_impl.cpp:305]3205484 InitializeSingleNormal:"Cannot find key CounterWorkspaceSize in old platform infos, label DSARandom."
[DEBUG] FE(3205484,python):2025-06-19-16:18:22.391.777 [platform_infos_lite_impl.cpp:305]3205484 InitializeSingleNormal:"Cannot find key jit_compile_mode in old platform infos, label SoftwareSpec."
[DEBUG] FE(3205484,python):2025-06-19-16:18:22.391.845 [platform_info.cpp:855]3205484 AssemblePlatformInfoVector:"The platform info os soc version[Ascend310P1] has been initialized."
[DEBUG] FE(3205484,python):2025-06-19-16:18:22.392.409 [platform_infos_lite_impl.cpp:305]3205484 InitializeSingleNormal:"Cannot find key CounterWorkspaceSize in old platform infos, label DSARandom."
[DEBUG] FE(3205484,python):2025-06-19-16:18:22.392.414 [platform_infos_lite_impl.cpp:305]3205484 InitializeSingleNormal:"Cannot find key jit_compile_mode in old platform infos, label SoftwareSpec."
[DEBUG] FE(3205484,python):2025-06-19-16:18:22.392.416 [platform_infos_lite_impl.cpp:305]3205484 InitializeSingleNormal:"Cannot find key ddr_rate in old platform infos, label VectorCoreMemoryRates."
[DEBUG] FE(3205484,python):2025-06-19-16:18:22.392.417 [platform_infos_lite_impl.cpp:305]3205484 InitializeSingleNormal:"Cannot find key vec_freq in old platform infos, label VectorCoreSpec."
[DEBUG] FE(3205484,python):2025-06-19-16:18:22.392.450 [platform_info.cpp:855]3205484 AssemblePlatformInfoVector:"The platform info os soc version[Ascend910A] has been initialized."
[DEBUG] FE(3205484,python):2025-06-19-16:18:22.392.976 [platform_infos_lite_impl.cpp:305]3205484 InitializeSingleNormal:"Cannot find key CounterWorkspaceSize in old platform infos, label DSARandom."
[DEBUG] FE(3205484,python):2025-06-19-16:18:22.392.981 [platform_infos_lite_impl.cpp:305]3205484 InitializeSingleNormal:"Cannot find key jit_compile_mode in old platform infos, label SoftwareSpec."
[DEBUG] FE(3205484,python):2025-06-19-16:18:22.392.983 [platform_infos_lite_impl.cpp:305]3205484 InitializeSingleNormal:"Cannot find key ddr_rate in old platform infos, label VectorCoreMemoryRates."
[DEBUG] FE(3205484,python):2025-06-19-16:18:22.392.984 [platform_infos_lite_impl.cpp:305]3205484 InitializeSingleNormal:"Cannot find key vec_freq in old platform infos, label VectorCoreSpec."
[DEBUG] FE(3205484,python):2025-06-19-16:18:22.393.019 [platform_info.cpp:855]3205484 AssemblePlatformInfoVector:"The platform info os soc version[Ascend910B] has been initialized."
[DEBUG] FE(3205484,python):2025-06-19-16:18:22.393.540 [platform_infos_lite_impl.cpp:305]3205484 InitializeSingleNormal:"Cannot find key CounterWorkspaceSize in old platform infos, label DSARandom."
[DEBUG] FE(3205484,python):2025-06-19-16:18:22.393.545 [platform_infos_lite_impl.cpp:305]3205484 InitializeSingleNormal:"Cannot find key jit_compile_mode in old platform infos, label SoftwareSpec."
[DEBUG] FE(3205484,python):2025-06-19-16:18:22.393.546 [platform_infos_lite_impl.cpp:305]3205484 InitializeSingleNormal:"Cannot find key ddr_rate in old platform infos, label VectorCoreMemoryRates."
[DEBUG] FE(3205484,python):2025-06-19-16:18:22.393.548 [platform_infos_lite_impl.cpp:305]3205484 InitializeSingleNormal:"Cannot find key vec_freq in old platform infos, label VectorCoreSpec."
[DEBUG] FE(3205484,python):2025-06-19-16:18:22.393.581 [platform_info.cpp:855]3205484 AssemblePlatformInfoVector:"The platform info os soc version[Ascend910PremiumA] has been initialized."
[DEBUG] FE(3205484,python):2025-06-19-16:18:22.394.101 [platform_infos_lite_impl.cpp:305]3205484 InitializeSingleNormal:"Cannot find key CounterWorkspaceSize in old platform infos, label DSARandom."
[DEBUG] FE(3205484,python):2025-06-19-16:18:22.394.106 [platform_infos_lite_impl.cpp:305]3205484 InitializeSingleNormal:"Cannot find key jit_compile_mode in old platform infos, label SoftwareSpec."
[DEBUG] FE(3205484,python):2025-06-19-16:18:22.394.107 [platform_infos_lite_impl.cpp:305]3205484 InitializeSingleNormal:"Cannot find key ddr_rate in old platform infos, label VectorCoreMemoryRates."
[DEBUG] FE(3205484,python):2025-06-19-16:18:22.394.109 [platform_infos_lite_impl.cpp:305]3205484 InitializeSingleNormal:"Cannot find key vec_freq in old platform infos, label VectorCoreSpec."
[DEBUG] FE(3205484,python):2025-06-19-16:18:22.394.141 [platform_info.cpp:855]3205484 AssemblePlatformInfoVector:"The platform info os soc version[Ascend910ProA] has been initialized."
[DEBUG] FE(3205484,python):2025-06-19-16:18:22.394.678 [platform_infos_lite_impl.cpp:305]3205484 InitializeSingleNormal:"Cannot find key CounterWorkspaceSize in old platform infos, label DSARandom."
[DEBUG] FE(3205484,python):2025-06-19-16:18:22.394.683 [platform_infos_lite_impl.cpp:305]3205484 InitializeSingleNormal:"Cannot find key jit_compile_mode in old platform infos, label SoftwareSpec."
[DEBUG] FE(3205484,python):2025-06-19-16:18:22.394.686 [platform_infos_lite_impl.cpp:305]3205484 InitializeSingleNormal:"Cannot find key ddr_rate in old platform infos, label VectorCoreMemoryRates."
[DEBUG] FE(3205484,python):2025-06-19-16:18:22.394.688 [platform_infos_lite_impl.cpp:305]3205484 InitializeSingleNormal:"Cannot find key vec_freq in old platform infos, label VectorCoreSpec."
[DEBUG] FE(3205484,python):2025-06-19-16:18:22.394.719 [platform_info.cpp:855]3205484 AssemblePlatformInfoVector:"The platform info os soc version[Ascend910ProB] has been initialized."
[DEBUG] FE(3205484,python):2025-06-19-16:18:22.395.746 [platform_infos_lite_impl.cpp:305]3205484 InitializeSingleNormal:"Cannot find key jit_compile_default_value in old platform infos, label SoftwareSpec."
[DEBUG] FE(3205484,python):2025-06-19-16:18:22.395.748 [platform_infos_lite_impl.cpp:305]3205484 InitializeSingleNormal:"Cannot find key jit_compile_mode in old platform infos, label SoftwareSpec."
[DEBUG] FE(3205484,python):2025-06-19-16:18:22.395.750 [platform_infos_lite_impl.cpp:305]3205484 InitializeSingleNormal:"Cannot find key ddr_rate in old platform infos, label VectorCoreMemoryRates."
[DEBUG] FE(3205484,python):2025-06-19-16:18:22.395.752 [platform_infos_lite_impl.cpp:305]3205484 InitializeSingleNormal:"Cannot find key vec_freq in old platform infos, label VectorCoreSpec."
[DEBUG] FE(3205484,python):2025-06-19-16:18:22.395.814 [platform_info.cpp:855]3205484 AssemblePlatformInfoVector:"The platform info os soc version[Ascend910B1] has been initialized."
[DEBUG] FE(3205484,python):2025-06-19-16:18:22.396.827 [platform_infos_lite_impl.cpp:305]3205484 InitializeSingleNormal:"Cannot find key jit_compile_default_value in old platform infos, label SoftwareSpec."
[DEBUG] FE(3205484,python):2025-06-19-16:18:22.396.829 [platform_infos_lite_impl.cpp:305]3205484 InitializeSingleNormal:"Cannot find key jit_compile_mode in old platform infos, label SoftwareSpec."
[DEBUG] FE(3205484,python):2025-06-19-16:18:22.396.830 [platform_infos_lite_impl.cpp:305]3205484 InitializeSingleNormal:"Cannot find key ddr_rate in old platform infos, label VectorCoreMemoryRates."
[DEBUG] FE(3205484,python):2025-06-19-16:18:22.396.832 [platform_infos_lite_impl.cpp:305]3205484 InitializeSingleNormal:"Cannot find key vec_freq in old platform infos, label VectorCoreSpec."
[DEBUG] FE(3205484,python):2025-06-19-16:18:22.396.891 [platform_info.cpp:855]3205484 AssemblePlatformInfoVector:"The platform info os soc version[Ascend910B2] has been initialized."
[DEBUG] FE(3205484,python):2025-06-19-16:18:22.397.902 [platform_infos_lite_impl.cpp:305]3205484 InitializeSingleNormal:"Cannot find key jit_compile_default_value in old platform infos, label SoftwareSpec."
[DEBUG] FE(3205484,python):2025-06-19-16:18:22.397.905 [platform_infos_lite_impl.cpp:305]3205484 InitializeSingleNormal:"Cannot find key jit_compile_mode in old platform infos, label SoftwareSpec."
[DEBUG] FE(3205484,python):2025-06-19-16:18:22.397.907 [platform_infos_lite_impl.cpp:305]3205484 InitializeSingleNormal:"Cannot find key ddr_rate in old platform infos, label VectorCoreMemoryRates."
[DEBUG] FE(3205484,python):2025-06-19-16:18:22.397.909 [platform_infos_lite_impl.cpp:305]3205484 InitializeSingleNormal:"Cannot find key vec_freq in old platform infos, label VectorCoreSpec."
[DEBUG] FE(3205484,python):2025-06-19-16:18:22.397.970 [platform_info.cpp:855]3205484 AssemblePlatformInfoVector:"The platform info os soc version[Ascend910B3] has been initialized."
[DEBUG] FE(3205484,python):2025-06-19-16:18:22.398.983 [platform_infos_lite_impl.cpp:305]3205484 InitializeSingleNormal:"Cannot find key jit_compile_default_value in old platform infos, label SoftwareSpec."
[DEBUG] FE(3205484,python):2025-06-19-16:18:22.398.985 [platform_infos_lite_impl.cpp:305]3205484 InitializeSingleNormal:"Cannot find key jit_compile_mode in old platform infos, label SoftwareSpec."
[DEBUG] FE(3205484,python):2025-06-19-16:18:22.398.986 [platform_infos_lite_impl.cpp:305]3205484 InitializeSingleNormal:"Cannot find key ddr_rate in old platform infos, label VectorCoreMemoryRates."
[DEBUG] FE(3205484,python):2025-06-19-16:18:22.398.988 [platform_infos_lite_impl.cpp:305]3205484 InitializeSingleNormal:"Cannot find key vec_freq in old platform infos, label VectorCoreSpec."
[DEBUG] FE(3205484,python):2025-06-19-16:18:22.399.047 [platform_info.cpp:855]3205484 AssemblePlatformInfoVector:"The platform info os soc version[Ascend910B4] has been initialized."
[DEBUG] FE(3205484,python):2025-06-19-16:18:22.400.059 [platform_infos_lite_impl.cpp:305]3205484 InitializeSingleNormal:"Cannot find key jit_compile_default_value in old platform infos, label SoftwareSpec."
[DEBUG] FE(3205484,python):2025-06-19-16:18:22.400.061 [platform_infos_lite_impl.cpp:305]3205484 InitializeSingleNormal:"Cannot find key jit_compile_mode in old platform infos, label SoftwareSpec."
[DEBUG] FE(3205484,python):2025-06-19-16:18:22.400.063 [platform_infos_lite_impl.cpp:305]3205484 InitializeSingleNormal:"Cannot find key ddr_rate in old platform infos, label VectorCoreMemoryRates."
[DEBUG] FE(3205484,python):2025-06-19-16:18:22.400.065 [platform_infos_lite_impl.cpp:305]3205484 InitializeSingleNormal:"Cannot find key vec_freq in old platform infos, label VectorCoreSpec."
[DEBUG] FE(3205484,python):2025-06-19-16:18:22.400.123 [platform_info.cpp:855]3205484 AssemblePlatformInfoVector:"The platform info os soc version[Ascend910B4-1] has been initialized."
[WARNING] FE(3205484,python):2025-06-19-16:18:22.401.118 [platform_info.cpp:853]3205484 AssemblePlatformInfoVector:"Can not find soc info enum by Ascend910_9361."
[DEBUG] FE(3205484,python):2025-06-19-16:18:22.401.121 [platform_info.cpp:855]3205484 AssemblePlatformInfoVector:"The platform info os soc version[Ascend910_9361] has been initialized."
[DEBUG] FE(3205484,python):2025-06-19-16:18:22.402.131 [platform_infos_lite_impl.cpp:305]3205484 InitializeSingleNormal:"Cannot find key jit_compile_default_value in old platform infos, label SoftwareSpec."
[DEBUG] FE(3205484,python):2025-06-19-16:18:22.402.133 [platform_infos_lite_impl.cpp:305]3205484 InitializeSingleNormal:"Cannot find key jit_compile_mode in old platform infos, label SoftwareSpec."
[DEBUG] FE(3205484,python):2025-06-19-16:18:22.402.135 [platform_infos_lite_impl.cpp:305]3205484 InitializeSingleNormal:"Cannot find key ddr_rate in old platform infos, label VectorCoreMemoryRates."
[DEBUG] FE(3205484,python):2025-06-19-16:18:22.402.137 [platform_infos_lite_impl.cpp:305]3205484 InitializeSingleNormal:"Cannot find key vec_freq in old platform infos, label VectorCoreSpec."
[DEBUG] FE(3205484,python):2025-06-19-16:18:22.402.197 [platform_info.cpp:855]3205484 AssemblePlatformInfoVector:"The platform info os soc version[Ascend910_9372] has been initialized."
[DEBUG] FE(3205484,python):2025-06-19-16:18:22.403.226 [platform_infos_lite_impl.cpp:305]3205484 InitializeSingleNormal:"Cannot find key jit_compile_default_value in old platform infos, label SoftwareSpec."
[DEBUG] FE(3205484,python):2025-06-19-16:18:22.403.228 [platform_infos_lite_impl.cpp:305]3205484 InitializeSingleNormal:"Cannot find key jit_compile_mode in old platform infos, label SoftwareSpec."
[DEBUG] FE(3205484,python):2025-06-19-16:18:22.403.229 [platform_infos_lite_impl.cpp:305]3205484 InitializeSingleNormal:"Cannot find key ddr_rate in old platform infos, label VectorCoreMemoryRates."
[DEBUG] FE(3205484,python):2025-06-19-16:18:22.403.231 [platform_infos_lite_impl.cpp:305]3205484 InitializeSingleNormal:"Cannot find key vec_freq in old platform infos, label VectorCoreSpec."
[DEBUG] FE(3205484,python):2025-06-19-16:18:22.403.291 [platform_info.cpp:855]3205484 AssemblePlatformInfoVector:"The platform info os soc version[Ascend910_9381] has been initialized."
[WARNING] FE(3205484,python):2025-06-19-16:18:22.404.286 [platform_info.cpp:853]3205484 AssemblePlatformInfoVector:"Can not find soc info enum by Ascend910_9382."
[DEBUG] FE(3205484,python):2025-06-19-16:18:22.404.288 [platform_info.cpp:855]3205484 AssemblePlatformInfoVector:"The platform info os soc version[Ascend910_9382] has been initialized."
[DEBUG] FE(3205484,python):2025-06-19-16:18:22.405.277 [platform_infos_lite_impl.cpp:305]3205484 InitializeSingleNormal:"Cannot find key jit_compile_default_value in old platform infos, label SoftwareSpec."
[DEBUG] FE(3205484,python):2025-06-19-16:18:22.405.279 [platform_infos_lite_impl.cpp:305]3205484 InitializeSingleNormal:"Cannot find key jit_compile_mode in old platform infos, label SoftwareSpec."
[DEBUG] FE(3205484,python):2025-06-19-16:18:22.405.281 [platform_infos_lite_impl.cpp:305]3205484 InitializeSingleNormal:"Cannot find key ddr_rate in old platform infos, label VectorCoreMemoryRates."
[DEBUG] FE(3205484,python):2025-06-19-16:18:22.405.284 [platform_infos_lite_impl.cpp:305]3205484 InitializeSingleNormal:"Cannot find key vec_freq in old platform infos, label VectorCoreSpec."
[DEBUG] FE(3205484,python):2025-06-19-16:18:22.405.344 [platform_info.cpp:855]3205484 AssemblePlatformInfoVector:"The platform info os soc version[Ascend910_9391] has been initialized."
[WARNING] FE(3205484,python):2025-06-19-16:18:22.406.334 [platform_info.cpp:853]3205484 AssemblePlatformInfoVector:"Can not find soc info enum by Ascend910_9392."
[DEBUG] FE(3205484,python):2025-06-19-16:18:22.406.336 [platform_info.cpp:855]3205484 AssemblePlatformInfoVector:"The platform info os soc version[Ascend910_9392] has been initialized."
[DEBUG] FE(3205484,python):2025-06-19-16:18:22.407.352 [platform_infos_lite_impl.cpp:305]3205484 InitializeSingleNormal:"Cannot find key jit_compile_default_value in old platform infos, label SoftwareSpec."
[DEBUG] FE(3205484,python):2025-06-19-16:18:22.407.354 [platform_infos_lite_impl.cpp:305]3205484 InitializeSingleNormal:"Cannot find key jit_compile_mode in old platform infos, label SoftwareSpec."
[DEBUG] FE(3205484,python):2025-06-19-16:18:22.407.356 [platform_infos_lite_impl.cpp:305]3205484 InitializeSingleNormal:"Cannot find key ddr_rate in old platform infos, label VectorCoreMemoryRates."
[DEBUG] FE(3205484,python):2025-06-19-16:18:22.407.358 [platform_infos_lite_impl.cpp:305]3205484 InitializeSingleNormal:"Cannot find key vec_freq in old platform infos, label VectorCoreSpec."
[DEBUG] FE(3205484,python):2025-06-19-16:18:22.407.419 [platform_info.cpp:855]3205484 AssemblePlatformInfoVector:"The platform info os soc version[Ascend910B2C] has been initialized."
[DEBUG] FE(3205484,python):2025-06-19-16:18:22.408.009 [platform_infos_lite_impl.cpp:305]3205484 InitializeSingleNormal:"Cannot find key CounterWorkspaceSize in old platform infos, label DSARandom."
[DEBUG] FE(3205484,python):2025-06-19-16:18:22.408.013 [platform_infos_lite_impl.cpp:305]3205484 InitializeSingleNormal:"Cannot find key jit_compile_mode in old platform infos, label SoftwareSpec."
[DEBUG] FE(3205484,python):2025-06-19-16:18:22.408.015 [platform_infos_lite_impl.cpp:305]3205484 InitializeSingleNormal:"Cannot find key ddr_rate in old platform infos, label VectorCoreMemoryRates."
[DEBUG] FE(3205484,python):2025-06-19-16:18:22.408.017 [platform_infos_lite_impl.cpp:305]3205484 InitializeSingleNormal:"Cannot find key vec_freq in old platform infos, label VectorCoreSpec."
[DEBUG] FE(3205484,python):2025-06-19-16:18:22.408.051 [platform_info.cpp:855]3205484 AssemblePlatformInfoVector:"The platform info os soc version[Hi3796CV300CS] has been initialized."
[DEBUG] FE(3205484,python):2025-06-19-16:18:22.408.575 [platform_infos_lite_impl.cpp:305]3205484 InitializeSingleNormal:"Cannot find key CounterWorkspaceSize in old platform infos, label DSARandom."
[DEBUG] FE(3205484,python):2025-06-19-16:18:22.408.580 [platform_infos_lite_impl.cpp:305]3205484 InitializeSingleNormal:"Cannot find key jit_compile_mode in old platform infos, label SoftwareSpec."
[DEBUG] FE(3205484,python):2025-06-19-16:18:22.408.581 [platform_infos_lite_impl.cpp:305]3205484 InitializeSingleNormal:"Cannot find key ddr_rate in old platform infos, label VectorCoreMemoryRates."
[DEBUG] FE(3205484,python):2025-06-19-16:18:22.408.583 [platform_infos_lite_impl.cpp:305]3205484 InitializeSingleNormal:"Cannot find key vec_freq in old platform infos, label VectorCoreSpec."
[DEBUG] FE(3205484,python):2025-06-19-16:18:22.408.617 [platform_info.cpp:855]3205484 AssemblePlatformInfoVector:"The platform info os soc version[Hi3796CV300ES] has been initialized."
[DEBUG] FE(3205484,python):2025-06-19-16:18:22.409.189 [platform_infos_lite_impl.cpp:305]3205484 InitializeSingleNormal:"Cannot find key CounterWorkspaceSize in old platform infos, label DSARandom."
[DEBUG] FE(3205484,python):2025-06-19-16:18:22.409.193 [platform_infos_lite_impl.cpp:305]3205484 InitializeSingleNormal:"Cannot find key jit_compile_mode in old platform infos, label SoftwareSpec."
[DEBUG] FE(3205484,python):2025-06-19-16:18:22.409.195 [platform_infos_lite_impl.cpp:305]3205484 InitializeSingleNormal:"Cannot find key ddr_rate in old platform infos, label VectorCoreMemoryRates."
[DEBUG] FE(3205484,python):2025-06-19-16:18:22.409.197 [platform_infos_lite_impl.cpp:305]3205484 InitializeSingleNormal:"Cannot find key vec_freq in old platform infos, label VectorCoreSpec."
[DEBUG] FE(3205484,python):2025-06-19-16:18:22.409.235 [platform_info.cpp:855]3205484 AssemblePlatformInfoVector:"The platform info os soc version[SD3403] has been initialized."
[INFO] TBE(3205484,python):2025-06-19-16:18:22.609.292 [../../../../../../latest/python/site-packages/tbe/common/register/fusion_pass_mgr.py:59][decorator] Fusion pass[conv2d_data_rm_build_pass] of stage[InvokeStage.STAGE_BUILD] priority[Priority.NORMAL] has been registered.
[INFO] TBE(3205484,python):2025-06-19-16:18:22.609.467 [../../../../../../latest/python/site-packages/tbe/common/register/fusion_pass_mgr.py:114][decorator] Fusion pass[trans_shape_of_conv3d] of op type[Conv3D] op pattern[None] stage[InvokeStage.STAGE_BUILD] priority[Priority.NORMAL] has been registered.
[INFO] TBE(3205484,python):2025-06-19-16:18:22.609.505 [../../../../../../latest/python/site-packages/tbe/common/register/fusion_pass_mgr.py:59][decorator] Fusion pass[trans_shape_depthwise_conv2d] of stage[InvokeStage.STAGE_BUILD] priority[Priority.NORMAL] has been registered.
[INFO] TBE(3205484,python):2025-06-19-16:18:22.609.651 [../../../../../../latest/python/site-packages/tbe/common/register/fusion_pass_mgr.py:114][decorator] Fusion pass[trans_shape_for_elemwise] of op type[None] op pattern[ElemWise] stage[InvokeStage.STAGE_BUILD] priority[Priority.NORMAL] has been registered.
[INFO] TBE(3205484,python):2025-06-19-16:18:22.609.685 [../../../../../../latest/python/site-packages/tbe/common/register/fusion_pass_mgr.py:114][decorator] Fusion pass[trans_shape_for_broadcast] of op type[None] op pattern[Broadcast] stage[InvokeStage.STAGE_BUILD] priority[Priority.NORMAL] has been registered.
[INFO] TBE(3205484,python):2025-06-19-16:18:22.609.712 [../../../../../../latest/python/site-packages/tbe/common/register/fusion_pass_mgr.py:114][decorator] Fusion pass[trans_shape_of_biasadd] of op type[BiasAdd] op pattern[None] stage[InvokeStage.STAGE_BUILD] priority[Priority.NORMAL] has been registered.
[INFO] TBE(3205484,python):2025-06-19-16:18:22.609.737 [../../../../../../latest/python/site-packages/tbe/common/register/fusion_pass_mgr.py:114][decorator] Fusion pass[trans_shape_of_requant_s16] of op type[AscendRequantS16] op pattern[None] stage[InvokeStage.STAGE_BUILD] priority[Priority.NORMAL] has been registered.
[INFO] TBE(3205484,python):2025-06-19-16:18:22.609.762 [../../../../../../latest/python/site-packages/tbe/common/register/fusion_pass_mgr.py:114][decorator] Fusion pass[trans_shape_of_bninference] of op type[BNInferenceD] op pattern[None] stage[InvokeStage.STAGE_BUILD] priority[Priority.NORMAL] has been registered.
[INFO] TBE(3205484,python):2025-06-19-16:18:22.609.971 [../../../../../../latest/python/site-packages/tbe/common/register/fusion_pass_mgr.py:114][decorator] Fusion pass[trans_shape_fully_connection] of op type[FullyConnection] op pattern[None] stage[InvokeStage.STAGE_BUILD] priority[Priority.NORMAL] has been registered.
[INFO] TBE(3205484,python):2025-06-19-16:18:22.610.002 [../../../../../../latest/python/site-packages/tbe/common/register/fusion_pass_mgr.py:114][decorator] Fusion pass[trans_shape_fully_connection_compress] of op type[FullyConnectionCompress] op pattern[None] stage[InvokeStage.STAGE_BUILD] priority[Priority.NORMAL] has been registered.
[INFO] TBE(3205484,python):2025-06-19-16:18:22.610.141 [../../../../../../latest/python/site-packages/tbe/common/register/fusion_pass_mgr.py:114][decorator] Fusion pass[trans_matmul_bias_shape] of op type[MatMulV2] op pattern[None] stage[InvokeStage.STAGE_BUILD] priority[Priority.NORMAL] has been registered.
[INFO] TBE(3205484,python):2025-06-19-16:18:22.610.171 [../../../../../../latest/python/site-packages/tbe/common/register/fusion_pass_mgr.py:114][decorator] Fusion pass[trans_matmul_bias_shape] of op type[MatMul] op pattern[None] stage[InvokeStage.STAGE_BUILD] priority[Priority.NORMAL] has been registered.
[INFO] TBE(3205484,python):2025-06-19-16:18:22.610.199 [../../../../../../latest/python/site-packages/tbe/common/register/fusion_pass_mgr.py:114][decorator] Fusion pass[trans_matmulcompress_bias_shape] of op type[MatMulV2Compress] op pattern[None] stage[InvokeStage.STAGE_BUILD] priority[Priority.NORMAL] has been registered.
[INFO] TBE(3205484,python):2025-06-19-16:18:22.610.225 [../../../../../../latest/python/site-packages/tbe/common/register/fusion_pass_mgr.py:114][decorator] Fusion pass[trans_batch_matmul_shape] of op type[BatchMatMulV2] op pattern[None] stage[InvokeStage.STAGE_BUILD] priority[Priority.NORMAL] has been registered.
[INFO] TBE(3205484,python):2025-06-19-16:18:22.610.252 [../../../../../../latest/python/site-packages/tbe/common/register/fusion_pass_mgr.py:114][decorator] Fusion pass[trans_batch_matmul_shape] of op type[BatchMatMul] op pattern[None] stage[InvokeStage.STAGE_BUILD] priority[Priority.NORMAL] has been registered.
[INFO] TBE(3205484,python):2025-06-19-16:18:22.610.277 [../../../../../../latest/python/site-packages/tbe/common/register/fusion_pass_mgr.py:114][decorator] Fusion pass[trans_shape_transdata_fixpipe] of op type[None] op pattern[BatchMatmul] stage[InvokeStage.STAGE_BUILD] priority[Priority.NORMAL] has been registered.
[WARNING] TBE(3205484,python):2025-06-19-16:18:22.653.082 [../../../../../../latest/python/site-packages/te/platform/cce_policy.py:50][OpImplPolicy] te.platform.cce_policy.OpImplPolicy is deprecated, use te_fusion.fusion_util.OpImplPolicy instead.
[DEBUG] TBE(3205484,python):2025-06-19-16:18:22.936.260 [../../../../../../latest/python/site-packages/tbe/common/rl_bank/rl_op_filter.py:287][_is_tune_all_op] RL filter info: is_tune_all_op: False
[INFO] TBE(3205484,python):2025-06-19-16:18:23.013.994 [../../../../../../latest/python/site-packages/tbe/common/rl_bank/dynamic_op_filter.py:373][_need_to_tune_all_op] Auto search dynamic filter info: tune_all_op is False.
[INFO] TBE(3205484,python):2025-06-19-16:18:23.040.739 [../../../../../../latest/python/site-packages/tbe/common/repository_manager/utils/repository_manager_log.py:30][log] [../../../../../../latest/python/site-packages/tbe/common/repository_manager/route.py:266][repository_manager] task_distribute process[3205484] running!
